[2023-04-07T12:23:37.369-0300] {processor.py:153} INFO - Started process (PID=1415) to work on /home/rai/.local/lib/python3.10/site-packages/airflow/example_dags/example_bash_operator.py
[2023-04-07T12:23:37.370-0300] {processor.py:743} INFO - Processing file /home/rai/.local/lib/python3.10/site-packages/airflow/example_dags/example_bash_operator.py for tasks to queue
[2023-04-07T12:23:37.371-0300] {logging_mixin.py:137} INFO - [2023-04-07T12:23:37.370-0300] {dagbag.py:532} INFO - Filling up the DagBag from /home/rai/.local/lib/python3.10/site-packages/airflow/example_dags/example_bash_operator.py
[2023-04-07T12:23:37.387-0300] {processor.py:753} INFO - DAG(s) dict_keys(['example_bash_operator']) retrieved from /home/rai/.local/lib/python3.10/site-packages/airflow/example_dags/example_bash_operator.py
[2023-04-07T12:23:37.491-0300] {logging_mixin.py:137} INFO - [2023-04-07T12:23:37.490-0300] {manager.py:504} INFO - Created Permission View: can edit on DAG:example_bash_operator
[2023-04-07T12:23:37.502-0300] {logging_mixin.py:137} INFO - [2023-04-07T12:23:37.502-0300] {manager.py:504} INFO - Created Permission View: can delete on DAG:example_bash_operator
[2023-04-07T12:23:37.510-0300] {logging_mixin.py:137} INFO - [2023-04-07T12:23:37.509-0300] {manager.py:504} INFO - Created Permission View: can read on DAG:example_bash_operator
[2023-04-07T12:23:37.510-0300] {logging_mixin.py:137} INFO - [2023-04-07T12:23:37.510-0300] {dag.py:2705} INFO - Sync 1 DAGs
[2023-04-07T12:23:37.521-0300] {logging_mixin.py:137} INFO - [2023-04-07T12:23:37.520-0300] {dag.py:2726} INFO - Creating ORM DAG for example_bash_operator
[2023-04-07T12:23:37.530-0300] {logging_mixin.py:137} INFO - [2023-04-07T12:23:37.529-0300] {dag.py:3452} INFO - Setting next_dagrun for example_bash_operator to 2023-04-06T00:00:00+00:00, run_after=2023-04-07T00:00:00+00:00
[2023-04-07T12:23:37.551-0300] {processor.py:175} INFO - Processing /home/rai/.local/lib/python3.10/site-packages/airflow/example_dags/example_bash_operator.py took 0.184 seconds
[2023-04-07T12:24:18.723-0300] {processor.py:153} INFO - Started process (PID=1458) to work on /home/rai/.local/lib/python3.10/site-packages/airflow/example_dags/example_bash_operator.py
[2023-04-07T12:24:18.724-0300] {processor.py:743} INFO - Processing file /home/rai/.local/lib/python3.10/site-packages/airflow/example_dags/example_bash_operator.py for tasks to queue
[2023-04-07T12:24:18.724-0300] {logging_mixin.py:137} INFO - [2023-04-07T12:24:18.724-0300] {dagbag.py:532} INFO - Filling up the DagBag from /home/rai/.local/lib/python3.10/site-packages/airflow/example_dags/example_bash_operator.py
[2023-04-07T12:24:18.742-0300] {processor.py:753} INFO - DAG(s) dict_keys(['example_bash_operator']) retrieved from /home/rai/.local/lib/python3.10/site-packages/airflow/example_dags/example_bash_operator.py
[2023-04-07T12:24:18.772-0300] {logging_mixin.py:137} INFO - [2023-04-07T12:24:18.771-0300] {dag.py:2705} INFO - Sync 1 DAGs
[2023-04-07T12:24:18.791-0300] {logging_mixin.py:137} INFO - [2023-04-07T12:24:18.791-0300] {dag.py:3452} INFO - Setting next_dagrun for example_bash_operator to 2023-04-06T00:00:00+00:00, run_after=2023-04-07T00:00:00+00:00
[2023-04-07T12:24:18.811-0300] {processor.py:175} INFO - Processing /home/rai/.local/lib/python3.10/site-packages/airflow/example_dags/example_bash_operator.py took 0.091 seconds
[2023-04-07T12:24:59.293-0300] {processor.py:153} INFO - Started process (PID=1500) to work on /home/rai/.local/lib/python3.10/site-packages/airflow/example_dags/example_bash_operator.py
[2023-04-07T12:24:59.295-0300] {processor.py:743} INFO - Processing file /home/rai/.local/lib/python3.10/site-packages/airflow/example_dags/example_bash_operator.py for tasks to queue
[2023-04-07T12:24:59.295-0300] {logging_mixin.py:137} INFO - [2023-04-07T12:24:59.295-0300] {dagbag.py:532} INFO - Filling up the DagBag from /home/rai/.local/lib/python3.10/site-packages/airflow/example_dags/example_bash_operator.py
[2023-04-07T12:24:59.312-0300] {processor.py:753} INFO - DAG(s) dict_keys(['example_bash_operator']) retrieved from /home/rai/.local/lib/python3.10/site-packages/airflow/example_dags/example_bash_operator.py
[2023-04-07T12:24:59.341-0300] {logging_mixin.py:137} INFO - [2023-04-07T12:24:59.341-0300] {dag.py:2705} INFO - Sync 1 DAGs
[2023-04-07T12:24:59.360-0300] {logging_mixin.py:137} INFO - [2023-04-07T12:24:59.360-0300] {dag.py:3452} INFO - Setting next_dagrun for example_bash_operator to 2023-04-06T00:00:00+00:00, run_after=2023-04-07T00:00:00+00:00
[2023-04-07T12:24:59.379-0300] {processor.py:175} INFO - Processing /home/rai/.local/lib/python3.10/site-packages/airflow/example_dags/example_bash_operator.py took 0.088 seconds
[2023-04-07T12:25:45.087-0300] {processor.py:153} INFO - Started process (PID=1545) to work on /home/rai/.local/lib/python3.10/site-packages/airflow/example_dags/example_bash_operator.py
[2023-04-07T12:25:45.091-0300] {processor.py:743} INFO - Processing file /home/rai/.local/lib/python3.10/site-packages/airflow/example_dags/example_bash_operator.py for tasks to queue
[2023-04-07T12:25:45.092-0300] {logging_mixin.py:137} INFO - [2023-04-07T12:25:45.092-0300] {dagbag.py:532} INFO - Filling up the DagBag from /home/rai/.local/lib/python3.10/site-packages/airflow/example_dags/example_bash_operator.py
[2023-04-07T12:25:45.109-0300] {processor.py:753} INFO - DAG(s) dict_keys(['example_bash_operator']) retrieved from /home/rai/.local/lib/python3.10/site-packages/airflow/example_dags/example_bash_operator.py
[2023-04-07T12:25:45.139-0300] {logging_mixin.py:137} INFO - [2023-04-07T12:25:45.139-0300] {dag.py:2705} INFO - Sync 1 DAGs
[2023-04-07T12:25:45.158-0300] {logging_mixin.py:137} INFO - [2023-04-07T12:25:45.158-0300] {dag.py:3452} INFO - Setting next_dagrun for example_bash_operator to 2023-04-06T00:00:00+00:00, run_after=2023-04-07T00:00:00+00:00
[2023-04-07T12:25:45.180-0300] {processor.py:175} INFO - Processing /home/rai/.local/lib/python3.10/site-packages/airflow/example_dags/example_bash_operator.py took 0.096 seconds
[2023-04-07T12:26:26.990-0300] {processor.py:153} INFO - Started process (PID=1587) to work on /home/rai/.local/lib/python3.10/site-packages/airflow/example_dags/example_bash_operator.py
[2023-04-07T12:26:26.991-0300] {processor.py:743} INFO - Processing file /home/rai/.local/lib/python3.10/site-packages/airflow/example_dags/example_bash_operator.py for tasks to queue
[2023-04-07T12:26:26.992-0300] {logging_mixin.py:137} INFO - [2023-04-07T12:26:26.992-0300] {dagbag.py:532} INFO - Filling up the DagBag from /home/rai/.local/lib/python3.10/site-packages/airflow/example_dags/example_bash_operator.py
[2023-04-07T12:26:27.008-0300] {processor.py:753} INFO - DAG(s) dict_keys(['example_bash_operator']) retrieved from /home/rai/.local/lib/python3.10/site-packages/airflow/example_dags/example_bash_operator.py
[2023-04-07T12:26:27.037-0300] {logging_mixin.py:137} INFO - [2023-04-07T12:26:27.036-0300] {dag.py:2705} INFO - Sync 1 DAGs
[2023-04-07T12:26:27.055-0300] {logging_mixin.py:137} INFO - [2023-04-07T12:26:27.055-0300] {dag.py:3452} INFO - Setting next_dagrun for example_bash_operator to 2023-04-06T00:00:00+00:00, run_after=2023-04-07T00:00:00+00:00
[2023-04-07T12:26:27.076-0300] {processor.py:175} INFO - Processing /home/rai/.local/lib/python3.10/site-packages/airflow/example_dags/example_bash_operator.py took 0.089 seconds
[2023-04-07T12:27:13.451-0300] {processor.py:153} INFO - Started process (PID=1635) to work on /home/rai/.local/lib/python3.10/site-packages/airflow/example_dags/example_bash_operator.py
[2023-04-07T12:27:13.456-0300] {processor.py:743} INFO - Processing file /home/rai/.local/lib/python3.10/site-packages/airflow/example_dags/example_bash_operator.py for tasks to queue
[2023-04-07T12:27:13.457-0300] {logging_mixin.py:137} INFO - [2023-04-07T12:27:13.457-0300] {dagbag.py:532} INFO - Filling up the DagBag from /home/rai/.local/lib/python3.10/site-packages/airflow/example_dags/example_bash_operator.py
[2023-04-07T12:27:13.473-0300] {processor.py:753} INFO - DAG(s) dict_keys(['example_bash_operator']) retrieved from /home/rai/.local/lib/python3.10/site-packages/airflow/example_dags/example_bash_operator.py
[2023-04-07T12:27:13.503-0300] {logging_mixin.py:137} INFO - [2023-04-07T12:27:13.503-0300] {dag.py:2705} INFO - Sync 1 DAGs
[2023-04-07T12:27:13.522-0300] {logging_mixin.py:137} INFO - [2023-04-07T12:27:13.522-0300] {dag.py:3452} INFO - Setting next_dagrun for example_bash_operator to 2023-04-06T00:00:00+00:00, run_after=2023-04-07T00:00:00+00:00
[2023-04-07T12:27:13.545-0300] {processor.py:175} INFO - Processing /home/rai/.local/lib/python3.10/site-packages/airflow/example_dags/example_bash_operator.py took 0.096 seconds
[2023-04-07T12:27:56.723-0300] {processor.py:153} INFO - Started process (PID=1680) to work on /home/rai/.local/lib/python3.10/site-packages/airflow/example_dags/example_bash_operator.py
[2023-04-07T12:27:56.724-0300] {processor.py:743} INFO - Processing file /home/rai/.local/lib/python3.10/site-packages/airflow/example_dags/example_bash_operator.py for tasks to queue
[2023-04-07T12:27:56.725-0300] {logging_mixin.py:137} INFO - [2023-04-07T12:27:56.725-0300] {dagbag.py:532} INFO - Filling up the DagBag from /home/rai/.local/lib/python3.10/site-packages/airflow/example_dags/example_bash_operator.py
[2023-04-07T12:27:56.742-0300] {processor.py:753} INFO - DAG(s) dict_keys(['example_bash_operator']) retrieved from /home/rai/.local/lib/python3.10/site-packages/airflow/example_dags/example_bash_operator.py
[2023-04-07T12:27:56.770-0300] {logging_mixin.py:137} INFO - [2023-04-07T12:27:56.770-0300] {dag.py:2705} INFO - Sync 1 DAGs
[2023-04-07T12:27:56.791-0300] {logging_mixin.py:137} INFO - [2023-04-07T12:27:56.790-0300] {dag.py:3452} INFO - Setting next_dagrun for example_bash_operator to 2023-04-06T00:00:00+00:00, run_after=2023-04-07T00:00:00+00:00
[2023-04-07T12:27:56.812-0300] {processor.py:175} INFO - Processing /home/rai/.local/lib/python3.10/site-packages/airflow/example_dags/example_bash_operator.py took 0.092 seconds
[2023-04-07T12:28:42.028-0300] {processor.py:153} INFO - Started process (PID=1727) to work on /home/rai/.local/lib/python3.10/site-packages/airflow/example_dags/example_bash_operator.py
[2023-04-07T12:28:42.030-0300] {processor.py:743} INFO - Processing file /home/rai/.local/lib/python3.10/site-packages/airflow/example_dags/example_bash_operator.py for tasks to queue
[2023-04-07T12:28:42.031-0300] {logging_mixin.py:137} INFO - [2023-04-07T12:28:42.031-0300] {dagbag.py:532} INFO - Filling up the DagBag from /home/rai/.local/lib/python3.10/site-packages/airflow/example_dags/example_bash_operator.py
[2023-04-07T12:28:42.071-0300] {processor.py:753} INFO - DAG(s) dict_keys(['example_bash_operator']) retrieved from /home/rai/.local/lib/python3.10/site-packages/airflow/example_dags/example_bash_operator.py
[2023-04-07T12:28:42.131-0300] {logging_mixin.py:137} INFO - [2023-04-07T12:28:42.131-0300] {dag.py:2705} INFO - Sync 1 DAGs
[2023-04-07T12:28:42.165-0300] {logging_mixin.py:137} INFO - [2023-04-07T12:28:42.165-0300] {dag.py:3452} INFO - Setting next_dagrun for example_bash_operator to 2023-04-06T00:00:00+00:00, run_after=2023-04-07T00:00:00+00:00
[2023-04-07T12:28:42.202-0300] {processor.py:175} INFO - Processing /home/rai/.local/lib/python3.10/site-packages/airflow/example_dags/example_bash_operator.py took 0.179 seconds
[2023-04-07T12:29:23.337-0300] {processor.py:153} INFO - Started process (PID=1767) to work on /home/rai/.local/lib/python3.10/site-packages/airflow/example_dags/example_bash_operator.py
[2023-04-07T12:29:23.339-0300] {processor.py:743} INFO - Processing file /home/rai/.local/lib/python3.10/site-packages/airflow/example_dags/example_bash_operator.py for tasks to queue
[2023-04-07T12:29:23.340-0300] {logging_mixin.py:137} INFO - [2023-04-07T12:29:23.339-0300] {dagbag.py:532} INFO - Filling up the DagBag from /home/rai/.local/lib/python3.10/site-packages/airflow/example_dags/example_bash_operator.py
[2023-04-07T12:29:23.362-0300] {processor.py:753} INFO - DAG(s) dict_keys(['example_bash_operator']) retrieved from /home/rai/.local/lib/python3.10/site-packages/airflow/example_dags/example_bash_operator.py
[2023-04-07T12:29:23.394-0300] {logging_mixin.py:137} INFO - [2023-04-07T12:29:23.394-0300] {dag.py:2705} INFO - Sync 1 DAGs
[2023-04-07T12:29:23.414-0300] {logging_mixin.py:137} INFO - [2023-04-07T12:29:23.414-0300] {dag.py:3452} INFO - Setting next_dagrun for example_bash_operator to 2023-04-06T00:00:00+00:00, run_after=2023-04-07T00:00:00+00:00
[2023-04-07T12:29:23.479-0300] {processor.py:175} INFO - Processing /home/rai/.local/lib/python3.10/site-packages/airflow/example_dags/example_bash_operator.py took 0.144 seconds
[2023-04-07T12:30:02.356-0300] {processor.py:153} INFO - Started process (PID=1807) to work on /home/rai/.local/lib/python3.10/site-packages/airflow/example_dags/example_bash_operator.py
[2023-04-07T12:30:02.358-0300] {processor.py:743} INFO - Processing file /home/rai/.local/lib/python3.10/site-packages/airflow/example_dags/example_bash_operator.py for tasks to queue
[2023-04-07T12:30:02.360-0300] {logging_mixin.py:137} INFO - [2023-04-07T12:30:02.359-0300] {dagbag.py:532} INFO - Filling up the DagBag from /home/rai/.local/lib/python3.10/site-packages/airflow/example_dags/example_bash_operator.py
[2023-04-07T12:30:02.392-0300] {processor.py:753} INFO - DAG(s) dict_keys(['example_bash_operator']) retrieved from /home/rai/.local/lib/python3.10/site-packages/airflow/example_dags/example_bash_operator.py
[2023-04-07T12:30:02.430-0300] {logging_mixin.py:137} INFO - [2023-04-07T12:30:02.430-0300] {dag.py:2705} INFO - Sync 1 DAGs
[2023-04-07T12:30:02.461-0300] {logging_mixin.py:137} INFO - [2023-04-07T12:30:02.461-0300] {dag.py:3452} INFO - Setting next_dagrun for example_bash_operator to 2023-04-06T00:00:00+00:00, run_after=2023-04-07T00:00:00+00:00
[2023-04-07T12:30:02.493-0300] {processor.py:175} INFO - Processing /home/rai/.local/lib/python3.10/site-packages/airflow/example_dags/example_bash_operator.py took 0.141 seconds
[2023-04-07T12:30:54.332-0300] {processor.py:153} INFO - Started process (PID=1856) to work on /home/rai/.local/lib/python3.10/site-packages/airflow/example_dags/example_bash_operator.py
[2023-04-07T12:30:54.334-0300] {processor.py:743} INFO - Processing file /home/rai/.local/lib/python3.10/site-packages/airflow/example_dags/example_bash_operator.py for tasks to queue
[2023-04-07T12:30:54.335-0300] {logging_mixin.py:137} INFO - [2023-04-07T12:30:54.335-0300] {dagbag.py:532} INFO - Filling up the DagBag from /home/rai/.local/lib/python3.10/site-packages/airflow/example_dags/example_bash_operator.py
[2023-04-07T12:30:54.368-0300] {processor.py:753} INFO - DAG(s) dict_keys(['example_bash_operator']) retrieved from /home/rai/.local/lib/python3.10/site-packages/airflow/example_dags/example_bash_operator.py
[2023-04-07T12:30:54.407-0300] {logging_mixin.py:137} INFO - [2023-04-07T12:30:54.407-0300] {dag.py:2705} INFO - Sync 1 DAGs
[2023-04-07T12:30:54.430-0300] {logging_mixin.py:137} INFO - [2023-04-07T12:30:54.429-0300] {dag.py:3452} INFO - Setting next_dagrun for example_bash_operator to 2023-04-06T00:00:00+00:00, run_after=2023-04-07T00:00:00+00:00
[2023-04-07T12:30:54.458-0300] {processor.py:175} INFO - Processing /home/rai/.local/lib/python3.10/site-packages/airflow/example_dags/example_bash_operator.py took 0.132 seconds
[2023-04-07T12:31:39.589-0300] {processor.py:153} INFO - Started process (PID=1899) to work on /home/rai/.local/lib/python3.10/site-packages/airflow/example_dags/example_bash_operator.py
[2023-04-07T12:31:39.590-0300] {processor.py:743} INFO - Processing file /home/rai/.local/lib/python3.10/site-packages/airflow/example_dags/example_bash_operator.py for tasks to queue
[2023-04-07T12:31:39.591-0300] {logging_mixin.py:137} INFO - [2023-04-07T12:31:39.591-0300] {dagbag.py:532} INFO - Filling up the DagBag from /home/rai/.local/lib/python3.10/site-packages/airflow/example_dags/example_bash_operator.py
[2023-04-07T12:31:39.611-0300] {processor.py:753} INFO - DAG(s) dict_keys(['example_bash_operator']) retrieved from /home/rai/.local/lib/python3.10/site-packages/airflow/example_dags/example_bash_operator.py
[2023-04-07T12:31:39.640-0300] {logging_mixin.py:137} INFO - [2023-04-07T12:31:39.639-0300] {dag.py:2705} INFO - Sync 1 DAGs
[2023-04-07T12:31:39.666-0300] {logging_mixin.py:137} INFO - [2023-04-07T12:31:39.666-0300] {dag.py:3452} INFO - Setting next_dagrun for example_bash_operator to 2023-04-06T00:00:00+00:00, run_after=2023-04-07T00:00:00+00:00
[2023-04-07T12:31:39.685-0300] {processor.py:175} INFO - Processing /home/rai/.local/lib/python3.10/site-packages/airflow/example_dags/example_bash_operator.py took 0.098 seconds
[2023-04-07T12:32:21.237-0300] {processor.py:153} INFO - Started process (PID=1941) to work on /home/rai/.local/lib/python3.10/site-packages/airflow/example_dags/example_bash_operator.py
[2023-04-07T12:32:21.238-0300] {processor.py:743} INFO - Processing file /home/rai/.local/lib/python3.10/site-packages/airflow/example_dags/example_bash_operator.py for tasks to queue
[2023-04-07T12:32:21.239-0300] {logging_mixin.py:137} INFO - [2023-04-07T12:32:21.239-0300] {dagbag.py:532} INFO - Filling up the DagBag from /home/rai/.local/lib/python3.10/site-packages/airflow/example_dags/example_bash_operator.py
[2023-04-07T12:32:21.276-0300] {processor.py:753} INFO - DAG(s) dict_keys(['example_bash_operator']) retrieved from /home/rai/.local/lib/python3.10/site-packages/airflow/example_dags/example_bash_operator.py
[2023-04-07T12:32:21.328-0300] {logging_mixin.py:137} INFO - [2023-04-07T12:32:21.328-0300] {dag.py:2705} INFO - Sync 1 DAGs
[2023-04-07T12:32:21.357-0300] {logging_mixin.py:137} INFO - [2023-04-07T12:32:21.357-0300] {dag.py:3452} INFO - Setting next_dagrun for example_bash_operator to 2023-04-06T00:00:00+00:00, run_after=2023-04-07T00:00:00+00:00
[2023-04-07T12:32:21.382-0300] {processor.py:175} INFO - Processing /home/rai/.local/lib/python3.10/site-packages/airflow/example_dags/example_bash_operator.py took 0.149 seconds
[2023-04-07T12:33:09.018-0300] {processor.py:153} INFO - Started process (PID=1988) to work on /home/rai/.local/lib/python3.10/site-packages/airflow/example_dags/example_bash_operator.py
[2023-04-07T12:33:09.019-0300] {processor.py:743} INFO - Processing file /home/rai/.local/lib/python3.10/site-packages/airflow/example_dags/example_bash_operator.py for tasks to queue
[2023-04-07T12:33:09.020-0300] {logging_mixin.py:137} INFO - [2023-04-07T12:33:09.020-0300] {dagbag.py:532} INFO - Filling up the DagBag from /home/rai/.local/lib/python3.10/site-packages/airflow/example_dags/example_bash_operator.py
[2023-04-07T12:33:09.039-0300] {processor.py:753} INFO - DAG(s) dict_keys(['example_bash_operator']) retrieved from /home/rai/.local/lib/python3.10/site-packages/airflow/example_dags/example_bash_operator.py
[2023-04-07T12:33:09.077-0300] {logging_mixin.py:137} INFO - [2023-04-07T12:33:09.077-0300] {dag.py:2705} INFO - Sync 1 DAGs
[2023-04-07T12:33:09.101-0300] {logging_mixin.py:137} INFO - [2023-04-07T12:33:09.101-0300] {dag.py:3452} INFO - Setting next_dagrun for example_bash_operator to 2023-04-06T00:00:00+00:00, run_after=2023-04-07T00:00:00+00:00
[2023-04-07T12:33:09.124-0300] {processor.py:175} INFO - Processing /home/rai/.local/lib/python3.10/site-packages/airflow/example_dags/example_bash_operator.py took 0.108 seconds
[2023-04-07T12:33:52.810-0300] {processor.py:153} INFO - Started process (PID=2029) to work on /home/rai/.local/lib/python3.10/site-packages/airflow/example_dags/example_bash_operator.py
[2023-04-07T12:33:52.813-0300] {processor.py:743} INFO - Processing file /home/rai/.local/lib/python3.10/site-packages/airflow/example_dags/example_bash_operator.py for tasks to queue
[2023-04-07T12:33:52.815-0300] {logging_mixin.py:137} INFO - [2023-04-07T12:33:52.815-0300] {dagbag.py:532} INFO - Filling up the DagBag from /home/rai/.local/lib/python3.10/site-packages/airflow/example_dags/example_bash_operator.py
[2023-04-07T12:33:52.853-0300] {processor.py:753} INFO - DAG(s) dict_keys(['example_bash_operator']) retrieved from /home/rai/.local/lib/python3.10/site-packages/airflow/example_dags/example_bash_operator.py
[2023-04-07T12:33:52.893-0300] {logging_mixin.py:137} INFO - [2023-04-07T12:33:52.893-0300] {dag.py:2705} INFO - Sync 1 DAGs
[2023-04-07T12:33:52.913-0300] {logging_mixin.py:137} INFO - [2023-04-07T12:33:52.913-0300] {dag.py:3452} INFO - Setting next_dagrun for example_bash_operator to 2023-04-06T00:00:00+00:00, run_after=2023-04-07T00:00:00+00:00
[2023-04-07T12:33:52.941-0300] {processor.py:175} INFO - Processing /home/rai/.local/lib/python3.10/site-packages/airflow/example_dags/example_bash_operator.py took 0.138 seconds
[2023-04-07T12:34:35.025-0300] {processor.py:153} INFO - Started process (PID=2071) to work on /home/rai/.local/lib/python3.10/site-packages/airflow/example_dags/example_bash_operator.py
[2023-04-07T12:34:35.030-0300] {processor.py:743} INFO - Processing file /home/rai/.local/lib/python3.10/site-packages/airflow/example_dags/example_bash_operator.py for tasks to queue
[2023-04-07T12:34:35.031-0300] {logging_mixin.py:137} INFO - [2023-04-07T12:34:35.031-0300] {dagbag.py:532} INFO - Filling up the DagBag from /home/rai/.local/lib/python3.10/site-packages/airflow/example_dags/example_bash_operator.py
[2023-04-07T12:34:35.047-0300] {processor.py:753} INFO - DAG(s) dict_keys(['example_bash_operator']) retrieved from /home/rai/.local/lib/python3.10/site-packages/airflow/example_dags/example_bash_operator.py
[2023-04-07T12:34:35.075-0300] {logging_mixin.py:137} INFO - [2023-04-07T12:34:35.075-0300] {dag.py:2705} INFO - Sync 1 DAGs
[2023-04-07T12:34:35.093-0300] {logging_mixin.py:137} INFO - [2023-04-07T12:34:35.093-0300] {dag.py:3452} INFO - Setting next_dagrun for example_bash_operator to 2023-04-06T00:00:00+00:00, run_after=2023-04-07T00:00:00+00:00
[2023-04-07T12:34:35.113-0300] {processor.py:175} INFO - Processing /home/rai/.local/lib/python3.10/site-packages/airflow/example_dags/example_bash_operator.py took 0.090 seconds
[2023-04-07T12:35:23.411-0300] {processor.py:153} INFO - Started process (PID=2120) to work on /home/rai/.local/lib/python3.10/site-packages/airflow/example_dags/example_bash_operator.py
[2023-04-07T12:35:23.412-0300] {processor.py:743} INFO - Processing file /home/rai/.local/lib/python3.10/site-packages/airflow/example_dags/example_bash_operator.py for tasks to queue
[2023-04-07T12:35:23.413-0300] {logging_mixin.py:137} INFO - [2023-04-07T12:35:23.413-0300] {dagbag.py:532} INFO - Filling up the DagBag from /home/rai/.local/lib/python3.10/site-packages/airflow/example_dags/example_bash_operator.py
[2023-04-07T12:35:23.431-0300] {processor.py:753} INFO - DAG(s) dict_keys(['example_bash_operator']) retrieved from /home/rai/.local/lib/python3.10/site-packages/airflow/example_dags/example_bash_operator.py
[2023-04-07T12:35:23.459-0300] {logging_mixin.py:137} INFO - [2023-04-07T12:35:23.459-0300] {dag.py:2705} INFO - Sync 1 DAGs
[2023-04-07T12:35:23.478-0300] {logging_mixin.py:137} INFO - [2023-04-07T12:35:23.478-0300] {dag.py:3452} INFO - Setting next_dagrun for example_bash_operator to 2023-04-06T00:00:00+00:00, run_after=2023-04-07T00:00:00+00:00
[2023-04-07T12:35:23.500-0300] {processor.py:175} INFO - Processing /home/rai/.local/lib/python3.10/site-packages/airflow/example_dags/example_bash_operator.py took 0.091 seconds
[2023-04-07T12:36:11.941-0300] {processor.py:153} INFO - Started process (PID=2169) to work on /home/rai/.local/lib/python3.10/site-packages/airflow/example_dags/example_bash_operator.py
[2023-04-07T12:36:11.943-0300] {processor.py:743} INFO - Processing file /home/rai/.local/lib/python3.10/site-packages/airflow/example_dags/example_bash_operator.py for tasks to queue
[2023-04-07T12:36:11.943-0300] {logging_mixin.py:137} INFO - [2023-04-07T12:36:11.943-0300] {dagbag.py:532} INFO - Filling up the DagBag from /home/rai/.local/lib/python3.10/site-packages/airflow/example_dags/example_bash_operator.py
[2023-04-07T12:36:11.960-0300] {processor.py:753} INFO - DAG(s) dict_keys(['example_bash_operator']) retrieved from /home/rai/.local/lib/python3.10/site-packages/airflow/example_dags/example_bash_operator.py
[2023-04-07T12:36:11.989-0300] {logging_mixin.py:137} INFO - [2023-04-07T12:36:11.988-0300] {dag.py:2705} INFO - Sync 1 DAGs
[2023-04-07T12:36:12.008-0300] {logging_mixin.py:137} INFO - [2023-04-07T12:36:12.008-0300] {dag.py:3452} INFO - Setting next_dagrun for example_bash_operator to 2023-04-06T00:00:00+00:00, run_after=2023-04-07T00:00:00+00:00
[2023-04-07T12:36:12.028-0300] {processor.py:175} INFO - Processing /home/rai/.local/lib/python3.10/site-packages/airflow/example_dags/example_bash_operator.py took 0.089 seconds
[2023-04-07T12:36:58.834-0300] {processor.py:153} INFO - Started process (PID=2217) to work on /home/rai/.local/lib/python3.10/site-packages/airflow/example_dags/example_bash_operator.py
[2023-04-07T12:36:58.838-0300] {processor.py:743} INFO - Processing file /home/rai/.local/lib/python3.10/site-packages/airflow/example_dags/example_bash_operator.py for tasks to queue
[2023-04-07T12:36:58.839-0300] {logging_mixin.py:137} INFO - [2023-04-07T12:36:58.839-0300] {dagbag.py:532} INFO - Filling up the DagBag from /home/rai/.local/lib/python3.10/site-packages/airflow/example_dags/example_bash_operator.py
[2023-04-07T12:36:58.856-0300] {processor.py:753} INFO - DAG(s) dict_keys(['example_bash_operator']) retrieved from /home/rai/.local/lib/python3.10/site-packages/airflow/example_dags/example_bash_operator.py
[2023-04-07T12:36:58.885-0300] {logging_mixin.py:137} INFO - [2023-04-07T12:36:58.885-0300] {dag.py:2705} INFO - Sync 1 DAGs
[2023-04-07T12:36:58.905-0300] {logging_mixin.py:137} INFO - [2023-04-07T12:36:58.904-0300] {dag.py:3452} INFO - Setting next_dagrun for example_bash_operator to 2023-04-06T00:00:00+00:00, run_after=2023-04-07T00:00:00+00:00
[2023-04-07T12:36:58.925-0300] {processor.py:175} INFO - Processing /home/rai/.local/lib/python3.10/site-packages/airflow/example_dags/example_bash_operator.py took 0.093 seconds
[2023-04-07T12:37:39.033-0300] {processor.py:153} INFO - Started process (PID=2260) to work on /home/rai/.local/lib/python3.10/site-packages/airflow/example_dags/example_bash_operator.py
[2023-04-07T12:37:39.034-0300] {processor.py:743} INFO - Processing file /home/rai/.local/lib/python3.10/site-packages/airflow/example_dags/example_bash_operator.py for tasks to queue
[2023-04-07T12:37:39.035-0300] {logging_mixin.py:137} INFO - [2023-04-07T12:37:39.035-0300] {dagbag.py:532} INFO - Filling up the DagBag from /home/rai/.local/lib/python3.10/site-packages/airflow/example_dags/example_bash_operator.py
[2023-04-07T12:37:39.052-0300] {processor.py:753} INFO - DAG(s) dict_keys(['example_bash_operator']) retrieved from /home/rai/.local/lib/python3.10/site-packages/airflow/example_dags/example_bash_operator.py
[2023-04-07T12:37:39.081-0300] {logging_mixin.py:137} INFO - [2023-04-07T12:37:39.081-0300] {dag.py:2705} INFO - Sync 1 DAGs
[2023-04-07T12:37:39.100-0300] {logging_mixin.py:137} INFO - [2023-04-07T12:37:39.099-0300] {dag.py:3452} INFO - Setting next_dagrun for example_bash_operator to 2023-04-06T00:00:00+00:00, run_after=2023-04-07T00:00:00+00:00
[2023-04-07T12:37:39.119-0300] {processor.py:175} INFO - Processing /home/rai/.local/lib/python3.10/site-packages/airflow/example_dags/example_bash_operator.py took 0.089 seconds
[2023-04-07T12:38:24.529-0300] {processor.py:153} INFO - Started process (PID=2307) to work on /home/rai/.local/lib/python3.10/site-packages/airflow/example_dags/example_bash_operator.py
[2023-04-07T12:38:24.530-0300] {processor.py:743} INFO - Processing file /home/rai/.local/lib/python3.10/site-packages/airflow/example_dags/example_bash_operator.py for tasks to queue
[2023-04-07T12:38:24.531-0300] {logging_mixin.py:137} INFO - [2023-04-07T12:38:24.531-0300] {dagbag.py:532} INFO - Filling up the DagBag from /home/rai/.local/lib/python3.10/site-packages/airflow/example_dags/example_bash_operator.py
[2023-04-07T12:38:24.549-0300] {processor.py:753} INFO - DAG(s) dict_keys(['example_bash_operator']) retrieved from /home/rai/.local/lib/python3.10/site-packages/airflow/example_dags/example_bash_operator.py
[2023-04-07T12:38:24.578-0300] {logging_mixin.py:137} INFO - [2023-04-07T12:38:24.578-0300] {dag.py:2705} INFO - Sync 1 DAGs
[2023-04-07T12:38:24.597-0300] {logging_mixin.py:137} INFO - [2023-04-07T12:38:24.597-0300] {dag.py:3452} INFO - Setting next_dagrun for example_bash_operator to 2023-04-06T00:00:00+00:00, run_after=2023-04-07T00:00:00+00:00
[2023-04-07T12:38:24.617-0300] {processor.py:175} INFO - Processing /home/rai/.local/lib/python3.10/site-packages/airflow/example_dags/example_bash_operator.py took 0.090 seconds
[2023-04-07T12:39:09.983-0300] {processor.py:153} INFO - Started process (PID=2353) to work on /home/rai/.local/lib/python3.10/site-packages/airflow/example_dags/example_bash_operator.py
[2023-04-07T12:39:09.987-0300] {processor.py:743} INFO - Processing file /home/rai/.local/lib/python3.10/site-packages/airflow/example_dags/example_bash_operator.py for tasks to queue
[2023-04-07T12:39:09.988-0300] {logging_mixin.py:137} INFO - [2023-04-07T12:39:09.988-0300] {dagbag.py:532} INFO - Filling up the DagBag from /home/rai/.local/lib/python3.10/site-packages/airflow/example_dags/example_bash_operator.py
[2023-04-07T12:39:10.004-0300] {processor.py:753} INFO - DAG(s) dict_keys(['example_bash_operator']) retrieved from /home/rai/.local/lib/python3.10/site-packages/airflow/example_dags/example_bash_operator.py
[2023-04-07T12:39:10.032-0300] {logging_mixin.py:137} INFO - [2023-04-07T12:39:10.032-0300] {dag.py:2705} INFO - Sync 1 DAGs
[2023-04-07T12:39:10.051-0300] {logging_mixin.py:137} INFO - [2023-04-07T12:39:10.050-0300] {dag.py:3452} INFO - Setting next_dagrun for example_bash_operator to 2023-04-06T00:00:00+00:00, run_after=2023-04-07T00:00:00+00:00
[2023-04-07T12:39:10.071-0300] {processor.py:175} INFO - Processing /home/rai/.local/lib/python3.10/site-packages/airflow/example_dags/example_bash_operator.py took 0.091 seconds
[2023-04-07T12:39:59.245-0300] {processor.py:153} INFO - Started process (PID=2402) to work on /home/rai/.local/lib/python3.10/site-packages/airflow/example_dags/example_bash_operator.py
[2023-04-07T12:39:59.249-0300] {processor.py:743} INFO - Processing file /home/rai/.local/lib/python3.10/site-packages/airflow/example_dags/example_bash_operator.py for tasks to queue
[2023-04-07T12:39:59.249-0300] {logging_mixin.py:137} INFO - [2023-04-07T12:39:59.249-0300] {dagbag.py:532} INFO - Filling up the DagBag from /home/rai/.local/lib/python3.10/site-packages/airflow/example_dags/example_bash_operator.py
[2023-04-07T12:39:59.266-0300] {processor.py:753} INFO - DAG(s) dict_keys(['example_bash_operator']) retrieved from /home/rai/.local/lib/python3.10/site-packages/airflow/example_dags/example_bash_operator.py
[2023-04-07T12:39:59.295-0300] {logging_mixin.py:137} INFO - [2023-04-07T12:39:59.294-0300] {dag.py:2705} INFO - Sync 1 DAGs
[2023-04-07T12:39:59.328-0300] {logging_mixin.py:137} INFO - [2023-04-07T12:39:59.328-0300] {dag.py:3452} INFO - Setting next_dagrun for example_bash_operator to 2023-04-06T00:00:00+00:00, run_after=2023-04-07T00:00:00+00:00
[2023-04-07T12:39:59.430-0300] {processor.py:175} INFO - Processing /home/rai/.local/lib/python3.10/site-packages/airflow/example_dags/example_bash_operator.py took 0.188 seconds
[2023-04-07T12:40:39.757-0300] {processor.py:153} INFO - Started process (PID=2441) to work on /home/rai/.local/lib/python3.10/site-packages/airflow/example_dags/example_bash_operator.py
[2023-04-07T12:40:39.759-0300] {processor.py:743} INFO - Processing file /home/rai/.local/lib/python3.10/site-packages/airflow/example_dags/example_bash_operator.py for tasks to queue
[2023-04-07T12:40:39.760-0300] {logging_mixin.py:137} INFO - [2023-04-07T12:40:39.760-0300] {dagbag.py:532} INFO - Filling up the DagBag from /home/rai/.local/lib/python3.10/site-packages/airflow/example_dags/example_bash_operator.py
[2023-04-07T12:40:39.776-0300] {processor.py:753} INFO - DAG(s) dict_keys(['example_bash_operator']) retrieved from /home/rai/.local/lib/python3.10/site-packages/airflow/example_dags/example_bash_operator.py
[2023-04-07T12:40:39.804-0300] {logging_mixin.py:137} INFO - [2023-04-07T12:40:39.804-0300] {dag.py:2705} INFO - Sync 1 DAGs
[2023-04-07T12:40:39.904-0300] {logging_mixin.py:137} INFO - [2023-04-07T12:40:39.904-0300] {dag.py:3452} INFO - Setting next_dagrun for example_bash_operator to 2023-04-06T00:00:00+00:00, run_after=2023-04-07T00:00:00+00:00
[2023-04-07T12:40:39.924-0300] {processor.py:175} INFO - Processing /home/rai/.local/lib/python3.10/site-packages/airflow/example_dags/example_bash_operator.py took 0.168 seconds
[2023-04-07T12:41:21.458-0300] {processor.py:153} INFO - Started process (PID=2482) to work on /home/rai/.local/lib/python3.10/site-packages/airflow/example_dags/example_bash_operator.py
[2023-04-07T12:41:21.459-0300] {processor.py:743} INFO - Processing file /home/rai/.local/lib/python3.10/site-packages/airflow/example_dags/example_bash_operator.py for tasks to queue
[2023-04-07T12:41:21.460-0300] {logging_mixin.py:137} INFO - [2023-04-07T12:41:21.460-0300] {dagbag.py:532} INFO - Filling up the DagBag from /home/rai/.local/lib/python3.10/site-packages/airflow/example_dags/example_bash_operator.py
[2023-04-07T12:41:21.476-0300] {processor.py:753} INFO - DAG(s) dict_keys(['example_bash_operator']) retrieved from /home/rai/.local/lib/python3.10/site-packages/airflow/example_dags/example_bash_operator.py
[2023-04-07T12:41:21.504-0300] {logging_mixin.py:137} INFO - [2023-04-07T12:41:21.504-0300] {dag.py:2705} INFO - Sync 1 DAGs
[2023-04-07T12:41:21.610-0300] {logging_mixin.py:137} INFO - [2023-04-07T12:41:21.610-0300] {dag.py:3452} INFO - Setting next_dagrun for example_bash_operator to 2023-04-06T00:00:00+00:00, run_after=2023-04-07T00:00:00+00:00
[2023-04-07T12:41:21.631-0300] {processor.py:175} INFO - Processing /home/rai/.local/lib/python3.10/site-packages/airflow/example_dags/example_bash_operator.py took 0.177 seconds
[2023-04-07T12:42:01.832-0300] {processor.py:153} INFO - Started process (PID=2520) to work on /home/rai/.local/lib/python3.10/site-packages/airflow/example_dags/example_bash_operator.py
[2023-04-07T12:42:01.833-0300] {processor.py:743} INFO - Processing file /home/rai/.local/lib/python3.10/site-packages/airflow/example_dags/example_bash_operator.py for tasks to queue
[2023-04-07T12:42:01.833-0300] {logging_mixin.py:137} INFO - [2023-04-07T12:42:01.833-0300] {dagbag.py:532} INFO - Filling up the DagBag from /home/rai/.local/lib/python3.10/site-packages/airflow/example_dags/example_bash_operator.py
[2023-04-07T12:42:01.850-0300] {processor.py:753} INFO - DAG(s) dict_keys(['example_bash_operator']) retrieved from /home/rai/.local/lib/python3.10/site-packages/airflow/example_dags/example_bash_operator.py
[2023-04-07T12:42:01.959-0300] {logging_mixin.py:137} INFO - [2023-04-07T12:42:01.959-0300] {dag.py:2705} INFO - Sync 1 DAGs
[2023-04-07T12:42:01.976-0300] {logging_mixin.py:137} INFO - [2023-04-07T12:42:01.976-0300] {dag.py:3452} INFO - Setting next_dagrun for example_bash_operator to 2023-04-06T00:00:00+00:00, run_after=2023-04-07T00:00:00+00:00
[2023-04-07T12:42:01.995-0300] {processor.py:175} INFO - Processing /home/rai/.local/lib/python3.10/site-packages/airflow/example_dags/example_bash_operator.py took 0.166 seconds
[2023-04-07T12:42:44.902-0300] {processor.py:153} INFO - Started process (PID=2562) to work on /home/rai/.local/lib/python3.10/site-packages/airflow/example_dags/example_bash_operator.py
[2023-04-07T12:42:44.907-0300] {processor.py:743} INFO - Processing file /home/rai/.local/lib/python3.10/site-packages/airflow/example_dags/example_bash_operator.py for tasks to queue
[2023-04-07T12:42:44.908-0300] {logging_mixin.py:137} INFO - [2023-04-07T12:42:44.908-0300] {dagbag.py:532} INFO - Filling up the DagBag from /home/rai/.local/lib/python3.10/site-packages/airflow/example_dags/example_bash_operator.py
[2023-04-07T12:42:44.925-0300] {processor.py:753} INFO - DAG(s) dict_keys(['example_bash_operator']) retrieved from /home/rai/.local/lib/python3.10/site-packages/airflow/example_dags/example_bash_operator.py
[2023-04-07T12:42:44.953-0300] {logging_mixin.py:137} INFO - [2023-04-07T12:42:44.953-0300] {dag.py:2705} INFO - Sync 1 DAGs
[2023-04-07T12:42:44.971-0300] {logging_mixin.py:137} INFO - [2023-04-07T12:42:44.971-0300] {dag.py:3452} INFO - Setting next_dagrun for example_bash_operator to 2023-04-06T00:00:00+00:00, run_after=2023-04-07T00:00:00+00:00
[2023-04-07T12:42:44.991-0300] {processor.py:175} INFO - Processing /home/rai/.local/lib/python3.10/site-packages/airflow/example_dags/example_bash_operator.py took 0.092 seconds
[2023-04-07T12:43:28.173-0300] {processor.py:153} INFO - Started process (PID=2607) to work on /home/rai/.local/lib/python3.10/site-packages/airflow/example_dags/example_bash_operator.py
[2023-04-07T12:43:28.178-0300] {processor.py:743} INFO - Processing file /home/rai/.local/lib/python3.10/site-packages/airflow/example_dags/example_bash_operator.py for tasks to queue
[2023-04-07T12:43:28.179-0300] {logging_mixin.py:137} INFO - [2023-04-07T12:43:28.179-0300] {dagbag.py:532} INFO - Filling up the DagBag from /home/rai/.local/lib/python3.10/site-packages/airflow/example_dags/example_bash_operator.py
[2023-04-07T12:43:28.196-0300] {processor.py:753} INFO - DAG(s) dict_keys(['example_bash_operator']) retrieved from /home/rai/.local/lib/python3.10/site-packages/airflow/example_dags/example_bash_operator.py
[2023-04-07T12:43:28.224-0300] {logging_mixin.py:137} INFO - [2023-04-07T12:43:28.224-0300] {dag.py:2705} INFO - Sync 1 DAGs
[2023-04-07T12:43:28.242-0300] {logging_mixin.py:137} INFO - [2023-04-07T12:43:28.242-0300] {dag.py:3452} INFO - Setting next_dagrun for example_bash_operator to 2023-04-06T00:00:00+00:00, run_after=2023-04-07T00:00:00+00:00
[2023-04-07T12:43:28.264-0300] {processor.py:175} INFO - Processing /home/rai/.local/lib/python3.10/site-packages/airflow/example_dags/example_bash_operator.py took 0.093 seconds
[2023-04-07T12:44:06.233-0300] {processor.py:153} INFO - Started process (PID=2644) to work on /home/rai/.local/lib/python3.10/site-packages/airflow/example_dags/example_bash_operator.py
[2023-04-07T12:44:06.235-0300] {processor.py:743} INFO - Processing file /home/rai/.local/lib/python3.10/site-packages/airflow/example_dags/example_bash_operator.py for tasks to queue
[2023-04-07T12:44:06.235-0300] {logging_mixin.py:137} INFO - [2023-04-07T12:44:06.235-0300] {dagbag.py:532} INFO - Filling up the DagBag from /home/rai/.local/lib/python3.10/site-packages/airflow/example_dags/example_bash_operator.py
[2023-04-07T12:44:06.252-0300] {processor.py:753} INFO - DAG(s) dict_keys(['example_bash_operator']) retrieved from /home/rai/.local/lib/python3.10/site-packages/airflow/example_dags/example_bash_operator.py
[2023-04-07T12:44:06.280-0300] {logging_mixin.py:137} INFO - [2023-04-07T12:44:06.279-0300] {dag.py:2705} INFO - Sync 1 DAGs
[2023-04-07T12:44:06.297-0300] {logging_mixin.py:137} INFO - [2023-04-07T12:44:06.297-0300] {dag.py:3452} INFO - Setting next_dagrun for example_bash_operator to 2023-04-06T00:00:00+00:00, run_after=2023-04-07T00:00:00+00:00
[2023-04-07T12:44:06.401-0300] {processor.py:175} INFO - Processing /home/rai/.local/lib/python3.10/site-packages/airflow/example_dags/example_bash_operator.py took 0.170 seconds
[2023-04-07T12:44:47.094-0300] {processor.py:153} INFO - Started process (PID=2684) to work on /home/rai/.local/lib/python3.10/site-packages/airflow/example_dags/example_bash_operator.py
[2023-04-07T12:44:47.096-0300] {processor.py:743} INFO - Processing file /home/rai/.local/lib/python3.10/site-packages/airflow/example_dags/example_bash_operator.py for tasks to queue
[2023-04-07T12:44:47.096-0300] {logging_mixin.py:137} INFO - [2023-04-07T12:44:47.096-0300] {dagbag.py:532} INFO - Filling up the DagBag from /home/rai/.local/lib/python3.10/site-packages/airflow/example_dags/example_bash_operator.py
[2023-04-07T12:44:47.113-0300] {processor.py:753} INFO - DAG(s) dict_keys(['example_bash_operator']) retrieved from /home/rai/.local/lib/python3.10/site-packages/airflow/example_dags/example_bash_operator.py
[2023-04-07T12:44:47.141-0300] {logging_mixin.py:137} INFO - [2023-04-07T12:44:47.140-0300] {dag.py:2705} INFO - Sync 1 DAGs
[2023-04-07T12:44:47.241-0300] {logging_mixin.py:137} INFO - [2023-04-07T12:44:47.241-0300] {dag.py:3452} INFO - Setting next_dagrun for example_bash_operator to 2023-04-06T00:00:00+00:00, run_after=2023-04-07T00:00:00+00:00
[2023-04-07T12:44:47.261-0300] {processor.py:175} INFO - Processing /home/rai/.local/lib/python3.10/site-packages/airflow/example_dags/example_bash_operator.py took 0.169 seconds
[2023-04-07T12:45:30.268-0300] {processor.py:153} INFO - Started process (PID=2726) to work on /home/rai/.local/lib/python3.10/site-packages/airflow/example_dags/example_bash_operator.py
[2023-04-07T12:45:30.269-0300] {processor.py:743} INFO - Processing file /home/rai/.local/lib/python3.10/site-packages/airflow/example_dags/example_bash_operator.py for tasks to queue
[2023-04-07T12:45:30.269-0300] {logging_mixin.py:137} INFO - [2023-04-07T12:45:30.269-0300] {dagbag.py:532} INFO - Filling up the DagBag from /home/rai/.local/lib/python3.10/site-packages/airflow/example_dags/example_bash_operator.py
[2023-04-07T12:45:30.286-0300] {processor.py:753} INFO - DAG(s) dict_keys(['example_bash_operator']) retrieved from /home/rai/.local/lib/python3.10/site-packages/airflow/example_dags/example_bash_operator.py
[2023-04-07T12:45:30.314-0300] {logging_mixin.py:137} INFO - [2023-04-07T12:45:30.314-0300] {dag.py:2705} INFO - Sync 1 DAGs
[2023-04-07T12:45:30.412-0300] {logging_mixin.py:137} INFO - [2023-04-07T12:45:30.412-0300] {dag.py:3452} INFO - Setting next_dagrun for example_bash_operator to 2023-04-06T00:00:00+00:00, run_after=2023-04-07T00:00:00+00:00
[2023-04-07T12:45:30.431-0300] {processor.py:175} INFO - Processing /home/rai/.local/lib/python3.10/site-packages/airflow/example_dags/example_bash_operator.py took 0.166 seconds
[2023-04-07T12:46:10.377-0300] {processor.py:153} INFO - Started process (PID=2766) to work on /home/rai/.local/lib/python3.10/site-packages/airflow/example_dags/example_bash_operator.py
[2023-04-07T12:46:10.382-0300] {processor.py:743} INFO - Processing file /home/rai/.local/lib/python3.10/site-packages/airflow/example_dags/example_bash_operator.py for tasks to queue
[2023-04-07T12:46:10.383-0300] {logging_mixin.py:137} INFO - [2023-04-07T12:46:10.383-0300] {dagbag.py:532} INFO - Filling up the DagBag from /home/rai/.local/lib/python3.10/site-packages/airflow/example_dags/example_bash_operator.py
[2023-04-07T12:46:10.399-0300] {processor.py:753} INFO - DAG(s) dict_keys(['example_bash_operator']) retrieved from /home/rai/.local/lib/python3.10/site-packages/airflow/example_dags/example_bash_operator.py
[2023-04-07T12:46:10.507-0300] {logging_mixin.py:137} INFO - [2023-04-07T12:46:10.507-0300] {dag.py:2705} INFO - Sync 1 DAGs
[2023-04-07T12:46:10.524-0300] {logging_mixin.py:137} INFO - [2023-04-07T12:46:10.524-0300] {dag.py:3452} INFO - Setting next_dagrun for example_bash_operator to 2023-04-06T00:00:00+00:00, run_after=2023-04-07T00:00:00+00:00
[2023-04-07T12:46:10.545-0300] {processor.py:175} INFO - Processing /home/rai/.local/lib/python3.10/site-packages/airflow/example_dags/example_bash_operator.py took 0.170 seconds
[2023-04-07T12:48:09.788-0300] {processor.py:153} INFO - Started process (PID=2810) to work on /home/rai/.local/lib/python3.10/site-packages/airflow/example_dags/example_bash_operator.py
[2023-04-07T12:48:09.790-0300] {processor.py:743} INFO - Processing file /home/rai/.local/lib/python3.10/site-packages/airflow/example_dags/example_bash_operator.py for tasks to queue
[2023-04-07T12:48:09.791-0300] {logging_mixin.py:137} INFO - [2023-04-07T12:48:09.791-0300] {dagbag.py:532} INFO - Filling up the DagBag from /home/rai/.local/lib/python3.10/site-packages/airflow/example_dags/example_bash_operator.py
[2023-04-07T12:48:09.817-0300] {processor.py:753} INFO - DAG(s) dict_keys(['example_bash_operator']) retrieved from /home/rai/.local/lib/python3.10/site-packages/airflow/example_dags/example_bash_operator.py
[2023-04-07T12:48:09.860-0300] {logging_mixin.py:137} INFO - [2023-04-07T12:48:09.859-0300] {dag.py:2705} INFO - Sync 1 DAGs
[2023-04-07T12:48:09.886-0300] {logging_mixin.py:137} INFO - [2023-04-07T12:48:09.886-0300] {dag.py:3452} INFO - Setting next_dagrun for example_bash_operator to 2023-04-06T00:00:00+00:00, run_after=2023-04-07T00:00:00+00:00
[2023-04-07T12:48:09.917-0300] {processor.py:175} INFO - Processing /home/rai/.local/lib/python3.10/site-packages/airflow/example_dags/example_bash_operator.py took 0.131 seconds
[2023-04-07T12:48:54.275-0300] {processor.py:153} INFO - Started process (PID=2852) to work on /home/rai/.local/lib/python3.10/site-packages/airflow/example_dags/example_bash_operator.py
[2023-04-07T12:48:54.278-0300] {processor.py:743} INFO - Processing file /home/rai/.local/lib/python3.10/site-packages/airflow/example_dags/example_bash_operator.py for tasks to queue
[2023-04-07T12:48:54.279-0300] {logging_mixin.py:137} INFO - [2023-04-07T12:48:54.278-0300] {dagbag.py:532} INFO - Filling up the DagBag from /home/rai/.local/lib/python3.10/site-packages/airflow/example_dags/example_bash_operator.py
[2023-04-07T12:48:54.311-0300] {processor.py:753} INFO - DAG(s) dict_keys(['example_bash_operator']) retrieved from /home/rai/.local/lib/python3.10/site-packages/airflow/example_dags/example_bash_operator.py
[2023-04-07T12:48:54.349-0300] {logging_mixin.py:137} INFO - [2023-04-07T12:48:54.349-0300] {dag.py:2705} INFO - Sync 1 DAGs
[2023-04-07T12:48:54.369-0300] {logging_mixin.py:137} INFO - [2023-04-07T12:48:54.369-0300] {dag.py:3452} INFO - Setting next_dagrun for example_bash_operator to 2023-04-06T00:00:00+00:00, run_after=2023-04-07T00:00:00+00:00
[2023-04-07T12:48:54.404-0300] {processor.py:175} INFO - Processing /home/rai/.local/lib/python3.10/site-packages/airflow/example_dags/example_bash_operator.py took 0.132 seconds
[2023-04-07T12:49:44.201-0300] {processor.py:153} INFO - Started process (PID=2897) to work on /home/rai/.local/lib/python3.10/site-packages/airflow/example_dags/example_bash_operator.py
[2023-04-07T12:49:44.203-0300] {processor.py:743} INFO - Processing file /home/rai/.local/lib/python3.10/site-packages/airflow/example_dags/example_bash_operator.py for tasks to queue
[2023-04-07T12:49:44.204-0300] {logging_mixin.py:137} INFO - [2023-04-07T12:49:44.204-0300] {dagbag.py:532} INFO - Filling up the DagBag from /home/rai/.local/lib/python3.10/site-packages/airflow/example_dags/example_bash_operator.py
[2023-04-07T12:49:44.236-0300] {processor.py:753} INFO - DAG(s) dict_keys(['example_bash_operator']) retrieved from /home/rai/.local/lib/python3.10/site-packages/airflow/example_dags/example_bash_operator.py
[2023-04-07T12:49:44.275-0300] {logging_mixin.py:137} INFO - [2023-04-07T12:49:44.275-0300] {dag.py:2705} INFO - Sync 1 DAGs
[2023-04-07T12:49:44.295-0300] {logging_mixin.py:137} INFO - [2023-04-07T12:49:44.295-0300] {dag.py:3452} INFO - Setting next_dagrun for example_bash_operator to 2023-04-06T00:00:00+00:00, run_after=2023-04-07T00:00:00+00:00
[2023-04-07T12:49:44.318-0300] {processor.py:175} INFO - Processing /home/rai/.local/lib/python3.10/site-packages/airflow/example_dags/example_bash_operator.py took 0.122 seconds
[2023-04-07T12:50:32.931-0300] {processor.py:153} INFO - Started process (PID=2938) to work on /home/rai/.local/lib/python3.10/site-packages/airflow/example_dags/example_bash_operator.py
[2023-04-07T12:50:32.937-0300] {processor.py:743} INFO - Processing file /home/rai/.local/lib/python3.10/site-packages/airflow/example_dags/example_bash_operator.py for tasks to queue
[2023-04-07T12:50:32.939-0300] {logging_mixin.py:137} INFO - [2023-04-07T12:50:32.938-0300] {dagbag.py:532} INFO - Filling up the DagBag from /home/rai/.local/lib/python3.10/site-packages/airflow/example_dags/example_bash_operator.py
[2023-04-07T12:50:32.976-0300] {processor.py:753} INFO - DAG(s) dict_keys(['example_bash_operator']) retrieved from /home/rai/.local/lib/python3.10/site-packages/airflow/example_dags/example_bash_operator.py
[2023-04-07T12:50:33.017-0300] {logging_mixin.py:137} INFO - [2023-04-07T12:50:33.017-0300] {dag.py:2705} INFO - Sync 1 DAGs
[2023-04-07T12:50:33.039-0300] {logging_mixin.py:137} INFO - [2023-04-07T12:50:33.039-0300] {dag.py:3452} INFO - Setting next_dagrun for example_bash_operator to 2023-04-06T00:00:00+00:00, run_after=2023-04-07T00:00:00+00:00
[2023-04-07T12:50:33.161-0300] {processor.py:175} INFO - Processing /home/rai/.local/lib/python3.10/site-packages/airflow/example_dags/example_bash_operator.py took 0.235 seconds
[2023-04-07T12:51:32.394-0300] {processor.py:153} INFO - Started process (PID=2988) to work on /home/rai/.local/lib/python3.10/site-packages/airflow/example_dags/example_bash_operator.py
[2023-04-07T12:51:32.396-0300] {processor.py:743} INFO - Processing file /home/rai/.local/lib/python3.10/site-packages/airflow/example_dags/example_bash_operator.py for tasks to queue
[2023-04-07T12:51:32.397-0300] {logging_mixin.py:137} INFO - [2023-04-07T12:51:32.397-0300] {dagbag.py:532} INFO - Filling up the DagBag from /home/rai/.local/lib/python3.10/site-packages/airflow/example_dags/example_bash_operator.py
[2023-04-07T12:51:32.430-0300] {processor.py:753} INFO - DAG(s) dict_keys(['example_bash_operator']) retrieved from /home/rai/.local/lib/python3.10/site-packages/airflow/example_dags/example_bash_operator.py
[2023-04-07T12:51:32.491-0300] {logging_mixin.py:137} INFO - [2023-04-07T12:51:32.490-0300] {dag.py:2705} INFO - Sync 1 DAGs
[2023-04-07T12:51:32.608-0300] {logging_mixin.py:137} INFO - [2023-04-07T12:51:32.608-0300] {dag.py:3452} INFO - Setting next_dagrun for example_bash_operator to 2023-04-06T00:00:00+00:00, run_after=2023-04-07T00:00:00+00:00
[2023-04-07T12:51:32.639-0300] {processor.py:175} INFO - Processing /home/rai/.local/lib/python3.10/site-packages/airflow/example_dags/example_bash_operator.py took 0.250 seconds
[2023-04-07T12:52:31.571-0300] {processor.py:153} INFO - Started process (PID=3039) to work on /home/rai/.local/lib/python3.10/site-packages/airflow/example_dags/example_bash_operator.py
[2023-04-07T12:52:31.577-0300] {processor.py:743} INFO - Processing file /home/rai/.local/lib/python3.10/site-packages/airflow/example_dags/example_bash_operator.py for tasks to queue
[2023-04-07T12:52:31.578-0300] {logging_mixin.py:137} INFO - [2023-04-07T12:52:31.578-0300] {dagbag.py:532} INFO - Filling up the DagBag from /home/rai/.local/lib/python3.10/site-packages/airflow/example_dags/example_bash_operator.py
[2023-04-07T12:52:31.611-0300] {processor.py:753} INFO - DAG(s) dict_keys(['example_bash_operator']) retrieved from /home/rai/.local/lib/python3.10/site-packages/airflow/example_dags/example_bash_operator.py
[2023-04-07T12:52:31.739-0300] {logging_mixin.py:137} INFO - [2023-04-07T12:52:31.739-0300] {dag.py:2705} INFO - Sync 1 DAGs
[2023-04-07T12:52:31.757-0300] {logging_mixin.py:137} INFO - [2023-04-07T12:52:31.757-0300] {dag.py:3452} INFO - Setting next_dagrun for example_bash_operator to 2023-04-06T00:00:00+00:00, run_after=2023-04-07T00:00:00+00:00
[2023-04-07T12:52:31.782-0300] {processor.py:175} INFO - Processing /home/rai/.local/lib/python3.10/site-packages/airflow/example_dags/example_bash_operator.py took 0.216 seconds
[2023-04-07T12:53:28.468-0300] {processor.py:153} INFO - Started process (PID=3088) to work on /home/rai/.local/lib/python3.10/site-packages/airflow/example_dags/example_bash_operator.py
[2023-04-07T12:53:28.474-0300] {processor.py:743} INFO - Processing file /home/rai/.local/lib/python3.10/site-packages/airflow/example_dags/example_bash_operator.py for tasks to queue
[2023-04-07T12:53:28.475-0300] {logging_mixin.py:137} INFO - [2023-04-07T12:53:28.475-0300] {dagbag.py:532} INFO - Filling up the DagBag from /home/rai/.local/lib/python3.10/site-packages/airflow/example_dags/example_bash_operator.py
[2023-04-07T12:53:28.509-0300] {processor.py:753} INFO - DAG(s) dict_keys(['example_bash_operator']) retrieved from /home/rai/.local/lib/python3.10/site-packages/airflow/example_dags/example_bash_operator.py
[2023-04-07T12:53:28.551-0300] {logging_mixin.py:137} INFO - [2023-04-07T12:53:28.551-0300] {dag.py:2705} INFO - Sync 1 DAGs
[2023-04-07T12:53:28.574-0300] {logging_mixin.py:137} INFO - [2023-04-07T12:53:28.574-0300] {dag.py:3452} INFO - Setting next_dagrun for example_bash_operator to 2023-04-06T00:00:00+00:00, run_after=2023-04-07T00:00:00+00:00
[2023-04-07T12:53:28.601-0300] {processor.py:175} INFO - Processing /home/rai/.local/lib/python3.10/site-packages/airflow/example_dags/example_bash_operator.py took 0.138 seconds
[2023-04-07T12:54:10.289-0300] {processor.py:153} INFO - Started process (PID=3130) to work on /home/rai/.local/lib/python3.10/site-packages/airflow/example_dags/example_bash_operator.py
[2023-04-07T12:54:10.293-0300] {processor.py:743} INFO - Processing file /home/rai/.local/lib/python3.10/site-packages/airflow/example_dags/example_bash_operator.py for tasks to queue
[2023-04-07T12:54:10.294-0300] {logging_mixin.py:137} INFO - [2023-04-07T12:54:10.294-0300] {dagbag.py:532} INFO - Filling up the DagBag from /home/rai/.local/lib/python3.10/site-packages/airflow/example_dags/example_bash_operator.py
[2023-04-07T12:54:10.311-0300] {processor.py:753} INFO - DAG(s) dict_keys(['example_bash_operator']) retrieved from /home/rai/.local/lib/python3.10/site-packages/airflow/example_dags/example_bash_operator.py
[2023-04-07T12:54:10.340-0300] {logging_mixin.py:137} INFO - [2023-04-07T12:54:10.340-0300] {dag.py:2705} INFO - Sync 1 DAGs
[2023-04-07T12:54:10.361-0300] {logging_mixin.py:137} INFO - [2023-04-07T12:54:10.361-0300] {dag.py:3452} INFO - Setting next_dagrun for example_bash_operator to 2023-04-06T00:00:00+00:00, run_after=2023-04-07T00:00:00+00:00
[2023-04-07T12:54:10.382-0300] {processor.py:175} INFO - Processing /home/rai/.local/lib/python3.10/site-packages/airflow/example_dags/example_bash_operator.py took 0.095 seconds
[2023-04-07T12:54:59.524-0300] {processor.py:153} INFO - Started process (PID=3179) to work on /home/rai/.local/lib/python3.10/site-packages/airflow/example_dags/example_bash_operator.py
[2023-04-07T12:54:59.526-0300] {processor.py:743} INFO - Processing file /home/rai/.local/lib/python3.10/site-packages/airflow/example_dags/example_bash_operator.py for tasks to queue
[2023-04-07T12:54:59.528-0300] {logging_mixin.py:137} INFO - [2023-04-07T12:54:59.528-0300] {dagbag.py:532} INFO - Filling up the DagBag from /home/rai/.local/lib/python3.10/site-packages/airflow/example_dags/example_bash_operator.py
[2023-04-07T12:54:59.569-0300] {processor.py:753} INFO - DAG(s) dict_keys(['example_bash_operator']) retrieved from /home/rai/.local/lib/python3.10/site-packages/airflow/example_dags/example_bash_operator.py
[2023-04-07T12:54:59.627-0300] {logging_mixin.py:137} INFO - [2023-04-07T12:54:59.627-0300] {dag.py:2705} INFO - Sync 1 DAGs
[2023-04-07T12:54:59.654-0300] {logging_mixin.py:137} INFO - [2023-04-07T12:54:59.654-0300] {dag.py:3452} INFO - Setting next_dagrun for example_bash_operator to 2023-04-06T00:00:00+00:00, run_after=2023-04-07T00:00:00+00:00
[2023-04-07T12:54:59.790-0300] {processor.py:175} INFO - Processing /home/rai/.local/lib/python3.10/site-packages/airflow/example_dags/example_bash_operator.py took 0.272 seconds
[2023-04-07T12:55:50.632-0300] {processor.py:153} INFO - Started process (PID=3226) to work on /home/rai/.local/lib/python3.10/site-packages/airflow/example_dags/example_bash_operator.py
[2023-04-07T12:55:50.637-0300] {processor.py:743} INFO - Processing file /home/rai/.local/lib/python3.10/site-packages/airflow/example_dags/example_bash_operator.py for tasks to queue
[2023-04-07T12:55:50.640-0300] {logging_mixin.py:137} INFO - [2023-04-07T12:55:50.639-0300] {dagbag.py:532} INFO - Filling up the DagBag from /home/rai/.local/lib/python3.10/site-packages/airflow/example_dags/example_bash_operator.py
[2023-04-07T12:55:50.686-0300] {processor.py:753} INFO - DAG(s) dict_keys(['example_bash_operator']) retrieved from /home/rai/.local/lib/python3.10/site-packages/airflow/example_dags/example_bash_operator.py
[2023-04-07T12:55:50.764-0300] {logging_mixin.py:137} INFO - [2023-04-07T12:55:50.764-0300] {dag.py:2705} INFO - Sync 1 DAGs
[2023-04-07T12:55:51.009-0300] {logging_mixin.py:137} INFO - [2023-04-07T12:55:51.009-0300] {dag.py:3452} INFO - Setting next_dagrun for example_bash_operator to 2023-04-06T00:00:00+00:00, run_after=2023-04-07T00:00:00+00:00
[2023-04-07T12:55:51.049-0300] {processor.py:175} INFO - Processing /home/rai/.local/lib/python3.10/site-packages/airflow/example_dags/example_bash_operator.py took 0.420 seconds
[2023-04-07T12:56:50.283-0300] {processor.py:153} INFO - Started process (PID=3278) to work on /home/rai/.local/lib/python3.10/site-packages/airflow/example_dags/example_bash_operator.py
[2023-04-07T12:56:50.284-0300] {processor.py:743} INFO - Processing file /home/rai/.local/lib/python3.10/site-packages/airflow/example_dags/example_bash_operator.py for tasks to queue
[2023-04-07T12:56:50.285-0300] {logging_mixin.py:137} INFO - [2023-04-07T12:56:50.285-0300] {dagbag.py:532} INFO - Filling up the DagBag from /home/rai/.local/lib/python3.10/site-packages/airflow/example_dags/example_bash_operator.py
[2023-04-07T12:56:50.304-0300] {processor.py:753} INFO - DAG(s) dict_keys(['example_bash_operator']) retrieved from /home/rai/.local/lib/python3.10/site-packages/airflow/example_dags/example_bash_operator.py
[2023-04-07T12:56:50.363-0300] {logging_mixin.py:137} INFO - [2023-04-07T12:56:50.363-0300] {dag.py:2705} INFO - Sync 1 DAGs
[2023-04-07T12:56:50.496-0300] {logging_mixin.py:137} INFO - [2023-04-07T12:56:50.496-0300] {dag.py:3452} INFO - Setting next_dagrun for example_bash_operator to 2023-04-06T00:00:00+00:00, run_after=2023-04-07T00:00:00+00:00
[2023-04-07T12:56:50.533-0300] {processor.py:175} INFO - Processing /home/rai/.local/lib/python3.10/site-packages/airflow/example_dags/example_bash_operator.py took 0.253 seconds
[2023-04-07T12:57:42.681-0300] {processor.py:153} INFO - Started process (PID=3331) to work on /home/rai/.local/lib/python3.10/site-packages/airflow/example_dags/example_bash_operator.py
[2023-04-07T12:57:42.682-0300] {processor.py:743} INFO - Processing file /home/rai/.local/lib/python3.10/site-packages/airflow/example_dags/example_bash_operator.py for tasks to queue
[2023-04-07T12:57:42.683-0300] {logging_mixin.py:137} INFO - [2023-04-07T12:57:42.683-0300] {dagbag.py:532} INFO - Filling up the DagBag from /home/rai/.local/lib/python3.10/site-packages/airflow/example_dags/example_bash_operator.py
[2023-04-07T12:57:42.701-0300] {processor.py:753} INFO - DAG(s) dict_keys(['example_bash_operator']) retrieved from /home/rai/.local/lib/python3.10/site-packages/airflow/example_dags/example_bash_operator.py
[2023-04-07T12:57:42.808-0300] {logging_mixin.py:137} INFO - [2023-04-07T12:57:42.808-0300] {dag.py:2705} INFO - Sync 1 DAGs
[2023-04-07T12:57:42.825-0300] {logging_mixin.py:137} INFO - [2023-04-07T12:57:42.825-0300] {dag.py:3452} INFO - Setting next_dagrun for example_bash_operator to 2023-04-06T00:00:00+00:00, run_after=2023-04-07T00:00:00+00:00
[2023-04-07T12:57:42.848-0300] {processor.py:175} INFO - Processing /home/rai/.local/lib/python3.10/site-packages/airflow/example_dags/example_bash_operator.py took 0.170 seconds
[2023-04-07T12:58:26.178-0300] {processor.py:153} INFO - Started process (PID=3375) to work on /home/rai/.local/lib/python3.10/site-packages/airflow/example_dags/example_bash_operator.py
[2023-04-07T12:58:26.183-0300] {processor.py:743} INFO - Processing file /home/rai/.local/lib/python3.10/site-packages/airflow/example_dags/example_bash_operator.py for tasks to queue
[2023-04-07T12:58:26.183-0300] {logging_mixin.py:137} INFO - [2023-04-07T12:58:26.183-0300] {dagbag.py:532} INFO - Filling up the DagBag from /home/rai/.local/lib/python3.10/site-packages/airflow/example_dags/example_bash_operator.py
[2023-04-07T12:58:26.200-0300] {processor.py:753} INFO - DAG(s) dict_keys(['example_bash_operator']) retrieved from /home/rai/.local/lib/python3.10/site-packages/airflow/example_dags/example_bash_operator.py
[2023-04-07T12:58:26.228-0300] {logging_mixin.py:137} INFO - [2023-04-07T12:58:26.228-0300] {dag.py:2705} INFO - Sync 1 DAGs
[2023-04-07T12:58:26.248-0300] {logging_mixin.py:137} INFO - [2023-04-07T12:58:26.248-0300] {dag.py:3452} INFO - Setting next_dagrun for example_bash_operator to 2023-04-06T00:00:00+00:00, run_after=2023-04-07T00:00:00+00:00
[2023-04-07T12:58:26.270-0300] {processor.py:175} INFO - Processing /home/rai/.local/lib/python3.10/site-packages/airflow/example_dags/example_bash_operator.py took 0.094 seconds
[2023-04-07T12:59:17.461-0300] {processor.py:153} INFO - Started process (PID=3427) to work on /home/rai/.local/lib/python3.10/site-packages/airflow/example_dags/example_bash_operator.py
[2023-04-07T12:59:17.462-0300] {processor.py:743} INFO - Processing file /home/rai/.local/lib/python3.10/site-packages/airflow/example_dags/example_bash_operator.py for tasks to queue
[2023-04-07T12:59:17.463-0300] {logging_mixin.py:137} INFO - [2023-04-07T12:59:17.463-0300] {dagbag.py:532} INFO - Filling up the DagBag from /home/rai/.local/lib/python3.10/site-packages/airflow/example_dags/example_bash_operator.py
[2023-04-07T12:59:17.497-0300] {processor.py:753} INFO - DAG(s) dict_keys(['example_bash_operator']) retrieved from /home/rai/.local/lib/python3.10/site-packages/airflow/example_dags/example_bash_operator.py
[2023-04-07T12:59:17.545-0300] {logging_mixin.py:137} INFO - [2023-04-07T12:59:17.545-0300] {dag.py:2705} INFO - Sync 1 DAGs
[2023-04-07T12:59:17.574-0300] {logging_mixin.py:137} INFO - [2023-04-07T12:59:17.574-0300] {dag.py:3452} INFO - Setting next_dagrun for example_bash_operator to 2023-04-06T00:00:00+00:00, run_after=2023-04-07T00:00:00+00:00
[2023-04-07T12:59:17.606-0300] {processor.py:175} INFO - Processing /home/rai/.local/lib/python3.10/site-packages/airflow/example_dags/example_bash_operator.py took 0.149 seconds
[2023-04-07T13:00:10.253-0300] {processor.py:153} INFO - Started process (PID=3478) to work on /home/rai/.local/lib/python3.10/site-packages/airflow/example_dags/example_bash_operator.py
[2023-04-07T13:00:10.261-0300] {processor.py:743} INFO - Processing file /home/rai/.local/lib/python3.10/site-packages/airflow/example_dags/example_bash_operator.py for tasks to queue
[2023-04-07T13:00:10.263-0300] {logging_mixin.py:137} INFO - [2023-04-07T13:00:10.262-0300] {dagbag.py:532} INFO - Filling up the DagBag from /home/rai/.local/lib/python3.10/site-packages/airflow/example_dags/example_bash_operator.py
[2023-04-07T13:00:10.295-0300] {processor.py:753} INFO - DAG(s) dict_keys(['example_bash_operator']) retrieved from /home/rai/.local/lib/python3.10/site-packages/airflow/example_dags/example_bash_operator.py
[2023-04-07T13:00:10.335-0300] {logging_mixin.py:137} INFO - [2023-04-07T13:00:10.334-0300] {dag.py:2705} INFO - Sync 1 DAGs
[2023-04-07T13:00:10.440-0300] {logging_mixin.py:137} INFO - [2023-04-07T13:00:10.440-0300] {dag.py:3452} INFO - Setting next_dagrun for example_bash_operator to 2023-04-06T00:00:00+00:00, run_after=2023-04-07T00:00:00+00:00
[2023-04-07T13:00:10.462-0300] {processor.py:175} INFO - Processing /home/rai/.local/lib/python3.10/site-packages/airflow/example_dags/example_bash_operator.py took 0.215 seconds
[2023-04-07T13:00:55.469-0300] {processor.py:153} INFO - Started process (PID=3530) to work on /home/rai/.local/lib/python3.10/site-packages/airflow/example_dags/example_bash_operator.py
[2023-04-07T13:00:55.474-0300] {processor.py:743} INFO - Processing file /home/rai/.local/lib/python3.10/site-packages/airflow/example_dags/example_bash_operator.py for tasks to queue
[2023-04-07T13:00:55.474-0300] {logging_mixin.py:137} INFO - [2023-04-07T13:00:55.474-0300] {dagbag.py:532} INFO - Filling up the DagBag from /home/rai/.local/lib/python3.10/site-packages/airflow/example_dags/example_bash_operator.py
[2023-04-07T13:00:55.491-0300] {processor.py:753} INFO - DAG(s) dict_keys(['example_bash_operator']) retrieved from /home/rai/.local/lib/python3.10/site-packages/airflow/example_dags/example_bash_operator.py
[2023-04-07T13:00:55.521-0300] {logging_mixin.py:137} INFO - [2023-04-07T13:00:55.521-0300] {dag.py:2705} INFO - Sync 1 DAGs
[2023-04-07T13:00:55.620-0300] {logging_mixin.py:137} INFO - [2023-04-07T13:00:55.619-0300] {dag.py:3452} INFO - Setting next_dagrun for example_bash_operator to 2023-04-06T00:00:00+00:00, run_after=2023-04-07T00:00:00+00:00
[2023-04-07T13:00:55.640-0300] {processor.py:175} INFO - Processing /home/rai/.local/lib/python3.10/site-packages/airflow/example_dags/example_bash_operator.py took 0.172 seconds
[2023-04-07T13:01:49.015-0300] {processor.py:153} INFO - Started process (PID=3583) to work on /home/rai/.local/lib/python3.10/site-packages/airflow/example_dags/example_bash_operator.py
[2023-04-07T13:01:49.020-0300] {processor.py:743} INFO - Processing file /home/rai/.local/lib/python3.10/site-packages/airflow/example_dags/example_bash_operator.py for tasks to queue
[2023-04-07T13:01:49.022-0300] {logging_mixin.py:137} INFO - [2023-04-07T13:01:49.021-0300] {dagbag.py:532} INFO - Filling up the DagBag from /home/rai/.local/lib/python3.10/site-packages/airflow/example_dags/example_bash_operator.py
[2023-04-07T13:01:49.057-0300] {processor.py:753} INFO - DAG(s) dict_keys(['example_bash_operator']) retrieved from /home/rai/.local/lib/python3.10/site-packages/airflow/example_dags/example_bash_operator.py
[2023-04-07T13:01:49.185-0300] {logging_mixin.py:137} INFO - [2023-04-07T13:01:49.185-0300] {dag.py:2705} INFO - Sync 1 DAGs
[2023-04-07T13:01:49.202-0300] {logging_mixin.py:137} INFO - [2023-04-07T13:01:49.202-0300] {dag.py:3452} INFO - Setting next_dagrun for example_bash_operator to 2023-04-06T00:00:00+00:00, run_after=2023-04-07T00:00:00+00:00
[2023-04-07T13:01:49.234-0300] {processor.py:175} INFO - Processing /home/rai/.local/lib/python3.10/site-packages/airflow/example_dags/example_bash_operator.py took 0.224 seconds
[2023-04-07T13:02:48.019-0300] {processor.py:153} INFO - Started process (PID=3639) to work on /home/rai/.local/lib/python3.10/site-packages/airflow/example_dags/example_bash_operator.py
[2023-04-07T13:02:48.022-0300] {processor.py:743} INFO - Processing file /home/rai/.local/lib/python3.10/site-packages/airflow/example_dags/example_bash_operator.py for tasks to queue
[2023-04-07T13:02:48.023-0300] {logging_mixin.py:137} INFO - [2023-04-07T13:02:48.022-0300] {dagbag.py:532} INFO - Filling up the DagBag from /home/rai/.local/lib/python3.10/site-packages/airflow/example_dags/example_bash_operator.py
[2023-04-07T13:02:48.062-0300] {processor.py:753} INFO - DAG(s) dict_keys(['example_bash_operator']) retrieved from /home/rai/.local/lib/python3.10/site-packages/airflow/example_dags/example_bash_operator.py
[2023-04-07T13:02:48.211-0300] {logging_mixin.py:137} INFO - [2023-04-07T13:02:48.211-0300] {dag.py:2705} INFO - Sync 1 DAGs
[2023-04-07T13:02:48.231-0300] {logging_mixin.py:137} INFO - [2023-04-07T13:02:48.230-0300] {dag.py:3452} INFO - Setting next_dagrun for example_bash_operator to 2023-04-06T00:00:00+00:00, run_after=2023-04-07T00:00:00+00:00
[2023-04-07T13:02:48.262-0300] {processor.py:175} INFO - Processing /home/rai/.local/lib/python3.10/site-packages/airflow/example_dags/example_bash_operator.py took 0.247 seconds
[2023-04-07T13:03:39.251-0300] {processor.py:153} INFO - Started process (PID=3685) to work on /home/rai/.local/lib/python3.10/site-packages/airflow/example_dags/example_bash_operator.py
[2023-04-07T13:03:39.253-0300] {processor.py:743} INFO - Processing file /home/rai/.local/lib/python3.10/site-packages/airflow/example_dags/example_bash_operator.py for tasks to queue
[2023-04-07T13:03:39.254-0300] {logging_mixin.py:137} INFO - [2023-04-07T13:03:39.254-0300] {dagbag.py:532} INFO - Filling up the DagBag from /home/rai/.local/lib/python3.10/site-packages/airflow/example_dags/example_bash_operator.py
[2023-04-07T13:03:39.287-0300] {processor.py:753} INFO - DAG(s) dict_keys(['example_bash_operator']) retrieved from /home/rai/.local/lib/python3.10/site-packages/airflow/example_dags/example_bash_operator.py
[2023-04-07T13:03:39.325-0300] {logging_mixin.py:137} INFO - [2023-04-07T13:03:39.325-0300] {dag.py:2705} INFO - Sync 1 DAGs
[2023-04-07T13:03:39.345-0300] {logging_mixin.py:137} INFO - [2023-04-07T13:03:39.345-0300] {dag.py:3452} INFO - Setting next_dagrun for example_bash_operator to 2023-04-06T00:00:00+00:00, run_after=2023-04-07T00:00:00+00:00
[2023-04-07T13:03:39.368-0300] {processor.py:175} INFO - Processing /home/rai/.local/lib/python3.10/site-packages/airflow/example_dags/example_bash_operator.py took 0.122 seconds
[2023-04-07T13:04:31.020-0300] {processor.py:153} INFO - Started process (PID=3732) to work on /home/rai/.local/lib/python3.10/site-packages/airflow/example_dags/example_bash_operator.py
[2023-04-07T13:04:31.034-0300] {processor.py:743} INFO - Processing file /home/rai/.local/lib/python3.10/site-packages/airflow/example_dags/example_bash_operator.py for tasks to queue
[2023-04-07T13:04:31.035-0300] {logging_mixin.py:137} INFO - [2023-04-07T13:04:31.035-0300] {dagbag.py:532} INFO - Filling up the DagBag from /home/rai/.local/lib/python3.10/site-packages/airflow/example_dags/example_bash_operator.py
[2023-04-07T13:04:31.072-0300] {processor.py:753} INFO - DAG(s) dict_keys(['example_bash_operator']) retrieved from /home/rai/.local/lib/python3.10/site-packages/airflow/example_dags/example_bash_operator.py
[2023-04-07T13:04:31.114-0300] {logging_mixin.py:137} INFO - [2023-04-07T13:04:31.114-0300] {dag.py:2705} INFO - Sync 1 DAGs
[2023-04-07T13:04:31.136-0300] {logging_mixin.py:137} INFO - [2023-04-07T13:04:31.136-0300] {dag.py:3452} INFO - Setting next_dagrun for example_bash_operator to 2023-04-06T00:00:00+00:00, run_after=2023-04-07T00:00:00+00:00
[2023-04-07T13:04:31.273-0300] {processor.py:175} INFO - Processing /home/rai/.local/lib/python3.10/site-packages/airflow/example_dags/example_bash_operator.py took 0.257 seconds
[2023-04-07T13:05:29.419-0300] {processor.py:153} INFO - Started process (PID=3780) to work on /home/rai/.local/lib/python3.10/site-packages/airflow/example_dags/example_bash_operator.py
[2023-04-07T13:05:29.422-0300] {processor.py:743} INFO - Processing file /home/rai/.local/lib/python3.10/site-packages/airflow/example_dags/example_bash_operator.py for tasks to queue
[2023-04-07T13:05:29.423-0300] {logging_mixin.py:137} INFO - [2023-04-07T13:05:29.423-0300] {dagbag.py:532} INFO - Filling up the DagBag from /home/rai/.local/lib/python3.10/site-packages/airflow/example_dags/example_bash_operator.py
[2023-04-07T13:05:29.459-0300] {processor.py:753} INFO - DAG(s) dict_keys(['example_bash_operator']) retrieved from /home/rai/.local/lib/python3.10/site-packages/airflow/example_dags/example_bash_operator.py
[2023-04-07T13:05:29.501-0300] {logging_mixin.py:137} INFO - [2023-04-07T13:05:29.501-0300] {dag.py:2705} INFO - Sync 1 DAGs
[2023-04-07T13:05:29.628-0300] {logging_mixin.py:137} INFO - [2023-04-07T13:05:29.628-0300] {dag.py:3452} INFO - Setting next_dagrun for example_bash_operator to 2023-04-06T00:00:00+00:00, run_after=2023-04-07T00:00:00+00:00
[2023-04-07T13:05:29.658-0300] {processor.py:175} INFO - Processing /home/rai/.local/lib/python3.10/site-packages/airflow/example_dags/example_bash_operator.py took 0.243 seconds
[2023-04-07T13:06:29.381-0300] {processor.py:153} INFO - Started process (PID=3831) to work on /home/rai/.local/lib/python3.10/site-packages/airflow/example_dags/example_bash_operator.py
[2023-04-07T13:06:29.383-0300] {processor.py:743} INFO - Processing file /home/rai/.local/lib/python3.10/site-packages/airflow/example_dags/example_bash_operator.py for tasks to queue
[2023-04-07T13:06:29.385-0300] {logging_mixin.py:137} INFO - [2023-04-07T13:06:29.384-0300] {dagbag.py:532} INFO - Filling up the DagBag from /home/rai/.local/lib/python3.10/site-packages/airflow/example_dags/example_bash_operator.py
[2023-04-07T13:06:29.431-0300] {processor.py:753} INFO - DAG(s) dict_keys(['example_bash_operator']) retrieved from /home/rai/.local/lib/python3.10/site-packages/airflow/example_dags/example_bash_operator.py
[2023-04-07T13:06:29.481-0300] {logging_mixin.py:137} INFO - [2023-04-07T13:06:29.480-0300] {dag.py:2705} INFO - Sync 1 DAGs
[2023-04-07T13:06:29.601-0300] {logging_mixin.py:137} INFO - [2023-04-07T13:06:29.601-0300] {dag.py:3452} INFO - Setting next_dagrun for example_bash_operator to 2023-04-06T00:00:00+00:00, run_after=2023-04-07T00:00:00+00:00
[2023-04-07T13:06:29.625-0300] {processor.py:175} INFO - Processing /home/rai/.local/lib/python3.10/site-packages/airflow/example_dags/example_bash_operator.py took 0.251 seconds
[2023-04-07T13:07:30.134-0300] {processor.py:153} INFO - Started process (PID=3882) to work on /home/rai/.local/lib/python3.10/site-packages/airflow/example_dags/example_bash_operator.py
[2023-04-07T13:07:30.139-0300] {processor.py:743} INFO - Processing file /home/rai/.local/lib/python3.10/site-packages/airflow/example_dags/example_bash_operator.py for tasks to queue
[2023-04-07T13:07:30.140-0300] {logging_mixin.py:137} INFO - [2023-04-07T13:07:30.140-0300] {dagbag.py:532} INFO - Filling up the DagBag from /home/rai/.local/lib/python3.10/site-packages/airflow/example_dags/example_bash_operator.py
[2023-04-07T13:07:30.174-0300] {processor.py:753} INFO - DAG(s) dict_keys(['example_bash_operator']) retrieved from /home/rai/.local/lib/python3.10/site-packages/airflow/example_dags/example_bash_operator.py
[2023-04-07T13:07:30.297-0300] {logging_mixin.py:137} INFO - [2023-04-07T13:07:30.296-0300] {dag.py:2705} INFO - Sync 1 DAGs
[2023-04-07T13:07:30.315-0300] {logging_mixin.py:137} INFO - [2023-04-07T13:07:30.314-0300] {dag.py:3452} INFO - Setting next_dagrun for example_bash_operator to 2023-04-06T00:00:00+00:00, run_after=2023-04-07T00:00:00+00:00
[2023-04-07T13:07:30.337-0300] {processor.py:175} INFO - Processing /home/rai/.local/lib/python3.10/site-packages/airflow/example_dags/example_bash_operator.py took 0.209 seconds
[2023-04-07T13:08:31.226-0300] {processor.py:153} INFO - Started process (PID=3934) to work on /home/rai/.local/lib/python3.10/site-packages/airflow/example_dags/example_bash_operator.py
[2023-04-07T13:08:31.228-0300] {processor.py:743} INFO - Processing file /home/rai/.local/lib/python3.10/site-packages/airflow/example_dags/example_bash_operator.py for tasks to queue
[2023-04-07T13:08:31.229-0300] {logging_mixin.py:137} INFO - [2023-04-07T13:08:31.229-0300] {dagbag.py:532} INFO - Filling up the DagBag from /home/rai/.local/lib/python3.10/site-packages/airflow/example_dags/example_bash_operator.py
[2023-04-07T13:08:31.262-0300] {processor.py:753} INFO - DAG(s) dict_keys(['example_bash_operator']) retrieved from /home/rai/.local/lib/python3.10/site-packages/airflow/example_dags/example_bash_operator.py
[2023-04-07T13:08:31.320-0300] {logging_mixin.py:137} INFO - [2023-04-07T13:08:31.319-0300] {dag.py:2705} INFO - Sync 1 DAGs
[2023-04-07T13:08:31.354-0300] {logging_mixin.py:137} INFO - [2023-04-07T13:08:31.354-0300] {dag.py:3452} INFO - Setting next_dagrun for example_bash_operator to 2023-04-06T00:00:00+00:00, run_after=2023-04-07T00:00:00+00:00
[2023-04-07T13:08:31.383-0300] {processor.py:175} INFO - Processing /home/rai/.local/lib/python3.10/site-packages/airflow/example_dags/example_bash_operator.py took 0.162 seconds
[2023-04-07T13:09:15.648-0300] {processor.py:153} INFO - Started process (PID=3977) to work on /home/rai/.local/lib/python3.10/site-packages/airflow/example_dags/example_bash_operator.py
[2023-04-07T13:09:15.650-0300] {processor.py:743} INFO - Processing file /home/rai/.local/lib/python3.10/site-packages/airflow/example_dags/example_bash_operator.py for tasks to queue
[2023-04-07T13:09:15.650-0300] {logging_mixin.py:137} INFO - [2023-04-07T13:09:15.650-0300] {dagbag.py:532} INFO - Filling up the DagBag from /home/rai/.local/lib/python3.10/site-packages/airflow/example_dags/example_bash_operator.py
[2023-04-07T13:09:15.668-0300] {processor.py:753} INFO - DAG(s) dict_keys(['example_bash_operator']) retrieved from /home/rai/.local/lib/python3.10/site-packages/airflow/example_dags/example_bash_operator.py
[2023-04-07T13:09:15.697-0300] {logging_mixin.py:137} INFO - [2023-04-07T13:09:15.697-0300] {dag.py:2705} INFO - Sync 1 DAGs
[2023-04-07T13:09:15.717-0300] {logging_mixin.py:137} INFO - [2023-04-07T13:09:15.717-0300] {dag.py:3452} INFO - Setting next_dagrun for example_bash_operator to 2023-04-06T00:00:00+00:00, run_after=2023-04-07T00:00:00+00:00
[2023-04-07T13:09:15.820-0300] {processor.py:175} INFO - Processing /home/rai/.local/lib/python3.10/site-packages/airflow/example_dags/example_bash_operator.py took 0.174 seconds
[2023-04-07T13:09:59.369-0300] {processor.py:153} INFO - Started process (PID=4019) to work on /home/rai/.local/lib/python3.10/site-packages/airflow/example_dags/example_bash_operator.py
[2023-04-07T13:09:59.375-0300] {processor.py:743} INFO - Processing file /home/rai/.local/lib/python3.10/site-packages/airflow/example_dags/example_bash_operator.py for tasks to queue
[2023-04-07T13:09:59.377-0300] {logging_mixin.py:137} INFO - [2023-04-07T13:09:59.376-0300] {dagbag.py:532} INFO - Filling up the DagBag from /home/rai/.local/lib/python3.10/site-packages/airflow/example_dags/example_bash_operator.py
[2023-04-07T13:09:59.419-0300] {processor.py:753} INFO - DAG(s) dict_keys(['example_bash_operator']) retrieved from /home/rai/.local/lib/python3.10/site-packages/airflow/example_dags/example_bash_operator.py
[2023-04-07T13:09:59.486-0300] {logging_mixin.py:137} INFO - [2023-04-07T13:09:59.485-0300] {dag.py:2705} INFO - Sync 1 DAGs
[2023-04-07T13:09:59.613-0300] {logging_mixin.py:137} INFO - [2023-04-07T13:09:59.613-0300] {dag.py:3452} INFO - Setting next_dagrun for example_bash_operator to 2023-04-06T00:00:00+00:00, run_after=2023-04-07T00:00:00+00:00
[2023-04-07T13:09:59.647-0300] {processor.py:175} INFO - Processing /home/rai/.local/lib/python3.10/site-packages/airflow/example_dags/example_bash_operator.py took 0.285 seconds
[2023-04-07T13:11:01.592-0300] {processor.py:153} INFO - Started process (PID=4071) to work on /home/rai/.local/lib/python3.10/site-packages/airflow/example_dags/example_bash_operator.py
[2023-04-07T13:11:01.594-0300] {processor.py:743} INFO - Processing file /home/rai/.local/lib/python3.10/site-packages/airflow/example_dags/example_bash_operator.py for tasks to queue
[2023-04-07T13:11:01.595-0300] {logging_mixin.py:137} INFO - [2023-04-07T13:11:01.595-0300] {dagbag.py:532} INFO - Filling up the DagBag from /home/rai/.local/lib/python3.10/site-packages/airflow/example_dags/example_bash_operator.py
[2023-04-07T13:11:01.628-0300] {processor.py:753} INFO - DAG(s) dict_keys(['example_bash_operator']) retrieved from /home/rai/.local/lib/python3.10/site-packages/airflow/example_dags/example_bash_operator.py
[2023-04-07T13:11:01.668-0300] {logging_mixin.py:137} INFO - [2023-04-07T13:11:01.668-0300] {dag.py:2705} INFO - Sync 1 DAGs
[2023-04-07T13:11:01.774-0300] {logging_mixin.py:137} INFO - [2023-04-07T13:11:01.774-0300] {dag.py:3452} INFO - Setting next_dagrun for example_bash_operator to 2023-04-06T00:00:00+00:00, run_after=2023-04-07T00:00:00+00:00
[2023-04-07T13:11:01.800-0300] {processor.py:175} INFO - Processing /home/rai/.local/lib/python3.10/site-packages/airflow/example_dags/example_bash_operator.py took 0.212 seconds
[2023-04-07T13:11:47.868-0300] {processor.py:153} INFO - Started process (PID=4109) to work on /home/rai/.local/lib/python3.10/site-packages/airflow/example_dags/example_bash_operator.py
[2023-04-07T13:11:47.874-0300] {processor.py:743} INFO - Processing file /home/rai/.local/lib/python3.10/site-packages/airflow/example_dags/example_bash_operator.py for tasks to queue
[2023-04-07T13:11:47.875-0300] {logging_mixin.py:137} INFO - [2023-04-07T13:11:47.875-0300] {dagbag.py:532} INFO - Filling up the DagBag from /home/rai/.local/lib/python3.10/site-packages/airflow/example_dags/example_bash_operator.py
[2023-04-07T13:11:47.907-0300] {processor.py:753} INFO - DAG(s) dict_keys(['example_bash_operator']) retrieved from /home/rai/.local/lib/python3.10/site-packages/airflow/example_dags/example_bash_operator.py
[2023-04-07T13:11:48.035-0300] {logging_mixin.py:137} INFO - [2023-04-07T13:11:48.035-0300] {dag.py:2705} INFO - Sync 1 DAGs
[2023-04-07T13:11:48.054-0300] {logging_mixin.py:137} INFO - [2023-04-07T13:11:48.053-0300] {dag.py:3452} INFO - Setting next_dagrun for example_bash_operator to 2023-04-06T00:00:00+00:00, run_after=2023-04-07T00:00:00+00:00
[2023-04-07T13:11:48.076-0300] {processor.py:175} INFO - Processing /home/rai/.local/lib/python3.10/site-packages/airflow/example_dags/example_bash_operator.py took 0.212 seconds
[2023-04-07T13:12:48.316-0300] {processor.py:153} INFO - Started process (PID=4161) to work on /home/rai/.local/lib/python3.10/site-packages/airflow/example_dags/example_bash_operator.py
[2023-04-07T13:12:48.318-0300] {processor.py:743} INFO - Processing file /home/rai/.local/lib/python3.10/site-packages/airflow/example_dags/example_bash_operator.py for tasks to queue
[2023-04-07T13:12:48.318-0300] {logging_mixin.py:137} INFO - [2023-04-07T13:12:48.318-0300] {dagbag.py:532} INFO - Filling up the DagBag from /home/rai/.local/lib/python3.10/site-packages/airflow/example_dags/example_bash_operator.py
[2023-04-07T13:12:48.345-0300] {processor.py:753} INFO - DAG(s) dict_keys(['example_bash_operator']) retrieved from /home/rai/.local/lib/python3.10/site-packages/airflow/example_dags/example_bash_operator.py
[2023-04-07T13:12:48.486-0300] {logging_mixin.py:137} INFO - [2023-04-07T13:12:48.486-0300] {dag.py:2705} INFO - Sync 1 DAGs
[2023-04-07T13:12:48.506-0300] {logging_mixin.py:137} INFO - [2023-04-07T13:12:48.506-0300] {dag.py:3452} INFO - Setting next_dagrun for example_bash_operator to 2023-04-06T00:00:00+00:00, run_after=2023-04-07T00:00:00+00:00
[2023-04-07T13:12:48.527-0300] {processor.py:175} INFO - Processing /home/rai/.local/lib/python3.10/site-packages/airflow/example_dags/example_bash_operator.py took 0.214 seconds
[2023-04-07T13:13:39.947-0300] {processor.py:153} INFO - Started process (PID=4208) to work on /home/rai/.local/lib/python3.10/site-packages/airflow/example_dags/example_bash_operator.py
[2023-04-07T13:13:39.950-0300] {processor.py:743} INFO - Processing file /home/rai/.local/lib/python3.10/site-packages/airflow/example_dags/example_bash_operator.py for tasks to queue
[2023-04-07T13:13:39.951-0300] {logging_mixin.py:137} INFO - [2023-04-07T13:13:39.950-0300] {dagbag.py:532} INFO - Filling up the DagBag from /home/rai/.local/lib/python3.10/site-packages/airflow/example_dags/example_bash_operator.py
[2023-04-07T13:13:39.984-0300] {processor.py:753} INFO - DAG(s) dict_keys(['example_bash_operator']) retrieved from /home/rai/.local/lib/python3.10/site-packages/airflow/example_dags/example_bash_operator.py
[2023-04-07T13:13:40.022-0300] {logging_mixin.py:137} INFO - [2023-04-07T13:13:40.022-0300] {dag.py:2705} INFO - Sync 1 DAGs
[2023-04-07T13:13:40.042-0300] {logging_mixin.py:137} INFO - [2023-04-07T13:13:40.042-0300] {dag.py:3452} INFO - Setting next_dagrun for example_bash_operator to 2023-04-06T00:00:00+00:00, run_after=2023-04-07T00:00:00+00:00
[2023-04-07T13:13:40.064-0300] {processor.py:175} INFO - Processing /home/rai/.local/lib/python3.10/site-packages/airflow/example_dags/example_bash_operator.py took 0.121 seconds
[2023-04-07T13:14:31.304-0300] {processor.py:153} INFO - Started process (PID=4252) to work on /home/rai/.local/lib/python3.10/site-packages/airflow/example_dags/example_bash_operator.py
[2023-04-07T13:14:31.309-0300] {processor.py:743} INFO - Processing file /home/rai/.local/lib/python3.10/site-packages/airflow/example_dags/example_bash_operator.py for tasks to queue
[2023-04-07T13:14:31.311-0300] {logging_mixin.py:137} INFO - [2023-04-07T13:14:31.310-0300] {dagbag.py:532} INFO - Filling up the DagBag from /home/rai/.local/lib/python3.10/site-packages/airflow/example_dags/example_bash_operator.py
[2023-04-07T13:14:31.353-0300] {processor.py:753} INFO - DAG(s) dict_keys(['example_bash_operator']) retrieved from /home/rai/.local/lib/python3.10/site-packages/airflow/example_dags/example_bash_operator.py
[2023-04-07T13:14:31.415-0300] {logging_mixin.py:137} INFO - [2023-04-07T13:14:31.415-0300] {dag.py:2705} INFO - Sync 1 DAGs
[2023-04-07T13:14:31.443-0300] {logging_mixin.py:137} INFO - [2023-04-07T13:14:31.443-0300] {dag.py:3452} INFO - Setting next_dagrun for example_bash_operator to 2023-04-06T00:00:00+00:00, run_after=2023-04-07T00:00:00+00:00
[2023-04-07T13:14:31.563-0300] {processor.py:175} INFO - Processing /home/rai/.local/lib/python3.10/site-packages/airflow/example_dags/example_bash_operator.py took 0.263 seconds
[2023-04-07T13:15:34.504-0300] {processor.py:153} INFO - Started process (PID=4305) to work on /home/rai/.local/lib/python3.10/site-packages/airflow/example_dags/example_bash_operator.py
[2023-04-07T13:15:34.506-0300] {processor.py:743} INFO - Processing file /home/rai/.local/lib/python3.10/site-packages/airflow/example_dags/example_bash_operator.py for tasks to queue
[2023-04-07T13:15:34.507-0300] {logging_mixin.py:137} INFO - [2023-04-07T13:15:34.507-0300] {dagbag.py:532} INFO - Filling up the DagBag from /home/rai/.local/lib/python3.10/site-packages/airflow/example_dags/example_bash_operator.py
[2023-04-07T13:15:34.544-0300] {processor.py:753} INFO - DAG(s) dict_keys(['example_bash_operator']) retrieved from /home/rai/.local/lib/python3.10/site-packages/airflow/example_dags/example_bash_operator.py
[2023-04-07T13:15:34.585-0300] {logging_mixin.py:137} INFO - [2023-04-07T13:15:34.585-0300] {dag.py:2705} INFO - Sync 1 DAGs
[2023-04-07T13:15:34.692-0300] {logging_mixin.py:137} INFO - [2023-04-07T13:15:34.692-0300] {dag.py:3452} INFO - Setting next_dagrun for example_bash_operator to 2023-04-06T00:00:00+00:00, run_after=2023-04-07T00:00:00+00:00
[2023-04-07T13:15:34.714-0300] {processor.py:175} INFO - Processing /home/rai/.local/lib/python3.10/site-packages/airflow/example_dags/example_bash_operator.py took 0.214 seconds
[2023-04-07T13:16:30.103-0300] {processor.py:153} INFO - Started process (PID=4353) to work on /home/rai/.local/lib/python3.10/site-packages/airflow/example_dags/example_bash_operator.py
[2023-04-07T13:16:30.105-0300] {processor.py:743} INFO - Processing file /home/rai/.local/lib/python3.10/site-packages/airflow/example_dags/example_bash_operator.py for tasks to queue
[2023-04-07T13:16:30.108-0300] {logging_mixin.py:137} INFO - [2023-04-07T13:16:30.107-0300] {dagbag.py:532} INFO - Filling up the DagBag from /home/rai/.local/lib/python3.10/site-packages/airflow/example_dags/example_bash_operator.py
[2023-04-07T13:16:30.139-0300] {processor.py:753} INFO - DAG(s) dict_keys(['example_bash_operator']) retrieved from /home/rai/.local/lib/python3.10/site-packages/airflow/example_dags/example_bash_operator.py
[2023-04-07T13:16:30.180-0300] {logging_mixin.py:137} INFO - [2023-04-07T13:16:30.180-0300] {dag.py:2705} INFO - Sync 1 DAGs
[2023-04-07T13:16:30.289-0300] {logging_mixin.py:137} INFO - [2023-04-07T13:16:30.289-0300] {dag.py:3452} INFO - Setting next_dagrun for example_bash_operator to 2023-04-06T00:00:00+00:00, run_after=2023-04-07T00:00:00+00:00
[2023-04-07T13:16:30.312-0300] {processor.py:175} INFO - Processing /home/rai/.local/lib/python3.10/site-packages/airflow/example_dags/example_bash_operator.py took 0.213 seconds
[2023-04-07T13:17:28.009-0300] {processor.py:153} INFO - Started process (PID=4403) to work on /home/rai/.local/lib/python3.10/site-packages/airflow/example_dags/example_bash_operator.py
[2023-04-07T13:17:28.011-0300] {processor.py:743} INFO - Processing file /home/rai/.local/lib/python3.10/site-packages/airflow/example_dags/example_bash_operator.py for tasks to queue
[2023-04-07T13:17:28.013-0300] {logging_mixin.py:137} INFO - [2023-04-07T13:17:28.012-0300] {dagbag.py:532} INFO - Filling up the DagBag from /home/rai/.local/lib/python3.10/site-packages/airflow/example_dags/example_bash_operator.py
[2023-04-07T13:17:28.049-0300] {processor.py:753} INFO - DAG(s) dict_keys(['example_bash_operator']) retrieved from /home/rai/.local/lib/python3.10/site-packages/airflow/example_dags/example_bash_operator.py
[2023-04-07T13:17:28.173-0300] {logging_mixin.py:137} INFO - [2023-04-07T13:17:28.173-0300] {dag.py:2705} INFO - Sync 1 DAGs
[2023-04-07T13:17:28.197-0300] {logging_mixin.py:137} INFO - [2023-04-07T13:17:28.196-0300] {dag.py:3452} INFO - Setting next_dagrun for example_bash_operator to 2023-04-06T00:00:00+00:00, run_after=2023-04-07T00:00:00+00:00
[2023-04-07T13:17:28.237-0300] {processor.py:175} INFO - Processing /home/rai/.local/lib/python3.10/site-packages/airflow/example_dags/example_bash_operator.py took 0.232 seconds
[2023-04-07T13:18:30.115-0300] {processor.py:153} INFO - Started process (PID=4455) to work on /home/rai/.local/lib/python3.10/site-packages/airflow/example_dags/example_bash_operator.py
[2023-04-07T13:18:30.122-0300] {processor.py:743} INFO - Processing file /home/rai/.local/lib/python3.10/site-packages/airflow/example_dags/example_bash_operator.py for tasks to queue
[2023-04-07T13:18:30.123-0300] {logging_mixin.py:137} INFO - [2023-04-07T13:18:30.123-0300] {dagbag.py:532} INFO - Filling up the DagBag from /home/rai/.local/lib/python3.10/site-packages/airflow/example_dags/example_bash_operator.py
[2023-04-07T13:18:30.165-0300] {processor.py:753} INFO - DAG(s) dict_keys(['example_bash_operator']) retrieved from /home/rai/.local/lib/python3.10/site-packages/airflow/example_dags/example_bash_operator.py
[2023-04-07T13:18:30.206-0300] {logging_mixin.py:137} INFO - [2023-04-07T13:18:30.206-0300] {dag.py:2705} INFO - Sync 1 DAGs
[2023-04-07T13:18:30.227-0300] {logging_mixin.py:137} INFO - [2023-04-07T13:18:30.227-0300] {dag.py:3452} INFO - Setting next_dagrun for example_bash_operator to 2023-04-06T00:00:00+00:00, run_after=2023-04-07T00:00:00+00:00
[2023-04-07T13:18:30.249-0300] {processor.py:175} INFO - Processing /home/rai/.local/lib/python3.10/site-packages/airflow/example_dags/example_bash_operator.py took 0.141 seconds
[2023-04-07T13:19:27.826-0300] {processor.py:153} INFO - Started process (PID=4505) to work on /home/rai/.local/lib/python3.10/site-packages/airflow/example_dags/example_bash_operator.py
[2023-04-07T13:19:27.828-0300] {processor.py:743} INFO - Processing file /home/rai/.local/lib/python3.10/site-packages/airflow/example_dags/example_bash_operator.py for tasks to queue
[2023-04-07T13:19:27.829-0300] {logging_mixin.py:137} INFO - [2023-04-07T13:19:27.829-0300] {dagbag.py:532} INFO - Filling up the DagBag from /home/rai/.local/lib/python3.10/site-packages/airflow/example_dags/example_bash_operator.py
[2023-04-07T13:19:27.848-0300] {processor.py:753} INFO - DAG(s) dict_keys(['example_bash_operator']) retrieved from /home/rai/.local/lib/python3.10/site-packages/airflow/example_dags/example_bash_operator.py
[2023-04-07T13:19:27.892-0300] {logging_mixin.py:137} INFO - [2023-04-07T13:19:27.892-0300] {dag.py:2705} INFO - Sync 1 DAGs
[2023-04-07T13:19:27.919-0300] {logging_mixin.py:137} INFO - [2023-04-07T13:19:27.919-0300] {dag.py:3452} INFO - Setting next_dagrun for example_bash_operator to 2023-04-06T00:00:00+00:00, run_after=2023-04-07T00:00:00+00:00
[2023-04-07T13:19:28.068-0300] {processor.py:175} INFO - Processing /home/rai/.local/lib/python3.10/site-packages/airflow/example_dags/example_bash_operator.py took 0.244 seconds
[2023-04-07T13:20:12.166-0300] {processor.py:153} INFO - Started process (PID=4565) to work on /home/rai/.local/lib/python3.10/site-packages/airflow/example_dags/example_bash_operator.py
[2023-04-07T13:20:12.171-0300] {processor.py:743} INFO - Processing file /home/rai/.local/lib/python3.10/site-packages/airflow/example_dags/example_bash_operator.py for tasks to queue
[2023-04-07T13:20:12.171-0300] {logging_mixin.py:137} INFO - [2023-04-07T13:20:12.171-0300] {dagbag.py:532} INFO - Filling up the DagBag from /home/rai/.local/lib/python3.10/site-packages/airflow/example_dags/example_bash_operator.py
[2023-04-07T13:20:12.190-0300] {processor.py:753} INFO - DAG(s) dict_keys(['example_bash_operator']) retrieved from /home/rai/.local/lib/python3.10/site-packages/airflow/example_dags/example_bash_operator.py
[2023-04-07T13:20:12.222-0300] {logging_mixin.py:137} INFO - [2023-04-07T13:20:12.221-0300] {dag.py:2705} INFO - Sync 1 DAGs
[2023-04-07T13:20:12.331-0300] {logging_mixin.py:137} INFO - [2023-04-07T13:20:12.331-0300] {dag.py:3452} INFO - Setting next_dagrun for example_bash_operator to 2023-04-06T00:00:00+00:00, run_after=2023-04-07T00:00:00+00:00
[2023-04-07T13:20:12.353-0300] {processor.py:175} INFO - Processing /home/rai/.local/lib/python3.10/site-packages/airflow/example_dags/example_bash_operator.py took 0.189 seconds
[2023-04-07T13:20:55.123-0300] {processor.py:153} INFO - Started process (PID=4622) to work on /home/rai/.local/lib/python3.10/site-packages/airflow/example_dags/example_bash_operator.py
[2023-04-07T13:20:55.124-0300] {processor.py:743} INFO - Processing file /home/rai/.local/lib/python3.10/site-packages/airflow/example_dags/example_bash_operator.py for tasks to queue
[2023-04-07T13:20:55.125-0300] {logging_mixin.py:137} INFO - [2023-04-07T13:20:55.125-0300] {dagbag.py:532} INFO - Filling up the DagBag from /home/rai/.local/lib/python3.10/site-packages/airflow/example_dags/example_bash_operator.py
[2023-04-07T13:20:55.141-0300] {processor.py:753} INFO - DAG(s) dict_keys(['example_bash_operator']) retrieved from /home/rai/.local/lib/python3.10/site-packages/airflow/example_dags/example_bash_operator.py
[2023-04-07T13:20:55.169-0300] {logging_mixin.py:137} INFO - [2023-04-07T13:20:55.169-0300] {dag.py:2705} INFO - Sync 1 DAGs
[2023-04-07T13:20:55.276-0300] {logging_mixin.py:137} INFO - [2023-04-07T13:20:55.276-0300] {dag.py:3452} INFO - Setting next_dagrun for example_bash_operator to 2023-04-06T00:00:00+00:00, run_after=2023-04-07T00:00:00+00:00
[2023-04-07T13:20:55.298-0300] {processor.py:175} INFO - Processing /home/rai/.local/lib/python3.10/site-packages/airflow/example_dags/example_bash_operator.py took 0.177 seconds
[2023-04-07T13:21:45.709-0300] {processor.py:153} INFO - Started process (PID=4672) to work on /home/rai/.local/lib/python3.10/site-packages/airflow/example_dags/example_bash_operator.py
[2023-04-07T13:21:45.710-0300] {processor.py:743} INFO - Processing file /home/rai/.local/lib/python3.10/site-packages/airflow/example_dags/example_bash_operator.py for tasks to queue
[2023-04-07T13:21:45.710-0300] {logging_mixin.py:137} INFO - [2023-04-07T13:21:45.710-0300] {dagbag.py:532} INFO - Filling up the DagBag from /home/rai/.local/lib/python3.10/site-packages/airflow/example_dags/example_bash_operator.py
[2023-04-07T13:21:45.727-0300] {processor.py:753} INFO - DAG(s) dict_keys(['example_bash_operator']) retrieved from /home/rai/.local/lib/python3.10/site-packages/airflow/example_dags/example_bash_operator.py
[2023-04-07T13:21:45.835-0300] {logging_mixin.py:137} INFO - [2023-04-07T13:21:45.835-0300] {dag.py:2705} INFO - Sync 1 DAGs
[2023-04-07T13:21:45.852-0300] {logging_mixin.py:137} INFO - [2023-04-07T13:21:45.851-0300] {dag.py:3452} INFO - Setting next_dagrun for example_bash_operator to 2023-04-06T00:00:00+00:00, run_after=2023-04-07T00:00:00+00:00
[2023-04-07T13:21:45.871-0300] {processor.py:175} INFO - Processing /home/rai/.local/lib/python3.10/site-packages/airflow/example_dags/example_bash_operator.py took 0.165 seconds
[2023-04-07T13:22:29.066-0300] {processor.py:153} INFO - Started process (PID=4716) to work on /home/rai/.local/lib/python3.10/site-packages/airflow/example_dags/example_bash_operator.py
[2023-04-07T13:22:29.071-0300] {processor.py:743} INFO - Processing file /home/rai/.local/lib/python3.10/site-packages/airflow/example_dags/example_bash_operator.py for tasks to queue
[2023-04-07T13:22:29.073-0300] {logging_mixin.py:137} INFO - [2023-04-07T13:22:29.073-0300] {dagbag.py:532} INFO - Filling up the DagBag from /home/rai/.local/lib/python3.10/site-packages/airflow/example_dags/example_bash_operator.py
[2023-04-07T13:22:29.111-0300] {processor.py:753} INFO - DAG(s) dict_keys(['example_bash_operator']) retrieved from /home/rai/.local/lib/python3.10/site-packages/airflow/example_dags/example_bash_operator.py
[2023-04-07T13:22:29.236-0300] {logging_mixin.py:137} INFO - [2023-04-07T13:22:29.236-0300] {dag.py:2705} INFO - Sync 1 DAGs
[2023-04-07T13:22:29.256-0300] {logging_mixin.py:137} INFO - [2023-04-07T13:22:29.255-0300] {dag.py:3452} INFO - Setting next_dagrun for example_bash_operator to 2023-04-06T00:00:00+00:00, run_after=2023-04-07T00:00:00+00:00
[2023-04-07T13:22:29.277-0300] {processor.py:175} INFO - Processing /home/rai/.local/lib/python3.10/site-packages/airflow/example_dags/example_bash_operator.py took 0.216 seconds
[2023-04-07T13:23:21.647-0300] {processor.py:153} INFO - Started process (PID=4765) to work on /home/rai/.local/lib/python3.10/site-packages/airflow/example_dags/example_bash_operator.py
[2023-04-07T13:23:21.650-0300] {processor.py:743} INFO - Processing file /home/rai/.local/lib/python3.10/site-packages/airflow/example_dags/example_bash_operator.py for tasks to queue
[2023-04-07T13:23:21.651-0300] {logging_mixin.py:137} INFO - [2023-04-07T13:23:21.651-0300] {dagbag.py:532} INFO - Filling up the DagBag from /home/rai/.local/lib/python3.10/site-packages/airflow/example_dags/example_bash_operator.py
[2023-04-07T13:23:21.692-0300] {processor.py:753} INFO - DAG(s) dict_keys(['example_bash_operator']) retrieved from /home/rai/.local/lib/python3.10/site-packages/airflow/example_dags/example_bash_operator.py
[2023-04-07T13:23:21.731-0300] {logging_mixin.py:137} INFO - [2023-04-07T13:23:21.731-0300] {dag.py:2705} INFO - Sync 1 DAGs
[2023-04-07T13:23:21.755-0300] {logging_mixin.py:137} INFO - [2023-04-07T13:23:21.755-0300] {dag.py:3452} INFO - Setting next_dagrun for example_bash_operator to 2023-04-06T00:00:00+00:00, run_after=2023-04-07T00:00:00+00:00
[2023-04-07T13:23:21.786-0300] {processor.py:175} INFO - Processing /home/rai/.local/lib/python3.10/site-packages/airflow/example_dags/example_bash_operator.py took 0.145 seconds
