[2023-04-07T12:23:37.948-0300] {processor.py:153} INFO - Started process (PID=1416) to work on /home/rai/.local/lib/python3.10/site-packages/airflow/example_dags/example_skip_dag.py
[2023-04-07T12:23:37.948-0300] {processor.py:743} INFO - Processing file /home/rai/.local/lib/python3.10/site-packages/airflow/example_dags/example_skip_dag.py for tasks to queue
[2023-04-07T12:23:37.949-0300] {logging_mixin.py:137} INFO - [2023-04-07T12:23:37.949-0300] {dagbag.py:532} INFO - Filling up the DagBag from /home/rai/.local/lib/python3.10/site-packages/airflow/example_dags/example_skip_dag.py
[2023-04-07T12:23:37.959-0300] {processor.py:753} INFO - DAG(s) dict_keys(['example_skip_dag']) retrieved from /home/rai/.local/lib/python3.10/site-packages/airflow/example_dags/example_skip_dag.py
[2023-04-07T12:23:38.047-0300] {logging_mixin.py:137} INFO - [2023-04-07T12:23:38.047-0300] {manager.py:504} INFO - Created Permission View: can edit on DAG:example_skip_dag
[2023-04-07T12:23:38.057-0300] {logging_mixin.py:137} INFO - [2023-04-07T12:23:38.057-0300] {manager.py:504} INFO - Created Permission View: can delete on DAG:example_skip_dag
[2023-04-07T12:23:38.065-0300] {logging_mixin.py:137} INFO - [2023-04-07T12:23:38.065-0300] {manager.py:504} INFO - Created Permission View: can read on DAG:example_skip_dag
[2023-04-07T12:23:38.065-0300] {logging_mixin.py:137} INFO - [2023-04-07T12:23:38.065-0300] {dag.py:2705} INFO - Sync 1 DAGs
[2023-04-07T12:23:38.075-0300] {logging_mixin.py:137} INFO - [2023-04-07T12:23:38.074-0300] {dag.py:2726} INFO - Creating ORM DAG for example_skip_dag
[2023-04-07T12:23:38.084-0300] {logging_mixin.py:137} INFO - [2023-04-07T12:23:38.084-0300] {dag.py:3452} INFO - Setting next_dagrun for example_skip_dag to 2023-04-06T15:23:38.084079+00:00, run_after=2023-04-07T15:23:38.084079+00:00
[2023-04-07T12:23:38.105-0300] {processor.py:175} INFO - Processing /home/rai/.local/lib/python3.10/site-packages/airflow/example_dags/example_skip_dag.py took 0.160 seconds
[2023-04-07T12:24:19.866-0300] {processor.py:153} INFO - Started process (PID=1459) to work on /home/rai/.local/lib/python3.10/site-packages/airflow/example_dags/example_skip_dag.py
[2023-04-07T12:24:19.867-0300] {processor.py:743} INFO - Processing file /home/rai/.local/lib/python3.10/site-packages/airflow/example_dags/example_skip_dag.py for tasks to queue
[2023-04-07T12:24:19.868-0300] {logging_mixin.py:137} INFO - [2023-04-07T12:24:19.868-0300] {dagbag.py:532} INFO - Filling up the DagBag from /home/rai/.local/lib/python3.10/site-packages/airflow/example_dags/example_skip_dag.py
[2023-04-07T12:24:19.878-0300] {processor.py:753} INFO - DAG(s) dict_keys(['example_skip_dag']) retrieved from /home/rai/.local/lib/python3.10/site-packages/airflow/example_dags/example_skip_dag.py
[2023-04-07T12:24:19.894-0300] {logging_mixin.py:137} INFO - [2023-04-07T12:24:19.894-0300] {dag.py:2705} INFO - Sync 1 DAGs
[2023-04-07T12:24:19.915-0300] {logging_mixin.py:137} INFO - [2023-04-07T12:24:19.914-0300] {dag.py:3452} INFO - Setting next_dagrun for example_skip_dag to 2023-04-06T15:24:19.914757+00:00, run_after=2023-04-07T15:24:19.914757+00:00
[2023-04-07T12:24:19.937-0300] {processor.py:175} INFO - Processing /home/rai/.local/lib/python3.10/site-packages/airflow/example_dags/example_skip_dag.py took 0.074 seconds
[2023-04-07T12:25:00.434-0300] {processor.py:153} INFO - Started process (PID=1501) to work on /home/rai/.local/lib/python3.10/site-packages/airflow/example_dags/example_skip_dag.py
[2023-04-07T12:25:00.438-0300] {processor.py:743} INFO - Processing file /home/rai/.local/lib/python3.10/site-packages/airflow/example_dags/example_skip_dag.py for tasks to queue
[2023-04-07T12:25:00.439-0300] {logging_mixin.py:137} INFO - [2023-04-07T12:25:00.439-0300] {dagbag.py:532} INFO - Filling up the DagBag from /home/rai/.local/lib/python3.10/site-packages/airflow/example_dags/example_skip_dag.py
[2023-04-07T12:25:00.450-0300] {processor.py:753} INFO - DAG(s) dict_keys(['example_skip_dag']) retrieved from /home/rai/.local/lib/python3.10/site-packages/airflow/example_dags/example_skip_dag.py
[2023-04-07T12:25:00.467-0300] {logging_mixin.py:137} INFO - [2023-04-07T12:25:00.467-0300] {dag.py:2705} INFO - Sync 1 DAGs
[2023-04-07T12:25:00.484-0300] {logging_mixin.py:137} INFO - [2023-04-07T12:25:00.484-0300] {dag.py:3452} INFO - Setting next_dagrun for example_skip_dag to 2023-04-06T15:25:00.484594+00:00, run_after=2023-04-07T15:25:00.484594+00:00
[2023-04-07T12:25:00.505-0300] {processor.py:175} INFO - Processing /home/rai/.local/lib/python3.10/site-packages/airflow/example_dags/example_skip_dag.py took 0.073 seconds
[2023-04-07T12:25:46.232-0300] {processor.py:153} INFO - Started process (PID=1546) to work on /home/rai/.local/lib/python3.10/site-packages/airflow/example_dags/example_skip_dag.py
[2023-04-07T12:25:46.233-0300] {processor.py:743} INFO - Processing file /home/rai/.local/lib/python3.10/site-packages/airflow/example_dags/example_skip_dag.py for tasks to queue
[2023-04-07T12:25:46.234-0300] {logging_mixin.py:137} INFO - [2023-04-07T12:25:46.234-0300] {dagbag.py:532} INFO - Filling up the DagBag from /home/rai/.local/lib/python3.10/site-packages/airflow/example_dags/example_skip_dag.py
[2023-04-07T12:25:46.247-0300] {processor.py:753} INFO - DAG(s) dict_keys(['example_skip_dag']) retrieved from /home/rai/.local/lib/python3.10/site-packages/airflow/example_dags/example_skip_dag.py
[2023-04-07T12:25:46.264-0300] {logging_mixin.py:137} INFO - [2023-04-07T12:25:46.263-0300] {dag.py:2705} INFO - Sync 1 DAGs
[2023-04-07T12:25:46.281-0300] {logging_mixin.py:137} INFO - [2023-04-07T12:25:46.281-0300] {dag.py:3452} INFO - Setting next_dagrun for example_skip_dag to 2023-04-06T15:25:46.281200+00:00, run_after=2023-04-07T15:25:46.281200+00:00
[2023-04-07T12:25:46.306-0300] {processor.py:175} INFO - Processing /home/rai/.local/lib/python3.10/site-packages/airflow/example_dags/example_skip_dag.py took 0.077 seconds
[2023-04-07T12:26:34.020-0300] {processor.py:153} INFO - Started process (PID=1594) to work on /home/rai/.local/lib/python3.10/site-packages/airflow/example_dags/example_skip_dag.py
[2023-04-07T12:26:34.022-0300] {processor.py:743} INFO - Processing file /home/rai/.local/lib/python3.10/site-packages/airflow/example_dags/example_skip_dag.py for tasks to queue
[2023-04-07T12:26:34.022-0300] {logging_mixin.py:137} INFO - [2023-04-07T12:26:34.022-0300] {dagbag.py:532} INFO - Filling up the DagBag from /home/rai/.local/lib/python3.10/site-packages/airflow/example_dags/example_skip_dag.py
[2023-04-07T12:26:34.032-0300] {processor.py:753} INFO - DAG(s) dict_keys(['example_skip_dag']) retrieved from /home/rai/.local/lib/python3.10/site-packages/airflow/example_dags/example_skip_dag.py
[2023-04-07T12:26:34.048-0300] {logging_mixin.py:137} INFO - [2023-04-07T12:26:34.048-0300] {dag.py:2705} INFO - Sync 1 DAGs
[2023-04-07T12:26:34.065-0300] {logging_mixin.py:137} INFO - [2023-04-07T12:26:34.065-0300] {dag.py:3452} INFO - Setting next_dagrun for example_skip_dag to 2023-04-06T15:26:34.065094+00:00, run_after=2023-04-07T15:26:34.065094+00:00
[2023-04-07T12:26:34.085-0300] {processor.py:175} INFO - Processing /home/rai/.local/lib/python3.10/site-packages/airflow/example_dags/example_skip_dag.py took 0.067 seconds
[2023-04-07T12:27:14.599-0300] {processor.py:153} INFO - Started process (PID=1636) to work on /home/rai/.local/lib/python3.10/site-packages/airflow/example_dags/example_skip_dag.py
[2023-04-07T12:27:14.603-0300] {processor.py:743} INFO - Processing file /home/rai/.local/lib/python3.10/site-packages/airflow/example_dags/example_skip_dag.py for tasks to queue
[2023-04-07T12:27:14.604-0300] {logging_mixin.py:137} INFO - [2023-04-07T12:27:14.604-0300] {dagbag.py:532} INFO - Filling up the DagBag from /home/rai/.local/lib/python3.10/site-packages/airflow/example_dags/example_skip_dag.py
[2023-04-07T12:27:14.615-0300] {processor.py:753} INFO - DAG(s) dict_keys(['example_skip_dag']) retrieved from /home/rai/.local/lib/python3.10/site-packages/airflow/example_dags/example_skip_dag.py
[2023-04-07T12:27:14.630-0300] {logging_mixin.py:137} INFO - [2023-04-07T12:27:14.630-0300] {dag.py:2705} INFO - Sync 1 DAGs
[2023-04-07T12:27:14.648-0300] {logging_mixin.py:137} INFO - [2023-04-07T12:27:14.647-0300] {dag.py:3452} INFO - Setting next_dagrun for example_skip_dag to 2023-04-06T15:27:14.647579+00:00, run_after=2023-04-07T15:27:14.647579+00:00
[2023-04-07T12:27:14.668-0300] {processor.py:175} INFO - Processing /home/rai/.local/lib/python3.10/site-packages/airflow/example_dags/example_skip_dag.py took 0.071 seconds
[2023-04-07T12:27:56.899-0300] {processor.py:153} INFO - Started process (PID=1681) to work on /home/rai/.local/lib/python3.10/site-packages/airflow/example_dags/example_skip_dag.py
[2023-04-07T12:27:56.901-0300] {processor.py:743} INFO - Processing file /home/rai/.local/lib/python3.10/site-packages/airflow/example_dags/example_skip_dag.py for tasks to queue
[2023-04-07T12:27:56.902-0300] {logging_mixin.py:137} INFO - [2023-04-07T12:27:56.902-0300] {dagbag.py:532} INFO - Filling up the DagBag from /home/rai/.local/lib/python3.10/site-packages/airflow/example_dags/example_skip_dag.py
[2023-04-07T12:27:56.911-0300] {processor.py:753} INFO - DAG(s) dict_keys(['example_skip_dag']) retrieved from /home/rai/.local/lib/python3.10/site-packages/airflow/example_dags/example_skip_dag.py
[2023-04-07T12:27:56.927-0300] {logging_mixin.py:137} INFO - [2023-04-07T12:27:56.927-0300] {dag.py:2705} INFO - Sync 1 DAGs
[2023-04-07T12:27:56.945-0300] {logging_mixin.py:137} INFO - [2023-04-07T12:27:56.945-0300] {dag.py:3452} INFO - Setting next_dagrun for example_skip_dag to 2023-04-06T15:27:56.945427+00:00, run_after=2023-04-07T15:27:56.945427+00:00
[2023-04-07T12:27:56.965-0300] {processor.py:175} INFO - Processing /home/rai/.local/lib/python3.10/site-packages/airflow/example_dags/example_skip_dag.py took 0.068 seconds
[2023-04-07T12:28:42.295-0300] {processor.py:153} INFO - Started process (PID=1728) to work on /home/rai/.local/lib/python3.10/site-packages/airflow/example_dags/example_skip_dag.py
[2023-04-07T12:28:42.297-0300] {processor.py:743} INFO - Processing file /home/rai/.local/lib/python3.10/site-packages/airflow/example_dags/example_skip_dag.py for tasks to queue
[2023-04-07T12:28:42.298-0300] {logging_mixin.py:137} INFO - [2023-04-07T12:28:42.298-0300] {dagbag.py:532} INFO - Filling up the DagBag from /home/rai/.local/lib/python3.10/site-packages/airflow/example_dags/example_skip_dag.py
[2023-04-07T12:28:42.320-0300] {processor.py:753} INFO - DAG(s) dict_keys(['example_skip_dag']) retrieved from /home/rai/.local/lib/python3.10/site-packages/airflow/example_dags/example_skip_dag.py
[2023-04-07T12:28:42.372-0300] {logging_mixin.py:137} INFO - [2023-04-07T12:28:42.372-0300] {dag.py:2705} INFO - Sync 1 DAGs
[2023-04-07T12:28:42.402-0300] {logging_mixin.py:137} INFO - [2023-04-07T12:28:42.402-0300] {dag.py:3452} INFO - Setting next_dagrun for example_skip_dag to 2023-04-06T15:28:42.402406+00:00, run_after=2023-04-07T15:28:42.402406+00:00
[2023-04-07T12:28:42.428-0300] {processor.py:175} INFO - Processing /home/rai/.local/lib/python3.10/site-packages/airflow/example_dags/example_skip_dag.py took 0.138 seconds
[2023-04-07T12:29:24.604-0300] {processor.py:153} INFO - Started process (PID=1768) to work on /home/rai/.local/lib/python3.10/site-packages/airflow/example_dags/example_skip_dag.py
[2023-04-07T12:29:24.612-0300] {processor.py:743} INFO - Processing file /home/rai/.local/lib/python3.10/site-packages/airflow/example_dags/example_skip_dag.py for tasks to queue
[2023-04-07T12:29:24.616-0300] {logging_mixin.py:137} INFO - [2023-04-07T12:29:24.615-0300] {dagbag.py:532} INFO - Filling up the DagBag from /home/rai/.local/lib/python3.10/site-packages/airflow/example_dags/example_skip_dag.py
[2023-04-07T12:29:24.652-0300] {processor.py:753} INFO - DAG(s) dict_keys(['example_skip_dag']) retrieved from /home/rai/.local/lib/python3.10/site-packages/airflow/example_dags/example_skip_dag.py
[2023-04-07T12:29:24.672-0300] {logging_mixin.py:137} INFO - [2023-04-07T12:29:24.671-0300] {dag.py:2705} INFO - Sync 1 DAGs
[2023-04-07T12:29:24.739-0300] {logging_mixin.py:137} INFO - [2023-04-07T12:29:24.738-0300] {dag.py:3452} INFO - Setting next_dagrun for example_skip_dag to 2023-04-06T15:29:24.738592+00:00, run_after=2023-04-07T15:29:24.738592+00:00
[2023-04-07T12:29:24.777-0300] {processor.py:175} INFO - Processing /home/rai/.local/lib/python3.10/site-packages/airflow/example_dags/example_skip_dag.py took 0.185 seconds
[2023-04-07T12:30:03.631-0300] {processor.py:153} INFO - Started process (PID=1808) to work on /home/rai/.local/lib/python3.10/site-packages/airflow/example_dags/example_skip_dag.py
[2023-04-07T12:30:03.633-0300] {processor.py:743} INFO - Processing file /home/rai/.local/lib/python3.10/site-packages/airflow/example_dags/example_skip_dag.py for tasks to queue
[2023-04-07T12:30:03.634-0300] {logging_mixin.py:137} INFO - [2023-04-07T12:30:03.634-0300] {dagbag.py:532} INFO - Filling up the DagBag from /home/rai/.local/lib/python3.10/site-packages/airflow/example_dags/example_skip_dag.py
[2023-04-07T12:30:03.659-0300] {processor.py:753} INFO - DAG(s) dict_keys(['example_skip_dag']) retrieved from /home/rai/.local/lib/python3.10/site-packages/airflow/example_dags/example_skip_dag.py
[2023-04-07T12:30:03.687-0300] {logging_mixin.py:137} INFO - [2023-04-07T12:30:03.686-0300] {dag.py:2705} INFO - Sync 1 DAGs
[2023-04-07T12:30:03.708-0300] {logging_mixin.py:137} INFO - [2023-04-07T12:30:03.708-0300] {dag.py:3452} INFO - Setting next_dagrun for example_skip_dag to 2023-04-06T15:30:03.708132+00:00, run_after=2023-04-07T15:30:03.708132+00:00
[2023-04-07T12:30:03.731-0300] {processor.py:175} INFO - Processing /home/rai/.local/lib/python3.10/site-packages/airflow/example_dags/example_skip_dag.py took 0.103 seconds
[2023-04-07T12:30:55.357-0300] {processor.py:153} INFO - Started process (PID=1857) to work on /home/rai/.local/lib/python3.10/site-packages/airflow/example_dags/example_skip_dag.py
[2023-04-07T12:30:55.359-0300] {processor.py:743} INFO - Processing file /home/rai/.local/lib/python3.10/site-packages/airflow/example_dags/example_skip_dag.py for tasks to queue
[2023-04-07T12:30:55.360-0300] {logging_mixin.py:137} INFO - [2023-04-07T12:30:55.360-0300] {dagbag.py:532} INFO - Filling up the DagBag from /home/rai/.local/lib/python3.10/site-packages/airflow/example_dags/example_skip_dag.py
[2023-04-07T12:30:55.383-0300] {processor.py:753} INFO - DAG(s) dict_keys(['example_skip_dag']) retrieved from /home/rai/.local/lib/python3.10/site-packages/airflow/example_dags/example_skip_dag.py
[2023-04-07T12:30:55.418-0300] {logging_mixin.py:137} INFO - [2023-04-07T12:30:55.418-0300] {dag.py:2705} INFO - Sync 1 DAGs
[2023-04-07T12:30:55.452-0300] {logging_mixin.py:137} INFO - [2023-04-07T12:30:55.452-0300] {dag.py:3452} INFO - Setting next_dagrun for example_skip_dag to 2023-04-06T15:30:55.451861+00:00, run_after=2023-04-07T15:30:55.451861+00:00
[2023-04-07T12:30:55.484-0300] {processor.py:175} INFO - Processing /home/rai/.local/lib/python3.10/site-packages/airflow/example_dags/example_skip_dag.py took 0.132 seconds
[2023-04-07T12:31:40.830-0300] {processor.py:153} INFO - Started process (PID=1900) to work on /home/rai/.local/lib/python3.10/site-packages/airflow/example_dags/example_skip_dag.py
[2023-04-07T12:31:40.832-0300] {processor.py:743} INFO - Processing file /home/rai/.local/lib/python3.10/site-packages/airflow/example_dags/example_skip_dag.py for tasks to queue
[2023-04-07T12:31:40.832-0300] {logging_mixin.py:137} INFO - [2023-04-07T12:31:40.832-0300] {dagbag.py:532} INFO - Filling up the DagBag from /home/rai/.local/lib/python3.10/site-packages/airflow/example_dags/example_skip_dag.py
[2023-04-07T12:31:40.842-0300] {processor.py:753} INFO - DAG(s) dict_keys(['example_skip_dag']) retrieved from /home/rai/.local/lib/python3.10/site-packages/airflow/example_dags/example_skip_dag.py
[2023-04-07T12:31:40.862-0300] {logging_mixin.py:137} INFO - [2023-04-07T12:31:40.862-0300] {dag.py:2705} INFO - Sync 1 DAGs
[2023-04-07T12:31:40.880-0300] {logging_mixin.py:137} INFO - [2023-04-07T12:31:40.880-0300] {dag.py:3452} INFO - Setting next_dagrun for example_skip_dag to 2023-04-06T15:31:40.880463+00:00, run_after=2023-04-07T15:31:40.880463+00:00
[2023-04-07T12:31:40.902-0300] {processor.py:175} INFO - Processing /home/rai/.local/lib/python3.10/site-packages/airflow/example_dags/example_skip_dag.py took 0.074 seconds
[2023-04-07T12:32:22.487-0300] {processor.py:153} INFO - Started process (PID=1942) to work on /home/rai/.local/lib/python3.10/site-packages/airflow/example_dags/example_skip_dag.py
[2023-04-07T12:32:22.489-0300] {processor.py:743} INFO - Processing file /home/rai/.local/lib/python3.10/site-packages/airflow/example_dags/example_skip_dag.py for tasks to queue
[2023-04-07T12:32:22.490-0300] {logging_mixin.py:137} INFO - [2023-04-07T12:32:22.490-0300] {dagbag.py:532} INFO - Filling up the DagBag from /home/rai/.local/lib/python3.10/site-packages/airflow/example_dags/example_skip_dag.py
[2023-04-07T12:32:22.504-0300] {processor.py:753} INFO - DAG(s) dict_keys(['example_skip_dag']) retrieved from /home/rai/.local/lib/python3.10/site-packages/airflow/example_dags/example_skip_dag.py
[2023-04-07T12:32:22.524-0300] {logging_mixin.py:137} INFO - [2023-04-07T12:32:22.524-0300] {dag.py:2705} INFO - Sync 1 DAGs
[2023-04-07T12:32:22.545-0300] {logging_mixin.py:137} INFO - [2023-04-07T12:32:22.545-0300] {dag.py:3452} INFO - Setting next_dagrun for example_skip_dag to 2023-04-06T15:32:22.545030+00:00, run_after=2023-04-07T15:32:22.545030+00:00
[2023-04-07T12:32:22.570-0300] {processor.py:175} INFO - Processing /home/rai/.local/lib/python3.10/site-packages/airflow/example_dags/example_skip_dag.py took 0.086 seconds
[2023-04-07T12:33:09.746-0300] {processor.py:153} INFO - Started process (PID=1989) to work on /home/rai/.local/lib/python3.10/site-packages/airflow/example_dags/example_skip_dag.py
[2023-04-07T12:33:09.749-0300] {processor.py:743} INFO - Processing file /home/rai/.local/lib/python3.10/site-packages/airflow/example_dags/example_skip_dag.py for tasks to queue
[2023-04-07T12:33:09.750-0300] {logging_mixin.py:137} INFO - [2023-04-07T12:33:09.750-0300] {dagbag.py:532} INFO - Filling up the DagBag from /home/rai/.local/lib/python3.10/site-packages/airflow/example_dags/example_skip_dag.py
[2023-04-07T12:33:09.773-0300] {processor.py:753} INFO - DAG(s) dict_keys(['example_skip_dag']) retrieved from /home/rai/.local/lib/python3.10/site-packages/airflow/example_dags/example_skip_dag.py
[2023-04-07T12:33:09.801-0300] {logging_mixin.py:137} INFO - [2023-04-07T12:33:09.800-0300] {dag.py:2705} INFO - Sync 1 DAGs
[2023-04-07T12:33:09.824-0300] {logging_mixin.py:137} INFO - [2023-04-07T12:33:09.824-0300] {dag.py:3452} INFO - Setting next_dagrun for example_skip_dag to 2023-04-06T15:33:09.824382+00:00, run_after=2023-04-07T15:33:09.824382+00:00
[2023-04-07T12:33:09.860-0300] {processor.py:175} INFO - Processing /home/rai/.local/lib/python3.10/site-packages/airflow/example_dags/example_skip_dag.py took 0.118 seconds
[2023-04-07T12:33:54.071-0300] {processor.py:153} INFO - Started process (PID=2030) to work on /home/rai/.local/lib/python3.10/site-packages/airflow/example_dags/example_skip_dag.py
[2023-04-07T12:33:54.073-0300] {processor.py:743} INFO - Processing file /home/rai/.local/lib/python3.10/site-packages/airflow/example_dags/example_skip_dag.py for tasks to queue
[2023-04-07T12:33:54.074-0300] {logging_mixin.py:137} INFO - [2023-04-07T12:33:54.074-0300] {dagbag.py:532} INFO - Filling up the DagBag from /home/rai/.local/lib/python3.10/site-packages/airflow/example_dags/example_skip_dag.py
[2023-04-07T12:33:54.096-0300] {processor.py:753} INFO - DAG(s) dict_keys(['example_skip_dag']) retrieved from /home/rai/.local/lib/python3.10/site-packages/airflow/example_dags/example_skip_dag.py
[2023-04-07T12:33:54.135-0300] {logging_mixin.py:137} INFO - [2023-04-07T12:33:54.134-0300] {dag.py:2705} INFO - Sync 1 DAGs
[2023-04-07T12:33:54.168-0300] {logging_mixin.py:137} INFO - [2023-04-07T12:33:54.168-0300] {dag.py:3452} INFO - Setting next_dagrun for example_skip_dag to 2023-04-06T15:33:54.167650+00:00, run_after=2023-04-07T15:33:54.167650+00:00
[2023-04-07T12:33:54.201-0300] {processor.py:175} INFO - Processing /home/rai/.local/lib/python3.10/site-packages/airflow/example_dags/example_skip_dag.py took 0.137 seconds
[2023-04-07T12:34:36.167-0300] {processor.py:153} INFO - Started process (PID=2072) to work on /home/rai/.local/lib/python3.10/site-packages/airflow/example_dags/example_skip_dag.py
[2023-04-07T12:34:36.169-0300] {processor.py:743} INFO - Processing file /home/rai/.local/lib/python3.10/site-packages/airflow/example_dags/example_skip_dag.py for tasks to queue
[2023-04-07T12:34:36.169-0300] {logging_mixin.py:137} INFO - [2023-04-07T12:34:36.169-0300] {dagbag.py:532} INFO - Filling up the DagBag from /home/rai/.local/lib/python3.10/site-packages/airflow/example_dags/example_skip_dag.py
[2023-04-07T12:34:36.179-0300] {processor.py:753} INFO - DAG(s) dict_keys(['example_skip_dag']) retrieved from /home/rai/.local/lib/python3.10/site-packages/airflow/example_dags/example_skip_dag.py
[2023-04-07T12:34:36.196-0300] {logging_mixin.py:137} INFO - [2023-04-07T12:34:36.196-0300] {dag.py:2705} INFO - Sync 1 DAGs
[2023-04-07T12:34:36.213-0300] {logging_mixin.py:137} INFO - [2023-04-07T12:34:36.213-0300] {dag.py:3452} INFO - Setting next_dagrun for example_skip_dag to 2023-04-06T15:34:36.213113+00:00, run_after=2023-04-07T15:34:36.213113+00:00
[2023-04-07T12:34:36.233-0300] {processor.py:175} INFO - Processing /home/rai/.local/lib/python3.10/site-packages/airflow/example_dags/example_skip_dag.py took 0.068 seconds
[2023-04-07T12:35:23.993-0300] {processor.py:153} INFO - Started process (PID=2121) to work on /home/rai/.local/lib/python3.10/site-packages/airflow/example_dags/example_skip_dag.py
[2023-04-07T12:35:23.994-0300] {processor.py:743} INFO - Processing file /home/rai/.local/lib/python3.10/site-packages/airflow/example_dags/example_skip_dag.py for tasks to queue
[2023-04-07T12:35:23.995-0300] {logging_mixin.py:137} INFO - [2023-04-07T12:35:23.995-0300] {dagbag.py:532} INFO - Filling up the DagBag from /home/rai/.local/lib/python3.10/site-packages/airflow/example_dags/example_skip_dag.py
[2023-04-07T12:35:24.007-0300] {processor.py:753} INFO - DAG(s) dict_keys(['example_skip_dag']) retrieved from /home/rai/.local/lib/python3.10/site-packages/airflow/example_dags/example_skip_dag.py
[2023-04-07T12:35:24.025-0300] {logging_mixin.py:137} INFO - [2023-04-07T12:35:24.025-0300] {dag.py:2705} INFO - Sync 1 DAGs
[2023-04-07T12:35:24.044-0300] {logging_mixin.py:137} INFO - [2023-04-07T12:35:24.044-0300] {dag.py:3452} INFO - Setting next_dagrun for example_skip_dag to 2023-04-06T15:35:24.044268+00:00, run_after=2023-04-07T15:35:24.044268+00:00
[2023-04-07T12:35:24.065-0300] {processor.py:175} INFO - Processing /home/rai/.local/lib/python3.10/site-packages/airflow/example_dags/example_skip_dag.py took 0.075 seconds
[2023-04-07T12:36:13.079-0300] {processor.py:153} INFO - Started process (PID=2170) to work on /home/rai/.local/lib/python3.10/site-packages/airflow/example_dags/example_skip_dag.py
[2023-04-07T12:36:13.083-0300] {processor.py:743} INFO - Processing file /home/rai/.local/lib/python3.10/site-packages/airflow/example_dags/example_skip_dag.py for tasks to queue
[2023-04-07T12:36:13.084-0300] {logging_mixin.py:137} INFO - [2023-04-07T12:36:13.083-0300] {dagbag.py:532} INFO - Filling up the DagBag from /home/rai/.local/lib/python3.10/site-packages/airflow/example_dags/example_skip_dag.py
[2023-04-07T12:36:13.096-0300] {processor.py:753} INFO - DAG(s) dict_keys(['example_skip_dag']) retrieved from /home/rai/.local/lib/python3.10/site-packages/airflow/example_dags/example_skip_dag.py
[2023-04-07T12:36:13.112-0300] {logging_mixin.py:137} INFO - [2023-04-07T12:36:13.112-0300] {dag.py:2705} INFO - Sync 1 DAGs
[2023-04-07T12:36:13.130-0300] {logging_mixin.py:137} INFO - [2023-04-07T12:36:13.129-0300] {dag.py:3452} INFO - Setting next_dagrun for example_skip_dag to 2023-04-06T15:36:13.129781+00:00, run_after=2023-04-07T15:36:13.129781+00:00
[2023-04-07T12:36:13.151-0300] {processor.py:175} INFO - Processing /home/rai/.local/lib/python3.10/site-packages/airflow/example_dags/example_skip_dag.py took 0.074 seconds
[2023-04-07T12:36:59.973-0300] {processor.py:153} INFO - Started process (PID=2218) to work on /home/rai/.local/lib/python3.10/site-packages/airflow/example_dags/example_skip_dag.py
[2023-04-07T12:36:59.977-0300] {processor.py:743} INFO - Processing file /home/rai/.local/lib/python3.10/site-packages/airflow/example_dags/example_skip_dag.py for tasks to queue
[2023-04-07T12:36:59.978-0300] {logging_mixin.py:137} INFO - [2023-04-07T12:36:59.978-0300] {dagbag.py:532} INFO - Filling up the DagBag from /home/rai/.local/lib/python3.10/site-packages/airflow/example_dags/example_skip_dag.py
[2023-04-07T12:36:59.989-0300] {processor.py:753} INFO - DAG(s) dict_keys(['example_skip_dag']) retrieved from /home/rai/.local/lib/python3.10/site-packages/airflow/example_dags/example_skip_dag.py
[2023-04-07T12:37:00.005-0300] {logging_mixin.py:137} INFO - [2023-04-07T12:37:00.004-0300] {dag.py:2705} INFO - Sync 1 DAGs
[2023-04-07T12:37:00.028-0300] {logging_mixin.py:137} INFO - [2023-04-07T12:37:00.028-0300] {dag.py:3452} INFO - Setting next_dagrun for example_skip_dag to 2023-04-06T15:37:00.027822+00:00, run_after=2023-04-07T15:37:00.027822+00:00
[2023-04-07T12:37:00.048-0300] {processor.py:175} INFO - Processing /home/rai/.local/lib/python3.10/site-packages/airflow/example_dags/example_skip_dag.py took 0.078 seconds
[2023-04-07T12:37:40.176-0300] {processor.py:153} INFO - Started process (PID=2261) to work on /home/rai/.local/lib/python3.10/site-packages/airflow/example_dags/example_skip_dag.py
[2023-04-07T12:37:40.177-0300] {processor.py:743} INFO - Processing file /home/rai/.local/lib/python3.10/site-packages/airflow/example_dags/example_skip_dag.py for tasks to queue
[2023-04-07T12:37:40.178-0300] {logging_mixin.py:137} INFO - [2023-04-07T12:37:40.178-0300] {dagbag.py:532} INFO - Filling up the DagBag from /home/rai/.local/lib/python3.10/site-packages/airflow/example_dags/example_skip_dag.py
[2023-04-07T12:37:40.188-0300] {processor.py:753} INFO - DAG(s) dict_keys(['example_skip_dag']) retrieved from /home/rai/.local/lib/python3.10/site-packages/airflow/example_dags/example_skip_dag.py
[2023-04-07T12:37:40.204-0300] {logging_mixin.py:137} INFO - [2023-04-07T12:37:40.204-0300] {dag.py:2705} INFO - Sync 1 DAGs
[2023-04-07T12:37:40.222-0300] {logging_mixin.py:137} INFO - [2023-04-07T12:37:40.222-0300] {dag.py:3452} INFO - Setting next_dagrun for example_skip_dag to 2023-04-06T15:37:40.222259+00:00, run_after=2023-04-07T15:37:40.222259+00:00
[2023-04-07T12:37:40.244-0300] {processor.py:175} INFO - Processing /home/rai/.local/lib/python3.10/site-packages/airflow/example_dags/example_skip_dag.py took 0.070 seconds
[2023-04-07T12:38:25.678-0300] {processor.py:153} INFO - Started process (PID=2308) to work on /home/rai/.local/lib/python3.10/site-packages/airflow/example_dags/example_skip_dag.py
[2023-04-07T12:38:25.682-0300] {processor.py:743} INFO - Processing file /home/rai/.local/lib/python3.10/site-packages/airflow/example_dags/example_skip_dag.py for tasks to queue
[2023-04-07T12:38:25.682-0300] {logging_mixin.py:137} INFO - [2023-04-07T12:38:25.682-0300] {dagbag.py:532} INFO - Filling up the DagBag from /home/rai/.local/lib/python3.10/site-packages/airflow/example_dags/example_skip_dag.py
[2023-04-07T12:38:25.693-0300] {processor.py:753} INFO - DAG(s) dict_keys(['example_skip_dag']) retrieved from /home/rai/.local/lib/python3.10/site-packages/airflow/example_dags/example_skip_dag.py
[2023-04-07T12:38:25.710-0300] {logging_mixin.py:137} INFO - [2023-04-07T12:38:25.709-0300] {dag.py:2705} INFO - Sync 1 DAGs
[2023-04-07T12:38:25.727-0300] {logging_mixin.py:137} INFO - [2023-04-07T12:38:25.727-0300] {dag.py:3452} INFO - Setting next_dagrun for example_skip_dag to 2023-04-06T15:38:25.727377+00:00, run_after=2023-04-07T15:38:25.727377+00:00
[2023-04-07T12:38:25.748-0300] {processor.py:175} INFO - Processing /home/rai/.local/lib/python3.10/site-packages/airflow/example_dags/example_skip_dag.py took 0.073 seconds
[2023-04-07T12:39:10.747-0300] {processor.py:153} INFO - Started process (PID=2354) to work on /home/rai/.local/lib/python3.10/site-packages/airflow/example_dags/example_skip_dag.py
[2023-04-07T12:39:10.748-0300] {processor.py:743} INFO - Processing file /home/rai/.local/lib/python3.10/site-packages/airflow/example_dags/example_skip_dag.py for tasks to queue
[2023-04-07T12:39:10.749-0300] {logging_mixin.py:137} INFO - [2023-04-07T12:39:10.748-0300] {dagbag.py:532} INFO - Filling up the DagBag from /home/rai/.local/lib/python3.10/site-packages/airflow/example_dags/example_skip_dag.py
[2023-04-07T12:39:10.759-0300] {processor.py:753} INFO - DAG(s) dict_keys(['example_skip_dag']) retrieved from /home/rai/.local/lib/python3.10/site-packages/airflow/example_dags/example_skip_dag.py
[2023-04-07T12:39:10.775-0300] {logging_mixin.py:137} INFO - [2023-04-07T12:39:10.774-0300] {dag.py:2705} INFO - Sync 1 DAGs
[2023-04-07T12:39:10.792-0300] {logging_mixin.py:137} INFO - [2023-04-07T12:39:10.791-0300] {dag.py:3452} INFO - Setting next_dagrun for example_skip_dag to 2023-04-06T15:39:10.791687+00:00, run_after=2023-04-07T15:39:10.791687+00:00
[2023-04-07T12:39:10.811-0300] {processor.py:175} INFO - Processing /home/rai/.local/lib/python3.10/site-packages/airflow/example_dags/example_skip_dag.py took 0.066 seconds
[2023-04-07T12:40:00.482-0300] {processor.py:153} INFO - Started process (PID=2403) to work on /home/rai/.local/lib/python3.10/site-packages/airflow/example_dags/example_skip_dag.py
[2023-04-07T12:40:00.487-0300] {processor.py:743} INFO - Processing file /home/rai/.local/lib/python3.10/site-packages/airflow/example_dags/example_skip_dag.py for tasks to queue
[2023-04-07T12:40:00.488-0300] {logging_mixin.py:137} INFO - [2023-04-07T12:40:00.487-0300] {dagbag.py:532} INFO - Filling up the DagBag from /home/rai/.local/lib/python3.10/site-packages/airflow/example_dags/example_skip_dag.py
[2023-04-07T12:40:00.500-0300] {processor.py:753} INFO - DAG(s) dict_keys(['example_skip_dag']) retrieved from /home/rai/.local/lib/python3.10/site-packages/airflow/example_dags/example_skip_dag.py
[2023-04-07T12:40:00.516-0300] {logging_mixin.py:137} INFO - [2023-04-07T12:40:00.515-0300] {dag.py:2705} INFO - Sync 1 DAGs
[2023-04-07T12:40:00.533-0300] {logging_mixin.py:137} INFO - [2023-04-07T12:40:00.533-0300] {dag.py:3452} INFO - Setting next_dagrun for example_skip_dag to 2023-04-06T15:40:00.533059+00:00, run_after=2023-04-07T15:40:00.533059+00:00
[2023-04-07T12:40:00.556-0300] {processor.py:175} INFO - Processing /home/rai/.local/lib/python3.10/site-packages/airflow/example_dags/example_skip_dag.py took 0.076 seconds
[2023-04-07T12:40:40.999-0300] {processor.py:153} INFO - Started process (PID=2442) to work on /home/rai/.local/lib/python3.10/site-packages/airflow/example_dags/example_skip_dag.py
[2023-04-07T12:40:41.004-0300] {processor.py:743} INFO - Processing file /home/rai/.local/lib/python3.10/site-packages/airflow/example_dags/example_skip_dag.py for tasks to queue
[2023-04-07T12:40:41.005-0300] {logging_mixin.py:137} INFO - [2023-04-07T12:40:41.005-0300] {dagbag.py:532} INFO - Filling up the DagBag from /home/rai/.local/lib/python3.10/site-packages/airflow/example_dags/example_skip_dag.py
[2023-04-07T12:40:41.015-0300] {processor.py:753} INFO - DAG(s) dict_keys(['example_skip_dag']) retrieved from /home/rai/.local/lib/python3.10/site-packages/airflow/example_dags/example_skip_dag.py
[2023-04-07T12:40:41.033-0300] {logging_mixin.py:137} INFO - [2023-04-07T12:40:41.033-0300] {dag.py:2705} INFO - Sync 1 DAGs
[2023-04-07T12:40:41.051-0300] {logging_mixin.py:137} INFO - [2023-04-07T12:40:41.050-0300] {dag.py:3452} INFO - Setting next_dagrun for example_skip_dag to 2023-04-06T15:40:41.050663+00:00, run_after=2023-04-07T15:40:41.050663+00:00
[2023-04-07T12:40:41.151-0300] {processor.py:175} INFO - Processing /home/rai/.local/lib/python3.10/site-packages/airflow/example_dags/example_skip_dag.py took 0.155 seconds
[2023-04-07T12:41:22.699-0300] {processor.py:153} INFO - Started process (PID=2483) to work on /home/rai/.local/lib/python3.10/site-packages/airflow/example_dags/example_skip_dag.py
[2023-04-07T12:41:22.705-0300] {processor.py:743} INFO - Processing file /home/rai/.local/lib/python3.10/site-packages/airflow/example_dags/example_skip_dag.py for tasks to queue
[2023-04-07T12:41:22.706-0300] {logging_mixin.py:137} INFO - [2023-04-07T12:41:22.705-0300] {dagbag.py:532} INFO - Filling up the DagBag from /home/rai/.local/lib/python3.10/site-packages/airflow/example_dags/example_skip_dag.py
[2023-04-07T12:41:22.716-0300] {processor.py:753} INFO - DAG(s) dict_keys(['example_skip_dag']) retrieved from /home/rai/.local/lib/python3.10/site-packages/airflow/example_dags/example_skip_dag.py
[2023-04-07T12:41:22.731-0300] {logging_mixin.py:137} INFO - [2023-04-07T12:41:22.731-0300] {dag.py:2705} INFO - Sync 1 DAGs
[2023-04-07T12:41:22.827-0300] {logging_mixin.py:137} INFO - [2023-04-07T12:41:22.827-0300] {dag.py:3452} INFO - Setting next_dagrun for example_skip_dag to 2023-04-06T15:41:22.827224+00:00, run_after=2023-04-07T15:41:22.827224+00:00
[2023-04-07T12:41:22.847-0300] {processor.py:175} INFO - Processing /home/rai/.local/lib/python3.10/site-packages/airflow/example_dags/example_skip_dag.py took 0.149 seconds
[2023-04-07T12:42:02.101-0300] {processor.py:153} INFO - Started process (PID=2521) to work on /home/rai/.local/lib/python3.10/site-packages/airflow/example_dags/example_skip_dag.py
[2023-04-07T12:42:02.103-0300] {processor.py:743} INFO - Processing file /home/rai/.local/lib/python3.10/site-packages/airflow/example_dags/example_skip_dag.py for tasks to queue
[2023-04-07T12:42:02.103-0300] {logging_mixin.py:137} INFO - [2023-04-07T12:42:02.103-0300] {dagbag.py:532} INFO - Filling up the DagBag from /home/rai/.local/lib/python3.10/site-packages/airflow/example_dags/example_skip_dag.py
[2023-04-07T12:42:02.115-0300] {processor.py:753} INFO - DAG(s) dict_keys(['example_skip_dag']) retrieved from /home/rai/.local/lib/python3.10/site-packages/airflow/example_dags/example_skip_dag.py
[2023-04-07T12:42:02.131-0300] {logging_mixin.py:137} INFO - [2023-04-07T12:42:02.130-0300] {dag.py:2705} INFO - Sync 1 DAGs
[2023-04-07T12:42:02.227-0300] {logging_mixin.py:137} INFO - [2023-04-07T12:42:02.227-0300] {dag.py:3452} INFO - Setting next_dagrun for example_skip_dag to 2023-04-06T15:42:02.227364+00:00, run_after=2023-04-07T15:42:02.227364+00:00
[2023-04-07T12:42:02.247-0300] {processor.py:175} INFO - Processing /home/rai/.local/lib/python3.10/site-packages/airflow/example_dags/example_skip_dag.py took 0.148 seconds
[2023-04-07T12:42:46.039-0300] {processor.py:153} INFO - Started process (PID=2563) to work on /home/rai/.local/lib/python3.10/site-packages/airflow/example_dags/example_skip_dag.py
[2023-04-07T12:42:46.045-0300] {processor.py:743} INFO - Processing file /home/rai/.local/lib/python3.10/site-packages/airflow/example_dags/example_skip_dag.py for tasks to queue
[2023-04-07T12:42:46.046-0300] {logging_mixin.py:137} INFO - [2023-04-07T12:42:46.045-0300] {dagbag.py:532} INFO - Filling up the DagBag from /home/rai/.local/lib/python3.10/site-packages/airflow/example_dags/example_skip_dag.py
[2023-04-07T12:42:46.056-0300] {processor.py:753} INFO - DAG(s) dict_keys(['example_skip_dag']) retrieved from /home/rai/.local/lib/python3.10/site-packages/airflow/example_dags/example_skip_dag.py
[2023-04-07T12:42:46.072-0300] {logging_mixin.py:137} INFO - [2023-04-07T12:42:46.072-0300] {dag.py:2705} INFO - Sync 1 DAGs
[2023-04-07T12:42:46.089-0300] {logging_mixin.py:137} INFO - [2023-04-07T12:42:46.089-0300] {dag.py:3452} INFO - Setting next_dagrun for example_skip_dag to 2023-04-06T15:42:46.089319+00:00, run_after=2023-04-07T15:42:46.089319+00:00
[2023-04-07T12:42:46.109-0300] {processor.py:175} INFO - Processing /home/rai/.local/lib/python3.10/site-packages/airflow/example_dags/example_skip_dag.py took 0.072 seconds
[2023-04-07T12:43:29.317-0300] {processor.py:153} INFO - Started process (PID=2608) to work on /home/rai/.local/lib/python3.10/site-packages/airflow/example_dags/example_skip_dag.py
[2023-04-07T12:43:29.322-0300] {processor.py:743} INFO - Processing file /home/rai/.local/lib/python3.10/site-packages/airflow/example_dags/example_skip_dag.py for tasks to queue
[2023-04-07T12:43:29.322-0300] {logging_mixin.py:137} INFO - [2023-04-07T12:43:29.322-0300] {dagbag.py:532} INFO - Filling up the DagBag from /home/rai/.local/lib/python3.10/site-packages/airflow/example_dags/example_skip_dag.py
[2023-04-07T12:43:29.333-0300] {processor.py:753} INFO - DAG(s) dict_keys(['example_skip_dag']) retrieved from /home/rai/.local/lib/python3.10/site-packages/airflow/example_dags/example_skip_dag.py
[2023-04-07T12:43:29.348-0300] {logging_mixin.py:137} INFO - [2023-04-07T12:43:29.348-0300] {dag.py:2705} INFO - Sync 1 DAGs
[2023-04-07T12:43:29.365-0300] {logging_mixin.py:137} INFO - [2023-04-07T12:43:29.365-0300] {dag.py:3452} INFO - Setting next_dagrun for example_skip_dag to 2023-04-06T15:43:29.365152+00:00, run_after=2023-04-07T15:43:29.365152+00:00
[2023-04-07T12:43:29.387-0300] {processor.py:175} INFO - Processing /home/rai/.local/lib/python3.10/site-packages/airflow/example_dags/example_skip_dag.py took 0.073 seconds
[2023-04-07T12:44:19.058-0300] {processor.py:153} INFO - Started process (PID=2658) to work on /home/rai/.local/lib/python3.10/site-packages/airflow/example_dags/example_skip_dag.py
[2023-04-07T12:44:19.059-0300] {processor.py:743} INFO - Processing file /home/rai/.local/lib/python3.10/site-packages/airflow/example_dags/example_skip_dag.py for tasks to queue
[2023-04-07T12:44:19.060-0300] {logging_mixin.py:137} INFO - [2023-04-07T12:44:19.060-0300] {dagbag.py:532} INFO - Filling up the DagBag from /home/rai/.local/lib/python3.10/site-packages/airflow/example_dags/example_skip_dag.py
[2023-04-07T12:44:19.070-0300] {processor.py:753} INFO - DAG(s) dict_keys(['example_skip_dag']) retrieved from /home/rai/.local/lib/python3.10/site-packages/airflow/example_dags/example_skip_dag.py
[2023-04-07T12:44:19.085-0300] {logging_mixin.py:137} INFO - [2023-04-07T12:44:19.085-0300] {dag.py:2705} INFO - Sync 1 DAGs
[2023-04-07T12:44:19.102-0300] {logging_mixin.py:137} INFO - [2023-04-07T12:44:19.102-0300] {dag.py:3452} INFO - Setting next_dagrun for example_skip_dag to 2023-04-06T15:44:19.102087+00:00, run_after=2023-04-07T15:44:19.102087+00:00
[2023-04-07T12:44:19.124-0300] {processor.py:175} INFO - Processing /home/rai/.local/lib/python3.10/site-packages/airflow/example_dags/example_skip_dag.py took 0.069 seconds
[2023-04-07T12:44:59.742-0300] {processor.py:153} INFO - Started process (PID=2697) to work on /home/rai/.local/lib/python3.10/site-packages/airflow/example_dags/example_skip_dag.py
[2023-04-07T12:44:59.749-0300] {processor.py:743} INFO - Processing file /home/rai/.local/lib/python3.10/site-packages/airflow/example_dags/example_skip_dag.py for tasks to queue
[2023-04-07T12:44:59.750-0300] {logging_mixin.py:137} INFO - [2023-04-07T12:44:59.749-0300] {dagbag.py:532} INFO - Filling up the DagBag from /home/rai/.local/lib/python3.10/site-packages/airflow/example_dags/example_skip_dag.py
[2023-04-07T12:44:59.760-0300] {processor.py:753} INFO - DAG(s) dict_keys(['example_skip_dag']) retrieved from /home/rai/.local/lib/python3.10/site-packages/airflow/example_dags/example_skip_dag.py
[2023-04-07T12:44:59.776-0300] {logging_mixin.py:137} INFO - [2023-04-07T12:44:59.775-0300] {dag.py:2705} INFO - Sync 1 DAGs
[2023-04-07T12:44:59.804-0300] {logging_mixin.py:137} INFO - [2023-04-07T12:44:59.804-0300] {dag.py:3452} INFO - Setting next_dagrun for example_skip_dag to 2023-04-06T15:44:59.804353+00:00, run_after=2023-04-07T15:44:59.804353+00:00
[2023-04-07T12:44:59.906-0300] {processor.py:175} INFO - Processing /home/rai/.local/lib/python3.10/site-packages/airflow/example_dags/example_skip_dag.py took 0.166 seconds
[2023-04-07T12:45:43.266-0300] {processor.py:153} INFO - Started process (PID=2739) to work on /home/rai/.local/lib/python3.10/site-packages/airflow/example_dags/example_skip_dag.py
[2023-04-07T12:45:43.271-0300] {processor.py:743} INFO - Processing file /home/rai/.local/lib/python3.10/site-packages/airflow/example_dags/example_skip_dag.py for tasks to queue
[2023-04-07T12:45:43.271-0300] {logging_mixin.py:137} INFO - [2023-04-07T12:45:43.271-0300] {dagbag.py:532} INFO - Filling up the DagBag from /home/rai/.local/lib/python3.10/site-packages/airflow/example_dags/example_skip_dag.py
[2023-04-07T12:45:43.281-0300] {processor.py:753} INFO - DAG(s) dict_keys(['example_skip_dag']) retrieved from /home/rai/.local/lib/python3.10/site-packages/airflow/example_dags/example_skip_dag.py
[2023-04-07T12:45:43.296-0300] {logging_mixin.py:137} INFO - [2023-04-07T12:45:43.296-0300] {dag.py:2705} INFO - Sync 1 DAGs
[2023-04-07T12:45:43.404-0300] {logging_mixin.py:137} INFO - [2023-04-07T12:45:43.403-0300] {dag.py:3452} INFO - Setting next_dagrun for example_skip_dag to 2023-04-06T15:45:43.403717+00:00, run_after=2023-04-07T15:45:43.403717+00:00
[2023-04-07T12:45:43.428-0300] {processor.py:175} INFO - Processing /home/rai/.local/lib/python3.10/site-packages/airflow/example_dags/example_skip_dag.py took 0.165 seconds
[2023-04-07T12:47:40.086-0300] {processor.py:153} INFO - Started process (PID=2783) to work on /home/rai/.local/lib/python3.10/site-packages/airflow/example_dags/example_skip_dag.py
[2023-04-07T12:47:40.087-0300] {processor.py:743} INFO - Processing file /home/rai/.local/lib/python3.10/site-packages/airflow/example_dags/example_skip_dag.py for tasks to queue
[2023-04-07T12:47:40.088-0300] {logging_mixin.py:137} INFO - [2023-04-07T12:47:40.088-0300] {dagbag.py:532} INFO - Filling up the DagBag from /home/rai/.local/lib/python3.10/site-packages/airflow/example_dags/example_skip_dag.py
[2023-04-07T12:47:40.102-0300] {processor.py:753} INFO - DAG(s) dict_keys(['example_skip_dag']) retrieved from /home/rai/.local/lib/python3.10/site-packages/airflow/example_dags/example_skip_dag.py
[2023-04-07T12:47:40.121-0300] {logging_mixin.py:137} INFO - [2023-04-07T12:47:40.120-0300] {dag.py:2705} INFO - Sync 1 DAGs
[2023-04-07T12:47:40.240-0300] {logging_mixin.py:137} INFO - [2023-04-07T12:47:40.239-0300] {dag.py:3452} INFO - Setting next_dagrun for example_skip_dag to 2023-04-06T15:47:40.239692+00:00, run_after=2023-04-07T15:47:40.239692+00:00
[2023-04-07T12:47:40.269-0300] {processor.py:175} INFO - Processing /home/rai/.local/lib/python3.10/site-packages/airflow/example_dags/example_skip_dag.py took 0.186 seconds
[2023-04-07T12:48:30.639-0300] {processor.py:153} INFO - Started process (PID=2830) to work on /home/rai/.local/lib/python3.10/site-packages/airflow/example_dags/example_skip_dag.py
[2023-04-07T12:48:30.648-0300] {processor.py:743} INFO - Processing file /home/rai/.local/lib/python3.10/site-packages/airflow/example_dags/example_skip_dag.py for tasks to queue
[2023-04-07T12:48:30.649-0300] {logging_mixin.py:137} INFO - [2023-04-07T12:48:30.649-0300] {dagbag.py:532} INFO - Filling up the DagBag from /home/rai/.local/lib/python3.10/site-packages/airflow/example_dags/example_skip_dag.py
[2023-04-07T12:48:30.671-0300] {processor.py:753} INFO - DAG(s) dict_keys(['example_skip_dag']) retrieved from /home/rai/.local/lib/python3.10/site-packages/airflow/example_dags/example_skip_dag.py
[2023-04-07T12:48:30.697-0300] {logging_mixin.py:137} INFO - [2023-04-07T12:48:30.697-0300] {dag.py:2705} INFO - Sync 1 DAGs
[2023-04-07T12:48:30.738-0300] {logging_mixin.py:137} INFO - [2023-04-07T12:48:30.738-0300] {dag.py:3452} INFO - Setting next_dagrun for example_skip_dag to 2023-04-06T15:48:30.738151+00:00, run_after=2023-04-07T15:48:30.738151+00:00
[2023-04-07T12:48:30.781-0300] {processor.py:175} INFO - Processing /home/rai/.local/lib/python3.10/site-packages/airflow/example_dags/example_skip_dag.py took 0.147 seconds
[2023-04-07T12:49:15.247-0300] {processor.py:153} INFO - Started process (PID=2870) to work on /home/rai/.local/lib/python3.10/site-packages/airflow/example_dags/example_skip_dag.py
[2023-04-07T12:49:15.253-0300] {processor.py:743} INFO - Processing file /home/rai/.local/lib/python3.10/site-packages/airflow/example_dags/example_skip_dag.py for tasks to queue
[2023-04-07T12:49:15.254-0300] {logging_mixin.py:137} INFO - [2023-04-07T12:49:15.254-0300] {dagbag.py:532} INFO - Filling up the DagBag from /home/rai/.local/lib/python3.10/site-packages/airflow/example_dags/example_skip_dag.py
[2023-04-07T12:49:15.274-0300] {processor.py:753} INFO - DAG(s) dict_keys(['example_skip_dag']) retrieved from /home/rai/.local/lib/python3.10/site-packages/airflow/example_dags/example_skip_dag.py
[2023-04-07T12:49:15.299-0300] {logging_mixin.py:137} INFO - [2023-04-07T12:49:15.299-0300] {dag.py:2705} INFO - Sync 1 DAGs
[2023-04-07T12:49:15.320-0300] {logging_mixin.py:137} INFO - [2023-04-07T12:49:15.320-0300] {dag.py:3452} INFO - Setting next_dagrun for example_skip_dag to 2023-04-06T15:49:15.320166+00:00, run_after=2023-04-07T15:49:15.320166+00:00
[2023-04-07T12:49:15.346-0300] {processor.py:175} INFO - Processing /home/rai/.local/lib/python3.10/site-packages/airflow/example_dags/example_skip_dag.py took 0.103 seconds
[2023-04-07T12:50:08.255-0300] {processor.py:153} INFO - Started process (PID=2917) to work on /home/rai/.local/lib/python3.10/site-packages/airflow/example_dags/example_skip_dag.py
[2023-04-07T12:50:08.257-0300] {processor.py:743} INFO - Processing file /home/rai/.local/lib/python3.10/site-packages/airflow/example_dags/example_skip_dag.py for tasks to queue
[2023-04-07T12:50:08.259-0300] {logging_mixin.py:137} INFO - [2023-04-07T12:50:08.258-0300] {dagbag.py:532} INFO - Filling up the DagBag from /home/rai/.local/lib/python3.10/site-packages/airflow/example_dags/example_skip_dag.py
[2023-04-07T12:50:08.282-0300] {processor.py:753} INFO - DAG(s) dict_keys(['example_skip_dag']) retrieved from /home/rai/.local/lib/python3.10/site-packages/airflow/example_dags/example_skip_dag.py
[2023-04-07T12:50:08.308-0300] {logging_mixin.py:137} INFO - [2023-04-07T12:50:08.308-0300] {dag.py:2705} INFO - Sync 1 DAGs
[2023-04-07T12:50:08.332-0300] {logging_mixin.py:137} INFO - [2023-04-07T12:50:08.332-0300] {dag.py:3452} INFO - Setting next_dagrun for example_skip_dag to 2023-04-06T15:50:08.332060+00:00, run_after=2023-04-07T15:50:08.332060+00:00
[2023-04-07T12:50:08.355-0300] {processor.py:175} INFO - Processing /home/rai/.local/lib/python3.10/site-packages/airflow/example_dags/example_skip_dag.py took 0.105 seconds
[2023-04-07T12:51:08.648-0300] {processor.py:153} INFO - Started process (PID=2968) to work on /home/rai/.local/lib/python3.10/site-packages/airflow/example_dags/example_skip_dag.py
[2023-04-07T12:51:08.653-0300] {processor.py:743} INFO - Processing file /home/rai/.local/lib/python3.10/site-packages/airflow/example_dags/example_skip_dag.py for tasks to queue
[2023-04-07T12:51:08.654-0300] {logging_mixin.py:137} INFO - [2023-04-07T12:51:08.654-0300] {dagbag.py:532} INFO - Filling up the DagBag from /home/rai/.local/lib/python3.10/site-packages/airflow/example_dags/example_skip_dag.py
[2023-04-07T12:51:08.677-0300] {processor.py:753} INFO - DAG(s) dict_keys(['example_skip_dag']) retrieved from /home/rai/.local/lib/python3.10/site-packages/airflow/example_dags/example_skip_dag.py
[2023-04-07T12:51:08.710-0300] {logging_mixin.py:137} INFO - [2023-04-07T12:51:08.710-0300] {dag.py:2705} INFO - Sync 1 DAGs
[2023-04-07T12:51:08.749-0300] {logging_mixin.py:137} INFO - [2023-04-07T12:51:08.749-0300] {dag.py:3452} INFO - Setting next_dagrun for example_skip_dag to 2023-04-06T15:51:08.748874+00:00, run_after=2023-04-07T15:51:08.748874+00:00
[2023-04-07T12:51:08.880-0300] {processor.py:175} INFO - Processing /home/rai/.local/lib/python3.10/site-packages/airflow/example_dags/example_skip_dag.py took 0.239 seconds
[2023-04-07T12:52:08.168-0300] {processor.py:153} INFO - Started process (PID=3018) to work on /home/rai/.local/lib/python3.10/site-packages/airflow/example_dags/example_skip_dag.py
[2023-04-07T12:52:08.173-0300] {processor.py:743} INFO - Processing file /home/rai/.local/lib/python3.10/site-packages/airflow/example_dags/example_skip_dag.py for tasks to queue
[2023-04-07T12:52:08.174-0300] {logging_mixin.py:137} INFO - [2023-04-07T12:52:08.174-0300] {dagbag.py:532} INFO - Filling up the DagBag from /home/rai/.local/lib/python3.10/site-packages/airflow/example_dags/example_skip_dag.py
[2023-04-07T12:52:08.195-0300] {processor.py:753} INFO - DAG(s) dict_keys(['example_skip_dag']) retrieved from /home/rai/.local/lib/python3.10/site-packages/airflow/example_dags/example_skip_dag.py
[2023-04-07T12:52:08.224-0300] {logging_mixin.py:137} INFO - [2023-04-07T12:52:08.224-0300] {dag.py:2705} INFO - Sync 1 DAGs
[2023-04-07T12:52:08.353-0300] {logging_mixin.py:137} INFO - [2023-04-07T12:52:08.353-0300] {dag.py:3452} INFO - Setting next_dagrun for example_skip_dag to 2023-04-06T15:52:08.353594+00:00, run_after=2023-04-07T15:52:08.353594+00:00
[2023-04-07T12:52:08.385-0300] {processor.py:175} INFO - Processing /home/rai/.local/lib/python3.10/site-packages/airflow/example_dags/example_skip_dag.py took 0.221 seconds
[2023-04-07T12:53:05.731-0300] {processor.py:153} INFO - Started process (PID=3069) to work on /home/rai/.local/lib/python3.10/site-packages/airflow/example_dags/example_skip_dag.py
[2023-04-07T12:53:05.733-0300] {processor.py:743} INFO - Processing file /home/rai/.local/lib/python3.10/site-packages/airflow/example_dags/example_skip_dag.py for tasks to queue
[2023-04-07T12:53:05.734-0300] {logging_mixin.py:137} INFO - [2023-04-07T12:53:05.734-0300] {dagbag.py:532} INFO - Filling up the DagBag from /home/rai/.local/lib/python3.10/site-packages/airflow/example_dags/example_skip_dag.py
[2023-04-07T12:53:05.759-0300] {processor.py:753} INFO - DAG(s) dict_keys(['example_skip_dag']) retrieved from /home/rai/.local/lib/python3.10/site-packages/airflow/example_dags/example_skip_dag.py
[2023-04-07T12:53:05.897-0300] {logging_mixin.py:137} INFO - [2023-04-07T12:53:05.897-0300] {dag.py:2705} INFO - Sync 1 DAGs
[2023-04-07T12:53:05.917-0300] {logging_mixin.py:137} INFO - [2023-04-07T12:53:05.917-0300] {dag.py:3452} INFO - Setting next_dagrun for example_skip_dag to 2023-04-06T15:53:05.917056+00:00, run_after=2023-04-07T15:53:05.917056+00:00
[2023-04-07T12:53:05.940-0300] {processor.py:175} INFO - Processing /home/rai/.local/lib/python3.10/site-packages/airflow/example_dags/example_skip_dag.py took 0.213 seconds
[2023-04-07T12:53:56.185-0300] {processor.py:153} INFO - Started process (PID=3115) to work on /home/rai/.local/lib/python3.10/site-packages/airflow/example_dags/example_skip_dag.py
[2023-04-07T12:53:56.188-0300] {processor.py:743} INFO - Processing file /home/rai/.local/lib/python3.10/site-packages/airflow/example_dags/example_skip_dag.py for tasks to queue
[2023-04-07T12:53:56.189-0300] {logging_mixin.py:137} INFO - [2023-04-07T12:53:56.188-0300] {dagbag.py:532} INFO - Filling up the DagBag from /home/rai/.local/lib/python3.10/site-packages/airflow/example_dags/example_skip_dag.py
[2023-04-07T12:53:56.210-0300] {processor.py:753} INFO - DAG(s) dict_keys(['example_skip_dag']) retrieved from /home/rai/.local/lib/python3.10/site-packages/airflow/example_dags/example_skip_dag.py
[2023-04-07T12:53:56.235-0300] {logging_mixin.py:137} INFO - [2023-04-07T12:53:56.235-0300] {dag.py:2705} INFO - Sync 1 DAGs
[2023-04-07T12:53:56.258-0300] {logging_mixin.py:137} INFO - [2023-04-07T12:53:56.258-0300] {dag.py:3452} INFO - Setting next_dagrun for example_skip_dag to 2023-04-06T15:53:56.258318+00:00, run_after=2023-04-07T15:53:56.258318+00:00
[2023-04-07T12:53:56.289-0300] {processor.py:175} INFO - Processing /home/rai/.local/lib/python3.10/site-packages/airflow/example_dags/example_skip_dag.py took 0.108 seconds
[2023-04-07T12:54:45.217-0300] {processor.py:153} INFO - Started process (PID=3164) to work on /home/rai/.local/lib/python3.10/site-packages/airflow/example_dags/example_skip_dag.py
[2023-04-07T12:54:45.219-0300] {processor.py:743} INFO - Processing file /home/rai/.local/lib/python3.10/site-packages/airflow/example_dags/example_skip_dag.py for tasks to queue
[2023-04-07T12:54:45.219-0300] {logging_mixin.py:137} INFO - [2023-04-07T12:54:45.219-0300] {dagbag.py:532} INFO - Filling up the DagBag from /home/rai/.local/lib/python3.10/site-packages/airflow/example_dags/example_skip_dag.py
[2023-04-07T12:54:45.231-0300] {processor.py:753} INFO - DAG(s) dict_keys(['example_skip_dag']) retrieved from /home/rai/.local/lib/python3.10/site-packages/airflow/example_dags/example_skip_dag.py
[2023-04-07T12:54:45.249-0300] {logging_mixin.py:137} INFO - [2023-04-07T12:54:45.248-0300] {dag.py:2705} INFO - Sync 1 DAGs
[2023-04-07T12:54:45.270-0300] {logging_mixin.py:137} INFO - [2023-04-07T12:54:45.270-0300] {dag.py:3452} INFO - Setting next_dagrun for example_skip_dag to 2023-04-06T15:54:45.269847+00:00, run_after=2023-04-07T15:54:45.269847+00:00
[2023-04-07T12:54:45.296-0300] {processor.py:175} INFO - Processing /home/rai/.local/lib/python3.10/site-packages/airflow/example_dags/example_skip_dag.py took 0.081 seconds
[2023-04-07T12:55:28.552-0300] {processor.py:153} INFO - Started process (PID=3206) to work on /home/rai/.local/lib/python3.10/site-packages/airflow/example_dags/example_skip_dag.py
[2023-04-07T12:55:28.554-0300] {processor.py:743} INFO - Processing file /home/rai/.local/lib/python3.10/site-packages/airflow/example_dags/example_skip_dag.py for tasks to queue
[2023-04-07T12:55:28.555-0300] {logging_mixin.py:137} INFO - [2023-04-07T12:55:28.555-0300] {dagbag.py:532} INFO - Filling up the DagBag from /home/rai/.local/lib/python3.10/site-packages/airflow/example_dags/example_skip_dag.py
[2023-04-07T12:55:28.578-0300] {processor.py:753} INFO - DAG(s) dict_keys(['example_skip_dag']) retrieved from /home/rai/.local/lib/python3.10/site-packages/airflow/example_dags/example_skip_dag.py
[2023-04-07T12:55:28.617-0300] {logging_mixin.py:137} INFO - [2023-04-07T12:55:28.617-0300] {dag.py:2705} INFO - Sync 1 DAGs
[2023-04-07T12:55:28.647-0300] {logging_mixin.py:137} INFO - [2023-04-07T12:55:28.647-0300] {dag.py:3452} INFO - Setting next_dagrun for example_skip_dag to 2023-04-06T15:55:28.647050+00:00, run_after=2023-04-07T15:55:28.647050+00:00
[2023-04-07T12:55:28.785-0300] {processor.py:175} INFO - Processing /home/rai/.local/lib/python3.10/site-packages/airflow/example_dags/example_skip_dag.py took 0.237 seconds
[2023-04-07T12:56:28.921-0300] {processor.py:153} INFO - Started process (PID=3259) to work on /home/rai/.local/lib/python3.10/site-packages/airflow/example_dags/example_skip_dag.py
[2023-04-07T12:56:28.923-0300] {processor.py:743} INFO - Processing file /home/rai/.local/lib/python3.10/site-packages/airflow/example_dags/example_skip_dag.py for tasks to queue
[2023-04-07T12:56:28.924-0300] {logging_mixin.py:137} INFO - [2023-04-07T12:56:28.923-0300] {dagbag.py:532} INFO - Filling up the DagBag from /home/rai/.local/lib/python3.10/site-packages/airflow/example_dags/example_skip_dag.py
[2023-04-07T12:56:28.939-0300] {processor.py:753} INFO - DAG(s) dict_keys(['example_skip_dag']) retrieved from /home/rai/.local/lib/python3.10/site-packages/airflow/example_dags/example_skip_dag.py
[2023-04-07T12:56:28.970-0300] {logging_mixin.py:137} INFO - [2023-04-07T12:56:28.970-0300] {dag.py:2705} INFO - Sync 1 DAGs
[2023-04-07T12:56:29.092-0300] {logging_mixin.py:137} INFO - [2023-04-07T12:56:29.091-0300] {dag.py:3452} INFO - Setting next_dagrun for example_skip_dag to 2023-04-06T15:56:29.091654+00:00, run_after=2023-04-07T15:56:29.091654+00:00
[2023-04-07T12:56:29.118-0300] {processor.py:175} INFO - Processing /home/rai/.local/lib/python3.10/site-packages/airflow/example_dags/example_skip_dag.py took 0.200 seconds
[2023-04-07T12:57:23.308-0300] {processor.py:153} INFO - Started process (PID=3312) to work on /home/rai/.local/lib/python3.10/site-packages/airflow/example_dags/example_skip_dag.py
[2023-04-07T12:57:23.309-0300] {processor.py:743} INFO - Processing file /home/rai/.local/lib/python3.10/site-packages/airflow/example_dags/example_skip_dag.py for tasks to queue
[2023-04-07T12:57:23.310-0300] {logging_mixin.py:137} INFO - [2023-04-07T12:57:23.310-0300] {dagbag.py:532} INFO - Filling up the DagBag from /home/rai/.local/lib/python3.10/site-packages/airflow/example_dags/example_skip_dag.py
[2023-04-07T12:57:23.320-0300] {processor.py:753} INFO - DAG(s) dict_keys(['example_skip_dag']) retrieved from /home/rai/.local/lib/python3.10/site-packages/airflow/example_dags/example_skip_dag.py
[2023-04-07T12:57:23.337-0300] {logging_mixin.py:137} INFO - [2023-04-07T12:57:23.337-0300] {dag.py:2705} INFO - Sync 1 DAGs
[2023-04-07T12:57:23.433-0300] {logging_mixin.py:137} INFO - [2023-04-07T12:57:23.432-0300] {dag.py:3452} INFO - Setting next_dagrun for example_skip_dag to 2023-04-06T15:57:23.432692+00:00, run_after=2023-04-07T15:57:23.432692+00:00
[2023-04-07T12:57:23.456-0300] {processor.py:175} INFO - Processing /home/rai/.local/lib/python3.10/site-packages/airflow/example_dags/example_skip_dag.py took 0.150 seconds
[2023-04-07T12:58:08.056-0300] {processor.py:153} INFO - Started process (PID=3356) to work on /home/rai/.local/lib/python3.10/site-packages/airflow/example_dags/example_skip_dag.py
[2023-04-07T12:58:08.061-0300] {processor.py:743} INFO - Processing file /home/rai/.local/lib/python3.10/site-packages/airflow/example_dags/example_skip_dag.py for tasks to queue
[2023-04-07T12:58:08.061-0300] {logging_mixin.py:137} INFO - [2023-04-07T12:58:08.061-0300] {dagbag.py:532} INFO - Filling up the DagBag from /home/rai/.local/lib/python3.10/site-packages/airflow/example_dags/example_skip_dag.py
[2023-04-07T12:58:08.071-0300] {processor.py:753} INFO - DAG(s) dict_keys(['example_skip_dag']) retrieved from /home/rai/.local/lib/python3.10/site-packages/airflow/example_dags/example_skip_dag.py
[2023-04-07T12:58:08.162-0300] {logging_mixin.py:137} INFO - [2023-04-07T12:58:08.161-0300] {dag.py:2705} INFO - Sync 1 DAGs
[2023-04-07T12:58:08.178-0300] {logging_mixin.py:137} INFO - [2023-04-07T12:58:08.177-0300] {dag.py:3452} INFO - Setting next_dagrun for example_skip_dag to 2023-04-06T15:58:08.177655+00:00, run_after=2023-04-07T15:58:08.177655+00:00
[2023-04-07T12:58:08.198-0300] {processor.py:175} INFO - Processing /home/rai/.local/lib/python3.10/site-packages/airflow/example_dags/example_skip_dag.py took 0.144 seconds
[2023-04-07T12:58:49.072-0300] {processor.py:153} INFO - Started process (PID=3397) to work on /home/rai/.local/lib/python3.10/site-packages/airflow/example_dags/example_skip_dag.py
[2023-04-07T12:58:49.076-0300] {processor.py:743} INFO - Processing file /home/rai/.local/lib/python3.10/site-packages/airflow/example_dags/example_skip_dag.py for tasks to queue
[2023-04-07T12:58:49.077-0300] {logging_mixin.py:137} INFO - [2023-04-07T12:58:49.077-0300] {dagbag.py:532} INFO - Filling up the DagBag from /home/rai/.local/lib/python3.10/site-packages/airflow/example_dags/example_skip_dag.py
[2023-04-07T12:58:49.087-0300] {processor.py:753} INFO - DAG(s) dict_keys(['example_skip_dag']) retrieved from /home/rai/.local/lib/python3.10/site-packages/airflow/example_dags/example_skip_dag.py
[2023-04-07T12:58:49.103-0300] {logging_mixin.py:137} INFO - [2023-04-07T12:58:49.102-0300] {dag.py:2705} INFO - Sync 1 DAGs
[2023-04-07T12:58:49.120-0300] {logging_mixin.py:137} INFO - [2023-04-07T12:58:49.120-0300] {dag.py:3452} INFO - Setting next_dagrun for example_skip_dag to 2023-04-06T15:58:49.120173+00:00, run_after=2023-04-07T15:58:49.120173+00:00
[2023-04-07T12:58:49.141-0300] {processor.py:175} INFO - Processing /home/rai/.local/lib/python3.10/site-packages/airflow/example_dags/example_skip_dag.py took 0.072 seconds
[2023-04-07T12:59:25.917-0300] {processor.py:153} INFO - Started process (PID=3437) to work on /home/rai/.local/lib/python3.10/site-packages/airflow/example_dags/example_skip_dag.py
[2023-04-07T12:59:25.918-0300] {processor.py:743} INFO - Processing file /home/rai/.local/lib/python3.10/site-packages/airflow/example_dags/example_skip_dag.py for tasks to queue
[2023-04-07T12:59:25.919-0300] {logging_mixin.py:137} INFO - [2023-04-07T12:59:25.919-0300] {dagbag.py:532} INFO - Filling up the DagBag from /home/rai/.local/lib/python3.10/site-packages/airflow/example_dags/example_skip_dag.py
[2023-04-07T12:59:25.929-0300] {processor.py:753} INFO - DAG(s) dict_keys(['example_skip_dag']) retrieved from /home/rai/.local/lib/python3.10/site-packages/airflow/example_dags/example_skip_dag.py
[2023-04-07T12:59:25.945-0300] {logging_mixin.py:137} INFO - [2023-04-07T12:59:25.945-0300] {dag.py:2705} INFO - Sync 1 DAGs
[2023-04-07T12:59:25.963-0300] {logging_mixin.py:137} INFO - [2023-04-07T12:59:25.963-0300] {dag.py:3452} INFO - Setting next_dagrun for example_skip_dag to 2023-04-06T15:59:25.962992+00:00, run_after=2023-04-07T15:59:25.962992+00:00
[2023-04-07T12:59:25.984-0300] {processor.py:175} INFO - Processing /home/rai/.local/lib/python3.10/site-packages/airflow/example_dags/example_skip_dag.py took 0.069 seconds
[2023-04-07T13:00:11.621-0300] {processor.py:153} INFO - Started process (PID=3479) to work on /home/rai/.local/lib/python3.10/site-packages/airflow/example_dags/example_skip_dag.py
[2023-04-07T13:00:11.626-0300] {processor.py:743} INFO - Processing file /home/rai/.local/lib/python3.10/site-packages/airflow/example_dags/example_skip_dag.py for tasks to queue
[2023-04-07T13:00:11.627-0300] {logging_mixin.py:137} INFO - [2023-04-07T13:00:11.627-0300] {dagbag.py:532} INFO - Filling up the DagBag from /home/rai/.local/lib/python3.10/site-packages/airflow/example_dags/example_skip_dag.py
[2023-04-07T13:00:11.649-0300] {processor.py:753} INFO - DAG(s) dict_keys(['example_skip_dag']) retrieved from /home/rai/.local/lib/python3.10/site-packages/airflow/example_dags/example_skip_dag.py
[2023-04-07T13:00:11.677-0300] {logging_mixin.py:137} INFO - [2023-04-07T13:00:11.677-0300] {dag.py:2705} INFO - Sync 1 DAGs
[2023-04-07T13:00:11.704-0300] {logging_mixin.py:137} INFO - [2023-04-07T13:00:11.703-0300] {dag.py:3452} INFO - Setting next_dagrun for example_skip_dag to 2023-04-06T16:00:11.703363+00:00, run_after=2023-04-07T16:00:11.703363+00:00
[2023-04-07T13:00:11.823-0300] {processor.py:175} INFO - Processing /home/rai/.local/lib/python3.10/site-packages/airflow/example_dags/example_skip_dag.py took 0.207 seconds
[2023-04-07T13:01:03.846-0300] {processor.py:153} INFO - Started process (PID=3539) to work on /home/rai/.local/lib/python3.10/site-packages/airflow/example_dags/example_skip_dag.py
[2023-04-07T13:01:03.847-0300] {processor.py:743} INFO - Processing file /home/rai/.local/lib/python3.10/site-packages/airflow/example_dags/example_skip_dag.py for tasks to queue
[2023-04-07T13:01:03.848-0300] {logging_mixin.py:137} INFO - [2023-04-07T13:01:03.847-0300] {dagbag.py:532} INFO - Filling up the DagBag from /home/rai/.local/lib/python3.10/site-packages/airflow/example_dags/example_skip_dag.py
[2023-04-07T13:01:03.865-0300] {processor.py:753} INFO - DAG(s) dict_keys(['example_skip_dag']) retrieved from /home/rai/.local/lib/python3.10/site-packages/airflow/example_dags/example_skip_dag.py
[2023-04-07T13:01:03.889-0300] {logging_mixin.py:137} INFO - [2023-04-07T13:01:03.889-0300] {dag.py:2705} INFO - Sync 1 DAGs
[2023-04-07T13:01:04.013-0300] {logging_mixin.py:137} INFO - [2023-04-07T13:01:04.013-0300] {dag.py:3452} INFO - Setting next_dagrun for example_skip_dag to 2023-04-06T16:01:04.012904+00:00, run_after=2023-04-07T16:01:04.012904+00:00
[2023-04-07T13:01:04.038-0300] {processor.py:175} INFO - Processing /home/rai/.local/lib/python3.10/site-packages/airflow/example_dags/example_skip_dag.py took 0.195 seconds
[2023-04-07T13:02:04.512-0300] {processor.py:153} INFO - Started process (PID=3598) to work on /home/rai/.local/lib/python3.10/site-packages/airflow/example_dags/example_skip_dag.py
[2023-04-07T13:02:04.517-0300] {processor.py:743} INFO - Processing file /home/rai/.local/lib/python3.10/site-packages/airflow/example_dags/example_skip_dag.py for tasks to queue
[2023-04-07T13:02:04.519-0300] {logging_mixin.py:137} INFO - [2023-04-07T13:02:04.518-0300] {dagbag.py:532} INFO - Filling up the DagBag from /home/rai/.local/lib/python3.10/site-packages/airflow/example_dags/example_skip_dag.py
[2023-04-07T13:02:04.542-0300] {processor.py:753} INFO - DAG(s) dict_keys(['example_skip_dag']) retrieved from /home/rai/.local/lib/python3.10/site-packages/airflow/example_dags/example_skip_dag.py
[2023-04-07T13:02:04.568-0300] {logging_mixin.py:137} INFO - [2023-04-07T13:02:04.568-0300] {dag.py:2705} INFO - Sync 1 DAGs
[2023-04-07T13:02:04.688-0300] {logging_mixin.py:137} INFO - [2023-04-07T13:02:04.688-0300] {dag.py:3452} INFO - Setting next_dagrun for example_skip_dag to 2023-04-06T16:02:04.687898+00:00, run_after=2023-04-07T16:02:04.687898+00:00
[2023-04-07T13:02:04.713-0300] {processor.py:175} INFO - Processing /home/rai/.local/lib/python3.10/site-packages/airflow/example_dags/example_skip_dag.py took 0.206 seconds
[2023-04-07T13:02:49.361-0300] {processor.py:153} INFO - Started process (PID=3640) to work on /home/rai/.local/lib/python3.10/site-packages/airflow/example_dags/example_skip_dag.py
[2023-04-07T13:02:49.363-0300] {processor.py:743} INFO - Processing file /home/rai/.local/lib/python3.10/site-packages/airflow/example_dags/example_skip_dag.py for tasks to queue
[2023-04-07T13:02:49.364-0300] {logging_mixin.py:137} INFO - [2023-04-07T13:02:49.364-0300] {dagbag.py:532} INFO - Filling up the DagBag from /home/rai/.local/lib/python3.10/site-packages/airflow/example_dags/example_skip_dag.py
[2023-04-07T13:02:49.391-0300] {processor.py:753} INFO - DAG(s) dict_keys(['example_skip_dag']) retrieved from /home/rai/.local/lib/python3.10/site-packages/airflow/example_dags/example_skip_dag.py
[2023-04-07T13:02:49.528-0300] {logging_mixin.py:137} INFO - [2023-04-07T13:02:49.528-0300] {dag.py:2705} INFO - Sync 1 DAGs
[2023-04-07T13:02:49.545-0300] {logging_mixin.py:137} INFO - [2023-04-07T13:02:49.545-0300] {dag.py:3452} INFO - Setting next_dagrun for example_skip_dag to 2023-04-06T16:02:49.545001+00:00, run_after=2023-04-07T16:02:49.545001+00:00
[2023-04-07T13:02:49.575-0300] {processor.py:175} INFO - Processing /home/rai/.local/lib/python3.10/site-packages/airflow/example_dags/example_skip_dag.py took 0.216 seconds
[2023-04-07T13:03:40.535-0300] {processor.py:153} INFO - Started process (PID=3686) to work on /home/rai/.local/lib/python3.10/site-packages/airflow/example_dags/example_skip_dag.py
[2023-04-07T13:03:40.538-0300] {processor.py:743} INFO - Processing file /home/rai/.local/lib/python3.10/site-packages/airflow/example_dags/example_skip_dag.py for tasks to queue
[2023-04-07T13:03:40.539-0300] {logging_mixin.py:137} INFO - [2023-04-07T13:03:40.539-0300] {dagbag.py:532} INFO - Filling up the DagBag from /home/rai/.local/lib/python3.10/site-packages/airflow/example_dags/example_skip_dag.py
[2023-04-07T13:03:40.561-0300] {processor.py:753} INFO - DAG(s) dict_keys(['example_skip_dag']) retrieved from /home/rai/.local/lib/python3.10/site-packages/airflow/example_dags/example_skip_dag.py
[2023-04-07T13:03:40.596-0300] {logging_mixin.py:137} INFO - [2023-04-07T13:03:40.596-0300] {dag.py:2705} INFO - Sync 1 DAGs
[2023-04-07T13:03:40.624-0300] {logging_mixin.py:137} INFO - [2023-04-07T13:03:40.623-0300] {dag.py:3452} INFO - Setting next_dagrun for example_skip_dag to 2023-04-06T16:03:40.623508+00:00, run_after=2023-04-07T16:03:40.623508+00:00
[2023-04-07T13:03:40.660-0300] {processor.py:175} INFO - Processing /home/rai/.local/lib/python3.10/site-packages/airflow/example_dags/example_skip_dag.py took 0.129 seconds
[2023-04-07T13:04:31.480-0300] {processor.py:153} INFO - Started process (PID=3733) to work on /home/rai/.local/lib/python3.10/site-packages/airflow/example_dags/example_skip_dag.py
[2023-04-07T13:04:31.482-0300] {processor.py:743} INFO - Processing file /home/rai/.local/lib/python3.10/site-packages/airflow/example_dags/example_skip_dag.py for tasks to queue
[2023-04-07T13:04:31.484-0300] {logging_mixin.py:137} INFO - [2023-04-07T13:04:31.484-0300] {dagbag.py:532} INFO - Filling up the DagBag from /home/rai/.local/lib/python3.10/site-packages/airflow/example_dags/example_skip_dag.py
[2023-04-07T13:04:31.507-0300] {processor.py:753} INFO - DAG(s) dict_keys(['example_skip_dag']) retrieved from /home/rai/.local/lib/python3.10/site-packages/airflow/example_dags/example_skip_dag.py
[2023-04-07T13:04:31.545-0300] {logging_mixin.py:137} INFO - [2023-04-07T13:04:31.545-0300] {dag.py:2705} INFO - Sync 1 DAGs
[2023-04-07T13:04:31.571-0300] {logging_mixin.py:137} INFO - [2023-04-07T13:04:31.571-0300] {dag.py:3452} INFO - Setting next_dagrun for example_skip_dag to 2023-04-06T16:04:31.571024+00:00, run_after=2023-04-07T16:04:31.571024+00:00
[2023-04-07T13:04:31.607-0300] {processor.py:175} INFO - Processing /home/rai/.local/lib/python3.10/site-packages/airflow/example_dags/example_skip_dag.py took 0.131 seconds
[2023-04-07T13:05:30.803-0300] {processor.py:153} INFO - Started process (PID=3781) to work on /home/rai/.local/lib/python3.10/site-packages/airflow/example_dags/example_skip_dag.py
[2023-04-07T13:05:30.808-0300] {processor.py:743} INFO - Processing file /home/rai/.local/lib/python3.10/site-packages/airflow/example_dags/example_skip_dag.py for tasks to queue
[2023-04-07T13:05:30.810-0300] {logging_mixin.py:137} INFO - [2023-04-07T13:05:30.810-0300] {dagbag.py:532} INFO - Filling up the DagBag from /home/rai/.local/lib/python3.10/site-packages/airflow/example_dags/example_skip_dag.py
[2023-04-07T13:05:30.831-0300] {processor.py:753} INFO - DAG(s) dict_keys(['example_skip_dag']) retrieved from /home/rai/.local/lib/python3.10/site-packages/airflow/example_dags/example_skip_dag.py
[2023-04-07T13:05:30.857-0300] {logging_mixin.py:137} INFO - [2023-04-07T13:05:30.857-0300] {dag.py:2705} INFO - Sync 1 DAGs
[2023-04-07T13:05:30.881-0300] {logging_mixin.py:137} INFO - [2023-04-07T13:05:30.881-0300] {dag.py:3452} INFO - Setting next_dagrun for example_skip_dag to 2023-04-06T16:05:30.881051+00:00, run_after=2023-04-07T16:05:30.881051+00:00
[2023-04-07T13:05:30.990-0300] {processor.py:175} INFO - Processing /home/rai/.local/lib/python3.10/site-packages/airflow/example_dags/example_skip_dag.py took 0.192 seconds
[2023-04-07T13:06:30.743-0300] {processor.py:153} INFO - Started process (PID=3832) to work on /home/rai/.local/lib/python3.10/site-packages/airflow/example_dags/example_skip_dag.py
[2023-04-07T13:06:30.748-0300] {processor.py:743} INFO - Processing file /home/rai/.local/lib/python3.10/site-packages/airflow/example_dags/example_skip_dag.py for tasks to queue
[2023-04-07T13:06:30.749-0300] {logging_mixin.py:137} INFO - [2023-04-07T13:06:30.749-0300] {dagbag.py:532} INFO - Filling up the DagBag from /home/rai/.local/lib/python3.10/site-packages/airflow/example_dags/example_skip_dag.py
[2023-04-07T13:06:30.773-0300] {processor.py:753} INFO - DAG(s) dict_keys(['example_skip_dag']) retrieved from /home/rai/.local/lib/python3.10/site-packages/airflow/example_dags/example_skip_dag.py
[2023-04-07T13:06:30.801-0300] {logging_mixin.py:137} INFO - [2023-04-07T13:06:30.801-0300] {dag.py:2705} INFO - Sync 1 DAGs
[2023-04-07T13:06:30.916-0300] {logging_mixin.py:137} INFO - [2023-04-07T13:06:30.915-0300] {dag.py:3452} INFO - Setting next_dagrun for example_skip_dag to 2023-04-06T16:06:30.915641+00:00, run_after=2023-04-07T16:06:30.915641+00:00
[2023-04-07T13:06:30.956-0300] {processor.py:175} INFO - Processing /home/rai/.local/lib/python3.10/site-packages/airflow/example_dags/example_skip_dag.py took 0.217 seconds
[2023-04-07T13:07:31.410-0300] {processor.py:153} INFO - Started process (PID=3883) to work on /home/rai/.local/lib/python3.10/site-packages/airflow/example_dags/example_skip_dag.py
[2023-04-07T13:07:31.416-0300] {processor.py:743} INFO - Processing file /home/rai/.local/lib/python3.10/site-packages/airflow/example_dags/example_skip_dag.py for tasks to queue
[2023-04-07T13:07:31.417-0300] {logging_mixin.py:137} INFO - [2023-04-07T13:07:31.417-0300] {dagbag.py:532} INFO - Filling up the DagBag from /home/rai/.local/lib/python3.10/site-packages/airflow/example_dags/example_skip_dag.py
[2023-04-07T13:07:31.440-0300] {processor.py:753} INFO - DAG(s) dict_keys(['example_skip_dag']) retrieved from /home/rai/.local/lib/python3.10/site-packages/airflow/example_dags/example_skip_dag.py
[2023-04-07T13:07:31.563-0300] {logging_mixin.py:137} INFO - [2023-04-07T13:07:31.562-0300] {dag.py:2705} INFO - Sync 1 DAGs
[2023-04-07T13:07:31.595-0300] {logging_mixin.py:137} INFO - [2023-04-07T13:07:31.595-0300] {dag.py:3452} INFO - Setting next_dagrun for example_skip_dag to 2023-04-06T16:07:31.594950+00:00, run_after=2023-04-07T16:07:31.594950+00:00
[2023-04-07T13:07:31.634-0300] {processor.py:175} INFO - Processing /home/rai/.local/lib/python3.10/site-packages/airflow/example_dags/example_skip_dag.py took 0.229 seconds
[2023-04-07T13:08:32.466-0300] {processor.py:153} INFO - Started process (PID=3935) to work on /home/rai/.local/lib/python3.10/site-packages/airflow/example_dags/example_skip_dag.py
[2023-04-07T13:08:32.468-0300] {processor.py:743} INFO - Processing file /home/rai/.local/lib/python3.10/site-packages/airflow/example_dags/example_skip_dag.py for tasks to queue
[2023-04-07T13:08:32.469-0300] {logging_mixin.py:137} INFO - [2023-04-07T13:08:32.469-0300] {dagbag.py:532} INFO - Filling up the DagBag from /home/rai/.local/lib/python3.10/site-packages/airflow/example_dags/example_skip_dag.py
[2023-04-07T13:08:32.490-0300] {processor.py:753} INFO - DAG(s) dict_keys(['example_skip_dag']) retrieved from /home/rai/.local/lib/python3.10/site-packages/airflow/example_dags/example_skip_dag.py
[2023-04-07T13:08:32.515-0300] {logging_mixin.py:137} INFO - [2023-04-07T13:08:32.514-0300] {dag.py:2705} INFO - Sync 1 DAGs
[2023-04-07T13:08:32.536-0300] {logging_mixin.py:137} INFO - [2023-04-07T13:08:32.536-0300] {dag.py:3452} INFO - Setting next_dagrun for example_skip_dag to 2023-04-06T16:08:32.536510+00:00, run_after=2023-04-07T16:08:32.536510+00:00
[2023-04-07T13:08:32.561-0300] {processor.py:175} INFO - Processing /home/rai/.local/lib/python3.10/site-packages/airflow/example_dags/example_skip_dag.py took 0.100 seconds
[2023-04-07T13:09:16.026-0300] {processor.py:153} INFO - Started process (PID=3978) to work on /home/rai/.local/lib/python3.10/site-packages/airflow/example_dags/example_skip_dag.py
[2023-04-07T13:09:16.028-0300] {processor.py:743} INFO - Processing file /home/rai/.local/lib/python3.10/site-packages/airflow/example_dags/example_skip_dag.py for tasks to queue
[2023-04-07T13:09:16.028-0300] {logging_mixin.py:137} INFO - [2023-04-07T13:09:16.028-0300] {dagbag.py:532} INFO - Filling up the DagBag from /home/rai/.local/lib/python3.10/site-packages/airflow/example_dags/example_skip_dag.py
[2023-04-07T13:09:16.038-0300] {processor.py:753} INFO - DAG(s) dict_keys(['example_skip_dag']) retrieved from /home/rai/.local/lib/python3.10/site-packages/airflow/example_dags/example_skip_dag.py
[2023-04-07T13:09:16.054-0300] {logging_mixin.py:137} INFO - [2023-04-07T13:09:16.054-0300] {dag.py:2705} INFO - Sync 1 DAGs
[2023-04-07T13:09:16.071-0300] {logging_mixin.py:137} INFO - [2023-04-07T13:09:16.070-0300] {dag.py:3452} INFO - Setting next_dagrun for example_skip_dag to 2023-04-06T16:09:16.070585+00:00, run_after=2023-04-07T16:09:16.070585+00:00
[2023-04-07T13:09:16.091-0300] {processor.py:175} INFO - Processing /home/rai/.local/lib/python3.10/site-packages/airflow/example_dags/example_skip_dag.py took 0.067 seconds
[2023-04-07T13:10:00.733-0300] {processor.py:153} INFO - Started process (PID=4020) to work on /home/rai/.local/lib/python3.10/site-packages/airflow/example_dags/example_skip_dag.py
[2023-04-07T13:10:00.739-0300] {processor.py:743} INFO - Processing file /home/rai/.local/lib/python3.10/site-packages/airflow/example_dags/example_skip_dag.py for tasks to queue
[2023-04-07T13:10:00.740-0300] {logging_mixin.py:137} INFO - [2023-04-07T13:10:00.740-0300] {dagbag.py:532} INFO - Filling up the DagBag from /home/rai/.local/lib/python3.10/site-packages/airflow/example_dags/example_skip_dag.py
[2023-04-07T13:10:00.763-0300] {processor.py:753} INFO - DAG(s) dict_keys(['example_skip_dag']) retrieved from /home/rai/.local/lib/python3.10/site-packages/airflow/example_dags/example_skip_dag.py
[2023-04-07T13:10:00.790-0300] {logging_mixin.py:137} INFO - [2023-04-07T13:10:00.789-0300] {dag.py:2705} INFO - Sync 1 DAGs
[2023-04-07T13:10:00.812-0300] {logging_mixin.py:137} INFO - [2023-04-07T13:10:00.812-0300] {dag.py:3452} INFO - Setting next_dagrun for example_skip_dag to 2023-04-06T16:10:00.812404+00:00, run_after=2023-04-07T16:10:00.812404+00:00
[2023-04-07T13:10:00.933-0300] {processor.py:175} INFO - Processing /home/rai/.local/lib/python3.10/site-packages/airflow/example_dags/example_skip_dag.py took 0.205 seconds
[2023-04-07T13:11:02.997-0300] {processor.py:153} INFO - Started process (PID=4072) to work on /home/rai/.local/lib/python3.10/site-packages/airflow/example_dags/example_skip_dag.py
[2023-04-07T13:11:03.002-0300] {processor.py:743} INFO - Processing file /home/rai/.local/lib/python3.10/site-packages/airflow/example_dags/example_skip_dag.py for tasks to queue
[2023-04-07T13:11:03.004-0300] {logging_mixin.py:137} INFO - [2023-04-07T13:11:03.003-0300] {dagbag.py:532} INFO - Filling up the DagBag from /home/rai/.local/lib/python3.10/site-packages/airflow/example_dags/example_skip_dag.py
[2023-04-07T13:11:03.026-0300] {processor.py:753} INFO - DAG(s) dict_keys(['example_skip_dag']) retrieved from /home/rai/.local/lib/python3.10/site-packages/airflow/example_dags/example_skip_dag.py
[2023-04-07T13:11:03.051-0300] {logging_mixin.py:137} INFO - [2023-04-07T13:11:03.051-0300] {dag.py:2705} INFO - Sync 1 DAGs
[2023-04-07T13:11:03.161-0300] {logging_mixin.py:137} INFO - [2023-04-07T13:11:03.161-0300] {dag.py:3452} INFO - Setting next_dagrun for example_skip_dag to 2023-04-06T16:11:03.161502+00:00, run_after=2023-04-07T16:11:03.161502+00:00
[2023-04-07T13:11:03.184-0300] {processor.py:175} INFO - Processing /home/rai/.local/lib/python3.10/site-packages/airflow/example_dags/example_skip_dag.py took 0.191 seconds
[2023-04-07T13:12:08.852-0300] {processor.py:153} INFO - Started process (PID=4126) to work on /home/rai/.local/lib/python3.10/site-packages/airflow/example_dags/example_skip_dag.py
[2023-04-07T13:12:08.858-0300] {processor.py:743} INFO - Processing file /home/rai/.local/lib/python3.10/site-packages/airflow/example_dags/example_skip_dag.py for tasks to queue
[2023-04-07T13:12:08.859-0300] {logging_mixin.py:137} INFO - [2023-04-07T13:12:08.859-0300] {dagbag.py:532} INFO - Filling up the DagBag from /home/rai/.local/lib/python3.10/site-packages/airflow/example_dags/example_skip_dag.py
[2023-04-07T13:12:08.880-0300] {processor.py:753} INFO - DAG(s) dict_keys(['example_skip_dag']) retrieved from /home/rai/.local/lib/python3.10/site-packages/airflow/example_dags/example_skip_dag.py
[2023-04-07T13:12:08.906-0300] {logging_mixin.py:137} INFO - [2023-04-07T13:12:08.906-0300] {dag.py:2705} INFO - Sync 1 DAGs
[2023-04-07T13:12:09.012-0300] {logging_mixin.py:137} INFO - [2023-04-07T13:12:09.012-0300] {dag.py:3452} INFO - Setting next_dagrun for example_skip_dag to 2023-04-06T16:12:09.012194+00:00, run_after=2023-04-07T16:12:09.012194+00:00
[2023-04-07T13:12:09.034-0300] {processor.py:175} INFO - Processing /home/rai/.local/lib/python3.10/site-packages/airflow/example_dags/example_skip_dag.py took 0.186 seconds
[2023-04-07T13:13:05.687-0300] {processor.py:153} INFO - Started process (PID=4175) to work on /home/rai/.local/lib/python3.10/site-packages/airflow/example_dags/example_skip_dag.py
[2023-04-07T13:13:05.692-0300] {processor.py:743} INFO - Processing file /home/rai/.local/lib/python3.10/site-packages/airflow/example_dags/example_skip_dag.py for tasks to queue
[2023-04-07T13:13:05.693-0300] {logging_mixin.py:137} INFO - [2023-04-07T13:13:05.693-0300] {dagbag.py:532} INFO - Filling up the DagBag from /home/rai/.local/lib/python3.10/site-packages/airflow/example_dags/example_skip_dag.py
[2023-04-07T13:13:05.716-0300] {processor.py:753} INFO - DAG(s) dict_keys(['example_skip_dag']) retrieved from /home/rai/.local/lib/python3.10/site-packages/airflow/example_dags/example_skip_dag.py
[2023-04-07T13:13:05.832-0300] {logging_mixin.py:137} INFO - [2023-04-07T13:13:05.832-0300] {dag.py:2705} INFO - Sync 1 DAGs
[2023-04-07T13:13:05.849-0300] {logging_mixin.py:137} INFO - [2023-04-07T13:13:05.849-0300] {dag.py:3452} INFO - Setting next_dagrun for example_skip_dag to 2023-04-06T16:13:05.849377+00:00, run_after=2023-04-07T16:13:05.849377+00:00
[2023-04-07T13:13:05.871-0300] {processor.py:175} INFO - Processing /home/rai/.local/lib/python3.10/site-packages/airflow/example_dags/example_skip_dag.py took 0.188 seconds
[2023-04-07T13:13:53.390-0300] {processor.py:153} INFO - Started process (PID=4220) to work on /home/rai/.local/lib/python3.10/site-packages/airflow/example_dags/example_skip_dag.py
[2023-04-07T13:13:53.396-0300] {processor.py:743} INFO - Processing file /home/rai/.local/lib/python3.10/site-packages/airflow/example_dags/example_skip_dag.py for tasks to queue
[2023-04-07T13:13:53.397-0300] {logging_mixin.py:137} INFO - [2023-04-07T13:13:53.397-0300] {dagbag.py:532} INFO - Filling up the DagBag from /home/rai/.local/lib/python3.10/site-packages/airflow/example_dags/example_skip_dag.py
[2023-04-07T13:13:53.417-0300] {processor.py:753} INFO - DAG(s) dict_keys(['example_skip_dag']) retrieved from /home/rai/.local/lib/python3.10/site-packages/airflow/example_dags/example_skip_dag.py
[2023-04-07T13:13:53.441-0300] {logging_mixin.py:137} INFO - [2023-04-07T13:13:53.441-0300] {dag.py:2705} INFO - Sync 1 DAGs
[2023-04-07T13:13:53.463-0300] {logging_mixin.py:137} INFO - [2023-04-07T13:13:53.463-0300] {dag.py:3452} INFO - Setting next_dagrun for example_skip_dag to 2023-04-06T16:13:53.463466+00:00, run_after=2023-04-07T16:13:53.463466+00:00
[2023-04-07T13:13:53.486-0300] {processor.py:175} INFO - Processing /home/rai/.local/lib/python3.10/site-packages/airflow/example_dags/example_skip_dag.py took 0.102 seconds
[2023-04-07T13:14:52.724-0300] {processor.py:153} INFO - Started process (PID=4269) to work on /home/rai/.local/lib/python3.10/site-packages/airflow/example_dags/example_skip_dag.py
[2023-04-07T13:14:52.730-0300] {processor.py:743} INFO - Processing file /home/rai/.local/lib/python3.10/site-packages/airflow/example_dags/example_skip_dag.py for tasks to queue
[2023-04-07T13:14:52.732-0300] {logging_mixin.py:137} INFO - [2023-04-07T13:14:52.731-0300] {dagbag.py:532} INFO - Filling up the DagBag from /home/rai/.local/lib/python3.10/site-packages/airflow/example_dags/example_skip_dag.py
[2023-04-07T13:14:52.751-0300] {processor.py:753} INFO - DAG(s) dict_keys(['example_skip_dag']) retrieved from /home/rai/.local/lib/python3.10/site-packages/airflow/example_dags/example_skip_dag.py
[2023-04-07T13:14:52.774-0300] {logging_mixin.py:137} INFO - [2023-04-07T13:14:52.773-0300] {dag.py:2705} INFO - Sync 1 DAGs
[2023-04-07T13:14:52.795-0300] {logging_mixin.py:137} INFO - [2023-04-07T13:14:52.794-0300] {dag.py:3452} INFO - Setting next_dagrun for example_skip_dag to 2023-04-06T16:14:52.794527+00:00, run_after=2023-04-07T16:14:52.794527+00:00
[2023-04-07T13:14:52.923-0300] {processor.py:175} INFO - Processing /home/rai/.local/lib/python3.10/site-packages/airflow/example_dags/example_skip_dag.py took 0.203 seconds
[2023-04-07T13:15:52.606-0300] {processor.py:153} INFO - Started process (PID=4320) to work on /home/rai/.local/lib/python3.10/site-packages/airflow/example_dags/example_skip_dag.py
[2023-04-07T13:15:52.608-0300] {processor.py:743} INFO - Processing file /home/rai/.local/lib/python3.10/site-packages/airflow/example_dags/example_skip_dag.py for tasks to queue
[2023-04-07T13:15:52.609-0300] {logging_mixin.py:137} INFO - [2023-04-07T13:15:52.609-0300] {dagbag.py:532} INFO - Filling up the DagBag from /home/rai/.local/lib/python3.10/site-packages/airflow/example_dags/example_skip_dag.py
[2023-04-07T13:15:52.630-0300] {processor.py:753} INFO - DAG(s) dict_keys(['example_skip_dag']) retrieved from /home/rai/.local/lib/python3.10/site-packages/airflow/example_dags/example_skip_dag.py
[2023-04-07T13:15:52.667-0300] {logging_mixin.py:137} INFO - [2023-04-07T13:15:52.667-0300] {dag.py:2705} INFO - Sync 1 DAGs
[2023-04-07T13:15:52.804-0300] {logging_mixin.py:137} INFO - [2023-04-07T13:15:52.804-0300] {dag.py:3452} INFO - Setting next_dagrun for example_skip_dag to 2023-04-06T16:15:52.804490+00:00, run_after=2023-04-07T16:15:52.804490+00:00
[2023-04-07T13:15:52.836-0300] {processor.py:175} INFO - Processing /home/rai/.local/lib/python3.10/site-packages/airflow/example_dags/example_skip_dag.py took 0.235 seconds
[2023-04-07T13:16:47.410-0300] {processor.py:153} INFO - Started process (PID=4368) to work on /home/rai/.local/lib/python3.10/site-packages/airflow/example_dags/example_skip_dag.py
[2023-04-07T13:16:47.413-0300] {processor.py:743} INFO - Processing file /home/rai/.local/lib/python3.10/site-packages/airflow/example_dags/example_skip_dag.py for tasks to queue
[2023-04-07T13:16:47.414-0300] {logging_mixin.py:137} INFO - [2023-04-07T13:16:47.414-0300] {dagbag.py:532} INFO - Filling up the DagBag from /home/rai/.local/lib/python3.10/site-packages/airflow/example_dags/example_skip_dag.py
[2023-04-07T13:16:47.439-0300] {processor.py:753} INFO - DAG(s) dict_keys(['example_skip_dag']) retrieved from /home/rai/.local/lib/python3.10/site-packages/airflow/example_dags/example_skip_dag.py
[2023-04-07T13:16:47.466-0300] {logging_mixin.py:137} INFO - [2023-04-07T13:16:47.466-0300] {dag.py:2705} INFO - Sync 1 DAGs
[2023-04-07T13:16:47.577-0300] {logging_mixin.py:137} INFO - [2023-04-07T13:16:47.577-0300] {dag.py:3452} INFO - Setting next_dagrun for example_skip_dag to 2023-04-06T16:16:47.577524+00:00, run_after=2023-04-07T16:16:47.577524+00:00
[2023-04-07T13:16:47.600-0300] {processor.py:175} INFO - Processing /home/rai/.local/lib/python3.10/site-packages/airflow/example_dags/example_skip_dag.py took 0.194 seconds
[2023-04-07T13:17:47.061-0300] {processor.py:153} INFO - Started process (PID=4419) to work on /home/rai/.local/lib/python3.10/site-packages/airflow/example_dags/example_skip_dag.py
[2023-04-07T13:17:47.063-0300] {processor.py:743} INFO - Processing file /home/rai/.local/lib/python3.10/site-packages/airflow/example_dags/example_skip_dag.py for tasks to queue
[2023-04-07T13:17:47.065-0300] {logging_mixin.py:137} INFO - [2023-04-07T13:17:47.065-0300] {dagbag.py:532} INFO - Filling up the DagBag from /home/rai/.local/lib/python3.10/site-packages/airflow/example_dags/example_skip_dag.py
[2023-04-07T13:17:47.088-0300] {processor.py:753} INFO - DAG(s) dict_keys(['example_skip_dag']) retrieved from /home/rai/.local/lib/python3.10/site-packages/airflow/example_dags/example_skip_dag.py
[2023-04-07T13:17:47.206-0300] {logging_mixin.py:137} INFO - [2023-04-07T13:17:47.206-0300] {dag.py:2705} INFO - Sync 1 DAGs
[2023-04-07T13:17:47.223-0300] {logging_mixin.py:137} INFO - [2023-04-07T13:17:47.223-0300] {dag.py:3452} INFO - Setting next_dagrun for example_skip_dag to 2023-04-06T16:17:47.223446+00:00, run_after=2023-04-07T16:17:47.223446+00:00
[2023-04-07T13:17:47.245-0300] {processor.py:175} INFO - Processing /home/rai/.local/lib/python3.10/site-packages/airflow/example_dags/example_skip_dag.py took 0.189 seconds
[2023-04-07T13:18:47.792-0300] {processor.py:153} INFO - Started process (PID=4471) to work on /home/rai/.local/lib/python3.10/site-packages/airflow/example_dags/example_skip_dag.py
[2023-04-07T13:18:47.794-0300] {processor.py:743} INFO - Processing file /home/rai/.local/lib/python3.10/site-packages/airflow/example_dags/example_skip_dag.py for tasks to queue
[2023-04-07T13:18:47.796-0300] {logging_mixin.py:137} INFO - [2023-04-07T13:18:47.795-0300] {dagbag.py:532} INFO - Filling up the DagBag from /home/rai/.local/lib/python3.10/site-packages/airflow/example_dags/example_skip_dag.py
[2023-04-07T13:18:47.820-0300] {processor.py:753} INFO - DAG(s) dict_keys(['example_skip_dag']) retrieved from /home/rai/.local/lib/python3.10/site-packages/airflow/example_dags/example_skip_dag.py
[2023-04-07T13:18:47.847-0300] {logging_mixin.py:137} INFO - [2023-04-07T13:18:47.847-0300] {dag.py:2705} INFO - Sync 1 DAGs
[2023-04-07T13:18:47.870-0300] {logging_mixin.py:137} INFO - [2023-04-07T13:18:47.870-0300] {dag.py:3452} INFO - Setting next_dagrun for example_skip_dag to 2023-04-06T16:18:47.870369+00:00, run_after=2023-04-07T16:18:47.870369+00:00
[2023-04-07T13:18:47.906-0300] {processor.py:175} INFO - Processing /home/rai/.local/lib/python3.10/site-packages/airflow/example_dags/example_skip_dag.py took 0.118 seconds
[2023-04-07T13:19:42.333-0300] {processor.py:153} INFO - Started process (PID=4521) to work on /home/rai/.local/lib/python3.10/site-packages/airflow/example_dags/example_skip_dag.py
[2023-04-07T13:19:42.338-0300] {processor.py:743} INFO - Processing file /home/rai/.local/lib/python3.10/site-packages/airflow/example_dags/example_skip_dag.py for tasks to queue
[2023-04-07T13:19:42.338-0300] {logging_mixin.py:137} INFO - [2023-04-07T13:19:42.338-0300] {dagbag.py:532} INFO - Filling up the DagBag from /home/rai/.local/lib/python3.10/site-packages/airflow/example_dags/example_skip_dag.py
[2023-04-07T13:19:42.350-0300] {processor.py:753} INFO - DAG(s) dict_keys(['example_skip_dag']) retrieved from /home/rai/.local/lib/python3.10/site-packages/airflow/example_dags/example_skip_dag.py
[2023-04-07T13:19:42.369-0300] {logging_mixin.py:137} INFO - [2023-04-07T13:19:42.369-0300] {dag.py:2705} INFO - Sync 1 DAGs
[2023-04-07T13:19:42.386-0300] {logging_mixin.py:137} INFO - [2023-04-07T13:19:42.386-0300] {dag.py:3452} INFO - Setting next_dagrun for example_skip_dag to 2023-04-06T16:19:42.386589+00:00, run_after=2023-04-07T16:19:42.386589+00:00
[2023-04-07T13:19:42.410-0300] {processor.py:175} INFO - Processing /home/rai/.local/lib/python3.10/site-packages/airflow/example_dags/example_skip_dag.py took 0.080 seconds
[2023-04-07T13:20:26.574-0300] {processor.py:153} INFO - Started process (PID=4591) to work on /home/rai/.local/lib/python3.10/site-packages/airflow/example_dags/example_skip_dag.py
[2023-04-07T13:20:26.575-0300] {processor.py:743} INFO - Processing file /home/rai/.local/lib/python3.10/site-packages/airflow/example_dags/example_skip_dag.py for tasks to queue
[2023-04-07T13:20:26.576-0300] {logging_mixin.py:137} INFO - [2023-04-07T13:20:26.576-0300] {dagbag.py:532} INFO - Filling up the DagBag from /home/rai/.local/lib/python3.10/site-packages/airflow/example_dags/example_skip_dag.py
[2023-04-07T13:20:26.586-0300] {processor.py:753} INFO - DAG(s) dict_keys(['example_skip_dag']) retrieved from /home/rai/.local/lib/python3.10/site-packages/airflow/example_dags/example_skip_dag.py
[2023-04-07T13:20:26.604-0300] {logging_mixin.py:137} INFO - [2023-04-07T13:20:26.604-0300] {dag.py:2705} INFO - Sync 1 DAGs
[2023-04-07T13:20:26.624-0300] {logging_mixin.py:137} INFO - [2023-04-07T13:20:26.624-0300] {dag.py:3452} INFO - Setting next_dagrun for example_skip_dag to 2023-04-06T16:20:26.624616+00:00, run_after=2023-04-07T16:20:26.624616+00:00
[2023-04-07T13:20:26.731-0300] {processor.py:175} INFO - Processing /home/rai/.local/lib/python3.10/site-packages/airflow/example_dags/example_skip_dag.py took 0.160 seconds
[2023-04-07T13:21:08.113-0300] {processor.py:153} INFO - Started process (PID=4634) to work on /home/rai/.local/lib/python3.10/site-packages/airflow/example_dags/example_skip_dag.py
[2023-04-07T13:21:08.114-0300] {processor.py:743} INFO - Processing file /home/rai/.local/lib/python3.10/site-packages/airflow/example_dags/example_skip_dag.py for tasks to queue
[2023-04-07T13:21:08.114-0300] {logging_mixin.py:137} INFO - [2023-04-07T13:21:08.114-0300] {dagbag.py:532} INFO - Filling up the DagBag from /home/rai/.local/lib/python3.10/site-packages/airflow/example_dags/example_skip_dag.py
[2023-04-07T13:21:08.125-0300] {processor.py:753} INFO - DAG(s) dict_keys(['example_skip_dag']) retrieved from /home/rai/.local/lib/python3.10/site-packages/airflow/example_dags/example_skip_dag.py
[2023-04-07T13:21:08.141-0300] {logging_mixin.py:137} INFO - [2023-04-07T13:21:08.141-0300] {dag.py:2705} INFO - Sync 1 DAGs
[2023-04-07T13:21:08.253-0300] {logging_mixin.py:137} INFO - [2023-04-07T13:21:08.253-0300] {dag.py:3452} INFO - Setting next_dagrun for example_skip_dag to 2023-04-06T16:21:08.253071+00:00, run_after=2023-04-07T16:21:08.253071+00:00
[2023-04-07T13:21:08.277-0300] {processor.py:175} INFO - Processing /home/rai/.local/lib/python3.10/site-packages/airflow/example_dags/example_skip_dag.py took 0.167 seconds
[2023-04-07T13:21:59.331-0300] {processor.py:153} INFO - Started process (PID=4684) to work on /home/rai/.local/lib/python3.10/site-packages/airflow/example_dags/example_skip_dag.py
[2023-04-07T13:21:59.332-0300] {processor.py:743} INFO - Processing file /home/rai/.local/lib/python3.10/site-packages/airflow/example_dags/example_skip_dag.py for tasks to queue
[2023-04-07T13:21:59.333-0300] {logging_mixin.py:137} INFO - [2023-04-07T13:21:59.333-0300] {dagbag.py:532} INFO - Filling up the DagBag from /home/rai/.local/lib/python3.10/site-packages/airflow/example_dags/example_skip_dag.py
[2023-04-07T13:21:59.345-0300] {processor.py:753} INFO - DAG(s) dict_keys(['example_skip_dag']) retrieved from /home/rai/.local/lib/python3.10/site-packages/airflow/example_dags/example_skip_dag.py
[2023-04-07T13:21:59.363-0300] {logging_mixin.py:137} INFO - [2023-04-07T13:21:59.363-0300] {dag.py:2705} INFO - Sync 1 DAGs
[2023-04-07T13:21:59.464-0300] {logging_mixin.py:137} INFO - [2023-04-07T13:21:59.463-0300] {dag.py:3452} INFO - Setting next_dagrun for example_skip_dag to 2023-04-06T16:21:59.463780+00:00, run_after=2023-04-07T16:21:59.463780+00:00
[2023-04-07T13:21:59.485-0300] {processor.py:175} INFO - Processing /home/rai/.local/lib/python3.10/site-packages/airflow/example_dags/example_skip_dag.py took 0.156 seconds
[2023-04-07T13:22:45.854-0300] {processor.py:153} INFO - Started process (PID=4731) to work on /home/rai/.local/lib/python3.10/site-packages/airflow/example_dags/example_skip_dag.py
[2023-04-07T13:22:45.856-0300] {processor.py:743} INFO - Processing file /home/rai/.local/lib/python3.10/site-packages/airflow/example_dags/example_skip_dag.py for tasks to queue
[2023-04-07T13:22:45.857-0300] {logging_mixin.py:137} INFO - [2023-04-07T13:22:45.857-0300] {dagbag.py:532} INFO - Filling up the DagBag from /home/rai/.local/lib/python3.10/site-packages/airflow/example_dags/example_skip_dag.py
[2023-04-07T13:22:45.880-0300] {processor.py:753} INFO - DAG(s) dict_keys(['example_skip_dag']) retrieved from /home/rai/.local/lib/python3.10/site-packages/airflow/example_dags/example_skip_dag.py
[2023-04-07T13:22:46.000-0300] {logging_mixin.py:137} INFO - [2023-04-07T13:22:46.000-0300] {dag.py:2705} INFO - Sync 1 DAGs
[2023-04-07T13:22:46.035-0300] {logging_mixin.py:137} INFO - [2023-04-07T13:22:46.034-0300] {dag.py:3452} INFO - Setting next_dagrun for example_skip_dag to 2023-04-06T16:22:46.034365+00:00, run_after=2023-04-07T16:22:46.034365+00:00
[2023-04-07T13:22:46.063-0300] {processor.py:175} INFO - Processing /home/rai/.local/lib/python3.10/site-packages/airflow/example_dags/example_skip_dag.py took 0.214 seconds
