[2023-04-07T12:23:48.194-0300] {processor.py:153} INFO - Started process (PID=1426) to work on /home/rai/.local/lib/python3.10/site-packages/airflow/example_dags/example_dynamic_task_mapping.py
[2023-04-07T12:23:48.195-0300] {processor.py:743} INFO - Processing file /home/rai/.local/lib/python3.10/site-packages/airflow/example_dags/example_dynamic_task_mapping.py for tasks to queue
[2023-04-07T12:23:48.195-0300] {logging_mixin.py:137} INFO - [2023-04-07T12:23:48.195-0300] {dagbag.py:532} INFO - Filling up the DagBag from /home/rai/.local/lib/python3.10/site-packages/airflow/example_dags/example_dynamic_task_mapping.py
[2023-04-07T12:23:48.215-0300] {processor.py:753} INFO - DAG(s) dict_keys(['example_dynamic_task_mapping']) retrieved from /home/rai/.local/lib/python3.10/site-packages/airflow/example_dags/example_dynamic_task_mapping.py
[2023-04-07T12:23:48.303-0300] {logging_mixin.py:137} INFO - [2023-04-07T12:23:48.302-0300] {manager.py:504} INFO - Created Permission View: can edit on DAG:example_dynamic_task_mapping
[2023-04-07T12:23:48.312-0300] {logging_mixin.py:137} INFO - [2023-04-07T12:23:48.312-0300] {manager.py:504} INFO - Created Permission View: can delete on DAG:example_dynamic_task_mapping
[2023-04-07T12:23:48.321-0300] {logging_mixin.py:137} INFO - [2023-04-07T12:23:48.320-0300] {manager.py:504} INFO - Created Permission View: can read on DAG:example_dynamic_task_mapping
[2023-04-07T12:23:48.321-0300] {logging_mixin.py:137} INFO - [2023-04-07T12:23:48.321-0300] {dag.py:2705} INFO - Sync 1 DAGs
[2023-04-07T12:23:48.332-0300] {logging_mixin.py:137} INFO - [2023-04-07T12:23:48.332-0300] {dag.py:2726} INFO - Creating ORM DAG for example_dynamic_task_mapping
[2023-04-07T12:23:48.341-0300] {logging_mixin.py:137} INFO - [2023-04-07T12:23:48.341-0300] {dag.py:3452} INFO - Setting next_dagrun for example_dynamic_task_mapping to 2022-03-04T00:00:00+00:00, run_after=2022-03-05T00:00:00+00:00
[2023-04-07T12:23:48.361-0300] {processor.py:175} INFO - Processing /home/rai/.local/lib/python3.10/site-packages/airflow/example_dags/example_dynamic_task_mapping.py took 0.170 seconds
[2023-04-07T12:24:28.868-0300] {processor.py:153} INFO - Started process (PID=1468) to work on /home/rai/.local/lib/python3.10/site-packages/airflow/example_dags/example_dynamic_task_mapping.py
[2023-04-07T12:24:28.872-0300] {processor.py:743} INFO - Processing file /home/rai/.local/lib/python3.10/site-packages/airflow/example_dags/example_dynamic_task_mapping.py for tasks to queue
[2023-04-07T12:24:28.873-0300] {logging_mixin.py:137} INFO - [2023-04-07T12:24:28.873-0300] {dagbag.py:532} INFO - Filling up the DagBag from /home/rai/.local/lib/python3.10/site-packages/airflow/example_dags/example_dynamic_task_mapping.py
[2023-04-07T12:24:28.890-0300] {processor.py:753} INFO - DAG(s) dict_keys(['example_dynamic_task_mapping']) retrieved from /home/rai/.local/lib/python3.10/site-packages/airflow/example_dags/example_dynamic_task_mapping.py
[2023-04-07T12:24:28.906-0300] {logging_mixin.py:137} INFO - [2023-04-07T12:24:28.906-0300] {dag.py:2705} INFO - Sync 1 DAGs
[2023-04-07T12:24:28.923-0300] {logging_mixin.py:137} INFO - [2023-04-07T12:24:28.923-0300] {dag.py:3452} INFO - Setting next_dagrun for example_dynamic_task_mapping to 2022-03-04T00:00:00+00:00, run_after=2022-03-05T00:00:00+00:00
[2023-04-07T12:24:28.942-0300] {processor.py:175} INFO - Processing /home/rai/.local/lib/python3.10/site-packages/airflow/example_dags/example_dynamic_task_mapping.py took 0.076 seconds
[2023-04-07T12:25:13.054-0300] {processor.py:153} INFO - Started process (PID=1513) to work on /home/rai/.local/lib/python3.10/site-packages/airflow/example_dags/example_dynamic_task_mapping.py
[2023-04-07T12:25:13.055-0300] {processor.py:743} INFO - Processing file /home/rai/.local/lib/python3.10/site-packages/airflow/example_dags/example_dynamic_task_mapping.py for tasks to queue
[2023-04-07T12:25:13.056-0300] {logging_mixin.py:137} INFO - [2023-04-07T12:25:13.056-0300] {dagbag.py:532} INFO - Filling up the DagBag from /home/rai/.local/lib/python3.10/site-packages/airflow/example_dags/example_dynamic_task_mapping.py
[2023-04-07T12:25:13.077-0300] {processor.py:753} INFO - DAG(s) dict_keys(['example_dynamic_task_mapping']) retrieved from /home/rai/.local/lib/python3.10/site-packages/airflow/example_dags/example_dynamic_task_mapping.py
[2023-04-07T12:25:13.093-0300] {logging_mixin.py:137} INFO - [2023-04-07T12:25:13.093-0300] {dag.py:2705} INFO - Sync 1 DAGs
[2023-04-07T12:25:13.114-0300] {logging_mixin.py:137} INFO - [2023-04-07T12:25:13.114-0300] {dag.py:3452} INFO - Setting next_dagrun for example_dynamic_task_mapping to 2022-03-04T00:00:00+00:00, run_after=2022-03-05T00:00:00+00:00
[2023-04-07T12:25:13.136-0300] {processor.py:175} INFO - Processing /home/rai/.local/lib/python3.10/site-packages/airflow/example_dags/example_dynamic_task_mapping.py took 0.084 seconds
[2023-04-07T12:26:02.451-0300] {processor.py:153} INFO - Started process (PID=1563) to work on /home/rai/.local/lib/python3.10/site-packages/airflow/example_dags/example_dynamic_task_mapping.py
[2023-04-07T12:26:02.456-0300] {processor.py:743} INFO - Processing file /home/rai/.local/lib/python3.10/site-packages/airflow/example_dags/example_dynamic_task_mapping.py for tasks to queue
[2023-04-07T12:26:02.456-0300] {logging_mixin.py:137} INFO - [2023-04-07T12:26:02.456-0300] {dagbag.py:532} INFO - Filling up the DagBag from /home/rai/.local/lib/python3.10/site-packages/airflow/example_dags/example_dynamic_task_mapping.py
[2023-04-07T12:26:02.475-0300] {processor.py:753} INFO - DAG(s) dict_keys(['example_dynamic_task_mapping']) retrieved from /home/rai/.local/lib/python3.10/site-packages/airflow/example_dags/example_dynamic_task_mapping.py
[2023-04-07T12:26:02.489-0300] {logging_mixin.py:137} INFO - [2023-04-07T12:26:02.489-0300] {dag.py:2705} INFO - Sync 1 DAGs
[2023-04-07T12:26:02.506-0300] {logging_mixin.py:137} INFO - [2023-04-07T12:26:02.506-0300] {dag.py:3452} INFO - Setting next_dagrun for example_dynamic_task_mapping to 2022-03-04T00:00:00+00:00, run_after=2022-03-05T00:00:00+00:00
[2023-04-07T12:26:02.526-0300] {processor.py:175} INFO - Processing /home/rai/.local/lib/python3.10/site-packages/airflow/example_dags/example_dynamic_task_mapping.py took 0.077 seconds
[2023-04-07T12:26:49.738-0300] {processor.py:153} INFO - Started process (PID=1611) to work on /home/rai/.local/lib/python3.10/site-packages/airflow/example_dags/example_dynamic_task_mapping.py
[2023-04-07T12:26:49.740-0300] {processor.py:743} INFO - Processing file /home/rai/.local/lib/python3.10/site-packages/airflow/example_dags/example_dynamic_task_mapping.py for tasks to queue
[2023-04-07T12:26:49.740-0300] {logging_mixin.py:137} INFO - [2023-04-07T12:26:49.740-0300] {dagbag.py:532} INFO - Filling up the DagBag from /home/rai/.local/lib/python3.10/site-packages/airflow/example_dags/example_dynamic_task_mapping.py
[2023-04-07T12:26:49.758-0300] {processor.py:753} INFO - DAG(s) dict_keys(['example_dynamic_task_mapping']) retrieved from /home/rai/.local/lib/python3.10/site-packages/airflow/example_dags/example_dynamic_task_mapping.py
[2023-04-07T12:26:49.773-0300] {logging_mixin.py:137} INFO - [2023-04-07T12:26:49.772-0300] {dag.py:2705} INFO - Sync 1 DAGs
[2023-04-07T12:26:49.789-0300] {logging_mixin.py:137} INFO - [2023-04-07T12:26:49.789-0300] {dag.py:3452} INFO - Setting next_dagrun for example_dynamic_task_mapping to 2022-03-04T00:00:00+00:00, run_after=2022-03-05T00:00:00+00:00
[2023-04-07T12:26:49.810-0300] {processor.py:175} INFO - Processing /home/rai/.local/lib/python3.10/site-packages/airflow/example_dags/example_dynamic_task_mapping.py took 0.074 seconds
[2023-04-07T12:27:36.296-0300] {processor.py:153} INFO - Started process (PID=1659) to work on /home/rai/.local/lib/python3.10/site-packages/airflow/example_dags/example_dynamic_task_mapping.py
[2023-04-07T12:27:36.298-0300] {processor.py:743} INFO - Processing file /home/rai/.local/lib/python3.10/site-packages/airflow/example_dags/example_dynamic_task_mapping.py for tasks to queue
[2023-04-07T12:27:36.298-0300] {logging_mixin.py:137} INFO - [2023-04-07T12:27:36.298-0300] {dagbag.py:532} INFO - Filling up the DagBag from /home/rai/.local/lib/python3.10/site-packages/airflow/example_dags/example_dynamic_task_mapping.py
[2023-04-07T12:27:36.316-0300] {processor.py:753} INFO - DAG(s) dict_keys(['example_dynamic_task_mapping']) retrieved from /home/rai/.local/lib/python3.10/site-packages/airflow/example_dags/example_dynamic_task_mapping.py
[2023-04-07T12:27:36.331-0300] {logging_mixin.py:137} INFO - [2023-04-07T12:27:36.331-0300] {dag.py:2705} INFO - Sync 1 DAGs
[2023-04-07T12:27:36.349-0300] {logging_mixin.py:137} INFO - [2023-04-07T12:27:36.349-0300] {dag.py:3452} INFO - Setting next_dagrun for example_dynamic_task_mapping to 2022-03-04T00:00:00+00:00, run_after=2022-03-05T00:00:00+00:00
[2023-04-07T12:27:36.369-0300] {processor.py:175} INFO - Processing /home/rai/.local/lib/python3.10/site-packages/airflow/example_dags/example_dynamic_task_mapping.py took 0.074 seconds
[2023-04-07T12:28:14.841-0300] {processor.py:153} INFO - Started process (PID=1701) to work on /home/rai/.local/lib/python3.10/site-packages/airflow/example_dags/example_dynamic_task_mapping.py
[2023-04-07T12:28:14.846-0300] {processor.py:743} INFO - Processing file /home/rai/.local/lib/python3.10/site-packages/airflow/example_dags/example_dynamic_task_mapping.py for tasks to queue
[2023-04-07T12:28:14.846-0300] {logging_mixin.py:137} INFO - [2023-04-07T12:28:14.846-0300] {dagbag.py:532} INFO - Filling up the DagBag from /home/rai/.local/lib/python3.10/site-packages/airflow/example_dags/example_dynamic_task_mapping.py
[2023-04-07T12:28:14.865-0300] {processor.py:753} INFO - DAG(s) dict_keys(['example_dynamic_task_mapping']) retrieved from /home/rai/.local/lib/python3.10/site-packages/airflow/example_dags/example_dynamic_task_mapping.py
[2023-04-07T12:28:14.881-0300] {logging_mixin.py:137} INFO - [2023-04-07T12:28:14.881-0300] {dag.py:2705} INFO - Sync 1 DAGs
[2023-04-07T12:28:14.898-0300] {logging_mixin.py:137} INFO - [2023-04-07T12:28:14.897-0300] {dag.py:3452} INFO - Setting next_dagrun for example_dynamic_task_mapping to 2022-03-04T00:00:00+00:00, run_after=2022-03-05T00:00:00+00:00
[2023-04-07T12:28:14.918-0300] {processor.py:175} INFO - Processing /home/rai/.local/lib/python3.10/site-packages/airflow/example_dags/example_dynamic_task_mapping.py took 0.079 seconds
[2023-04-07T12:29:00.685-0300] {processor.py:153} INFO - Started process (PID=1745) to work on /home/rai/.local/lib/python3.10/site-packages/airflow/example_dags/example_dynamic_task_mapping.py
[2023-04-07T12:29:00.688-0300] {processor.py:743} INFO - Processing file /home/rai/.local/lib/python3.10/site-packages/airflow/example_dags/example_dynamic_task_mapping.py for tasks to queue
[2023-04-07T12:29:00.690-0300] {logging_mixin.py:137} INFO - [2023-04-07T12:29:00.689-0300] {dagbag.py:532} INFO - Filling up the DagBag from /home/rai/.local/lib/python3.10/site-packages/airflow/example_dags/example_dynamic_task_mapping.py
[2023-04-07T12:29:00.734-0300] {processor.py:753} INFO - DAG(s) dict_keys(['example_dynamic_task_mapping']) retrieved from /home/rai/.local/lib/python3.10/site-packages/airflow/example_dags/example_dynamic_task_mapping.py
[2023-04-07T12:29:00.774-0300] {logging_mixin.py:137} INFO - [2023-04-07T12:29:00.774-0300] {dag.py:2705} INFO - Sync 1 DAGs
[2023-04-07T12:29:00.806-0300] {logging_mixin.py:137} INFO - [2023-04-07T12:29:00.806-0300] {dag.py:3452} INFO - Setting next_dagrun for example_dynamic_task_mapping to 2022-03-04T00:00:00+00:00, run_after=2022-03-05T00:00:00+00:00
[2023-04-07T12:29:00.839-0300] {processor.py:175} INFO - Processing /home/rai/.local/lib/python3.10/site-packages/airflow/example_dags/example_dynamic_task_mapping.py took 0.161 seconds
[2023-04-07T12:29:43.028-0300] {processor.py:153} INFO - Started process (PID=1787) to work on /home/rai/.local/lib/python3.10/site-packages/airflow/example_dags/example_dynamic_task_mapping.py
[2023-04-07T12:29:43.033-0300] {processor.py:743} INFO - Processing file /home/rai/.local/lib/python3.10/site-packages/airflow/example_dags/example_dynamic_task_mapping.py for tasks to queue
[2023-04-07T12:29:43.034-0300] {logging_mixin.py:137} INFO - [2023-04-07T12:29:43.034-0300] {dagbag.py:532} INFO - Filling up the DagBag from /home/rai/.local/lib/python3.10/site-packages/airflow/example_dags/example_dynamic_task_mapping.py
[2023-04-07T12:29:43.067-0300] {processor.py:753} INFO - DAG(s) dict_keys(['example_dynamic_task_mapping']) retrieved from /home/rai/.local/lib/python3.10/site-packages/airflow/example_dags/example_dynamic_task_mapping.py
[2023-04-07T12:29:43.086-0300] {logging_mixin.py:137} INFO - [2023-04-07T12:29:43.086-0300] {dag.py:2705} INFO - Sync 1 DAGs
[2023-04-07T12:29:43.104-0300] {logging_mixin.py:137} INFO - [2023-04-07T12:29:43.104-0300] {dag.py:3452} INFO - Setting next_dagrun for example_dynamic_task_mapping to 2022-03-04T00:00:00+00:00, run_after=2022-03-05T00:00:00+00:00
[2023-04-07T12:29:43.124-0300] {processor.py:175} INFO - Processing /home/rai/.local/lib/python3.10/site-packages/airflow/example_dags/example_dynamic_task_mapping.py took 0.100 seconds
[2023-04-07T12:30:29.767-0300] {processor.py:153} INFO - Started process (PID=1834) to work on /home/rai/.local/lib/python3.10/site-packages/airflow/example_dags/example_dynamic_task_mapping.py
[2023-04-07T12:30:29.768-0300] {processor.py:743} INFO - Processing file /home/rai/.local/lib/python3.10/site-packages/airflow/example_dags/example_dynamic_task_mapping.py for tasks to queue
[2023-04-07T12:30:29.769-0300] {logging_mixin.py:137} INFO - [2023-04-07T12:30:29.768-0300] {dagbag.py:532} INFO - Filling up the DagBag from /home/rai/.local/lib/python3.10/site-packages/airflow/example_dags/example_dynamic_task_mapping.py
[2023-04-07T12:30:29.796-0300] {processor.py:753} INFO - DAG(s) dict_keys(['example_dynamic_task_mapping']) retrieved from /home/rai/.local/lib/python3.10/site-packages/airflow/example_dags/example_dynamic_task_mapping.py
[2023-04-07T12:30:29.813-0300] {logging_mixin.py:137} INFO - [2023-04-07T12:30:29.813-0300] {dag.py:2705} INFO - Sync 1 DAGs
[2023-04-07T12:30:29.831-0300] {logging_mixin.py:137} INFO - [2023-04-07T12:30:29.831-0300] {dag.py:3452} INFO - Setting next_dagrun for example_dynamic_task_mapping to 2022-03-04T00:00:00+00:00, run_after=2022-03-05T00:00:00+00:00
[2023-04-07T12:30:29.860-0300] {processor.py:175} INFO - Processing /home/rai/.local/lib/python3.10/site-packages/airflow/example_dags/example_dynamic_task_mapping.py took 0.096 seconds
[2023-04-07T12:31:14.411-0300] {processor.py:153} INFO - Started process (PID=1874) to work on /home/rai/.local/lib/python3.10/site-packages/airflow/example_dags/example_dynamic_task_mapping.py
[2023-04-07T12:31:14.416-0300] {processor.py:743} INFO - Processing file /home/rai/.local/lib/python3.10/site-packages/airflow/example_dags/example_dynamic_task_mapping.py for tasks to queue
[2023-04-07T12:31:14.417-0300] {logging_mixin.py:137} INFO - [2023-04-07T12:31:14.417-0300] {dagbag.py:532} INFO - Filling up the DagBag from /home/rai/.local/lib/python3.10/site-packages/airflow/example_dags/example_dynamic_task_mapping.py
[2023-04-07T12:31:14.450-0300] {processor.py:753} INFO - DAG(s) dict_keys(['example_dynamic_task_mapping']) retrieved from /home/rai/.local/lib/python3.10/site-packages/airflow/example_dags/example_dynamic_task_mapping.py
[2023-04-07T12:31:14.470-0300] {logging_mixin.py:137} INFO - [2023-04-07T12:31:14.470-0300] {dag.py:2705} INFO - Sync 1 DAGs
[2023-04-07T12:31:14.490-0300] {logging_mixin.py:137} INFO - [2023-04-07T12:31:14.490-0300] {dag.py:3452} INFO - Setting next_dagrun for example_dynamic_task_mapping to 2022-03-04T00:00:00+00:00, run_after=2022-03-05T00:00:00+00:00
[2023-04-07T12:31:14.512-0300] {processor.py:175} INFO - Processing /home/rai/.local/lib/python3.10/site-packages/airflow/example_dags/example_dynamic_task_mapping.py took 0.106 seconds
[2023-04-07T12:31:56.454-0300] {processor.py:153} INFO - Started process (PID=1916) to work on /home/rai/.local/lib/python3.10/site-packages/airflow/example_dags/example_dynamic_task_mapping.py
[2023-04-07T12:31:56.456-0300] {processor.py:743} INFO - Processing file /home/rai/.local/lib/python3.10/site-packages/airflow/example_dags/example_dynamic_task_mapping.py for tasks to queue
[2023-04-07T12:31:56.457-0300] {logging_mixin.py:137} INFO - [2023-04-07T12:31:56.457-0300] {dagbag.py:532} INFO - Filling up the DagBag from /home/rai/.local/lib/python3.10/site-packages/airflow/example_dags/example_dynamic_task_mapping.py
[2023-04-07T12:31:56.493-0300] {processor.py:753} INFO - DAG(s) dict_keys(['example_dynamic_task_mapping']) retrieved from /home/rai/.local/lib/python3.10/site-packages/airflow/example_dags/example_dynamic_task_mapping.py
[2023-04-07T12:31:56.512-0300] {logging_mixin.py:137} INFO - [2023-04-07T12:31:56.512-0300] {dag.py:2705} INFO - Sync 1 DAGs
[2023-04-07T12:31:56.538-0300] {logging_mixin.py:137} INFO - [2023-04-07T12:31:56.538-0300] {dag.py:3452} INFO - Setting next_dagrun for example_dynamic_task_mapping to 2022-03-04T00:00:00+00:00, run_after=2022-03-05T00:00:00+00:00
[2023-04-07T12:31:56.561-0300] {processor.py:175} INFO - Processing /home/rai/.local/lib/python3.10/site-packages/airflow/example_dags/example_dynamic_task_mapping.py took 0.110 seconds
[2023-04-07T12:32:46.977-0300] {processor.py:153} INFO - Started process (PID=1965) to work on /home/rai/.local/lib/python3.10/site-packages/airflow/example_dags/example_dynamic_task_mapping.py
[2023-04-07T12:32:46.983-0300] {processor.py:743} INFO - Processing file /home/rai/.local/lib/python3.10/site-packages/airflow/example_dags/example_dynamic_task_mapping.py for tasks to queue
[2023-04-07T12:32:46.984-0300] {logging_mixin.py:137} INFO - [2023-04-07T12:32:46.984-0300] {dagbag.py:532} INFO - Filling up the DagBag from /home/rai/.local/lib/python3.10/site-packages/airflow/example_dags/example_dynamic_task_mapping.py
[2023-04-07T12:32:47.030-0300] {processor.py:753} INFO - DAG(s) dict_keys(['example_dynamic_task_mapping']) retrieved from /home/rai/.local/lib/python3.10/site-packages/airflow/example_dags/example_dynamic_task_mapping.py
[2023-04-07T12:32:47.057-0300] {logging_mixin.py:137} INFO - [2023-04-07T12:32:47.056-0300] {dag.py:2705} INFO - Sync 1 DAGs
[2023-04-07T12:32:47.078-0300] {logging_mixin.py:137} INFO - [2023-04-07T12:32:47.078-0300] {dag.py:3452} INFO - Setting next_dagrun for example_dynamic_task_mapping to 2022-03-04T00:00:00+00:00, run_after=2022-03-05T00:00:00+00:00
[2023-04-07T12:32:47.112-0300] {processor.py:175} INFO - Processing /home/rai/.local/lib/python3.10/site-packages/airflow/example_dags/example_dynamic_task_mapping.py took 0.139 seconds
[2023-04-07T12:33:39.608-0300] {processor.py:153} INFO - Started process (PID=2017) to work on /home/rai/.local/lib/python3.10/site-packages/airflow/example_dags/example_dynamic_task_mapping.py
[2023-04-07T12:33:39.613-0300] {processor.py:743} INFO - Processing file /home/rai/.local/lib/python3.10/site-packages/airflow/example_dags/example_dynamic_task_mapping.py for tasks to queue
[2023-04-07T12:33:39.614-0300] {logging_mixin.py:137} INFO - [2023-04-07T12:33:39.614-0300] {dagbag.py:532} INFO - Filling up the DagBag from /home/rai/.local/lib/python3.10/site-packages/airflow/example_dags/example_dynamic_task_mapping.py
[2023-04-07T12:33:39.660-0300] {processor.py:753} INFO - DAG(s) dict_keys(['example_dynamic_task_mapping']) retrieved from /home/rai/.local/lib/python3.10/site-packages/airflow/example_dags/example_dynamic_task_mapping.py
[2023-04-07T12:33:39.687-0300] {logging_mixin.py:137} INFO - [2023-04-07T12:33:39.687-0300] {dag.py:2705} INFO - Sync 1 DAGs
[2023-04-07T12:33:39.711-0300] {logging_mixin.py:137} INFO - [2023-04-07T12:33:39.711-0300] {dag.py:3452} INFO - Setting next_dagrun for example_dynamic_task_mapping to 2022-03-04T00:00:00+00:00, run_after=2022-03-05T00:00:00+00:00
[2023-04-07T12:33:39.734-0300] {processor.py:175} INFO - Processing /home/rai/.local/lib/python3.10/site-packages/airflow/example_dags/example_dynamic_task_mapping.py took 0.132 seconds
[2023-04-07T12:34:22.430-0300] {processor.py:153} INFO - Started process (PID=2059) to work on /home/rai/.local/lib/python3.10/site-packages/airflow/example_dags/example_dynamic_task_mapping.py
[2023-04-07T12:34:22.431-0300] {processor.py:743} INFO - Processing file /home/rai/.local/lib/python3.10/site-packages/airflow/example_dags/example_dynamic_task_mapping.py for tasks to queue
[2023-04-07T12:34:22.432-0300] {logging_mixin.py:137} INFO - [2023-04-07T12:34:22.432-0300] {dagbag.py:532} INFO - Filling up the DagBag from /home/rai/.local/lib/python3.10/site-packages/airflow/example_dags/example_dynamic_task_mapping.py
[2023-04-07T12:34:22.452-0300] {processor.py:753} INFO - DAG(s) dict_keys(['example_dynamic_task_mapping']) retrieved from /home/rai/.local/lib/python3.10/site-packages/airflow/example_dags/example_dynamic_task_mapping.py
[2023-04-07T12:34:22.466-0300] {logging_mixin.py:137} INFO - [2023-04-07T12:34:22.466-0300] {dag.py:2705} INFO - Sync 1 DAGs
[2023-04-07T12:34:22.484-0300] {logging_mixin.py:137} INFO - [2023-04-07T12:34:22.483-0300] {dag.py:3452} INFO - Setting next_dagrun for example_dynamic_task_mapping to 2022-03-04T00:00:00+00:00, run_after=2022-03-05T00:00:00+00:00
[2023-04-07T12:34:22.504-0300] {processor.py:175} INFO - Processing /home/rai/.local/lib/python3.10/site-packages/airflow/example_dags/example_dynamic_task_mapping.py took 0.076 seconds
[2023-04-07T12:35:13.466-0300] {processor.py:153} INFO - Started process (PID=2109) to work on /home/rai/.local/lib/python3.10/site-packages/airflow/example_dags/example_dynamic_task_mapping.py
[2023-04-07T12:35:13.467-0300] {processor.py:743} INFO - Processing file /home/rai/.local/lib/python3.10/site-packages/airflow/example_dags/example_dynamic_task_mapping.py for tasks to queue
[2023-04-07T12:35:13.468-0300] {logging_mixin.py:137} INFO - [2023-04-07T12:35:13.468-0300] {dagbag.py:532} INFO - Filling up the DagBag from /home/rai/.local/lib/python3.10/site-packages/airflow/example_dags/example_dynamic_task_mapping.py
[2023-04-07T12:35:13.485-0300] {processor.py:753} INFO - DAG(s) dict_keys(['example_dynamic_task_mapping']) retrieved from /home/rai/.local/lib/python3.10/site-packages/airflow/example_dags/example_dynamic_task_mapping.py
[2023-04-07T12:35:13.500-0300] {logging_mixin.py:137} INFO - [2023-04-07T12:35:13.500-0300] {dag.py:2705} INFO - Sync 1 DAGs
[2023-04-07T12:35:13.517-0300] {logging_mixin.py:137} INFO - [2023-04-07T12:35:13.516-0300] {dag.py:3452} INFO - Setting next_dagrun for example_dynamic_task_mapping to 2022-03-04T00:00:00+00:00, run_after=2022-03-05T00:00:00+00:00
[2023-04-07T12:35:13.537-0300] {processor.py:175} INFO - Processing /home/rai/.local/lib/python3.10/site-packages/airflow/example_dags/example_dynamic_task_mapping.py took 0.074 seconds
[2023-04-07T12:36:02.705-0300] {processor.py:153} INFO - Started process (PID=2159) to work on /home/rai/.local/lib/python3.10/site-packages/airflow/example_dags/example_dynamic_task_mapping.py
[2023-04-07T12:36:02.706-0300] {processor.py:743} INFO - Processing file /home/rai/.local/lib/python3.10/site-packages/airflow/example_dags/example_dynamic_task_mapping.py for tasks to queue
[2023-04-07T12:36:02.707-0300] {logging_mixin.py:137} INFO - [2023-04-07T12:36:02.706-0300] {dagbag.py:532} INFO - Filling up the DagBag from /home/rai/.local/lib/python3.10/site-packages/airflow/example_dags/example_dynamic_task_mapping.py
[2023-04-07T12:36:02.725-0300] {processor.py:753} INFO - DAG(s) dict_keys(['example_dynamic_task_mapping']) retrieved from /home/rai/.local/lib/python3.10/site-packages/airflow/example_dags/example_dynamic_task_mapping.py
[2023-04-07T12:36:02.739-0300] {logging_mixin.py:137} INFO - [2023-04-07T12:36:02.739-0300] {dag.py:2705} INFO - Sync 1 DAGs
[2023-04-07T12:36:02.758-0300] {logging_mixin.py:137} INFO - [2023-04-07T12:36:02.758-0300] {dag.py:3452} INFO - Setting next_dagrun for example_dynamic_task_mapping to 2022-03-04T00:00:00+00:00, run_after=2022-03-05T00:00:00+00:00
[2023-04-07T12:36:02.777-0300] {processor.py:175} INFO - Processing /home/rai/.local/lib/python3.10/site-packages/airflow/example_dags/example_dynamic_task_mapping.py took 0.075 seconds
[2023-04-07T12:36:50.319-0300] {processor.py:153} INFO - Started process (PID=2208) to work on /home/rai/.local/lib/python3.10/site-packages/airflow/example_dags/example_dynamic_task_mapping.py
[2023-04-07T12:36:50.323-0300] {processor.py:743} INFO - Processing file /home/rai/.local/lib/python3.10/site-packages/airflow/example_dags/example_dynamic_task_mapping.py for tasks to queue
[2023-04-07T12:36:50.324-0300] {logging_mixin.py:137} INFO - [2023-04-07T12:36:50.324-0300] {dagbag.py:532} INFO - Filling up the DagBag from /home/rai/.local/lib/python3.10/site-packages/airflow/example_dags/example_dynamic_task_mapping.py
[2023-04-07T12:36:50.341-0300] {processor.py:753} INFO - DAG(s) dict_keys(['example_dynamic_task_mapping']) retrieved from /home/rai/.local/lib/python3.10/site-packages/airflow/example_dags/example_dynamic_task_mapping.py
[2023-04-07T12:36:50.356-0300] {logging_mixin.py:137} INFO - [2023-04-07T12:36:50.356-0300] {dag.py:2705} INFO - Sync 1 DAGs
[2023-04-07T12:36:50.374-0300] {logging_mixin.py:137} INFO - [2023-04-07T12:36:50.374-0300] {dag.py:3452} INFO - Setting next_dagrun for example_dynamic_task_mapping to 2022-03-04T00:00:00+00:00, run_after=2022-03-05T00:00:00+00:00
[2023-04-07T12:36:50.394-0300] {processor.py:175} INFO - Processing /home/rai/.local/lib/python3.10/site-packages/airflow/example_dags/example_dynamic_task_mapping.py took 0.078 seconds
[2023-04-07T12:37:29.873-0300] {processor.py:153} INFO - Started process (PID=2250) to work on /home/rai/.local/lib/python3.10/site-packages/airflow/example_dags/example_dynamic_task_mapping.py
[2023-04-07T12:37:29.877-0300] {processor.py:743} INFO - Processing file /home/rai/.local/lib/python3.10/site-packages/airflow/example_dags/example_dynamic_task_mapping.py for tasks to queue
[2023-04-07T12:37:29.878-0300] {logging_mixin.py:137} INFO - [2023-04-07T12:37:29.878-0300] {dagbag.py:532} INFO - Filling up the DagBag from /home/rai/.local/lib/python3.10/site-packages/airflow/example_dags/example_dynamic_task_mapping.py
[2023-04-07T12:37:29.896-0300] {processor.py:753} INFO - DAG(s) dict_keys(['example_dynamic_task_mapping']) retrieved from /home/rai/.local/lib/python3.10/site-packages/airflow/example_dags/example_dynamic_task_mapping.py
[2023-04-07T12:37:29.911-0300] {logging_mixin.py:137} INFO - [2023-04-07T12:37:29.911-0300] {dag.py:2705} INFO - Sync 1 DAGs
[2023-04-07T12:37:29.928-0300] {logging_mixin.py:137} INFO - [2023-04-07T12:37:29.928-0300] {dag.py:3452} INFO - Setting next_dagrun for example_dynamic_task_mapping to 2022-03-04T00:00:00+00:00, run_after=2022-03-05T00:00:00+00:00
[2023-04-07T12:37:29.948-0300] {processor.py:175} INFO - Processing /home/rai/.local/lib/python3.10/site-packages/airflow/example_dags/example_dynamic_task_mapping.py took 0.077 seconds
[2023-04-07T12:38:16.523-0300] {processor.py:153} INFO - Started process (PID=2298) to work on /home/rai/.local/lib/python3.10/site-packages/airflow/example_dags/example_dynamic_task_mapping.py
[2023-04-07T12:38:16.528-0300] {processor.py:743} INFO - Processing file /home/rai/.local/lib/python3.10/site-packages/airflow/example_dags/example_dynamic_task_mapping.py for tasks to queue
[2023-04-07T12:38:16.529-0300] {logging_mixin.py:137} INFO - [2023-04-07T12:38:16.528-0300] {dagbag.py:532} INFO - Filling up the DagBag from /home/rai/.local/lib/python3.10/site-packages/airflow/example_dags/example_dynamic_task_mapping.py
[2023-04-07T12:38:16.547-0300] {processor.py:753} INFO - DAG(s) dict_keys(['example_dynamic_task_mapping']) retrieved from /home/rai/.local/lib/python3.10/site-packages/airflow/example_dags/example_dynamic_task_mapping.py
[2023-04-07T12:38:16.562-0300] {logging_mixin.py:137} INFO - [2023-04-07T12:38:16.562-0300] {dag.py:2705} INFO - Sync 1 DAGs
[2023-04-07T12:38:16.580-0300] {logging_mixin.py:137} INFO - [2023-04-07T12:38:16.579-0300] {dag.py:3452} INFO - Setting next_dagrun for example_dynamic_task_mapping to 2022-03-04T00:00:00+00:00, run_after=2022-03-05T00:00:00+00:00
[2023-04-07T12:38:16.600-0300] {processor.py:175} INFO - Processing /home/rai/.local/lib/python3.10/site-packages/airflow/example_dags/example_dynamic_task_mapping.py took 0.079 seconds
[2023-04-07T12:39:00.441-0300] {processor.py:153} INFO - Started process (PID=2343) to work on /home/rai/.local/lib/python3.10/site-packages/airflow/example_dags/example_dynamic_task_mapping.py
[2023-04-07T12:39:00.442-0300] {processor.py:743} INFO - Processing file /home/rai/.local/lib/python3.10/site-packages/airflow/example_dags/example_dynamic_task_mapping.py for tasks to queue
[2023-04-07T12:39:00.443-0300] {logging_mixin.py:137} INFO - [2023-04-07T12:39:00.442-0300] {dagbag.py:532} INFO - Filling up the DagBag from /home/rai/.local/lib/python3.10/site-packages/airflow/example_dags/example_dynamic_task_mapping.py
[2023-04-07T12:39:00.462-0300] {processor.py:753} INFO - DAG(s) dict_keys(['example_dynamic_task_mapping']) retrieved from /home/rai/.local/lib/python3.10/site-packages/airflow/example_dags/example_dynamic_task_mapping.py
[2023-04-07T12:39:00.477-0300] {logging_mixin.py:137} INFO - [2023-04-07T12:39:00.477-0300] {dag.py:2705} INFO - Sync 1 DAGs
[2023-04-07T12:39:00.495-0300] {logging_mixin.py:137} INFO - [2023-04-07T12:39:00.495-0300] {dag.py:3452} INFO - Setting next_dagrun for example_dynamic_task_mapping to 2022-03-04T00:00:00+00:00, run_after=2022-03-05T00:00:00+00:00
[2023-04-07T12:39:00.514-0300] {processor.py:175} INFO - Processing /home/rai/.local/lib/python3.10/site-packages/airflow/example_dags/example_dynamic_task_mapping.py took 0.076 seconds
[2023-04-07T12:39:48.914-0300] {processor.py:153} INFO - Started process (PID=2392) to work on /home/rai/.local/lib/python3.10/site-packages/airflow/example_dags/example_dynamic_task_mapping.py
[2023-04-07T12:39:48.919-0300] {processor.py:743} INFO - Processing file /home/rai/.local/lib/python3.10/site-packages/airflow/example_dags/example_dynamic_task_mapping.py for tasks to queue
[2023-04-07T12:39:48.920-0300] {logging_mixin.py:137} INFO - [2023-04-07T12:39:48.920-0300] {dagbag.py:532} INFO - Filling up the DagBag from /home/rai/.local/lib/python3.10/site-packages/airflow/example_dags/example_dynamic_task_mapping.py
[2023-04-07T12:39:48.938-0300] {processor.py:753} INFO - DAG(s) dict_keys(['example_dynamic_task_mapping']) retrieved from /home/rai/.local/lib/python3.10/site-packages/airflow/example_dags/example_dynamic_task_mapping.py
[2023-04-07T12:39:48.954-0300] {logging_mixin.py:137} INFO - [2023-04-07T12:39:48.954-0300] {dag.py:2705} INFO - Sync 1 DAGs
[2023-04-07T12:39:48.972-0300] {logging_mixin.py:137} INFO - [2023-04-07T12:39:48.972-0300] {dag.py:3452} INFO - Setting next_dagrun for example_dynamic_task_mapping to 2022-03-04T00:00:00+00:00, run_after=2022-03-05T00:00:00+00:00
[2023-04-07T12:39:49.073-0300] {processor.py:175} INFO - Processing /home/rai/.local/lib/python3.10/site-packages/airflow/example_dags/example_dynamic_task_mapping.py took 0.162 seconds
[2023-04-07T12:40:43.483-0300] {processor.py:153} INFO - Started process (PID=2444) to work on /home/rai/.local/lib/python3.10/site-packages/airflow/example_dags/example_dynamic_task_mapping.py
[2023-04-07T12:40:43.488-0300] {processor.py:743} INFO - Processing file /home/rai/.local/lib/python3.10/site-packages/airflow/example_dags/example_dynamic_task_mapping.py for tasks to queue
[2023-04-07T12:40:43.489-0300] {logging_mixin.py:137} INFO - [2023-04-07T12:40:43.489-0300] {dagbag.py:532} INFO - Filling up the DagBag from /home/rai/.local/lib/python3.10/site-packages/airflow/example_dags/example_dynamic_task_mapping.py
[2023-04-07T12:40:43.509-0300] {processor.py:753} INFO - DAG(s) dict_keys(['example_dynamic_task_mapping']) retrieved from /home/rai/.local/lib/python3.10/site-packages/airflow/example_dags/example_dynamic_task_mapping.py
[2023-04-07T12:40:43.526-0300] {logging_mixin.py:137} INFO - [2023-04-07T12:40:43.525-0300] {dag.py:2705} INFO - Sync 1 DAGs
[2023-04-07T12:40:43.625-0300] {logging_mixin.py:137} INFO - [2023-04-07T12:40:43.625-0300] {dag.py:3452} INFO - Setting next_dagrun for example_dynamic_task_mapping to 2022-03-04T00:00:00+00:00, run_after=2022-03-05T00:00:00+00:00
[2023-04-07T12:40:43.644-0300] {processor.py:175} INFO - Processing /home/rai/.local/lib/python3.10/site-packages/airflow/example_dags/example_dynamic_task_mapping.py took 0.163 seconds
[2023-04-07T12:41:35.965-0300] {processor.py:153} INFO - Started process (PID=2496) to work on /home/rai/.local/lib/python3.10/site-packages/airflow/example_dags/example_dynamic_task_mapping.py
[2023-04-07T12:41:35.967-0300] {processor.py:743} INFO - Processing file /home/rai/.local/lib/python3.10/site-packages/airflow/example_dags/example_dynamic_task_mapping.py for tasks to queue
[2023-04-07T12:41:35.967-0300] {logging_mixin.py:137} INFO - [2023-04-07T12:41:35.967-0300] {dagbag.py:532} INFO - Filling up the DagBag from /home/rai/.local/lib/python3.10/site-packages/airflow/example_dags/example_dynamic_task_mapping.py
[2023-04-07T12:41:35.986-0300] {processor.py:753} INFO - DAG(s) dict_keys(['example_dynamic_task_mapping']) retrieved from /home/rai/.local/lib/python3.10/site-packages/airflow/example_dags/example_dynamic_task_mapping.py
[2023-04-07T12:41:36.080-0300] {logging_mixin.py:137} INFO - [2023-04-07T12:41:36.080-0300] {dag.py:2705} INFO - Sync 1 DAGs
[2023-04-07T12:41:36.096-0300] {logging_mixin.py:137} INFO - [2023-04-07T12:41:36.096-0300] {dag.py:3452} INFO - Setting next_dagrun for example_dynamic_task_mapping to 2022-03-04T00:00:00+00:00, run_after=2022-03-05T00:00:00+00:00
[2023-04-07T12:41:36.117-0300] {processor.py:175} INFO - Processing /home/rai/.local/lib/python3.10/site-packages/airflow/example_dags/example_dynamic_task_mapping.py took 0.154 seconds
[2023-04-07T12:42:19.143-0300] {processor.py:153} INFO - Started process (PID=2537) to work on /home/rai/.local/lib/python3.10/site-packages/airflow/example_dags/example_dynamic_task_mapping.py
[2023-04-07T12:42:19.149-0300] {processor.py:743} INFO - Processing file /home/rai/.local/lib/python3.10/site-packages/airflow/example_dags/example_dynamic_task_mapping.py for tasks to queue
[2023-04-07T12:42:19.150-0300] {logging_mixin.py:137} INFO - [2023-04-07T12:42:19.150-0300] {dagbag.py:532} INFO - Filling up the DagBag from /home/rai/.local/lib/python3.10/site-packages/airflow/example_dags/example_dynamic_task_mapping.py
[2023-04-07T12:42:19.168-0300] {processor.py:753} INFO - DAG(s) dict_keys(['example_dynamic_task_mapping']) retrieved from /home/rai/.local/lib/python3.10/site-packages/airflow/example_dags/example_dynamic_task_mapping.py
[2023-04-07T12:42:19.182-0300] {logging_mixin.py:137} INFO - [2023-04-07T12:42:19.182-0300] {dag.py:2705} INFO - Sync 1 DAGs
[2023-04-07T12:42:19.199-0300] {logging_mixin.py:137} INFO - [2023-04-07T12:42:19.198-0300] {dag.py:3452} INFO - Setting next_dagrun for example_dynamic_task_mapping to 2022-03-04T00:00:00+00:00, run_after=2022-03-05T00:00:00+00:00
[2023-04-07T12:42:19.218-0300] {processor.py:175} INFO - Processing /home/rai/.local/lib/python3.10/site-packages/airflow/example_dags/example_dynamic_task_mapping.py took 0.077 seconds
[2023-04-07T12:42:59.376-0300] {processor.py:153} INFO - Started process (PID=2578) to work on /home/rai/.local/lib/python3.10/site-packages/airflow/example_dags/example_dynamic_task_mapping.py
[2023-04-07T12:42:59.378-0300] {processor.py:743} INFO - Processing file /home/rai/.local/lib/python3.10/site-packages/airflow/example_dags/example_dynamic_task_mapping.py for tasks to queue
[2023-04-07T12:42:59.378-0300] {logging_mixin.py:137} INFO - [2023-04-07T12:42:59.378-0300] {dagbag.py:532} INFO - Filling up the DagBag from /home/rai/.local/lib/python3.10/site-packages/airflow/example_dags/example_dynamic_task_mapping.py
[2023-04-07T12:42:59.396-0300] {processor.py:753} INFO - DAG(s) dict_keys(['example_dynamic_task_mapping']) retrieved from /home/rai/.local/lib/python3.10/site-packages/airflow/example_dags/example_dynamic_task_mapping.py
[2023-04-07T12:42:59.411-0300] {logging_mixin.py:137} INFO - [2023-04-07T12:42:59.410-0300] {dag.py:2705} INFO - Sync 1 DAGs
[2023-04-07T12:42:59.427-0300] {logging_mixin.py:137} INFO - [2023-04-07T12:42:59.427-0300] {dag.py:3452} INFO - Setting next_dagrun for example_dynamic_task_mapping to 2022-03-04T00:00:00+00:00, run_after=2022-03-05T00:00:00+00:00
[2023-04-07T12:42:59.446-0300] {processor.py:175} INFO - Processing /home/rai/.local/lib/python3.10/site-packages/airflow/example_dags/example_dynamic_task_mapping.py took 0.071 seconds
[2023-04-07T12:43:44.348-0300] {processor.py:153} INFO - Started process (PID=2623) to work on /home/rai/.local/lib/python3.10/site-packages/airflow/example_dags/example_dynamic_task_mapping.py
[2023-04-07T12:43:44.349-0300] {processor.py:743} INFO - Processing file /home/rai/.local/lib/python3.10/site-packages/airflow/example_dags/example_dynamic_task_mapping.py for tasks to queue
[2023-04-07T12:43:44.350-0300] {logging_mixin.py:137} INFO - [2023-04-07T12:43:44.350-0300] {dagbag.py:532} INFO - Filling up the DagBag from /home/rai/.local/lib/python3.10/site-packages/airflow/example_dags/example_dynamic_task_mapping.py
[2023-04-07T12:43:44.367-0300] {processor.py:753} INFO - DAG(s) dict_keys(['example_dynamic_task_mapping']) retrieved from /home/rai/.local/lib/python3.10/site-packages/airflow/example_dags/example_dynamic_task_mapping.py
[2023-04-07T12:43:44.382-0300] {logging_mixin.py:137} INFO - [2023-04-07T12:43:44.382-0300] {dag.py:2705} INFO - Sync 1 DAGs
[2023-04-07T12:43:44.399-0300] {logging_mixin.py:137} INFO - [2023-04-07T12:43:44.398-0300] {dag.py:3452} INFO - Setting next_dagrun for example_dynamic_task_mapping to 2022-03-04T00:00:00+00:00, run_after=2022-03-05T00:00:00+00:00
[2023-04-07T12:43:44.419-0300] {processor.py:175} INFO - Processing /home/rai/.local/lib/python3.10/site-packages/airflow/example_dags/example_dynamic_task_mapping.py took 0.073 seconds
[2023-04-07T12:44:35.338-0300] {processor.py:153} INFO - Started process (PID=2673) to work on /home/rai/.local/lib/python3.10/site-packages/airflow/example_dags/example_dynamic_task_mapping.py
[2023-04-07T12:44:35.344-0300] {processor.py:743} INFO - Processing file /home/rai/.local/lib/python3.10/site-packages/airflow/example_dags/example_dynamic_task_mapping.py for tasks to queue
[2023-04-07T12:44:35.345-0300] {logging_mixin.py:137} INFO - [2023-04-07T12:44:35.345-0300] {dagbag.py:532} INFO - Filling up the DagBag from /home/rai/.local/lib/python3.10/site-packages/airflow/example_dags/example_dynamic_task_mapping.py
[2023-04-07T12:44:35.362-0300] {processor.py:753} INFO - DAG(s) dict_keys(['example_dynamic_task_mapping']) retrieved from /home/rai/.local/lib/python3.10/site-packages/airflow/example_dags/example_dynamic_task_mapping.py
[2023-04-07T12:44:35.377-0300] {logging_mixin.py:137} INFO - [2023-04-07T12:44:35.376-0300] {dag.py:2705} INFO - Sync 1 DAGs
[2023-04-07T12:44:35.473-0300] {logging_mixin.py:137} INFO - [2023-04-07T12:44:35.473-0300] {dag.py:3452} INFO - Setting next_dagrun for example_dynamic_task_mapping to 2022-03-04T00:00:00+00:00, run_after=2022-03-05T00:00:00+00:00
[2023-04-07T12:44:35.492-0300] {processor.py:175} INFO - Processing /home/rai/.local/lib/python3.10/site-packages/airflow/example_dags/example_dynamic_task_mapping.py took 0.157 seconds
[2023-04-07T12:45:18.408-0300] {processor.py:153} INFO - Started process (PID=2714) to work on /home/rai/.local/lib/python3.10/site-packages/airflow/example_dags/example_dynamic_task_mapping.py
[2023-04-07T12:45:18.414-0300] {processor.py:743} INFO - Processing file /home/rai/.local/lib/python3.10/site-packages/airflow/example_dags/example_dynamic_task_mapping.py for tasks to queue
[2023-04-07T12:45:18.415-0300] {logging_mixin.py:137} INFO - [2023-04-07T12:45:18.415-0300] {dagbag.py:532} INFO - Filling up the DagBag from /home/rai/.local/lib/python3.10/site-packages/airflow/example_dags/example_dynamic_task_mapping.py
[2023-04-07T12:45:18.433-0300] {processor.py:753} INFO - DAG(s) dict_keys(['example_dynamic_task_mapping']) retrieved from /home/rai/.local/lib/python3.10/site-packages/airflow/example_dags/example_dynamic_task_mapping.py
[2023-04-07T12:45:18.447-0300] {logging_mixin.py:137} INFO - [2023-04-07T12:45:18.447-0300] {dag.py:2705} INFO - Sync 1 DAGs
[2023-04-07T12:45:18.544-0300] {logging_mixin.py:137} INFO - [2023-04-07T12:45:18.544-0300] {dag.py:3452} INFO - Setting next_dagrun for example_dynamic_task_mapping to 2022-03-04T00:00:00+00:00, run_after=2022-03-05T00:00:00+00:00
[2023-04-07T12:45:18.564-0300] {processor.py:175} INFO - Processing /home/rai/.local/lib/python3.10/site-packages/airflow/example_dags/example_dynamic_task_mapping.py took 0.158 seconds
[2023-04-07T12:45:59.124-0300] {processor.py:153} INFO - Started process (PID=2755) to work on /home/rai/.local/lib/python3.10/site-packages/airflow/example_dags/example_dynamic_task_mapping.py
[2023-04-07T12:45:59.129-0300] {processor.py:743} INFO - Processing file /home/rai/.local/lib/python3.10/site-packages/airflow/example_dags/example_dynamic_task_mapping.py for tasks to queue
[2023-04-07T12:45:59.130-0300] {logging_mixin.py:137} INFO - [2023-04-07T12:45:59.130-0300] {dagbag.py:532} INFO - Filling up the DagBag from /home/rai/.local/lib/python3.10/site-packages/airflow/example_dags/example_dynamic_task_mapping.py
[2023-04-07T12:45:59.148-0300] {processor.py:753} INFO - DAG(s) dict_keys(['example_dynamic_task_mapping']) retrieved from /home/rai/.local/lib/python3.10/site-packages/airflow/example_dags/example_dynamic_task_mapping.py
[2023-04-07T12:45:59.243-0300] {logging_mixin.py:137} INFO - [2023-04-07T12:45:59.242-0300] {dag.py:2705} INFO - Sync 1 DAGs
[2023-04-07T12:45:59.258-0300] {logging_mixin.py:137} INFO - [2023-04-07T12:45:59.258-0300] {dag.py:3452} INFO - Setting next_dagrun for example_dynamic_task_mapping to 2022-03-04T00:00:00+00:00, run_after=2022-03-05T00:00:00+00:00
[2023-04-07T12:45:59.278-0300] {processor.py:175} INFO - Processing /home/rai/.local/lib/python3.10/site-packages/airflow/example_dags/example_dynamic_task_mapping.py took 0.156 seconds
[2023-04-07T12:48:17.644-0300] {processor.py:153} INFO - Started process (PID=2817) to work on /home/rai/.local/lib/python3.10/site-packages/airflow/example_dags/example_dynamic_task_mapping.py
[2023-04-07T12:48:17.646-0300] {processor.py:743} INFO - Processing file /home/rai/.local/lib/python3.10/site-packages/airflow/example_dags/example_dynamic_task_mapping.py for tasks to queue
[2023-04-07T12:48:17.647-0300] {logging_mixin.py:137} INFO - [2023-04-07T12:48:17.647-0300] {dagbag.py:532} INFO - Filling up the DagBag from /home/rai/.local/lib/python3.10/site-packages/airflow/example_dags/example_dynamic_task_mapping.py
[2023-04-07T12:48:17.682-0300] {processor.py:753} INFO - DAG(s) dict_keys(['example_dynamic_task_mapping']) retrieved from /home/rai/.local/lib/python3.10/site-packages/airflow/example_dags/example_dynamic_task_mapping.py
[2023-04-07T12:48:17.703-0300] {logging_mixin.py:137} INFO - [2023-04-07T12:48:17.703-0300] {dag.py:2705} INFO - Sync 1 DAGs
[2023-04-07T12:48:17.724-0300] {logging_mixin.py:137} INFO - [2023-04-07T12:48:17.723-0300] {dag.py:3452} INFO - Setting next_dagrun for example_dynamic_task_mapping to 2022-03-04T00:00:00+00:00, run_after=2022-03-05T00:00:00+00:00
[2023-04-07T12:48:17.746-0300] {processor.py:175} INFO - Processing /home/rai/.local/lib/python3.10/site-packages/airflow/example_dags/example_dynamic_task_mapping.py took 0.107 seconds
[2023-04-07T12:49:02.180-0300] {processor.py:153} INFO - Started process (PID=2859) to work on /home/rai/.local/lib/python3.10/site-packages/airflow/example_dags/example_dynamic_task_mapping.py
[2023-04-07T12:49:02.185-0300] {processor.py:743} INFO - Processing file /home/rai/.local/lib/python3.10/site-packages/airflow/example_dags/example_dynamic_task_mapping.py for tasks to queue
[2023-04-07T12:49:02.186-0300] {logging_mixin.py:137} INFO - [2023-04-07T12:49:02.186-0300] {dagbag.py:532} INFO - Filling up the DagBag from /home/rai/.local/lib/python3.10/site-packages/airflow/example_dags/example_dynamic_task_mapping.py
[2023-04-07T12:49:02.220-0300] {processor.py:753} INFO - DAG(s) dict_keys(['example_dynamic_task_mapping']) retrieved from /home/rai/.local/lib/python3.10/site-packages/airflow/example_dags/example_dynamic_task_mapping.py
[2023-04-07T12:49:02.240-0300] {logging_mixin.py:137} INFO - [2023-04-07T12:49:02.240-0300] {dag.py:2705} INFO - Sync 1 DAGs
[2023-04-07T12:49:02.259-0300] {logging_mixin.py:137} INFO - [2023-04-07T12:49:02.259-0300] {dag.py:3452} INFO - Setting next_dagrun for example_dynamic_task_mapping to 2022-03-04T00:00:00+00:00, run_after=2022-03-05T00:00:00+00:00
[2023-04-07T12:49:02.291-0300] {processor.py:175} INFO - Processing /home/rai/.local/lib/python3.10/site-packages/airflow/example_dags/example_dynamic_task_mapping.py took 0.116 seconds
[2023-04-07T12:49:53.499-0300] {processor.py:153} INFO - Started process (PID=2904) to work on /home/rai/.local/lib/python3.10/site-packages/airflow/example_dags/example_dynamic_task_mapping.py
[2023-04-07T12:49:53.503-0300] {processor.py:743} INFO - Processing file /home/rai/.local/lib/python3.10/site-packages/airflow/example_dags/example_dynamic_task_mapping.py for tasks to queue
[2023-04-07T12:49:53.505-0300] {logging_mixin.py:137} INFO - [2023-04-07T12:49:53.504-0300] {dagbag.py:532} INFO - Filling up the DagBag from /home/rai/.local/lib/python3.10/site-packages/airflow/example_dags/example_dynamic_task_mapping.py
[2023-04-07T12:49:53.549-0300] {processor.py:753} INFO - DAG(s) dict_keys(['example_dynamic_task_mapping']) retrieved from /home/rai/.local/lib/python3.10/site-packages/airflow/example_dags/example_dynamic_task_mapping.py
[2023-04-07T12:49:53.572-0300] {logging_mixin.py:137} INFO - [2023-04-07T12:49:53.572-0300] {dag.py:2705} INFO - Sync 1 DAGs
[2023-04-07T12:49:53.594-0300] {logging_mixin.py:137} INFO - [2023-04-07T12:49:53.594-0300] {dag.py:3452} INFO - Setting next_dagrun for example_dynamic_task_mapping to 2022-03-04T00:00:00+00:00, run_after=2022-03-05T00:00:00+00:00
[2023-04-07T12:49:53.739-0300] {processor.py:175} INFO - Processing /home/rai/.local/lib/python3.10/site-packages/airflow/example_dags/example_dynamic_task_mapping.py took 0.245 seconds
[2023-04-07T12:50:52.694-0300] {processor.py:153} INFO - Started process (PID=2955) to work on /home/rai/.local/lib/python3.10/site-packages/airflow/example_dags/example_dynamic_task_mapping.py
[2023-04-07T12:50:52.696-0300] {processor.py:743} INFO - Processing file /home/rai/.local/lib/python3.10/site-packages/airflow/example_dags/example_dynamic_task_mapping.py for tasks to queue
[2023-04-07T12:50:52.697-0300] {logging_mixin.py:137} INFO - [2023-04-07T12:50:52.697-0300] {dagbag.py:532} INFO - Filling up the DagBag from /home/rai/.local/lib/python3.10/site-packages/airflow/example_dags/example_dynamic_task_mapping.py
[2023-04-07T12:50:52.737-0300] {processor.py:753} INFO - DAG(s) dict_keys(['example_dynamic_task_mapping']) retrieved from /home/rai/.local/lib/python3.10/site-packages/airflow/example_dags/example_dynamic_task_mapping.py
[2023-04-07T12:50:52.762-0300] {logging_mixin.py:137} INFO - [2023-04-07T12:50:52.762-0300] {dag.py:2705} INFO - Sync 1 DAGs
[2023-04-07T12:50:52.873-0300] {logging_mixin.py:137} INFO - [2023-04-07T12:50:52.873-0300] {dag.py:3452} INFO - Setting next_dagrun for example_dynamic_task_mapping to 2022-03-04T00:00:00+00:00, run_after=2022-03-05T00:00:00+00:00
[2023-04-07T12:50:52.899-0300] {processor.py:175} INFO - Processing /home/rai/.local/lib/python3.10/site-packages/airflow/example_dags/example_dynamic_task_mapping.py took 0.210 seconds
[2023-04-07T12:51:52.241-0300] {processor.py:153} INFO - Started process (PID=3005) to work on /home/rai/.local/lib/python3.10/site-packages/airflow/example_dags/example_dynamic_task_mapping.py
[2023-04-07T12:51:52.243-0300] {processor.py:743} INFO - Processing file /home/rai/.local/lib/python3.10/site-packages/airflow/example_dags/example_dynamic_task_mapping.py for tasks to queue
[2023-04-07T12:51:52.245-0300] {logging_mixin.py:137} INFO - [2023-04-07T12:51:52.245-0300] {dagbag.py:532} INFO - Filling up the DagBag from /home/rai/.local/lib/python3.10/site-packages/airflow/example_dags/example_dynamic_task_mapping.py
[2023-04-07T12:51:52.279-0300] {processor.py:753} INFO - DAG(s) dict_keys(['example_dynamic_task_mapping']) retrieved from /home/rai/.local/lib/python3.10/site-packages/airflow/example_dags/example_dynamic_task_mapping.py
[2023-04-07T12:51:52.302-0300] {logging_mixin.py:137} INFO - [2023-04-07T12:51:52.301-0300] {dag.py:2705} INFO - Sync 1 DAGs
[2023-04-07T12:51:52.427-0300] {logging_mixin.py:137} INFO - [2023-04-07T12:51:52.427-0300] {dag.py:3452} INFO - Setting next_dagrun for example_dynamic_task_mapping to 2022-03-04T00:00:00+00:00, run_after=2022-03-05T00:00:00+00:00
[2023-04-07T12:51:52.454-0300] {processor.py:175} INFO - Processing /home/rai/.local/lib/python3.10/site-packages/airflow/example_dags/example_dynamic_task_mapping.py took 0.218 seconds
[2023-04-07T12:52:52.010-0300] {processor.py:153} INFO - Started process (PID=3056) to work on /home/rai/.local/lib/python3.10/site-packages/airflow/example_dags/example_dynamic_task_mapping.py
[2023-04-07T12:52:52.016-0300] {processor.py:743} INFO - Processing file /home/rai/.local/lib/python3.10/site-packages/airflow/example_dags/example_dynamic_task_mapping.py for tasks to queue
[2023-04-07T12:52:52.017-0300] {logging_mixin.py:137} INFO - [2023-04-07T12:52:52.017-0300] {dagbag.py:532} INFO - Filling up the DagBag from /home/rai/.local/lib/python3.10/site-packages/airflow/example_dags/example_dynamic_task_mapping.py
[2023-04-07T12:52:52.054-0300] {processor.py:753} INFO - DAG(s) dict_keys(['example_dynamic_task_mapping']) retrieved from /home/rai/.local/lib/python3.10/site-packages/airflow/example_dags/example_dynamic_task_mapping.py
[2023-04-07T12:52:52.161-0300] {logging_mixin.py:137} INFO - [2023-04-07T12:52:52.161-0300] {dag.py:2705} INFO - Sync 1 DAGs
[2023-04-07T12:52:52.190-0300] {logging_mixin.py:137} INFO - [2023-04-07T12:52:52.189-0300] {dag.py:3452} INFO - Setting next_dagrun for example_dynamic_task_mapping to 2022-03-04T00:00:00+00:00, run_after=2022-03-05T00:00:00+00:00
[2023-04-07T12:52:52.231-0300] {processor.py:175} INFO - Processing /home/rai/.local/lib/python3.10/site-packages/airflow/example_dags/example_dynamic_task_mapping.py took 0.225 seconds
[2023-04-07T12:53:46.257-0300] {processor.py:153} INFO - Started process (PID=3105) to work on /home/rai/.local/lib/python3.10/site-packages/airflow/example_dags/example_dynamic_task_mapping.py
[2023-04-07T12:53:46.258-0300] {processor.py:743} INFO - Processing file /home/rai/.local/lib/python3.10/site-packages/airflow/example_dags/example_dynamic_task_mapping.py for tasks to queue
[2023-04-07T12:53:46.259-0300] {logging_mixin.py:137} INFO - [2023-04-07T12:53:46.259-0300] {dagbag.py:532} INFO - Filling up the DagBag from /home/rai/.local/lib/python3.10/site-packages/airflow/example_dags/example_dynamic_task_mapping.py
[2023-04-07T12:53:46.291-0300] {processor.py:753} INFO - DAG(s) dict_keys(['example_dynamic_task_mapping']) retrieved from /home/rai/.local/lib/python3.10/site-packages/airflow/example_dags/example_dynamic_task_mapping.py
[2023-04-07T12:53:46.312-0300] {logging_mixin.py:137} INFO - [2023-04-07T12:53:46.312-0300] {dag.py:2705} INFO - Sync 1 DAGs
[2023-04-07T12:53:46.331-0300] {logging_mixin.py:137} INFO - [2023-04-07T12:53:46.331-0300] {dag.py:3452} INFO - Setting next_dagrun for example_dynamic_task_mapping to 2022-03-04T00:00:00+00:00, run_after=2022-03-05T00:00:00+00:00
[2023-04-07T12:53:46.356-0300] {processor.py:175} INFO - Processing /home/rai/.local/lib/python3.10/site-packages/airflow/example_dags/example_dynamic_task_mapping.py took 0.102 seconds
[2023-04-07T12:54:34.926-0300] {processor.py:153} INFO - Started process (PID=3154) to work on /home/rai/.local/lib/python3.10/site-packages/airflow/example_dags/example_dynamic_task_mapping.py
[2023-04-07T12:54:34.927-0300] {processor.py:743} INFO - Processing file /home/rai/.local/lib/python3.10/site-packages/airflow/example_dags/example_dynamic_task_mapping.py for tasks to queue
[2023-04-07T12:54:34.928-0300] {logging_mixin.py:137} INFO - [2023-04-07T12:54:34.928-0300] {dagbag.py:532} INFO - Filling up the DagBag from /home/rai/.local/lib/python3.10/site-packages/airflow/example_dags/example_dynamic_task_mapping.py
[2023-04-07T12:54:34.947-0300] {processor.py:753} INFO - DAG(s) dict_keys(['example_dynamic_task_mapping']) retrieved from /home/rai/.local/lib/python3.10/site-packages/airflow/example_dags/example_dynamic_task_mapping.py
[2023-04-07T12:54:34.964-0300] {logging_mixin.py:137} INFO - [2023-04-07T12:54:34.964-0300] {dag.py:2705} INFO - Sync 1 DAGs
[2023-04-07T12:54:34.982-0300] {logging_mixin.py:137} INFO - [2023-04-07T12:54:34.982-0300] {dag.py:3452} INFO - Setting next_dagrun for example_dynamic_task_mapping to 2022-03-04T00:00:00+00:00, run_after=2022-03-05T00:00:00+00:00
[2023-04-07T12:54:35.003-0300] {processor.py:175} INFO - Processing /home/rai/.local/lib/python3.10/site-packages/airflow/example_dags/example_dynamic_task_mapping.py took 0.079 seconds
[2023-04-07T12:55:33.015-0300] {processor.py:153} INFO - Started process (PID=3210) to work on /home/rai/.local/lib/python3.10/site-packages/airflow/example_dags/example_dynamic_task_mapping.py
[2023-04-07T12:55:33.017-0300] {processor.py:743} INFO - Processing file /home/rai/.local/lib/python3.10/site-packages/airflow/example_dags/example_dynamic_task_mapping.py for tasks to queue
[2023-04-07T12:55:33.018-0300] {logging_mixin.py:137} INFO - [2023-04-07T12:55:33.018-0300] {dagbag.py:532} INFO - Filling up the DagBag from /home/rai/.local/lib/python3.10/site-packages/airflow/example_dags/example_dynamic_task_mapping.py
[2023-04-07T12:55:33.053-0300] {processor.py:753} INFO - DAG(s) dict_keys(['example_dynamic_task_mapping']) retrieved from /home/rai/.local/lib/python3.10/site-packages/airflow/example_dags/example_dynamic_task_mapping.py
[2023-04-07T12:55:33.075-0300] {logging_mixin.py:137} INFO - [2023-04-07T12:55:33.074-0300] {dag.py:2705} INFO - Sync 1 DAGs
[2023-04-07T12:55:33.192-0300] {logging_mixin.py:137} INFO - [2023-04-07T12:55:33.192-0300] {dag.py:3452} INFO - Setting next_dagrun for example_dynamic_task_mapping to 2022-03-04T00:00:00+00:00, run_after=2022-03-05T00:00:00+00:00
[2023-04-07T12:55:33.215-0300] {processor.py:175} INFO - Processing /home/rai/.local/lib/python3.10/site-packages/airflow/example_dags/example_dynamic_task_mapping.py took 0.204 seconds
[2023-04-07T12:56:33.015-0300] {processor.py:153} INFO - Started process (PID=3263) to work on /home/rai/.local/lib/python3.10/site-packages/airflow/example_dags/example_dynamic_task_mapping.py
[2023-04-07T12:56:33.017-0300] {processor.py:743} INFO - Processing file /home/rai/.local/lib/python3.10/site-packages/airflow/example_dags/example_dynamic_task_mapping.py for tasks to queue
[2023-04-07T12:56:33.018-0300] {logging_mixin.py:137} INFO - [2023-04-07T12:56:33.018-0300] {dagbag.py:532} INFO - Filling up the DagBag from /home/rai/.local/lib/python3.10/site-packages/airflow/example_dags/example_dynamic_task_mapping.py
[2023-04-07T12:56:33.049-0300] {processor.py:753} INFO - DAG(s) dict_keys(['example_dynamic_task_mapping']) retrieved from /home/rai/.local/lib/python3.10/site-packages/airflow/example_dags/example_dynamic_task_mapping.py
[2023-04-07T12:56:33.079-0300] {logging_mixin.py:137} INFO - [2023-04-07T12:56:33.079-0300] {dag.py:2705} INFO - Sync 1 DAGs
[2023-04-07T12:56:33.256-0300] {logging_mixin.py:137} INFO - [2023-04-07T12:56:33.256-0300] {dag.py:3452} INFO - Setting next_dagrun for example_dynamic_task_mapping to 2022-03-04T00:00:00+00:00, run_after=2022-03-05T00:00:00+00:00
[2023-04-07T12:56:33.288-0300] {processor.py:175} INFO - Processing /home/rai/.local/lib/python3.10/site-packages/airflow/example_dags/example_dynamic_task_mapping.py took 0.277 seconds
[2023-04-07T12:57:28.180-0300] {processor.py:153} INFO - Started process (PID=3317) to work on /home/rai/.local/lib/python3.10/site-packages/airflow/example_dags/example_dynamic_task_mapping.py
[2023-04-07T12:57:28.182-0300] {processor.py:743} INFO - Processing file /home/rai/.local/lib/python3.10/site-packages/airflow/example_dags/example_dynamic_task_mapping.py for tasks to queue
[2023-04-07T12:57:28.182-0300] {logging_mixin.py:137} INFO - [2023-04-07T12:57:28.182-0300] {dagbag.py:532} INFO - Filling up the DagBag from /home/rai/.local/lib/python3.10/site-packages/airflow/example_dags/example_dynamic_task_mapping.py
[2023-04-07T12:57:28.200-0300] {processor.py:753} INFO - DAG(s) dict_keys(['example_dynamic_task_mapping']) retrieved from /home/rai/.local/lib/python3.10/site-packages/airflow/example_dags/example_dynamic_task_mapping.py
[2023-04-07T12:57:28.289-0300] {logging_mixin.py:137} INFO - [2023-04-07T12:57:28.289-0300] {dag.py:2705} INFO - Sync 1 DAGs
[2023-04-07T12:57:28.304-0300] {logging_mixin.py:137} INFO - [2023-04-07T12:57:28.304-0300] {dag.py:3452} INFO - Setting next_dagrun for example_dynamic_task_mapping to 2022-03-04T00:00:00+00:00, run_after=2022-03-05T00:00:00+00:00
[2023-04-07T12:57:28.327-0300] {processor.py:175} INFO - Processing /home/rai/.local/lib/python3.10/site-packages/airflow/example_dags/example_dynamic_task_mapping.py took 0.149 seconds
[2023-04-07T12:58:12.002-0300] {processor.py:153} INFO - Started process (PID=3360) to work on /home/rai/.local/lib/python3.10/site-packages/airflow/example_dags/example_dynamic_task_mapping.py
[2023-04-07T12:58:12.003-0300] {processor.py:743} INFO - Processing file /home/rai/.local/lib/python3.10/site-packages/airflow/example_dags/example_dynamic_task_mapping.py for tasks to queue
[2023-04-07T12:58:12.004-0300] {logging_mixin.py:137} INFO - [2023-04-07T12:58:12.004-0300] {dagbag.py:532} INFO - Filling up the DagBag from /home/rai/.local/lib/python3.10/site-packages/airflow/example_dags/example_dynamic_task_mapping.py
[2023-04-07T12:58:12.023-0300] {processor.py:753} INFO - DAG(s) dict_keys(['example_dynamic_task_mapping']) retrieved from /home/rai/.local/lib/python3.10/site-packages/airflow/example_dags/example_dynamic_task_mapping.py
[2023-04-07T12:58:12.037-0300] {logging_mixin.py:137} INFO - [2023-04-07T12:58:12.037-0300] {dag.py:2705} INFO - Sync 1 DAGs
[2023-04-07T12:58:12.053-0300] {logging_mixin.py:137} INFO - [2023-04-07T12:58:12.053-0300] {dag.py:3452} INFO - Setting next_dagrun for example_dynamic_task_mapping to 2022-03-04T00:00:00+00:00, run_after=2022-03-05T00:00:00+00:00
[2023-04-07T12:58:12.073-0300] {processor.py:175} INFO - Processing /home/rai/.local/lib/python3.10/site-packages/airflow/example_dags/example_dynamic_task_mapping.py took 0.074 seconds
[2023-04-07T12:58:54.690-0300] {processor.py:153} INFO - Started process (PID=3403) to work on /home/rai/.local/lib/python3.10/site-packages/airflow/example_dags/example_dynamic_task_mapping.py
[2023-04-07T12:58:54.694-0300] {processor.py:743} INFO - Processing file /home/rai/.local/lib/python3.10/site-packages/airflow/example_dags/example_dynamic_task_mapping.py for tasks to queue
[2023-04-07T12:58:54.694-0300] {logging_mixin.py:137} INFO - [2023-04-07T12:58:54.694-0300] {dagbag.py:532} INFO - Filling up the DagBag from /home/rai/.local/lib/python3.10/site-packages/airflow/example_dags/example_dynamic_task_mapping.py
[2023-04-07T12:58:54.711-0300] {processor.py:753} INFO - DAG(s) dict_keys(['example_dynamic_task_mapping']) retrieved from /home/rai/.local/lib/python3.10/site-packages/airflow/example_dags/example_dynamic_task_mapping.py
[2023-04-07T12:58:54.725-0300] {logging_mixin.py:137} INFO - [2023-04-07T12:58:54.725-0300] {dag.py:2705} INFO - Sync 1 DAGs
[2023-04-07T12:58:54.742-0300] {logging_mixin.py:137} INFO - [2023-04-07T12:58:54.742-0300] {dag.py:3452} INFO - Setting next_dagrun for example_dynamic_task_mapping to 2022-03-04T00:00:00+00:00, run_after=2022-03-05T00:00:00+00:00
[2023-04-07T12:58:54.764-0300] {processor.py:175} INFO - Processing /home/rai/.local/lib/python3.10/site-packages/airflow/example_dags/example_dynamic_task_mapping.py took 0.077 seconds
[2023-04-07T12:59:44.364-0300] {processor.py:153} INFO - Started process (PID=3454) to work on /home/rai/.local/lib/python3.10/site-packages/airflow/example_dags/example_dynamic_task_mapping.py
[2023-04-07T12:59:44.366-0300] {processor.py:743} INFO - Processing file /home/rai/.local/lib/python3.10/site-packages/airflow/example_dags/example_dynamic_task_mapping.py for tasks to queue
[2023-04-07T12:59:44.367-0300] {logging_mixin.py:137} INFO - [2023-04-07T12:59:44.367-0300] {dagbag.py:532} INFO - Filling up the DagBag from /home/rai/.local/lib/python3.10/site-packages/airflow/example_dags/example_dynamic_task_mapping.py
[2023-04-07T12:59:44.406-0300] {processor.py:753} INFO - DAG(s) dict_keys(['example_dynamic_task_mapping']) retrieved from /home/rai/.local/lib/python3.10/site-packages/airflow/example_dags/example_dynamic_task_mapping.py
[2023-04-07T12:59:44.429-0300] {logging_mixin.py:137} INFO - [2023-04-07T12:59:44.429-0300] {dag.py:2705} INFO - Sync 1 DAGs
[2023-04-07T12:59:44.474-0300] {logging_mixin.py:137} INFO - [2023-04-07T12:59:44.474-0300] {dag.py:3452} INFO - Setting next_dagrun for example_dynamic_task_mapping to 2022-03-04T00:00:00+00:00, run_after=2022-03-05T00:00:00+00:00
[2023-04-07T12:59:44.607-0300] {processor.py:175} INFO - Processing /home/rai/.local/lib/python3.10/site-packages/airflow/example_dags/example_dynamic_task_mapping.py took 0.248 seconds
[2023-04-07T13:00:40.331-0300] {processor.py:153} INFO - Started process (PID=3506) to work on /home/rai/.local/lib/python3.10/site-packages/airflow/example_dags/example_dynamic_task_mapping.py
[2023-04-07T13:00:40.333-0300] {processor.py:743} INFO - Processing file /home/rai/.local/lib/python3.10/site-packages/airflow/example_dags/example_dynamic_task_mapping.py for tasks to queue
[2023-04-07T13:00:40.333-0300] {logging_mixin.py:137} INFO - [2023-04-07T13:00:40.333-0300] {dagbag.py:532} INFO - Filling up the DagBag from /home/rai/.local/lib/python3.10/site-packages/airflow/example_dags/example_dynamic_task_mapping.py
[2023-04-07T13:00:40.352-0300] {processor.py:753} INFO - DAG(s) dict_keys(['example_dynamic_task_mapping']) retrieved from /home/rai/.local/lib/python3.10/site-packages/airflow/example_dags/example_dynamic_task_mapping.py
[2023-04-07T13:00:40.369-0300] {logging_mixin.py:137} INFO - [2023-04-07T13:00:40.369-0300] {dag.py:2705} INFO - Sync 1 DAGs
[2023-04-07T13:00:40.466-0300] {logging_mixin.py:137} INFO - [2023-04-07T13:00:40.465-0300] {dag.py:3452} INFO - Setting next_dagrun for example_dynamic_task_mapping to 2022-03-04T00:00:00+00:00, run_after=2022-03-05T00:00:00+00:00
[2023-04-07T13:00:40.485-0300] {processor.py:175} INFO - Processing /home/rai/.local/lib/python3.10/site-packages/airflow/example_dags/example_dynamic_task_mapping.py took 0.156 seconds
[2023-04-07T13:01:30.192-0300] {processor.py:153} INFO - Started process (PID=3566) to work on /home/rai/.local/lib/python3.10/site-packages/airflow/example_dags/example_dynamic_task_mapping.py
[2023-04-07T13:01:30.194-0300] {processor.py:743} INFO - Processing file /home/rai/.local/lib/python3.10/site-packages/airflow/example_dags/example_dynamic_task_mapping.py for tasks to queue
[2023-04-07T13:01:30.195-0300] {logging_mixin.py:137} INFO - [2023-04-07T13:01:30.195-0300] {dagbag.py:532} INFO - Filling up the DagBag from /home/rai/.local/lib/python3.10/site-packages/airflow/example_dags/example_dynamic_task_mapping.py
[2023-04-07T13:01:30.229-0300] {processor.py:753} INFO - DAG(s) dict_keys(['example_dynamic_task_mapping']) retrieved from /home/rai/.local/lib/python3.10/site-packages/airflow/example_dags/example_dynamic_task_mapping.py
[2023-04-07T13:01:30.355-0300] {logging_mixin.py:137} INFO - [2023-04-07T13:01:30.355-0300] {dag.py:2705} INFO - Sync 1 DAGs
[2023-04-07T13:01:30.373-0300] {logging_mixin.py:137} INFO - [2023-04-07T13:01:30.373-0300] {dag.py:3452} INFO - Setting next_dagrun for example_dynamic_task_mapping to 2022-03-04T00:00:00+00:00, run_after=2022-03-05T00:00:00+00:00
[2023-04-07T13:01:30.395-0300] {processor.py:175} INFO - Processing /home/rai/.local/lib/python3.10/site-packages/airflow/example_dags/example_dynamic_task_mapping.py took 0.208 seconds
[2023-04-07T13:02:33.597-0300] {processor.py:153} INFO - Started process (PID=3626) to work on /home/rai/.local/lib/python3.10/site-packages/airflow/example_dags/example_dynamic_task_mapping.py
[2023-04-07T13:02:33.602-0300] {processor.py:743} INFO - Processing file /home/rai/.local/lib/python3.10/site-packages/airflow/example_dags/example_dynamic_task_mapping.py for tasks to queue
[2023-04-07T13:02:33.605-0300] {logging_mixin.py:137} INFO - [2023-04-07T13:02:33.604-0300] {dagbag.py:532} INFO - Filling up the DagBag from /home/rai/.local/lib/python3.10/site-packages/airflow/example_dags/example_dynamic_task_mapping.py
[2023-04-07T13:02:33.644-0300] {processor.py:753} INFO - DAG(s) dict_keys(['example_dynamic_task_mapping']) retrieved from /home/rai/.local/lib/python3.10/site-packages/airflow/example_dags/example_dynamic_task_mapping.py
[2023-04-07T13:02:33.773-0300] {logging_mixin.py:137} INFO - [2023-04-07T13:02:33.772-0300] {dag.py:2705} INFO - Sync 1 DAGs
[2023-04-07T13:02:33.789-0300] {logging_mixin.py:137} INFO - [2023-04-07T13:02:33.789-0300] {dag.py:3452} INFO - Setting next_dagrun for example_dynamic_task_mapping to 2022-03-04T00:00:00+00:00, run_after=2022-03-05T00:00:00+00:00
[2023-04-07T13:02:33.818-0300] {processor.py:175} INFO - Processing /home/rai/.local/lib/python3.10/site-packages/airflow/example_dags/example_dynamic_task_mapping.py took 0.226 seconds
[2023-04-07T13:03:26.028-0300] {processor.py:153} INFO - Started process (PID=3673) to work on /home/rai/.local/lib/python3.10/site-packages/airflow/example_dags/example_dynamic_task_mapping.py
[2023-04-07T13:03:26.033-0300] {processor.py:743} INFO - Processing file /home/rai/.local/lib/python3.10/site-packages/airflow/example_dags/example_dynamic_task_mapping.py for tasks to queue
[2023-04-07T13:03:26.034-0300] {logging_mixin.py:137} INFO - [2023-04-07T13:03:26.034-0300] {dagbag.py:532} INFO - Filling up the DagBag from /home/rai/.local/lib/python3.10/site-packages/airflow/example_dags/example_dynamic_task_mapping.py
[2023-04-07T13:03:26.067-0300] {processor.py:753} INFO - DAG(s) dict_keys(['example_dynamic_task_mapping']) retrieved from /home/rai/.local/lib/python3.10/site-packages/airflow/example_dags/example_dynamic_task_mapping.py
[2023-04-07T13:03:26.088-0300] {logging_mixin.py:137} INFO - [2023-04-07T13:03:26.088-0300] {dag.py:2705} INFO - Sync 1 DAGs
[2023-04-07T13:03:26.108-0300] {logging_mixin.py:137} INFO - [2023-04-07T13:03:26.108-0300] {dag.py:3452} INFO - Setting next_dagrun for example_dynamic_task_mapping to 2022-03-04T00:00:00+00:00, run_after=2022-03-05T00:00:00+00:00
[2023-04-07T13:03:26.141-0300] {processor.py:175} INFO - Processing /home/rai/.local/lib/python3.10/site-packages/airflow/example_dags/example_dynamic_task_mapping.py took 0.116 seconds
[2023-04-07T13:04:18.389-0300] {processor.py:153} INFO - Started process (PID=3720) to work on /home/rai/.local/lib/python3.10/site-packages/airflow/example_dags/example_dynamic_task_mapping.py
[2023-04-07T13:04:18.391-0300] {processor.py:743} INFO - Processing file /home/rai/.local/lib/python3.10/site-packages/airflow/example_dags/example_dynamic_task_mapping.py for tasks to queue
[2023-04-07T13:04:18.392-0300] {logging_mixin.py:137} INFO - [2023-04-07T13:04:18.392-0300] {dagbag.py:532} INFO - Filling up the DagBag from /home/rai/.local/lib/python3.10/site-packages/airflow/example_dags/example_dynamic_task_mapping.py
[2023-04-07T13:04:18.419-0300] {processor.py:753} INFO - DAG(s) dict_keys(['example_dynamic_task_mapping']) retrieved from /home/rai/.local/lib/python3.10/site-packages/airflow/example_dags/example_dynamic_task_mapping.py
[2023-04-07T13:04:18.436-0300] {logging_mixin.py:137} INFO - [2023-04-07T13:04:18.436-0300] {dag.py:2705} INFO - Sync 1 DAGs
[2023-04-07T13:04:18.457-0300] {logging_mixin.py:137} INFO - [2023-04-07T13:04:18.456-0300] {dag.py:3452} INFO - Setting next_dagrun for example_dynamic_task_mapping to 2022-03-04T00:00:00+00:00, run_after=2022-03-05T00:00:00+00:00
[2023-04-07T13:04:18.577-0300] {processor.py:175} INFO - Processing /home/rai/.local/lib/python3.10/site-packages/airflow/example_dags/example_dynamic_task_mapping.py took 0.193 seconds
[2023-04-07T13:05:12.284-0300] {processor.py:153} INFO - Started process (PID=3765) to work on /home/rai/.local/lib/python3.10/site-packages/airflow/example_dags/example_dynamic_task_mapping.py
[2023-04-07T13:05:12.289-0300] {processor.py:743} INFO - Processing file /home/rai/.local/lib/python3.10/site-packages/airflow/example_dags/example_dynamic_task_mapping.py for tasks to queue
[2023-04-07T13:05:12.291-0300] {logging_mixin.py:137} INFO - [2023-04-07T13:05:12.290-0300] {dagbag.py:532} INFO - Filling up the DagBag from /home/rai/.local/lib/python3.10/site-packages/airflow/example_dags/example_dynamic_task_mapping.py
[2023-04-07T13:05:12.327-0300] {processor.py:753} INFO - DAG(s) dict_keys(['example_dynamic_task_mapping']) retrieved from /home/rai/.local/lib/python3.10/site-packages/airflow/example_dags/example_dynamic_task_mapping.py
[2023-04-07T13:05:12.348-0300] {logging_mixin.py:137} INFO - [2023-04-07T13:05:12.348-0300] {dag.py:2705} INFO - Sync 1 DAGs
[2023-04-07T13:05:12.486-0300] {logging_mixin.py:137} INFO - [2023-04-07T13:05:12.486-0300] {dag.py:3452} INFO - Setting next_dagrun for example_dynamic_task_mapping to 2022-03-04T00:00:00+00:00, run_after=2022-03-05T00:00:00+00:00
[2023-04-07T13:05:12.516-0300] {processor.py:175} INFO - Processing /home/rai/.local/lib/python3.10/site-packages/airflow/example_dags/example_dynamic_task_mapping.py took 0.237 seconds
[2023-04-07T13:06:14.103-0300] {processor.py:153} INFO - Started process (PID=3818) to work on /home/rai/.local/lib/python3.10/site-packages/airflow/example_dags/example_dynamic_task_mapping.py
[2023-04-07T13:06:14.106-0300] {processor.py:743} INFO - Processing file /home/rai/.local/lib/python3.10/site-packages/airflow/example_dags/example_dynamic_task_mapping.py for tasks to queue
[2023-04-07T13:06:14.107-0300] {logging_mixin.py:137} INFO - [2023-04-07T13:06:14.107-0300] {dagbag.py:532} INFO - Filling up the DagBag from /home/rai/.local/lib/python3.10/site-packages/airflow/example_dags/example_dynamic_task_mapping.py
[2023-04-07T13:06:14.147-0300] {processor.py:753} INFO - DAG(s) dict_keys(['example_dynamic_task_mapping']) retrieved from /home/rai/.local/lib/python3.10/site-packages/airflow/example_dags/example_dynamic_task_mapping.py
[2023-04-07T13:06:14.170-0300] {logging_mixin.py:137} INFO - [2023-04-07T13:06:14.169-0300] {dag.py:2705} INFO - Sync 1 DAGs
[2023-04-07T13:06:14.292-0300] {logging_mixin.py:137} INFO - [2023-04-07T13:06:14.291-0300] {dag.py:3452} INFO - Setting next_dagrun for example_dynamic_task_mapping to 2022-03-04T00:00:00+00:00, run_after=2022-03-05T00:00:00+00:00
[2023-04-07T13:06:14.314-0300] {processor.py:175} INFO - Processing /home/rai/.local/lib/python3.10/site-packages/airflow/example_dags/example_dynamic_task_mapping.py took 0.215 seconds
[2023-04-07T13:07:15.607-0300] {processor.py:153} INFO - Started process (PID=3870) to work on /home/rai/.local/lib/python3.10/site-packages/airflow/example_dags/example_dynamic_task_mapping.py
[2023-04-07T13:07:15.609-0300] {processor.py:743} INFO - Processing file /home/rai/.local/lib/python3.10/site-packages/airflow/example_dags/example_dynamic_task_mapping.py for tasks to queue
[2023-04-07T13:07:15.610-0300] {logging_mixin.py:137} INFO - [2023-04-07T13:07:15.610-0300] {dagbag.py:532} INFO - Filling up the DagBag from /home/rai/.local/lib/python3.10/site-packages/airflow/example_dags/example_dynamic_task_mapping.py
[2023-04-07T13:07:15.646-0300] {processor.py:753} INFO - DAG(s) dict_keys(['example_dynamic_task_mapping']) retrieved from /home/rai/.local/lib/python3.10/site-packages/airflow/example_dags/example_dynamic_task_mapping.py
[2023-04-07T13:07:15.755-0300] {logging_mixin.py:137} INFO - [2023-04-07T13:07:15.754-0300] {dag.py:2705} INFO - Sync 1 DAGs
[2023-04-07T13:07:15.771-0300] {logging_mixin.py:137} INFO - [2023-04-07T13:07:15.771-0300] {dag.py:3452} INFO - Setting next_dagrun for example_dynamic_task_mapping to 2022-03-04T00:00:00+00:00, run_after=2022-03-05T00:00:00+00:00
[2023-04-07T13:07:15.792-0300] {processor.py:175} INFO - Processing /home/rai/.local/lib/python3.10/site-packages/airflow/example_dags/example_dynamic_task_mapping.py took 0.189 seconds
[2023-04-07T13:08:17.226-0300] {processor.py:153} INFO - Started process (PID=3921) to work on /home/rai/.local/lib/python3.10/site-packages/airflow/example_dags/example_dynamic_task_mapping.py
[2023-04-07T13:08:17.229-0300] {processor.py:743} INFO - Processing file /home/rai/.local/lib/python3.10/site-packages/airflow/example_dags/example_dynamic_task_mapping.py for tasks to queue
[2023-04-07T13:08:17.230-0300] {logging_mixin.py:137} INFO - [2023-04-07T13:08:17.230-0300] {dagbag.py:532} INFO - Filling up the DagBag from /home/rai/.local/lib/python3.10/site-packages/airflow/example_dags/example_dynamic_task_mapping.py
[2023-04-07T13:08:17.267-0300] {processor.py:753} INFO - DAG(s) dict_keys(['example_dynamic_task_mapping']) retrieved from /home/rai/.local/lib/python3.10/site-packages/airflow/example_dags/example_dynamic_task_mapping.py
[2023-04-07T13:08:17.287-0300] {logging_mixin.py:137} INFO - [2023-04-07T13:08:17.287-0300] {dag.py:2705} INFO - Sync 1 DAGs
[2023-04-07T13:08:17.307-0300] {logging_mixin.py:137} INFO - [2023-04-07T13:08:17.307-0300] {dag.py:3452} INFO - Setting next_dagrun for example_dynamic_task_mapping to 2022-03-04T00:00:00+00:00, run_after=2022-03-05T00:00:00+00:00
[2023-04-07T13:08:17.332-0300] {processor.py:175} INFO - Processing /home/rai/.local/lib/python3.10/site-packages/airflow/example_dags/example_dynamic_task_mapping.py took 0.110 seconds
[2023-04-07T13:09:06.776-0300] {processor.py:153} INFO - Started process (PID=3968) to work on /home/rai/.local/lib/python3.10/site-packages/airflow/example_dags/example_dynamic_task_mapping.py
[2023-04-07T13:09:06.777-0300] {processor.py:743} INFO - Processing file /home/rai/.local/lib/python3.10/site-packages/airflow/example_dags/example_dynamic_task_mapping.py for tasks to queue
[2023-04-07T13:09:06.777-0300] {logging_mixin.py:137} INFO - [2023-04-07T13:09:06.777-0300] {dagbag.py:532} INFO - Filling up the DagBag from /home/rai/.local/lib/python3.10/site-packages/airflow/example_dags/example_dynamic_task_mapping.py
[2023-04-07T13:09:06.795-0300] {processor.py:753} INFO - DAG(s) dict_keys(['example_dynamic_task_mapping']) retrieved from /home/rai/.local/lib/python3.10/site-packages/airflow/example_dags/example_dynamic_task_mapping.py
[2023-04-07T13:09:06.810-0300] {logging_mixin.py:137} INFO - [2023-04-07T13:09:06.809-0300] {dag.py:2705} INFO - Sync 1 DAGs
[2023-04-07T13:09:06.828-0300] {logging_mixin.py:137} INFO - [2023-04-07T13:09:06.828-0300] {dag.py:3452} INFO - Setting next_dagrun for example_dynamic_task_mapping to 2022-03-04T00:00:00+00:00, run_after=2022-03-05T00:00:00+00:00
[2023-04-07T13:09:06.928-0300] {processor.py:175} INFO - Processing /home/rai/.local/lib/python3.10/site-packages/airflow/example_dags/example_dynamic_task_mapping.py took 0.154 seconds
[2023-04-07T13:10:04.764-0300] {processor.py:153} INFO - Started process (PID=4024) to work on /home/rai/.local/lib/python3.10/site-packages/airflow/example_dags/example_dynamic_task_mapping.py
[2023-04-07T13:10:04.766-0300] {processor.py:743} INFO - Processing file /home/rai/.local/lib/python3.10/site-packages/airflow/example_dags/example_dynamic_task_mapping.py for tasks to queue
[2023-04-07T13:10:04.768-0300] {logging_mixin.py:137} INFO - [2023-04-07T13:10:04.767-0300] {dagbag.py:532} INFO - Filling up the DagBag from /home/rai/.local/lib/python3.10/site-packages/airflow/example_dags/example_dynamic_task_mapping.py
[2023-04-07T13:10:04.809-0300] {processor.py:753} INFO - DAG(s) dict_keys(['example_dynamic_task_mapping']) retrieved from /home/rai/.local/lib/python3.10/site-packages/airflow/example_dags/example_dynamic_task_mapping.py
[2023-04-07T13:10:04.833-0300] {logging_mixin.py:137} INFO - [2023-04-07T13:10:04.832-0300] {dag.py:2705} INFO - Sync 1 DAGs
[2023-04-07T13:10:04.946-0300] {logging_mixin.py:137} INFO - [2023-04-07T13:10:04.945-0300] {dag.py:3452} INFO - Setting next_dagrun for example_dynamic_task_mapping to 2022-03-04T00:00:00+00:00, run_after=2022-03-05T00:00:00+00:00
[2023-04-07T13:10:04.967-0300] {processor.py:175} INFO - Processing /home/rai/.local/lib/python3.10/site-packages/airflow/example_dags/example_dynamic_task_mapping.py took 0.207 seconds
[2023-04-07T13:11:06.996-0300] {processor.py:153} INFO - Started process (PID=4076) to work on /home/rai/.local/lib/python3.10/site-packages/airflow/example_dags/example_dynamic_task_mapping.py
[2023-04-07T13:11:06.998-0300] {processor.py:743} INFO - Processing file /home/rai/.local/lib/python3.10/site-packages/airflow/example_dags/example_dynamic_task_mapping.py for tasks to queue
[2023-04-07T13:11:06.999-0300] {logging_mixin.py:137} INFO - [2023-04-07T13:11:06.999-0300] {dagbag.py:532} INFO - Filling up the DagBag from /home/rai/.local/lib/python3.10/site-packages/airflow/example_dags/example_dynamic_task_mapping.py
[2023-04-07T13:11:07.035-0300] {processor.py:753} INFO - DAG(s) dict_keys(['example_dynamic_task_mapping']) retrieved from /home/rai/.local/lib/python3.10/site-packages/airflow/example_dags/example_dynamic_task_mapping.py
[2023-04-07T13:11:07.057-0300] {logging_mixin.py:137} INFO - [2023-04-07T13:11:07.057-0300] {dag.py:2705} INFO - Sync 1 DAGs
[2023-04-07T13:11:07.162-0300] {logging_mixin.py:137} INFO - [2023-04-07T13:11:07.162-0300] {dag.py:3452} INFO - Setting next_dagrun for example_dynamic_task_mapping to 2022-03-04T00:00:00+00:00, run_after=2022-03-05T00:00:00+00:00
[2023-04-07T13:11:07.189-0300] {processor.py:175} INFO - Processing /home/rai/.local/lib/python3.10/site-packages/airflow/example_dags/example_dynamic_task_mapping.py took 0.197 seconds
[2023-04-07T13:12:13.951-0300] {processor.py:153} INFO - Started process (PID=4130) to work on /home/rai/.local/lib/python3.10/site-packages/airflow/example_dags/example_dynamic_task_mapping.py
[2023-04-07T13:12:13.953-0300] {processor.py:743} INFO - Processing file /home/rai/.local/lib/python3.10/site-packages/airflow/example_dags/example_dynamic_task_mapping.py for tasks to queue
[2023-04-07T13:12:13.954-0300] {logging_mixin.py:137} INFO - [2023-04-07T13:12:13.954-0300] {dagbag.py:532} INFO - Filling up the DagBag from /home/rai/.local/lib/python3.10/site-packages/airflow/example_dags/example_dynamic_task_mapping.py
[2023-04-07T13:12:13.995-0300] {processor.py:753} INFO - DAG(s) dict_keys(['example_dynamic_task_mapping']) retrieved from /home/rai/.local/lib/python3.10/site-packages/airflow/example_dags/example_dynamic_task_mapping.py
[2023-04-07T13:12:14.105-0300] {logging_mixin.py:137} INFO - [2023-04-07T13:12:14.105-0300] {dag.py:2705} INFO - Sync 1 DAGs
[2023-04-07T13:12:14.124-0300] {logging_mixin.py:137} INFO - [2023-04-07T13:12:14.123-0300] {dag.py:3452} INFO - Setting next_dagrun for example_dynamic_task_mapping to 2022-03-04T00:00:00+00:00, run_after=2022-03-05T00:00:00+00:00
[2023-04-07T13:12:14.146-0300] {processor.py:175} INFO - Processing /home/rai/.local/lib/python3.10/site-packages/airflow/example_dags/example_dynamic_task_mapping.py took 0.199 seconds
[2023-04-07T13:13:09.828-0300] {processor.py:153} INFO - Started process (PID=4179) to work on /home/rai/.local/lib/python3.10/site-packages/airflow/example_dags/example_dynamic_task_mapping.py
[2023-04-07T13:13:09.830-0300] {processor.py:743} INFO - Processing file /home/rai/.local/lib/python3.10/site-packages/airflow/example_dags/example_dynamic_task_mapping.py for tasks to queue
[2023-04-07T13:13:09.832-0300] {logging_mixin.py:137} INFO - [2023-04-07T13:13:09.832-0300] {dagbag.py:532} INFO - Filling up the DagBag from /home/rai/.local/lib/python3.10/site-packages/airflow/example_dags/example_dynamic_task_mapping.py
[2023-04-07T13:13:09.960-0300] {processor.py:753} INFO - DAG(s) dict_keys(['example_dynamic_task_mapping']) retrieved from /home/rai/.local/lib/python3.10/site-packages/airflow/example_dags/example_dynamic_task_mapping.py
[2023-04-07T13:13:09.973-0300] {logging_mixin.py:137} INFO - [2023-04-07T13:13:09.973-0300] {dag.py:2705} INFO - Sync 1 DAGs
[2023-04-07T13:13:09.991-0300] {logging_mixin.py:137} INFO - [2023-04-07T13:13:09.991-0300] {dag.py:3452} INFO - Setting next_dagrun for example_dynamic_task_mapping to 2022-03-04T00:00:00+00:00, run_after=2022-03-05T00:00:00+00:00
[2023-04-07T13:13:10.013-0300] {processor.py:175} INFO - Processing /home/rai/.local/lib/python3.10/site-packages/airflow/example_dags/example_dynamic_task_mapping.py took 0.190 seconds
[2023-04-07T13:13:58.287-0300] {processor.py:153} INFO - Started process (PID=4224) to work on /home/rai/.local/lib/python3.10/site-packages/airflow/example_dags/example_dynamic_task_mapping.py
[2023-04-07T13:13:58.294-0300] {processor.py:743} INFO - Processing file /home/rai/.local/lib/python3.10/site-packages/airflow/example_dags/example_dynamic_task_mapping.py for tasks to queue
[2023-04-07T13:13:58.295-0300] {logging_mixin.py:137} INFO - [2023-04-07T13:13:58.295-0300] {dagbag.py:532} INFO - Filling up the DagBag from /home/rai/.local/lib/python3.10/site-packages/airflow/example_dags/example_dynamic_task_mapping.py
[2023-04-07T13:13:58.336-0300] {processor.py:753} INFO - DAG(s) dict_keys(['example_dynamic_task_mapping']) retrieved from /home/rai/.local/lib/python3.10/site-packages/airflow/example_dags/example_dynamic_task_mapping.py
[2023-04-07T13:13:58.358-0300] {logging_mixin.py:137} INFO - [2023-04-07T13:13:58.358-0300] {dag.py:2705} INFO - Sync 1 DAGs
[2023-04-07T13:13:58.379-0300] {logging_mixin.py:137} INFO - [2023-04-07T13:13:58.379-0300] {dag.py:3452} INFO - Setting next_dagrun for example_dynamic_task_mapping to 2022-03-04T00:00:00+00:00, run_after=2022-03-05T00:00:00+00:00
[2023-04-07T13:13:58.519-0300] {processor.py:175} INFO - Processing /home/rai/.local/lib/python3.10/site-packages/airflow/example_dags/example_dynamic_task_mapping.py took 0.236 seconds
[2023-04-07T13:14:56.737-0300] {processor.py:153} INFO - Started process (PID=4273) to work on /home/rai/.local/lib/python3.10/site-packages/airflow/example_dags/example_dynamic_task_mapping.py
[2023-04-07T13:14:56.739-0300] {processor.py:743} INFO - Processing file /home/rai/.local/lib/python3.10/site-packages/airflow/example_dags/example_dynamic_task_mapping.py for tasks to queue
[2023-04-07T13:14:56.741-0300] {logging_mixin.py:137} INFO - [2023-04-07T13:14:56.740-0300] {dagbag.py:532} INFO - Filling up the DagBag from /home/rai/.local/lib/python3.10/site-packages/airflow/example_dags/example_dynamic_task_mapping.py
[2023-04-07T13:14:56.780-0300] {processor.py:753} INFO - DAG(s) dict_keys(['example_dynamic_task_mapping']) retrieved from /home/rai/.local/lib/python3.10/site-packages/airflow/example_dags/example_dynamic_task_mapping.py
[2023-04-07T13:14:56.801-0300] {logging_mixin.py:137} INFO - [2023-04-07T13:14:56.800-0300] {dag.py:2705} INFO - Sync 1 DAGs
[2023-04-07T13:14:56.910-0300] {logging_mixin.py:137} INFO - [2023-04-07T13:14:56.910-0300] {dag.py:3452} INFO - Setting next_dagrun for example_dynamic_task_mapping to 2022-03-04T00:00:00+00:00, run_after=2022-03-05T00:00:00+00:00
[2023-04-07T13:14:56.943-0300] {processor.py:175} INFO - Processing /home/rai/.local/lib/python3.10/site-packages/airflow/example_dags/example_dynamic_task_mapping.py took 0.210 seconds
[2023-04-07T13:15:57.541-0300] {processor.py:153} INFO - Started process (PID=4324) to work on /home/rai/.local/lib/python3.10/site-packages/airflow/example_dags/example_dynamic_task_mapping.py
[2023-04-07T13:15:57.547-0300] {processor.py:743} INFO - Processing file /home/rai/.local/lib/python3.10/site-packages/airflow/example_dags/example_dynamic_task_mapping.py for tasks to queue
[2023-04-07T13:15:57.549-0300] {logging_mixin.py:137} INFO - [2023-04-07T13:15:57.548-0300] {dagbag.py:532} INFO - Filling up the DagBag from /home/rai/.local/lib/python3.10/site-packages/airflow/example_dags/example_dynamic_task_mapping.py
[2023-04-07T13:15:57.592-0300] {processor.py:753} INFO - DAG(s) dict_keys(['example_dynamic_task_mapping']) retrieved from /home/rai/.local/lib/python3.10/site-packages/airflow/example_dags/example_dynamic_task_mapping.py
[2023-04-07T13:15:57.617-0300] {logging_mixin.py:137} INFO - [2023-04-07T13:15:57.617-0300] {dag.py:2705} INFO - Sync 1 DAGs
[2023-04-07T13:15:57.744-0300] {logging_mixin.py:137} INFO - [2023-04-07T13:15:57.744-0300] {dag.py:3452} INFO - Setting next_dagrun for example_dynamic_task_mapping to 2022-03-04T00:00:00+00:00, run_after=2022-03-05T00:00:00+00:00
[2023-04-07T13:15:57.775-0300] {processor.py:175} INFO - Processing /home/rai/.local/lib/python3.10/site-packages/airflow/example_dags/example_dynamic_task_mapping.py took 0.238 seconds
[2023-04-07T13:16:52.737-0300] {processor.py:153} INFO - Started process (PID=4372) to work on /home/rai/.local/lib/python3.10/site-packages/airflow/example_dags/example_dynamic_task_mapping.py
[2023-04-07T13:16:52.743-0300] {processor.py:743} INFO - Processing file /home/rai/.local/lib/python3.10/site-packages/airflow/example_dags/example_dynamic_task_mapping.py for tasks to queue
[2023-04-07T13:16:52.744-0300] {logging_mixin.py:137} INFO - [2023-04-07T13:16:52.744-0300] {dagbag.py:532} INFO - Filling up the DagBag from /home/rai/.local/lib/python3.10/site-packages/airflow/example_dags/example_dynamic_task_mapping.py
[2023-04-07T13:16:52.788-0300] {processor.py:753} INFO - DAG(s) dict_keys(['example_dynamic_task_mapping']) retrieved from /home/rai/.local/lib/python3.10/site-packages/airflow/example_dags/example_dynamic_task_mapping.py
[2023-04-07T13:16:52.913-0300] {logging_mixin.py:137} INFO - [2023-04-07T13:16:52.912-0300] {dag.py:2705} INFO - Sync 1 DAGs
[2023-04-07T13:16:52.940-0300] {logging_mixin.py:137} INFO - [2023-04-07T13:16:52.940-0300] {dag.py:3452} INFO - Setting next_dagrun for example_dynamic_task_mapping to 2022-03-04T00:00:00+00:00, run_after=2022-03-05T00:00:00+00:00
[2023-04-07T13:16:52.971-0300] {processor.py:175} INFO - Processing /home/rai/.local/lib/python3.10/site-packages/airflow/example_dags/example_dynamic_task_mapping.py took 0.238 seconds
[2023-04-07T13:17:51.779-0300] {processor.py:153} INFO - Started process (PID=4423) to work on /home/rai/.local/lib/python3.10/site-packages/airflow/example_dags/example_dynamic_task_mapping.py
[2023-04-07T13:17:51.781-0300] {processor.py:743} INFO - Processing file /home/rai/.local/lib/python3.10/site-packages/airflow/example_dags/example_dynamic_task_mapping.py for tasks to queue
[2023-04-07T13:17:51.783-0300] {logging_mixin.py:137} INFO - [2023-04-07T13:17:51.782-0300] {dagbag.py:532} INFO - Filling up the DagBag from /home/rai/.local/lib/python3.10/site-packages/airflow/example_dags/example_dynamic_task_mapping.py
[2023-04-07T13:17:51.917-0300] {processor.py:753} INFO - DAG(s) dict_keys(['example_dynamic_task_mapping']) retrieved from /home/rai/.local/lib/python3.10/site-packages/airflow/example_dags/example_dynamic_task_mapping.py
[2023-04-07T13:17:51.931-0300] {logging_mixin.py:137} INFO - [2023-04-07T13:17:51.930-0300] {dag.py:2705} INFO - Sync 1 DAGs
[2023-04-07T13:17:51.948-0300] {logging_mixin.py:137} INFO - [2023-04-07T13:17:51.948-0300] {dag.py:3452} INFO - Setting next_dagrun for example_dynamic_task_mapping to 2022-03-04T00:00:00+00:00, run_after=2022-03-05T00:00:00+00:00
[2023-04-07T13:17:51.980-0300] {processor.py:175} INFO - Processing /home/rai/.local/lib/python3.10/site-packages/airflow/example_dags/example_dynamic_task_mapping.py took 0.205 seconds
[2023-04-07T13:18:52.833-0300] {processor.py:153} INFO - Started process (PID=4475) to work on /home/rai/.local/lib/python3.10/site-packages/airflow/example_dags/example_dynamic_task_mapping.py
[2023-04-07T13:18:52.836-0300] {processor.py:743} INFO - Processing file /home/rai/.local/lib/python3.10/site-packages/airflow/example_dags/example_dynamic_task_mapping.py for tasks to queue
[2023-04-07T13:18:52.837-0300] {logging_mixin.py:137} INFO - [2023-04-07T13:18:52.837-0300] {dagbag.py:532} INFO - Filling up the DagBag from /home/rai/.local/lib/python3.10/site-packages/airflow/example_dags/example_dynamic_task_mapping.py
[2023-04-07T13:18:52.876-0300] {processor.py:753} INFO - DAG(s) dict_keys(['example_dynamic_task_mapping']) retrieved from /home/rai/.local/lib/python3.10/site-packages/airflow/example_dags/example_dynamic_task_mapping.py
[2023-04-07T13:18:52.897-0300] {logging_mixin.py:137} INFO - [2023-04-07T13:18:52.897-0300] {dag.py:2705} INFO - Sync 1 DAGs
[2023-04-07T13:18:52.919-0300] {logging_mixin.py:137} INFO - [2023-04-07T13:18:52.919-0300] {dag.py:3452} INFO - Setting next_dagrun for example_dynamic_task_mapping to 2022-03-04T00:00:00+00:00, run_after=2022-03-05T00:00:00+00:00
[2023-04-07T13:18:52.951-0300] {processor.py:175} INFO - Processing /home/rai/.local/lib/python3.10/site-packages/airflow/example_dags/example_dynamic_task_mapping.py took 0.121 seconds
[2023-04-07T13:19:45.087-0300] {processor.py:153} INFO - Started process (PID=4525) to work on /home/rai/.local/lib/python3.10/site-packages/airflow/example_dags/example_dynamic_task_mapping.py
[2023-04-07T13:19:45.092-0300] {processor.py:743} INFO - Processing file /home/rai/.local/lib/python3.10/site-packages/airflow/example_dags/example_dynamic_task_mapping.py for tasks to queue
[2023-04-07T13:19:45.092-0300] {logging_mixin.py:137} INFO - [2023-04-07T13:19:45.092-0300] {dagbag.py:532} INFO - Filling up the DagBag from /home/rai/.local/lib/python3.10/site-packages/airflow/example_dags/example_dynamic_task_mapping.py
[2023-04-07T13:19:45.111-0300] {processor.py:753} INFO - DAG(s) dict_keys(['example_dynamic_task_mapping']) retrieved from /home/rai/.local/lib/python3.10/site-packages/airflow/example_dags/example_dynamic_task_mapping.py
[2023-04-07T13:19:45.125-0300] {logging_mixin.py:137} INFO - [2023-04-07T13:19:45.125-0300] {dag.py:2705} INFO - Sync 1 DAGs
[2023-04-07T13:19:45.224-0300] {logging_mixin.py:137} INFO - [2023-04-07T13:19:45.224-0300] {dag.py:3452} INFO - Setting next_dagrun for example_dynamic_task_mapping to 2022-03-04T00:00:00+00:00, run_after=2022-03-05T00:00:00+00:00
[2023-04-07T13:19:45.243-0300] {processor.py:175} INFO - Processing /home/rai/.local/lib/python3.10/site-packages/airflow/example_dags/example_dynamic_task_mapping.py took 0.157 seconds
[2023-04-07T13:20:30.987-0300] {processor.py:153} INFO - Started process (PID=4595) to work on /home/rai/.local/lib/python3.10/site-packages/airflow/example_dags/example_dynamic_task_mapping.py
[2023-04-07T13:20:30.992-0300] {processor.py:743} INFO - Processing file /home/rai/.local/lib/python3.10/site-packages/airflow/example_dags/example_dynamic_task_mapping.py for tasks to queue
[2023-04-07T13:20:30.992-0300] {logging_mixin.py:137} INFO - [2023-04-07T13:20:30.992-0300] {dagbag.py:532} INFO - Filling up the DagBag from /home/rai/.local/lib/python3.10/site-packages/airflow/example_dags/example_dynamic_task_mapping.py
[2023-04-07T13:20:31.010-0300] {processor.py:753} INFO - DAG(s) dict_keys(['example_dynamic_task_mapping']) retrieved from /home/rai/.local/lib/python3.10/site-packages/airflow/example_dags/example_dynamic_task_mapping.py
[2023-04-07T13:20:31.024-0300] {logging_mixin.py:137} INFO - [2023-04-07T13:20:31.024-0300] {dag.py:2705} INFO - Sync 1 DAGs
[2023-04-07T13:20:31.124-0300] {logging_mixin.py:137} INFO - [2023-04-07T13:20:31.124-0300] {dag.py:3452} INFO - Setting next_dagrun for example_dynamic_task_mapping to 2022-03-04T00:00:00+00:00, run_after=2022-03-05T00:00:00+00:00
[2023-04-07T13:20:31.143-0300] {processor.py:175} INFO - Processing /home/rai/.local/lib/python3.10/site-packages/airflow/example_dags/example_dynamic_task_mapping.py took 0.159 seconds
[2023-04-07T13:21:21.278-0300] {processor.py:153} INFO - Started process (PID=4648) to work on /home/rai/.local/lib/python3.10/site-packages/airflow/example_dags/example_dynamic_task_mapping.py
[2023-04-07T13:21:21.280-0300] {processor.py:743} INFO - Processing file /home/rai/.local/lib/python3.10/site-packages/airflow/example_dags/example_dynamic_task_mapping.py for tasks to queue
[2023-04-07T13:21:21.280-0300] {logging_mixin.py:137} INFO - [2023-04-07T13:21:21.280-0300] {dagbag.py:532} INFO - Filling up the DagBag from /home/rai/.local/lib/python3.10/site-packages/airflow/example_dags/example_dynamic_task_mapping.py
[2023-04-07T13:21:21.301-0300] {processor.py:753} INFO - DAG(s) dict_keys(['example_dynamic_task_mapping']) retrieved from /home/rai/.local/lib/python3.10/site-packages/airflow/example_dags/example_dynamic_task_mapping.py
[2023-04-07T13:21:21.403-0300] {logging_mixin.py:137} INFO - [2023-04-07T13:21:21.402-0300] {dag.py:2705} INFO - Sync 1 DAGs
[2023-04-07T13:21:21.418-0300] {logging_mixin.py:137} INFO - [2023-04-07T13:21:21.418-0300] {dag.py:3452} INFO - Setting next_dagrun for example_dynamic_task_mapping to 2022-03-04T00:00:00+00:00, run_after=2022-03-05T00:00:00+00:00
[2023-04-07T13:21:21.439-0300] {processor.py:175} INFO - Processing /home/rai/.local/lib/python3.10/site-packages/airflow/example_dags/example_dynamic_task_mapping.py took 0.164 seconds
[2023-04-07T13:22:16.544-0300] {processor.py:153} INFO - Started process (PID=4704) to work on /home/rai/.local/lib/python3.10/site-packages/airflow/example_dags/example_dynamic_task_mapping.py
[2023-04-07T13:22:16.545-0300] {processor.py:743} INFO - Processing file /home/rai/.local/lib/python3.10/site-packages/airflow/example_dags/example_dynamic_task_mapping.py for tasks to queue
[2023-04-07T13:22:16.546-0300] {logging_mixin.py:137} INFO - [2023-04-07T13:22:16.546-0300] {dagbag.py:532} INFO - Filling up the DagBag from /home/rai/.local/lib/python3.10/site-packages/airflow/example_dags/example_dynamic_task_mapping.py
[2023-04-07T13:22:16.658-0300] {processor.py:753} INFO - DAG(s) dict_keys(['example_dynamic_task_mapping']) retrieved from /home/rai/.local/lib/python3.10/site-packages/airflow/example_dags/example_dynamic_task_mapping.py
[2023-04-07T13:22:16.674-0300] {logging_mixin.py:137} INFO - [2023-04-07T13:22:16.674-0300] {dag.py:2705} INFO - Sync 1 DAGs
[2023-04-07T13:22:16.691-0300] {logging_mixin.py:137} INFO - [2023-04-07T13:22:16.691-0300] {dag.py:3452} INFO - Setting next_dagrun for example_dynamic_task_mapping to 2022-03-04T00:00:00+00:00, run_after=2022-03-05T00:00:00+00:00
[2023-04-07T13:22:16.715-0300] {processor.py:175} INFO - Processing /home/rai/.local/lib/python3.10/site-packages/airflow/example_dags/example_dynamic_task_mapping.py took 0.174 seconds
[2023-04-07T13:23:05.808-0300] {processor.py:153} INFO - Started process (PID=4749) to work on /home/rai/.local/lib/python3.10/site-packages/airflow/example_dags/example_dynamic_task_mapping.py
[2023-04-07T13:23:05.813-0300] {processor.py:743} INFO - Processing file /home/rai/.local/lib/python3.10/site-packages/airflow/example_dags/example_dynamic_task_mapping.py for tasks to queue
[2023-04-07T13:23:05.815-0300] {logging_mixin.py:137} INFO - [2023-04-07T13:23:05.814-0300] {dagbag.py:532} INFO - Filling up the DagBag from /home/rai/.local/lib/python3.10/site-packages/airflow/example_dags/example_dynamic_task_mapping.py
[2023-04-07T13:23:05.942-0300] {processor.py:753} INFO - DAG(s) dict_keys(['example_dynamic_task_mapping']) retrieved from /home/rai/.local/lib/python3.10/site-packages/airflow/example_dags/example_dynamic_task_mapping.py
[2023-04-07T13:23:05.956-0300] {logging_mixin.py:137} INFO - [2023-04-07T13:23:05.956-0300] {dag.py:2705} INFO - Sync 1 DAGs
[2023-04-07T13:23:05.973-0300] {logging_mixin.py:137} INFO - [2023-04-07T13:23:05.973-0300] {dag.py:3452} INFO - Setting next_dagrun for example_dynamic_task_mapping to 2022-03-04T00:00:00+00:00, run_after=2022-03-05T00:00:00+00:00
[2023-04-07T13:23:06.006-0300] {processor.py:175} INFO - Processing /home/rai/.local/lib/python3.10/site-packages/airflow/example_dags/example_dynamic_task_mapping.py took 0.202 seconds
