[2023-04-07T12:23:54.395-0300] {processor.py:153} INFO - Started process (PID=1431) to work on /home/rai/.local/lib/python3.10/site-packages/airflow/example_dags/example_kubernetes_executor.py
[2023-04-07T12:23:54.396-0300] {processor.py:743} INFO - Processing file /home/rai/.local/lib/python3.10/site-packages/airflow/example_dags/example_kubernetes_executor.py for tasks to queue
[2023-04-07T12:23:54.396-0300] {logging_mixin.py:137} INFO - [2023-04-07T12:23:54.396-0300] {dagbag.py:532} INFO - Filling up the DagBag from /home/rai/.local/lib/python3.10/site-packages/airflow/example_dags/example_kubernetes_executor.py
[2023-04-07T12:23:54.409-0300] {logging_mixin.py:137} INFO - [2023-04-07T12:23:54.409-0300] {example_kubernetes_executor.py:41} WARNING - The example_kubernetes_executor example DAG requires the kubernetes provider. Please install it with: pip install apache-airflow[cncf.kubernetes]
[2023-04-07T12:23:54.409-0300] {processor.py:755} WARNING - No viable dags retrieved from /home/rai/.local/lib/python3.10/site-packages/airflow/example_dags/example_kubernetes_executor.py
[2023-04-07T12:23:54.416-0300] {processor.py:175} INFO - Processing /home/rai/.local/lib/python3.10/site-packages/airflow/example_dags/example_kubernetes_executor.py took 0.023 seconds
[2023-04-07T12:24:39.011-0300] {processor.py:153} INFO - Started process (PID=1479) to work on /home/rai/.local/lib/python3.10/site-packages/airflow/example_dags/example_kubernetes_executor.py
[2023-04-07T12:24:39.012-0300] {processor.py:743} INFO - Processing file /home/rai/.local/lib/python3.10/site-packages/airflow/example_dags/example_kubernetes_executor.py for tasks to queue
[2023-04-07T12:24:39.013-0300] {logging_mixin.py:137} INFO - [2023-04-07T12:24:39.012-0300] {dagbag.py:532} INFO - Filling up the DagBag from /home/rai/.local/lib/python3.10/site-packages/airflow/example_dags/example_kubernetes_executor.py
[2023-04-07T12:24:39.025-0300] {logging_mixin.py:137} INFO - [2023-04-07T12:24:39.025-0300] {example_kubernetes_executor.py:41} WARNING - The example_kubernetes_executor example DAG requires the kubernetes provider. Please install it with: pip install apache-airflow[cncf.kubernetes]
[2023-04-07T12:24:39.025-0300] {processor.py:755} WARNING - No viable dags retrieved from /home/rai/.local/lib/python3.10/site-packages/airflow/example_dags/example_kubernetes_executor.py
[2023-04-07T12:24:39.032-0300] {processor.py:175} INFO - Processing /home/rai/.local/lib/python3.10/site-packages/airflow/example_dags/example_kubernetes_executor.py took 0.023 seconds
[2023-04-07T12:25:26.406-0300] {processor.py:153} INFO - Started process (PID=1526) to work on /home/rai/.local/lib/python3.10/site-packages/airflow/example_dags/example_kubernetes_executor.py
[2023-04-07T12:25:26.410-0300] {processor.py:743} INFO - Processing file /home/rai/.local/lib/python3.10/site-packages/airflow/example_dags/example_kubernetes_executor.py for tasks to queue
[2023-04-07T12:25:26.411-0300] {logging_mixin.py:137} INFO - [2023-04-07T12:25:26.411-0300] {dagbag.py:532} INFO - Filling up the DagBag from /home/rai/.local/lib/python3.10/site-packages/airflow/example_dags/example_kubernetes_executor.py
[2023-04-07T12:25:26.425-0300] {logging_mixin.py:137} INFO - [2023-04-07T12:25:26.425-0300] {example_kubernetes_executor.py:41} WARNING - The example_kubernetes_executor example DAG requires the kubernetes provider. Please install it with: pip install apache-airflow[cncf.kubernetes]
[2023-04-07T12:25:26.425-0300] {processor.py:755} WARNING - No viable dags retrieved from /home/rai/.local/lib/python3.10/site-packages/airflow/example_dags/example_kubernetes_executor.py
[2023-04-07T12:25:26.432-0300] {processor.py:175} INFO - Processing /home/rai/.local/lib/python3.10/site-packages/airflow/example_dags/example_kubernetes_executor.py took 0.028 seconds
[2023-04-07T12:26:14.848-0300] {processor.py:153} INFO - Started process (PID=1575) to work on /home/rai/.local/lib/python3.10/site-packages/airflow/example_dags/example_kubernetes_executor.py
[2023-04-07T12:26:14.850-0300] {processor.py:743} INFO - Processing file /home/rai/.local/lib/python3.10/site-packages/airflow/example_dags/example_kubernetes_executor.py for tasks to queue
[2023-04-07T12:26:14.851-0300] {logging_mixin.py:137} INFO - [2023-04-07T12:26:14.850-0300] {dagbag.py:532} INFO - Filling up the DagBag from /home/rai/.local/lib/python3.10/site-packages/airflow/example_dags/example_kubernetes_executor.py
[2023-04-07T12:26:14.865-0300] {logging_mixin.py:137} INFO - [2023-04-07T12:26:14.865-0300] {example_kubernetes_executor.py:41} WARNING - The example_kubernetes_executor example DAG requires the kubernetes provider. Please install it with: pip install apache-airflow[cncf.kubernetes]
[2023-04-07T12:26:14.865-0300] {processor.py:755} WARNING - No viable dags retrieved from /home/rai/.local/lib/python3.10/site-packages/airflow/example_dags/example_kubernetes_executor.py
[2023-04-07T12:26:14.872-0300] {processor.py:175} INFO - Processing /home/rai/.local/lib/python3.10/site-packages/airflow/example_dags/example_kubernetes_executor.py took 0.025 seconds
[2023-04-07T12:27:03.311-0300] {processor.py:153} INFO - Started process (PID=1624) to work on /home/rai/.local/lib/python3.10/site-packages/airflow/example_dags/example_kubernetes_executor.py
[2023-04-07T12:27:03.312-0300] {processor.py:743} INFO - Processing file /home/rai/.local/lib/python3.10/site-packages/airflow/example_dags/example_kubernetes_executor.py for tasks to queue
[2023-04-07T12:27:03.313-0300] {logging_mixin.py:137} INFO - [2023-04-07T12:27:03.313-0300] {dagbag.py:532} INFO - Filling up the DagBag from /home/rai/.local/lib/python3.10/site-packages/airflow/example_dags/example_kubernetes_executor.py
[2023-04-07T12:27:03.325-0300] {logging_mixin.py:137} INFO - [2023-04-07T12:27:03.325-0300] {example_kubernetes_executor.py:41} WARNING - The example_kubernetes_executor example DAG requires the kubernetes provider. Please install it with: pip install apache-airflow[cncf.kubernetes]
[2023-04-07T12:27:03.325-0300] {processor.py:755} WARNING - No viable dags retrieved from /home/rai/.local/lib/python3.10/site-packages/airflow/example_dags/example_kubernetes_executor.py
[2023-04-07T12:27:03.332-0300] {processor.py:175} INFO - Processing /home/rai/.local/lib/python3.10/site-packages/airflow/example_dags/example_kubernetes_executor.py took 0.023 seconds
[2023-04-07T12:27:48.891-0300] {processor.py:153} INFO - Started process (PID=1671) to work on /home/rai/.local/lib/python3.10/site-packages/airflow/example_dags/example_kubernetes_executor.py
[2023-04-07T12:27:48.893-0300] {processor.py:743} INFO - Processing file /home/rai/.local/lib/python3.10/site-packages/airflow/example_dags/example_kubernetes_executor.py for tasks to queue
[2023-04-07T12:27:48.893-0300] {logging_mixin.py:137} INFO - [2023-04-07T12:27:48.893-0300] {dagbag.py:532} INFO - Filling up the DagBag from /home/rai/.local/lib/python3.10/site-packages/airflow/example_dags/example_kubernetes_executor.py
[2023-04-07T12:27:48.906-0300] {logging_mixin.py:137} INFO - [2023-04-07T12:27:48.905-0300] {example_kubernetes_executor.py:41} WARNING - The example_kubernetes_executor example DAG requires the kubernetes provider. Please install it with: pip install apache-airflow[cncf.kubernetes]
[2023-04-07T12:27:48.906-0300] {processor.py:755} WARNING - No viable dags retrieved from /home/rai/.local/lib/python3.10/site-packages/airflow/example_dags/example_kubernetes_executor.py
[2023-04-07T12:27:48.912-0300] {processor.py:175} INFO - Processing /home/rai/.local/lib/python3.10/site-packages/airflow/example_dags/example_kubernetes_executor.py took 0.023 seconds
[2023-04-07T12:28:35.557-0300] {processor.py:153} INFO - Started process (PID=1721) to work on /home/rai/.local/lib/python3.10/site-packages/airflow/example_dags/example_kubernetes_executor.py
[2023-04-07T12:28:35.559-0300] {processor.py:743} INFO - Processing file /home/rai/.local/lib/python3.10/site-packages/airflow/example_dags/example_kubernetes_executor.py for tasks to queue
[2023-04-07T12:28:35.560-0300] {logging_mixin.py:137} INFO - [2023-04-07T12:28:35.560-0300] {dagbag.py:532} INFO - Filling up the DagBag from /home/rai/.local/lib/python3.10/site-packages/airflow/example_dags/example_kubernetes_executor.py
[2023-04-07T12:28:35.594-0300] {logging_mixin.py:137} INFO - [2023-04-07T12:28:35.593-0300] {example_kubernetes_executor.py:41} WARNING - The example_kubernetes_executor example DAG requires the kubernetes provider. Please install it with: pip install apache-airflow[cncf.kubernetes]
[2023-04-07T12:28:35.594-0300] {processor.py:755} WARNING - No viable dags retrieved from /home/rai/.local/lib/python3.10/site-packages/airflow/example_dags/example_kubernetes_executor.py
[2023-04-07T12:28:35.607-0300] {processor.py:175} INFO - Processing /home/rai/.local/lib/python3.10/site-packages/airflow/example_dags/example_kubernetes_executor.py took 0.056 seconds
[2023-04-07T12:29:31.079-0300] {processor.py:153} INFO - Started process (PID=1774) to work on /home/rai/.local/lib/python3.10/site-packages/airflow/example_dags/example_kubernetes_executor.py
[2023-04-07T12:29:31.080-0300] {processor.py:743} INFO - Processing file /home/rai/.local/lib/python3.10/site-packages/airflow/example_dags/example_kubernetes_executor.py for tasks to queue
[2023-04-07T12:29:31.081-0300] {logging_mixin.py:137} INFO - [2023-04-07T12:29:31.081-0300] {dagbag.py:532} INFO - Filling up the DagBag from /home/rai/.local/lib/python3.10/site-packages/airflow/example_dags/example_kubernetes_executor.py
[2023-04-07T12:29:31.094-0300] {logging_mixin.py:137} INFO - [2023-04-07T12:29:31.094-0300] {example_kubernetes_executor.py:41} WARNING - The example_kubernetes_executor example DAG requires the kubernetes provider. Please install it with: pip install apache-airflow[cncf.kubernetes]
[2023-04-07T12:29:31.094-0300] {processor.py:755} WARNING - No viable dags retrieved from /home/rai/.local/lib/python3.10/site-packages/airflow/example_dags/example_kubernetes_executor.py
[2023-04-07T12:29:31.100-0300] {processor.py:175} INFO - Processing /home/rai/.local/lib/python3.10/site-packages/airflow/example_dags/example_kubernetes_executor.py took 0.023 seconds
[2023-04-07T12:30:19.483-0300] {processor.py:153} INFO - Started process (PID=1823) to work on /home/rai/.local/lib/python3.10/site-packages/airflow/example_dags/example_kubernetes_executor.py
[2023-04-07T12:30:19.489-0300] {processor.py:743} INFO - Processing file /home/rai/.local/lib/python3.10/site-packages/airflow/example_dags/example_kubernetes_executor.py for tasks to queue
[2023-04-07T12:30:19.490-0300] {logging_mixin.py:137} INFO - [2023-04-07T12:30:19.490-0300] {dagbag.py:532} INFO - Filling up the DagBag from /home/rai/.local/lib/python3.10/site-packages/airflow/example_dags/example_kubernetes_executor.py
[2023-04-07T12:30:19.520-0300] {logging_mixin.py:137} INFO - [2023-04-07T12:30:19.520-0300] {example_kubernetes_executor.py:41} WARNING - The example_kubernetes_executor example DAG requires the kubernetes provider. Please install it with: pip install apache-airflow[cncf.kubernetes]
[2023-04-07T12:30:19.521-0300] {processor.py:755} WARNING - No viable dags retrieved from /home/rai/.local/lib/python3.10/site-packages/airflow/example_dags/example_kubernetes_executor.py
[2023-04-07T12:30:19.532-0300] {processor.py:175} INFO - Processing /home/rai/.local/lib/python3.10/site-packages/airflow/example_dags/example_kubernetes_executor.py took 0.056 seconds
[2023-04-07T12:31:17.150-0300] {processor.py:153} INFO - Started process (PID=1877) to work on /home/rai/.local/lib/python3.10/site-packages/airflow/example_dags/example_kubernetes_executor.py
[2023-04-07T12:31:17.153-0300] {processor.py:743} INFO - Processing file /home/rai/.local/lib/python3.10/site-packages/airflow/example_dags/example_kubernetes_executor.py for tasks to queue
[2023-04-07T12:31:17.154-0300] {logging_mixin.py:137} INFO - [2023-04-07T12:31:17.153-0300] {dagbag.py:532} INFO - Filling up the DagBag from /home/rai/.local/lib/python3.10/site-packages/airflow/example_dags/example_kubernetes_executor.py
[2023-04-07T12:31:17.194-0300] {logging_mixin.py:137} INFO - [2023-04-07T12:31:17.194-0300] {example_kubernetes_executor.py:41} WARNING - The example_kubernetes_executor example DAG requires the kubernetes provider. Please install it with: pip install apache-airflow[cncf.kubernetes]
[2023-04-07T12:31:17.195-0300] {processor.py:755} WARNING - No viable dags retrieved from /home/rai/.local/lib/python3.10/site-packages/airflow/example_dags/example_kubernetes_executor.py
[2023-04-07T12:31:17.207-0300] {processor.py:175} INFO - Processing /home/rai/.local/lib/python3.10/site-packages/airflow/example_dags/example_kubernetes_executor.py took 0.062 seconds
[2023-04-07T12:32:10.235-0300] {processor.py:153} INFO - Started process (PID=1930) to work on /home/rai/.local/lib/python3.10/site-packages/airflow/example_dags/example_kubernetes_executor.py
[2023-04-07T12:32:10.236-0300] {processor.py:743} INFO - Processing file /home/rai/.local/lib/python3.10/site-packages/airflow/example_dags/example_kubernetes_executor.py for tasks to queue
[2023-04-07T12:32:10.237-0300] {logging_mixin.py:137} INFO - [2023-04-07T12:32:10.237-0300] {dagbag.py:532} INFO - Filling up the DagBag from /home/rai/.local/lib/python3.10/site-packages/airflow/example_dags/example_kubernetes_executor.py
[2023-04-07T12:32:10.258-0300] {logging_mixin.py:137} INFO - [2023-04-07T12:32:10.258-0300] {example_kubernetes_executor.py:41} WARNING - The example_kubernetes_executor example DAG requires the kubernetes provider. Please install it with: pip install apache-airflow[cncf.kubernetes]
[2023-04-07T12:32:10.258-0300] {processor.py:755} WARNING - No viable dags retrieved from /home/rai/.local/lib/python3.10/site-packages/airflow/example_dags/example_kubernetes_executor.py
[2023-04-07T12:32:10.269-0300] {processor.py:175} INFO - Processing /home/rai/.local/lib/python3.10/site-packages/airflow/example_dags/example_kubernetes_executor.py took 0.037 seconds
[2023-04-07T12:33:01.980-0300] {processor.py:153} INFO - Started process (PID=1981) to work on /home/rai/.local/lib/python3.10/site-packages/airflow/example_dags/example_kubernetes_executor.py
[2023-04-07T12:33:01.981-0300] {processor.py:743} INFO - Processing file /home/rai/.local/lib/python3.10/site-packages/airflow/example_dags/example_kubernetes_executor.py for tasks to queue
[2023-04-07T12:33:01.982-0300] {logging_mixin.py:137} INFO - [2023-04-07T12:33:01.982-0300] {dagbag.py:532} INFO - Filling up the DagBag from /home/rai/.local/lib/python3.10/site-packages/airflow/example_dags/example_kubernetes_executor.py
[2023-04-07T12:33:01.995-0300] {logging_mixin.py:137} INFO - [2023-04-07T12:33:01.995-0300] {example_kubernetes_executor.py:41} WARNING - The example_kubernetes_executor example DAG requires the kubernetes provider. Please install it with: pip install apache-airflow[cncf.kubernetes]
[2023-04-07T12:33:01.995-0300] {processor.py:755} WARNING - No viable dags retrieved from /home/rai/.local/lib/python3.10/site-packages/airflow/example_dags/example_kubernetes_executor.py
[2023-04-07T12:33:02.002-0300] {processor.py:175} INFO - Processing /home/rai/.local/lib/python3.10/site-packages/airflow/example_dags/example_kubernetes_executor.py took 0.024 seconds
[2023-04-07T12:33:57.831-0300] {processor.py:153} INFO - Started process (PID=2033) to work on /home/rai/.local/lib/python3.10/site-packages/airflow/example_dags/example_kubernetes_executor.py
[2023-04-07T12:33:57.833-0300] {processor.py:743} INFO - Processing file /home/rai/.local/lib/python3.10/site-packages/airflow/example_dags/example_kubernetes_executor.py for tasks to queue
[2023-04-07T12:33:57.833-0300] {logging_mixin.py:137} INFO - [2023-04-07T12:33:57.833-0300] {dagbag.py:532} INFO - Filling up the DagBag from /home/rai/.local/lib/python3.10/site-packages/airflow/example_dags/example_kubernetes_executor.py
[2023-04-07T12:33:57.846-0300] {logging_mixin.py:137} INFO - [2023-04-07T12:33:57.846-0300] {example_kubernetes_executor.py:41} WARNING - The example_kubernetes_executor example DAG requires the kubernetes provider. Please install it with: pip install apache-airflow[cncf.kubernetes]
[2023-04-07T12:33:57.846-0300] {processor.py:755} WARNING - No viable dags retrieved from /home/rai/.local/lib/python3.10/site-packages/airflow/example_dags/example_kubernetes_executor.py
[2023-04-07T12:33:57.853-0300] {processor.py:175} INFO - Processing /home/rai/.local/lib/python3.10/site-packages/airflow/example_dags/example_kubernetes_executor.py took 0.024 seconds
[2023-04-07T12:34:49.207-0300] {processor.py:153} INFO - Started process (PID=2085) to work on /home/rai/.local/lib/python3.10/site-packages/airflow/example_dags/example_kubernetes_executor.py
[2023-04-07T12:34:49.211-0300] {processor.py:743} INFO - Processing file /home/rai/.local/lib/python3.10/site-packages/airflow/example_dags/example_kubernetes_executor.py for tasks to queue
[2023-04-07T12:34:49.212-0300] {logging_mixin.py:137} INFO - [2023-04-07T12:34:49.212-0300] {dagbag.py:532} INFO - Filling up the DagBag from /home/rai/.local/lib/python3.10/site-packages/airflow/example_dags/example_kubernetes_executor.py
[2023-04-07T12:34:49.226-0300] {logging_mixin.py:137} INFO - [2023-04-07T12:34:49.226-0300] {example_kubernetes_executor.py:41} WARNING - The example_kubernetes_executor example DAG requires the kubernetes provider. Please install it with: pip install apache-airflow[cncf.kubernetes]
[2023-04-07T12:34:49.226-0300] {processor.py:755} WARNING - No viable dags retrieved from /home/rai/.local/lib/python3.10/site-packages/airflow/example_dags/example_kubernetes_executor.py
[2023-04-07T12:34:49.232-0300] {processor.py:175} INFO - Processing /home/rai/.local/lib/python3.10/site-packages/airflow/example_dags/example_kubernetes_executor.py took 0.027 seconds
[2023-04-07T12:35:39.441-0300] {processor.py:153} INFO - Started process (PID=2136) to work on /home/rai/.local/lib/python3.10/site-packages/airflow/example_dags/example_kubernetes_executor.py
[2023-04-07T12:35:39.442-0300] {processor.py:743} INFO - Processing file /home/rai/.local/lib/python3.10/site-packages/airflow/example_dags/example_kubernetes_executor.py for tasks to queue
[2023-04-07T12:35:39.442-0300] {logging_mixin.py:137} INFO - [2023-04-07T12:35:39.442-0300] {dagbag.py:532} INFO - Filling up the DagBag from /home/rai/.local/lib/python3.10/site-packages/airflow/example_dags/example_kubernetes_executor.py
[2023-04-07T12:35:39.455-0300] {logging_mixin.py:137} INFO - [2023-04-07T12:35:39.455-0300] {example_kubernetes_executor.py:41} WARNING - The example_kubernetes_executor example DAG requires the kubernetes provider. Please install it with: pip install apache-airflow[cncf.kubernetes]
[2023-04-07T12:35:39.455-0300] {processor.py:755} WARNING - No viable dags retrieved from /home/rai/.local/lib/python3.10/site-packages/airflow/example_dags/example_kubernetes_executor.py
[2023-04-07T12:35:39.461-0300] {processor.py:175} INFO - Processing /home/rai/.local/lib/python3.10/site-packages/airflow/example_dags/example_kubernetes_executor.py took 0.023 seconds
[2023-04-07T12:36:29.184-0300] {processor.py:153} INFO - Started process (PID=2186) to work on /home/rai/.local/lib/python3.10/site-packages/airflow/example_dags/example_kubernetes_executor.py
[2023-04-07T12:36:29.188-0300] {processor.py:743} INFO - Processing file /home/rai/.local/lib/python3.10/site-packages/airflow/example_dags/example_kubernetes_executor.py for tasks to queue
[2023-04-07T12:36:29.189-0300] {logging_mixin.py:137} INFO - [2023-04-07T12:36:29.189-0300] {dagbag.py:532} INFO - Filling up the DagBag from /home/rai/.local/lib/python3.10/site-packages/airflow/example_dags/example_kubernetes_executor.py
[2023-04-07T12:36:29.202-0300] {logging_mixin.py:137} INFO - [2023-04-07T12:36:29.202-0300] {example_kubernetes_executor.py:41} WARNING - The example_kubernetes_executor example DAG requires the kubernetes provider. Please install it with: pip install apache-airflow[cncf.kubernetes]
[2023-04-07T12:36:29.202-0300] {processor.py:755} WARNING - No viable dags retrieved from /home/rai/.local/lib/python3.10/site-packages/airflow/example_dags/example_kubernetes_executor.py
[2023-04-07T12:36:29.208-0300] {processor.py:175} INFO - Processing /home/rai/.local/lib/python3.10/site-packages/airflow/example_dags/example_kubernetes_executor.py took 0.027 seconds
[2023-04-07T12:37:11.534-0300] {processor.py:153} INFO - Started process (PID=2232) to work on /home/rai/.local/lib/python3.10/site-packages/airflow/example_dags/example_kubernetes_executor.py
[2023-04-07T12:37:11.535-0300] {processor.py:743} INFO - Processing file /home/rai/.local/lib/python3.10/site-packages/airflow/example_dags/example_kubernetes_executor.py for tasks to queue
[2023-04-07T12:37:11.536-0300] {logging_mixin.py:137} INFO - [2023-04-07T12:37:11.535-0300] {dagbag.py:532} INFO - Filling up the DagBag from /home/rai/.local/lib/python3.10/site-packages/airflow/example_dags/example_kubernetes_executor.py
[2023-04-07T12:37:11.550-0300] {logging_mixin.py:137} INFO - [2023-04-07T12:37:11.549-0300] {example_kubernetes_executor.py:41} WARNING - The example_kubernetes_executor example DAG requires the kubernetes provider. Please install it with: pip install apache-airflow[cncf.kubernetes]
[2023-04-07T12:37:11.550-0300] {processor.py:755} WARNING - No viable dags retrieved from /home/rai/.local/lib/python3.10/site-packages/airflow/example_dags/example_kubernetes_executor.py
[2023-04-07T12:37:11.557-0300] {processor.py:175} INFO - Processing /home/rai/.local/lib/python3.10/site-packages/airflow/example_dags/example_kubernetes_executor.py took 0.026 seconds
[2023-04-07T12:37:54.780-0300] {processor.py:153} INFO - Started process (PID=2276) to work on /home/rai/.local/lib/python3.10/site-packages/airflow/example_dags/example_kubernetes_executor.py
[2023-04-07T12:37:54.784-0300] {processor.py:743} INFO - Processing file /home/rai/.local/lib/python3.10/site-packages/airflow/example_dags/example_kubernetes_executor.py for tasks to queue
[2023-04-07T12:37:54.785-0300] {logging_mixin.py:137} INFO - [2023-04-07T12:37:54.785-0300] {dagbag.py:532} INFO - Filling up the DagBag from /home/rai/.local/lib/python3.10/site-packages/airflow/example_dags/example_kubernetes_executor.py
[2023-04-07T12:37:54.799-0300] {logging_mixin.py:137} INFO - [2023-04-07T12:37:54.799-0300] {example_kubernetes_executor.py:41} WARNING - The example_kubernetes_executor example DAG requires the kubernetes provider. Please install it with: pip install apache-airflow[cncf.kubernetes]
[2023-04-07T12:37:54.799-0300] {processor.py:755} WARNING - No viable dags retrieved from /home/rai/.local/lib/python3.10/site-packages/airflow/example_dags/example_kubernetes_executor.py
[2023-04-07T12:37:54.806-0300] {processor.py:175} INFO - Processing /home/rai/.local/lib/python3.10/site-packages/airflow/example_dags/example_kubernetes_executor.py took 0.029 seconds
[2023-04-07T12:38:39.503-0300] {processor.py:153} INFO - Started process (PID=2322) to work on /home/rai/.local/lib/python3.10/site-packages/airflow/example_dags/example_kubernetes_executor.py
[2023-04-07T12:38:39.505-0300] {processor.py:743} INFO - Processing file /home/rai/.local/lib/python3.10/site-packages/airflow/example_dags/example_kubernetes_executor.py for tasks to queue
[2023-04-07T12:38:39.505-0300] {logging_mixin.py:137} INFO - [2023-04-07T12:38:39.505-0300] {dagbag.py:532} INFO - Filling up the DagBag from /home/rai/.local/lib/python3.10/site-packages/airflow/example_dags/example_kubernetes_executor.py
[2023-04-07T12:38:39.518-0300] {logging_mixin.py:137} INFO - [2023-04-07T12:38:39.518-0300] {example_kubernetes_executor.py:41} WARNING - The example_kubernetes_executor example DAG requires the kubernetes provider. Please install it with: pip install apache-airflow[cncf.kubernetes]
[2023-04-07T12:38:39.518-0300] {processor.py:755} WARNING - No viable dags retrieved from /home/rai/.local/lib/python3.10/site-packages/airflow/example_dags/example_kubernetes_executor.py
[2023-04-07T12:38:39.525-0300] {processor.py:175} INFO - Processing /home/rai/.local/lib/python3.10/site-packages/airflow/example_dags/example_kubernetes_executor.py took 0.025 seconds
[2023-04-07T12:39:25.917-0300] {processor.py:153} INFO - Started process (PID=2369) to work on /home/rai/.local/lib/python3.10/site-packages/airflow/example_dags/example_kubernetes_executor.py
[2023-04-07T12:39:25.918-0300] {processor.py:743} INFO - Processing file /home/rai/.local/lib/python3.10/site-packages/airflow/example_dags/example_kubernetes_executor.py for tasks to queue
[2023-04-07T12:39:25.919-0300] {logging_mixin.py:137} INFO - [2023-04-07T12:39:25.919-0300] {dagbag.py:532} INFO - Filling up the DagBag from /home/rai/.local/lib/python3.10/site-packages/airflow/example_dags/example_kubernetes_executor.py
[2023-04-07T12:39:25.933-0300] {logging_mixin.py:137} INFO - [2023-04-07T12:39:25.933-0300] {example_kubernetes_executor.py:41} WARNING - The example_kubernetes_executor example DAG requires the kubernetes provider. Please install it with: pip install apache-airflow[cncf.kubernetes]
[2023-04-07T12:39:25.933-0300] {processor.py:755} WARNING - No viable dags retrieved from /home/rai/.local/lib/python3.10/site-packages/airflow/example_dags/example_kubernetes_executor.py
[2023-04-07T12:39:25.940-0300] {processor.py:175} INFO - Processing /home/rai/.local/lib/python3.10/site-packages/airflow/example_dags/example_kubernetes_executor.py took 0.025 seconds
[2023-04-07T12:40:16.889-0300] {processor.py:153} INFO - Started process (PID=2419) to work on /home/rai/.local/lib/python3.10/site-packages/airflow/example_dags/example_kubernetes_executor.py
[2023-04-07T12:40:16.891-0300] {processor.py:743} INFO - Processing file /home/rai/.local/lib/python3.10/site-packages/airflow/example_dags/example_kubernetes_executor.py for tasks to queue
[2023-04-07T12:40:16.891-0300] {logging_mixin.py:137} INFO - [2023-04-07T12:40:16.891-0300] {dagbag.py:532} INFO - Filling up the DagBag from /home/rai/.local/lib/python3.10/site-packages/airflow/example_dags/example_kubernetes_executor.py
[2023-04-07T12:40:16.904-0300] {logging_mixin.py:137} INFO - [2023-04-07T12:40:16.904-0300] {example_kubernetes_executor.py:41} WARNING - The example_kubernetes_executor example DAG requires the kubernetes provider. Please install it with: pip install apache-airflow[cncf.kubernetes]
[2023-04-07T12:40:16.905-0300] {processor.py:755} WARNING - No viable dags retrieved from /home/rai/.local/lib/python3.10/site-packages/airflow/example_dags/example_kubernetes_executor.py
[2023-04-07T12:40:16.911-0300] {processor.py:175} INFO - Processing /home/rai/.local/lib/python3.10/site-packages/airflow/example_dags/example_kubernetes_executor.py took 0.024 seconds
[2023-04-07T12:41:11.714-0300] {processor.py:153} INFO - Started process (PID=2473) to work on /home/rai/.local/lib/python3.10/site-packages/airflow/example_dags/example_kubernetes_executor.py
[2023-04-07T12:41:11.720-0300] {processor.py:743} INFO - Processing file /home/rai/.local/lib/python3.10/site-packages/airflow/example_dags/example_kubernetes_executor.py for tasks to queue
[2023-04-07T12:41:11.721-0300] {logging_mixin.py:137} INFO - [2023-04-07T12:41:11.721-0300] {dagbag.py:532} INFO - Filling up the DagBag from /home/rai/.local/lib/python3.10/site-packages/airflow/example_dags/example_kubernetes_executor.py
[2023-04-07T12:41:11.735-0300] {logging_mixin.py:137} INFO - [2023-04-07T12:41:11.735-0300] {example_kubernetes_executor.py:41} WARNING - The example_kubernetes_executor example DAG requires the kubernetes provider. Please install it with: pip install apache-airflow[cncf.kubernetes]
[2023-04-07T12:41:11.735-0300] {processor.py:755} WARNING - No viable dags retrieved from /home/rai/.local/lib/python3.10/site-packages/airflow/example_dags/example_kubernetes_executor.py
[2023-04-07T12:41:11.741-0300] {processor.py:175} INFO - Processing /home/rai/.local/lib/python3.10/site-packages/airflow/example_dags/example_kubernetes_executor.py took 0.030 seconds
[2023-04-07T12:42:06.935-0300] {processor.py:153} INFO - Started process (PID=2525) to work on /home/rai/.local/lib/python3.10/site-packages/airflow/example_dags/example_kubernetes_executor.py
[2023-04-07T12:42:06.937-0300] {processor.py:743} INFO - Processing file /home/rai/.local/lib/python3.10/site-packages/airflow/example_dags/example_kubernetes_executor.py for tasks to queue
[2023-04-07T12:42:06.938-0300] {logging_mixin.py:137} INFO - [2023-04-07T12:42:06.938-0300] {dagbag.py:532} INFO - Filling up the DagBag from /home/rai/.local/lib/python3.10/site-packages/airflow/example_dags/example_kubernetes_executor.py
[2023-04-07T12:42:06.952-0300] {logging_mixin.py:137} INFO - [2023-04-07T12:42:06.952-0300] {example_kubernetes_executor.py:41} WARNING - The example_kubernetes_executor example DAG requires the kubernetes provider. Please install it with: pip install apache-airflow[cncf.kubernetes]
[2023-04-07T12:42:06.952-0300] {processor.py:755} WARNING - No viable dags retrieved from /home/rai/.local/lib/python3.10/site-packages/airflow/example_dags/example_kubernetes_executor.py
[2023-04-07T12:42:06.959-0300] {processor.py:175} INFO - Processing /home/rai/.local/lib/python3.10/site-packages/airflow/example_dags/example_kubernetes_executor.py took 0.026 seconds
[2023-04-07T12:43:00.532-0300] {processor.py:153} INFO - Started process (PID=2579) to work on /home/rai/.local/lib/python3.10/site-packages/airflow/example_dags/example_kubernetes_executor.py
[2023-04-07T12:43:00.537-0300] {processor.py:743} INFO - Processing file /home/rai/.local/lib/python3.10/site-packages/airflow/example_dags/example_kubernetes_executor.py for tasks to queue
[2023-04-07T12:43:00.537-0300] {logging_mixin.py:137} INFO - [2023-04-07T12:43:00.537-0300] {dagbag.py:532} INFO - Filling up the DagBag from /home/rai/.local/lib/python3.10/site-packages/airflow/example_dags/example_kubernetes_executor.py
[2023-04-07T12:43:00.550-0300] {logging_mixin.py:137} INFO - [2023-04-07T12:43:00.550-0300] {example_kubernetes_executor.py:41} WARNING - The example_kubernetes_executor example DAG requires the kubernetes provider. Please install it with: pip install apache-airflow[cncf.kubernetes]
[2023-04-07T12:43:00.550-0300] {processor.py:755} WARNING - No viable dags retrieved from /home/rai/.local/lib/python3.10/site-packages/airflow/example_dags/example_kubernetes_executor.py
[2023-04-07T12:43:00.557-0300] {processor.py:175} INFO - Processing /home/rai/.local/lib/python3.10/site-packages/airflow/example_dags/example_kubernetes_executor.py took 0.028 seconds
[2023-04-07T12:43:45.489-0300] {processor.py:153} INFO - Started process (PID=2624) to work on /home/rai/.local/lib/python3.10/site-packages/airflow/example_dags/example_kubernetes_executor.py
[2023-04-07T12:43:45.494-0300] {processor.py:743} INFO - Processing file /home/rai/.local/lib/python3.10/site-packages/airflow/example_dags/example_kubernetes_executor.py for tasks to queue
[2023-04-07T12:43:45.495-0300] {logging_mixin.py:137} INFO - [2023-04-07T12:43:45.495-0300] {dagbag.py:532} INFO - Filling up the DagBag from /home/rai/.local/lib/python3.10/site-packages/airflow/example_dags/example_kubernetes_executor.py
[2023-04-07T12:43:45.508-0300] {logging_mixin.py:137} INFO - [2023-04-07T12:43:45.508-0300] {example_kubernetes_executor.py:41} WARNING - The example_kubernetes_executor example DAG requires the kubernetes provider. Please install it with: pip install apache-airflow[cncf.kubernetes]
[2023-04-07T12:43:45.508-0300] {processor.py:755} WARNING - No viable dags retrieved from /home/rai/.local/lib/python3.10/site-packages/airflow/example_dags/example_kubernetes_executor.py
[2023-04-07T12:43:45.514-0300] {processor.py:175} INFO - Processing /home/rai/.local/lib/python3.10/site-packages/airflow/example_dags/example_kubernetes_executor.py took 0.027 seconds
[2023-04-07T12:44:36.585-0300] {processor.py:153} INFO - Started process (PID=2674) to work on /home/rai/.local/lib/python3.10/site-packages/airflow/example_dags/example_kubernetes_executor.py
[2023-04-07T12:44:36.587-0300] {processor.py:743} INFO - Processing file /home/rai/.local/lib/python3.10/site-packages/airflow/example_dags/example_kubernetes_executor.py for tasks to queue
[2023-04-07T12:44:36.587-0300] {logging_mixin.py:137} INFO - [2023-04-07T12:44:36.587-0300] {dagbag.py:532} INFO - Filling up the DagBag from /home/rai/.local/lib/python3.10/site-packages/airflow/example_dags/example_kubernetes_executor.py
[2023-04-07T12:44:36.600-0300] {logging_mixin.py:137} INFO - [2023-04-07T12:44:36.600-0300] {example_kubernetes_executor.py:41} WARNING - The example_kubernetes_executor example DAG requires the kubernetes provider. Please install it with: pip install apache-airflow[cncf.kubernetes]
[2023-04-07T12:44:36.601-0300] {processor.py:755} WARNING - No viable dags retrieved from /home/rai/.local/lib/python3.10/site-packages/airflow/example_dags/example_kubernetes_executor.py
[2023-04-07T12:44:36.608-0300] {processor.py:175} INFO - Processing /home/rai/.local/lib/python3.10/site-packages/airflow/example_dags/example_kubernetes_executor.py took 0.025 seconds
[2023-04-07T12:45:20.136-0300] {processor.py:153} INFO - Started process (PID=2716) to work on /home/rai/.local/lib/python3.10/site-packages/airflow/example_dags/example_kubernetes_executor.py
[2023-04-07T12:45:20.137-0300] {processor.py:743} INFO - Processing file /home/rai/.local/lib/python3.10/site-packages/airflow/example_dags/example_kubernetes_executor.py for tasks to queue
[2023-04-07T12:45:20.138-0300] {logging_mixin.py:137} INFO - [2023-04-07T12:45:20.138-0300] {dagbag.py:532} INFO - Filling up the DagBag from /home/rai/.local/lib/python3.10/site-packages/airflow/example_dags/example_kubernetes_executor.py
[2023-04-07T12:45:20.150-0300] {logging_mixin.py:137} INFO - [2023-04-07T12:45:20.150-0300] {example_kubernetes_executor.py:41} WARNING - The example_kubernetes_executor example DAG requires the kubernetes provider. Please install it with: pip install apache-airflow[cncf.kubernetes]
[2023-04-07T12:45:20.150-0300] {processor.py:755} WARNING - No viable dags retrieved from /home/rai/.local/lib/python3.10/site-packages/airflow/example_dags/example_kubernetes_executor.py
[2023-04-07T12:45:20.156-0300] {processor.py:175} INFO - Processing /home/rai/.local/lib/python3.10/site-packages/airflow/example_dags/example_kubernetes_executor.py took 0.023 seconds
[2023-04-07T12:46:12.393-0300] {processor.py:153} INFO - Started process (PID=2768) to work on /home/rai/.local/lib/python3.10/site-packages/airflow/example_dags/example_kubernetes_executor.py
[2023-04-07T12:46:12.394-0300] {processor.py:743} INFO - Processing file /home/rai/.local/lib/python3.10/site-packages/airflow/example_dags/example_kubernetes_executor.py for tasks to queue
[2023-04-07T12:46:12.394-0300] {logging_mixin.py:137} INFO - [2023-04-07T12:46:12.394-0300] {dagbag.py:532} INFO - Filling up the DagBag from /home/rai/.local/lib/python3.10/site-packages/airflow/example_dags/example_kubernetes_executor.py
[2023-04-07T12:46:12.407-0300] {logging_mixin.py:137} INFO - [2023-04-07T12:46:12.407-0300] {example_kubernetes_executor.py:41} WARNING - The example_kubernetes_executor example DAG requires the kubernetes provider. Please install it with: pip install apache-airflow[cncf.kubernetes]
[2023-04-07T12:46:12.407-0300] {processor.py:755} WARNING - No viable dags retrieved from /home/rai/.local/lib/python3.10/site-packages/airflow/example_dags/example_kubernetes_executor.py
[2023-04-07T12:46:12.413-0300] {processor.py:175} INFO - Processing /home/rai/.local/lib/python3.10/site-packages/airflow/example_dags/example_kubernetes_executor.py took 0.023 seconds
[2023-04-07T12:48:20.396-0300] {processor.py:153} INFO - Started process (PID=2820) to work on /home/rai/.local/lib/python3.10/site-packages/airflow/example_dags/example_kubernetes_executor.py
[2023-04-07T12:48:20.398-0300] {processor.py:743} INFO - Processing file /home/rai/.local/lib/python3.10/site-packages/airflow/example_dags/example_kubernetes_executor.py for tasks to queue
[2023-04-07T12:48:20.399-0300] {logging_mixin.py:137} INFO - [2023-04-07T12:48:20.399-0300] {dagbag.py:532} INFO - Filling up the DagBag from /home/rai/.local/lib/python3.10/site-packages/airflow/example_dags/example_kubernetes_executor.py
[2023-04-07T12:48:20.424-0300] {logging_mixin.py:137} INFO - [2023-04-07T12:48:20.424-0300] {example_kubernetes_executor.py:41} WARNING - The example_kubernetes_executor example DAG requires the kubernetes provider. Please install it with: pip install apache-airflow[cncf.kubernetes]
[2023-04-07T12:48:20.425-0300] {processor.py:755} WARNING - No viable dags retrieved from /home/rai/.local/lib/python3.10/site-packages/airflow/example_dags/example_kubernetes_executor.py
[2023-04-07T12:48:20.436-0300] {processor.py:175} INFO - Processing /home/rai/.local/lib/python3.10/site-packages/airflow/example_dags/example_kubernetes_executor.py took 0.044 seconds
[2023-04-07T12:49:20.184-0300] {processor.py:153} INFO - Started process (PID=2875) to work on /home/rai/.local/lib/python3.10/site-packages/airflow/example_dags/example_kubernetes_executor.py
[2023-04-07T12:49:20.188-0300] {processor.py:743} INFO - Processing file /home/rai/.local/lib/python3.10/site-packages/airflow/example_dags/example_kubernetes_executor.py for tasks to queue
[2023-04-07T12:49:20.190-0300] {logging_mixin.py:137} INFO - [2023-04-07T12:49:20.189-0300] {dagbag.py:532} INFO - Filling up the DagBag from /home/rai/.local/lib/python3.10/site-packages/airflow/example_dags/example_kubernetes_executor.py
[2023-04-07T12:49:20.218-0300] {logging_mixin.py:137} INFO - [2023-04-07T12:49:20.217-0300] {example_kubernetes_executor.py:41} WARNING - The example_kubernetes_executor example DAG requires the kubernetes provider. Please install it with: pip install apache-airflow[cncf.kubernetes]
[2023-04-07T12:49:20.218-0300] {processor.py:755} WARNING - No viable dags retrieved from /home/rai/.local/lib/python3.10/site-packages/airflow/example_dags/example_kubernetes_executor.py
[2023-04-07T12:49:20.229-0300] {processor.py:175} INFO - Processing /home/rai/.local/lib/python3.10/site-packages/airflow/example_dags/example_kubernetes_executor.py took 0.050 seconds
[2023-04-07T12:50:13.586-0300] {processor.py:153} INFO - Started process (PID=2922) to work on /home/rai/.local/lib/python3.10/site-packages/airflow/example_dags/example_kubernetes_executor.py
[2023-04-07T12:50:13.588-0300] {processor.py:743} INFO - Processing file /home/rai/.local/lib/python3.10/site-packages/airflow/example_dags/example_kubernetes_executor.py for tasks to queue
[2023-04-07T12:50:13.589-0300] {logging_mixin.py:137} INFO - [2023-04-07T12:50:13.589-0300] {dagbag.py:532} INFO - Filling up the DagBag from /home/rai/.local/lib/python3.10/site-packages/airflow/example_dags/example_kubernetes_executor.py
[2023-04-07T12:50:13.622-0300] {logging_mixin.py:137} INFO - [2023-04-07T12:50:13.621-0300] {example_kubernetes_executor.py:41} WARNING - The example_kubernetes_executor example DAG requires the kubernetes provider. Please install it with: pip install apache-airflow[cncf.kubernetes]
[2023-04-07T12:50:13.622-0300] {processor.py:755} WARNING - No viable dags retrieved from /home/rai/.local/lib/python3.10/site-packages/airflow/example_dags/example_kubernetes_executor.py
[2023-04-07T12:50:13.635-0300] {processor.py:175} INFO - Processing /home/rai/.local/lib/python3.10/site-packages/airflow/example_dags/example_kubernetes_executor.py took 0.057 seconds
[2023-04-07T12:51:14.015-0300] {processor.py:153} INFO - Started process (PID=2973) to work on /home/rai/.local/lib/python3.10/site-packages/airflow/example_dags/example_kubernetes_executor.py
[2023-04-07T12:51:14.017-0300] {processor.py:743} INFO - Processing file /home/rai/.local/lib/python3.10/site-packages/airflow/example_dags/example_kubernetes_executor.py for tasks to queue
[2023-04-07T12:51:14.018-0300] {logging_mixin.py:137} INFO - [2023-04-07T12:51:14.018-0300] {dagbag.py:532} INFO - Filling up the DagBag from /home/rai/.local/lib/python3.10/site-packages/airflow/example_dags/example_kubernetes_executor.py
[2023-04-07T12:51:14.047-0300] {logging_mixin.py:137} INFO - [2023-04-07T12:51:14.047-0300] {example_kubernetes_executor.py:41} WARNING - The example_kubernetes_executor example DAG requires the kubernetes provider. Please install it with: pip install apache-airflow[cncf.kubernetes]
[2023-04-07T12:51:14.048-0300] {processor.py:755} WARNING - No viable dags retrieved from /home/rai/.local/lib/python3.10/site-packages/airflow/example_dags/example_kubernetes_executor.py
[2023-04-07T12:51:14.059-0300] {processor.py:175} INFO - Processing /home/rai/.local/lib/python3.10/site-packages/airflow/example_dags/example_kubernetes_executor.py took 0.048 seconds
[2023-04-07T12:52:14.436-0300] {processor.py:153} INFO - Started process (PID=3023) to work on /home/rai/.local/lib/python3.10/site-packages/airflow/example_dags/example_kubernetes_executor.py
[2023-04-07T12:52:14.437-0300] {processor.py:743} INFO - Processing file /home/rai/.local/lib/python3.10/site-packages/airflow/example_dags/example_kubernetes_executor.py for tasks to queue
[2023-04-07T12:52:14.438-0300] {logging_mixin.py:137} INFO - [2023-04-07T12:52:14.438-0300] {dagbag.py:532} INFO - Filling up the DagBag from /home/rai/.local/lib/python3.10/site-packages/airflow/example_dags/example_kubernetes_executor.py
[2023-04-07T12:52:14.464-0300] {logging_mixin.py:137} INFO - [2023-04-07T12:52:14.464-0300] {example_kubernetes_executor.py:41} WARNING - The example_kubernetes_executor example DAG requires the kubernetes provider. Please install it with: pip install apache-airflow[cncf.kubernetes]
[2023-04-07T12:52:14.465-0300] {processor.py:755} WARNING - No viable dags retrieved from /home/rai/.local/lib/python3.10/site-packages/airflow/example_dags/example_kubernetes_executor.py
[2023-04-07T12:52:14.475-0300] {processor.py:175} INFO - Processing /home/rai/.local/lib/python3.10/site-packages/airflow/example_dags/example_kubernetes_executor.py took 0.043 seconds
[2023-04-07T12:53:11.962-0300] {processor.py:153} INFO - Started process (PID=3074) to work on /home/rai/.local/lib/python3.10/site-packages/airflow/example_dags/example_kubernetes_executor.py
[2023-04-07T12:53:11.964-0300] {processor.py:743} INFO - Processing file /home/rai/.local/lib/python3.10/site-packages/airflow/example_dags/example_kubernetes_executor.py for tasks to queue
[2023-04-07T12:53:11.965-0300] {logging_mixin.py:137} INFO - [2023-04-07T12:53:11.965-0300] {dagbag.py:532} INFO - Filling up the DagBag from /home/rai/.local/lib/python3.10/site-packages/airflow/example_dags/example_kubernetes_executor.py
[2023-04-07T12:53:11.994-0300] {logging_mixin.py:137} INFO - [2023-04-07T12:53:11.994-0300] {example_kubernetes_executor.py:41} WARNING - The example_kubernetes_executor example DAG requires the kubernetes provider. Please install it with: pip install apache-airflow[cncf.kubernetes]
[2023-04-07T12:53:11.994-0300] {processor.py:755} WARNING - No viable dags retrieved from /home/rai/.local/lib/python3.10/site-packages/airflow/example_dags/example_kubernetes_executor.py
[2023-04-07T12:53:12.005-0300] {processor.py:175} INFO - Processing /home/rai/.local/lib/python3.10/site-packages/airflow/example_dags/example_kubernetes_executor.py took 0.048 seconds
[2023-04-07T12:54:01.229-0300] {processor.py:153} INFO - Started process (PID=3120) to work on /home/rai/.local/lib/python3.10/site-packages/airflow/example_dags/example_kubernetes_executor.py
[2023-04-07T12:54:01.230-0300] {processor.py:743} INFO - Processing file /home/rai/.local/lib/python3.10/site-packages/airflow/example_dags/example_kubernetes_executor.py for tasks to queue
[2023-04-07T12:54:01.230-0300] {logging_mixin.py:137} INFO - [2023-04-07T12:54:01.230-0300] {dagbag.py:532} INFO - Filling up the DagBag from /home/rai/.local/lib/python3.10/site-packages/airflow/example_dags/example_kubernetes_executor.py
[2023-04-07T12:54:01.243-0300] {logging_mixin.py:137} INFO - [2023-04-07T12:54:01.243-0300] {example_kubernetes_executor.py:41} WARNING - The example_kubernetes_executor example DAG requires the kubernetes provider. Please install it with: pip install apache-airflow[cncf.kubernetes]
[2023-04-07T12:54:01.243-0300] {processor.py:755} WARNING - No viable dags retrieved from /home/rai/.local/lib/python3.10/site-packages/airflow/example_dags/example_kubernetes_executor.py
[2023-04-07T12:54:01.249-0300] {processor.py:175} INFO - Processing /home/rai/.local/lib/python3.10/site-packages/airflow/example_dags/example_kubernetes_executor.py took 0.023 seconds
[2023-04-07T12:54:49.217-0300] {processor.py:153} INFO - Started process (PID=3169) to work on /home/rai/.local/lib/python3.10/site-packages/airflow/example_dags/example_kubernetes_executor.py
[2023-04-07T12:54:49.219-0300] {processor.py:743} INFO - Processing file /home/rai/.local/lib/python3.10/site-packages/airflow/example_dags/example_kubernetes_executor.py for tasks to queue
[2023-04-07T12:54:49.219-0300] {logging_mixin.py:137} INFO - [2023-04-07T12:54:49.219-0300] {dagbag.py:532} INFO - Filling up the DagBag from /home/rai/.local/lib/python3.10/site-packages/airflow/example_dags/example_kubernetes_executor.py
[2023-04-07T12:54:49.232-0300] {logging_mixin.py:137} INFO - [2023-04-07T12:54:49.232-0300] {example_kubernetes_executor.py:41} WARNING - The example_kubernetes_executor example DAG requires the kubernetes provider. Please install it with: pip install apache-airflow[cncf.kubernetes]
[2023-04-07T12:54:49.232-0300] {processor.py:755} WARNING - No viable dags retrieved from /home/rai/.local/lib/python3.10/site-packages/airflow/example_dags/example_kubernetes_executor.py
[2023-04-07T12:54:49.239-0300] {processor.py:175} INFO - Processing /home/rai/.local/lib/python3.10/site-packages/airflow/example_dags/example_kubernetes_executor.py took 0.023 seconds
[2023-04-07T12:55:56.070-0300] {processor.py:153} INFO - Started process (PID=3231) to work on /home/rai/.local/lib/python3.10/site-packages/airflow/example_dags/example_kubernetes_executor.py
[2023-04-07T12:55:56.073-0300] {processor.py:743} INFO - Processing file /home/rai/.local/lib/python3.10/site-packages/airflow/example_dags/example_kubernetes_executor.py for tasks to queue
[2023-04-07T12:55:56.075-0300] {logging_mixin.py:137} INFO - [2023-04-07T12:55:56.075-0300] {dagbag.py:532} INFO - Filling up the DagBag from /home/rai/.local/lib/python3.10/site-packages/airflow/example_dags/example_kubernetes_executor.py
[2023-04-07T12:55:56.104-0300] {logging_mixin.py:137} INFO - [2023-04-07T12:55:56.104-0300] {example_kubernetes_executor.py:41} WARNING - The example_kubernetes_executor example DAG requires the kubernetes provider. Please install it with: pip install apache-airflow[cncf.kubernetes]
[2023-04-07T12:55:56.105-0300] {processor.py:755} WARNING - No viable dags retrieved from /home/rai/.local/lib/python3.10/site-packages/airflow/example_dags/example_kubernetes_executor.py
[2023-04-07T12:55:56.117-0300] {processor.py:175} INFO - Processing /home/rai/.local/lib/python3.10/site-packages/airflow/example_dags/example_kubernetes_executor.py took 0.053 seconds
[2023-04-07T12:56:54.980-0300] {processor.py:153} INFO - Started process (PID=3282) to work on /home/rai/.local/lib/python3.10/site-packages/airflow/example_dags/example_kubernetes_executor.py
[2023-04-07T12:56:54.982-0300] {processor.py:743} INFO - Processing file /home/rai/.local/lib/python3.10/site-packages/airflow/example_dags/example_kubernetes_executor.py for tasks to queue
[2023-04-07T12:56:54.983-0300] {logging_mixin.py:137} INFO - [2023-04-07T12:56:54.982-0300] {dagbag.py:532} INFO - Filling up the DagBag from /home/rai/.local/lib/python3.10/site-packages/airflow/example_dags/example_kubernetes_executor.py
[2023-04-07T12:56:55.010-0300] {logging_mixin.py:137} INFO - [2023-04-07T12:56:55.009-0300] {example_kubernetes_executor.py:41} WARNING - The example_kubernetes_executor example DAG requires the kubernetes provider. Please install it with: pip install apache-airflow[cncf.kubernetes]
[2023-04-07T12:56:55.010-0300] {processor.py:755} WARNING - No viable dags retrieved from /home/rai/.local/lib/python3.10/site-packages/airflow/example_dags/example_kubernetes_executor.py
[2023-04-07T12:56:55.017-0300] {processor.py:175} INFO - Processing /home/rai/.local/lib/python3.10/site-packages/airflow/example_dags/example_kubernetes_executor.py took 0.041 seconds
[2023-04-07T12:57:47.643-0300] {processor.py:153} INFO - Started process (PID=3335) to work on /home/rai/.local/lib/python3.10/site-packages/airflow/example_dags/example_kubernetes_executor.py
[2023-04-07T12:57:47.645-0300] {processor.py:743} INFO - Processing file /home/rai/.local/lib/python3.10/site-packages/airflow/example_dags/example_kubernetes_executor.py for tasks to queue
[2023-04-07T12:57:47.645-0300] {logging_mixin.py:137} INFO - [2023-04-07T12:57:47.645-0300] {dagbag.py:532} INFO - Filling up the DagBag from /home/rai/.local/lib/python3.10/site-packages/airflow/example_dags/example_kubernetes_executor.py
[2023-04-07T12:57:47.657-0300] {logging_mixin.py:137} INFO - [2023-04-07T12:57:47.657-0300] {example_kubernetes_executor.py:41} WARNING - The example_kubernetes_executor example DAG requires the kubernetes provider. Please install it with: pip install apache-airflow[cncf.kubernetes]
[2023-04-07T12:57:47.658-0300] {processor.py:755} WARNING - No viable dags retrieved from /home/rai/.local/lib/python3.10/site-packages/airflow/example_dags/example_kubernetes_executor.py
[2023-04-07T12:57:47.664-0300] {processor.py:175} INFO - Processing /home/rai/.local/lib/python3.10/site-packages/airflow/example_dags/example_kubernetes_executor.py took 0.023 seconds
[2023-04-07T12:58:41.634-0300] {processor.py:153} INFO - Started process (PID=3390) to work on /home/rai/.local/lib/python3.10/site-packages/airflow/example_dags/example_kubernetes_executor.py
[2023-04-07T12:58:41.639-0300] {processor.py:743} INFO - Processing file /home/rai/.local/lib/python3.10/site-packages/airflow/example_dags/example_kubernetes_executor.py for tasks to queue
[2023-04-07T12:58:41.639-0300] {logging_mixin.py:137} INFO - [2023-04-07T12:58:41.639-0300] {dagbag.py:532} INFO - Filling up the DagBag from /home/rai/.local/lib/python3.10/site-packages/airflow/example_dags/example_kubernetes_executor.py
[2023-04-07T12:58:41.651-0300] {logging_mixin.py:137} INFO - [2023-04-07T12:58:41.651-0300] {example_kubernetes_executor.py:41} WARNING - The example_kubernetes_executor example DAG requires the kubernetes provider. Please install it with: pip install apache-airflow[cncf.kubernetes]
[2023-04-07T12:58:41.652-0300] {processor.py:755} WARNING - No viable dags retrieved from /home/rai/.local/lib/python3.10/site-packages/airflow/example_dags/example_kubernetes_executor.py
[2023-04-07T12:58:41.658-0300] {processor.py:175} INFO - Processing /home/rai/.local/lib/python3.10/site-packages/airflow/example_dags/example_kubernetes_executor.py took 0.026 seconds
[2023-04-07T12:59:31.857-0300] {processor.py:153} INFO - Started process (PID=3443) to work on /home/rai/.local/lib/python3.10/site-packages/airflow/example_dags/example_kubernetes_executor.py
[2023-04-07T12:59:31.861-0300] {processor.py:743} INFO - Processing file /home/rai/.local/lib/python3.10/site-packages/airflow/example_dags/example_kubernetes_executor.py for tasks to queue
[2023-04-07T12:59:31.861-0300] {logging_mixin.py:137} INFO - [2023-04-07T12:59:31.861-0300] {dagbag.py:532} INFO - Filling up the DagBag from /home/rai/.local/lib/python3.10/site-packages/airflow/example_dags/example_kubernetes_executor.py
[2023-04-07T12:59:31.874-0300] {logging_mixin.py:137} INFO - [2023-04-07T12:59:31.874-0300] {example_kubernetes_executor.py:41} WARNING - The example_kubernetes_executor example DAG requires the kubernetes provider. Please install it with: pip install apache-airflow[cncf.kubernetes]
[2023-04-07T12:59:31.874-0300] {processor.py:755} WARNING - No viable dags retrieved from /home/rai/.local/lib/python3.10/site-packages/airflow/example_dags/example_kubernetes_executor.py
[2023-04-07T12:59:31.880-0300] {processor.py:175} INFO - Processing /home/rai/.local/lib/python3.10/site-packages/airflow/example_dags/example_kubernetes_executor.py took 0.026 seconds
[2023-04-07T13:00:21.004-0300] {processor.py:153} INFO - Started process (PID=3487) to work on /home/rai/.local/lib/python3.10/site-packages/airflow/example_dags/example_kubernetes_executor.py
[2023-04-07T13:00:21.005-0300] {processor.py:743} INFO - Processing file /home/rai/.local/lib/python3.10/site-packages/airflow/example_dags/example_kubernetes_executor.py for tasks to queue
[2023-04-07T13:00:21.006-0300] {logging_mixin.py:137} INFO - [2023-04-07T13:00:21.006-0300] {dagbag.py:532} INFO - Filling up the DagBag from /home/rai/.local/lib/python3.10/site-packages/airflow/example_dags/example_kubernetes_executor.py
[2023-04-07T13:00:21.030-0300] {logging_mixin.py:137} INFO - [2023-04-07T13:00:21.030-0300] {example_kubernetes_executor.py:41} WARNING - The example_kubernetes_executor example DAG requires the kubernetes provider. Please install it with: pip install apache-airflow[cncf.kubernetes]
[2023-04-07T13:00:21.030-0300] {processor.py:755} WARNING - No viable dags retrieved from /home/rai/.local/lib/python3.10/site-packages/airflow/example_dags/example_kubernetes_executor.py
[2023-04-07T13:00:21.040-0300] {processor.py:175} INFO - Processing /home/rai/.local/lib/python3.10/site-packages/airflow/example_dags/example_kubernetes_executor.py took 0.041 seconds
[2023-04-07T13:01:11.956-0300] {processor.py:153} INFO - Started process (PID=3547) to work on /home/rai/.local/lib/python3.10/site-packages/airflow/example_dags/example_kubernetes_executor.py
[2023-04-07T13:01:11.958-0300] {processor.py:743} INFO - Processing file /home/rai/.local/lib/python3.10/site-packages/airflow/example_dags/example_kubernetes_executor.py for tasks to queue
[2023-04-07T13:01:11.959-0300] {logging_mixin.py:137} INFO - [2023-04-07T13:01:11.959-0300] {dagbag.py:532} INFO - Filling up the DagBag from /home/rai/.local/lib/python3.10/site-packages/airflow/example_dags/example_kubernetes_executor.py
[2023-04-07T13:01:11.986-0300] {logging_mixin.py:137} INFO - [2023-04-07T13:01:11.986-0300] {example_kubernetes_executor.py:41} WARNING - The example_kubernetes_executor example DAG requires the kubernetes provider. Please install it with: pip install apache-airflow[cncf.kubernetes]
[2023-04-07T13:01:11.986-0300] {processor.py:755} WARNING - No viable dags retrieved from /home/rai/.local/lib/python3.10/site-packages/airflow/example_dags/example_kubernetes_executor.py
[2023-04-07T13:01:11.996-0300] {processor.py:175} INFO - Processing /home/rai/.local/lib/python3.10/site-packages/airflow/example_dags/example_kubernetes_executor.py took 0.045 seconds
[2023-04-07T13:02:13.860-0300] {processor.py:153} INFO - Started process (PID=3607) to work on /home/rai/.local/lib/python3.10/site-packages/airflow/example_dags/example_kubernetes_executor.py
[2023-04-07T13:02:13.865-0300] {processor.py:743} INFO - Processing file /home/rai/.local/lib/python3.10/site-packages/airflow/example_dags/example_kubernetes_executor.py for tasks to queue
[2023-04-07T13:02:13.867-0300] {logging_mixin.py:137} INFO - [2023-04-07T13:02:13.866-0300] {dagbag.py:532} INFO - Filling up the DagBag from /home/rai/.local/lib/python3.10/site-packages/airflow/example_dags/example_kubernetes_executor.py
[2023-04-07T13:02:13.898-0300] {logging_mixin.py:137} INFO - [2023-04-07T13:02:13.898-0300] {example_kubernetes_executor.py:41} WARNING - The example_kubernetes_executor example DAG requires the kubernetes provider. Please install it with: pip install apache-airflow[cncf.kubernetes]
[2023-04-07T13:02:13.899-0300] {processor.py:755} WARNING - No viable dags retrieved from /home/rai/.local/lib/python3.10/site-packages/airflow/example_dags/example_kubernetes_executor.py
[2023-04-07T13:02:13.912-0300] {processor.py:175} INFO - Processing /home/rai/.local/lib/python3.10/site-packages/airflow/example_dags/example_kubernetes_executor.py took 0.058 seconds
[2023-04-07T13:03:09.254-0300] {processor.py:153} INFO - Started process (PID=3658) to work on /home/rai/.local/lib/python3.10/site-packages/airflow/example_dags/example_kubernetes_executor.py
[2023-04-07T13:03:09.256-0300] {processor.py:743} INFO - Processing file /home/rai/.local/lib/python3.10/site-packages/airflow/example_dags/example_kubernetes_executor.py for tasks to queue
[2023-04-07T13:03:09.258-0300] {logging_mixin.py:137} INFO - [2023-04-07T13:03:09.258-0300] {dagbag.py:532} INFO - Filling up the DagBag from /home/rai/.local/lib/python3.10/site-packages/airflow/example_dags/example_kubernetes_executor.py
[2023-04-07T13:03:09.284-0300] {logging_mixin.py:137} INFO - [2023-04-07T13:03:09.283-0300] {example_kubernetes_executor.py:41} WARNING - The example_kubernetes_executor example DAG requires the kubernetes provider. Please install it with: pip install apache-airflow[cncf.kubernetes]
[2023-04-07T13:03:09.284-0300] {processor.py:755} WARNING - No viable dags retrieved from /home/rai/.local/lib/python3.10/site-packages/airflow/example_dags/example_kubernetes_executor.py
[2023-04-07T13:03:09.295-0300] {processor.py:175} INFO - Processing /home/rai/.local/lib/python3.10/site-packages/airflow/example_dags/example_kubernetes_executor.py took 0.045 seconds
[2023-04-07T13:04:00.207-0300] {processor.py:153} INFO - Started process (PID=3704) to work on /home/rai/.local/lib/python3.10/site-packages/airflow/example_dags/example_kubernetes_executor.py
[2023-04-07T13:04:00.209-0300] {processor.py:743} INFO - Processing file /home/rai/.local/lib/python3.10/site-packages/airflow/example_dags/example_kubernetes_executor.py for tasks to queue
[2023-04-07T13:04:00.210-0300] {logging_mixin.py:137} INFO - [2023-04-07T13:04:00.210-0300] {dagbag.py:532} INFO - Filling up the DagBag from /home/rai/.local/lib/python3.10/site-packages/airflow/example_dags/example_kubernetes_executor.py
[2023-04-07T13:04:00.236-0300] {logging_mixin.py:137} INFO - [2023-04-07T13:04:00.236-0300] {example_kubernetes_executor.py:41} WARNING - The example_kubernetes_executor example DAG requires the kubernetes provider. Please install it with: pip install apache-airflow[cncf.kubernetes]
[2023-04-07T13:04:00.237-0300] {processor.py:755} WARNING - No viable dags retrieved from /home/rai/.local/lib/python3.10/site-packages/airflow/example_dags/example_kubernetes_executor.py
[2023-04-07T13:04:00.246-0300] {processor.py:175} INFO - Processing /home/rai/.local/lib/python3.10/site-packages/airflow/example_dags/example_kubernetes_executor.py took 0.044 seconds
[2023-04-07T13:04:51.328-0300] {processor.py:153} INFO - Started process (PID=3749) to work on /home/rai/.local/lib/python3.10/site-packages/airflow/example_dags/example_kubernetes_executor.py
[2023-04-07T13:04:51.334-0300] {processor.py:743} INFO - Processing file /home/rai/.local/lib/python3.10/site-packages/airflow/example_dags/example_kubernetes_executor.py for tasks to queue
[2023-04-07T13:04:51.335-0300] {logging_mixin.py:137} INFO - [2023-04-07T13:04:51.334-0300] {dagbag.py:532} INFO - Filling up the DagBag from /home/rai/.local/lib/python3.10/site-packages/airflow/example_dags/example_kubernetes_executor.py
[2023-04-07T13:04:51.364-0300] {logging_mixin.py:137} INFO - [2023-04-07T13:04:51.364-0300] {example_kubernetes_executor.py:41} WARNING - The example_kubernetes_executor example DAG requires the kubernetes provider. Please install it with: pip install apache-airflow[cncf.kubernetes]
[2023-04-07T13:04:51.364-0300] {processor.py:755} WARNING - No viable dags retrieved from /home/rai/.local/lib/python3.10/site-packages/airflow/example_dags/example_kubernetes_executor.py
[2023-04-07T13:04:51.375-0300] {processor.py:175} INFO - Processing /home/rai/.local/lib/python3.10/site-packages/airflow/example_dags/example_kubernetes_executor.py took 0.051 seconds
[2023-04-07T13:05:53.857-0300] {processor.py:153} INFO - Started process (PID=3801) to work on /home/rai/.local/lib/python3.10/site-packages/airflow/example_dags/example_kubernetes_executor.py
[2023-04-07T13:05:53.859-0300] {processor.py:743} INFO - Processing file /home/rai/.local/lib/python3.10/site-packages/airflow/example_dags/example_kubernetes_executor.py for tasks to queue
[2023-04-07T13:05:53.860-0300] {logging_mixin.py:137} INFO - [2023-04-07T13:05:53.860-0300] {dagbag.py:532} INFO - Filling up the DagBag from /home/rai/.local/lib/python3.10/site-packages/airflow/example_dags/example_kubernetes_executor.py
[2023-04-07T13:05:53.890-0300] {logging_mixin.py:137} INFO - [2023-04-07T13:05:53.889-0300] {example_kubernetes_executor.py:41} WARNING - The example_kubernetes_executor example DAG requires the kubernetes provider. Please install it with: pip install apache-airflow[cncf.kubernetes]
[2023-04-07T13:05:53.890-0300] {processor.py:755} WARNING - No viable dags retrieved from /home/rai/.local/lib/python3.10/site-packages/airflow/example_dags/example_kubernetes_executor.py
[2023-04-07T13:05:53.903-0300] {processor.py:175} INFO - Processing /home/rai/.local/lib/python3.10/site-packages/airflow/example_dags/example_kubernetes_executor.py took 0.051 seconds
[2023-04-07T13:06:56.283-0300] {processor.py:153} INFO - Started process (PID=3853) to work on /home/rai/.local/lib/python3.10/site-packages/airflow/example_dags/example_kubernetes_executor.py
[2023-04-07T13:06:56.284-0300] {processor.py:743} INFO - Processing file /home/rai/.local/lib/python3.10/site-packages/airflow/example_dags/example_kubernetes_executor.py for tasks to queue
[2023-04-07T13:06:56.285-0300] {logging_mixin.py:137} INFO - [2023-04-07T13:06:56.285-0300] {dagbag.py:532} INFO - Filling up the DagBag from /home/rai/.local/lib/python3.10/site-packages/airflow/example_dags/example_kubernetes_executor.py
[2023-04-07T13:06:56.310-0300] {logging_mixin.py:137} INFO - [2023-04-07T13:06:56.310-0300] {example_kubernetes_executor.py:41} WARNING - The example_kubernetes_executor example DAG requires the kubernetes provider. Please install it with: pip install apache-airflow[cncf.kubernetes]
[2023-04-07T13:06:56.311-0300] {processor.py:755} WARNING - No viable dags retrieved from /home/rai/.local/lib/python3.10/site-packages/airflow/example_dags/example_kubernetes_executor.py
[2023-04-07T13:06:56.321-0300] {processor.py:175} INFO - Processing /home/rai/.local/lib/python3.10/site-packages/airflow/example_dags/example_kubernetes_executor.py took 0.043 seconds
[2023-04-07T13:07:55.438-0300] {processor.py:153} INFO - Started process (PID=3903) to work on /home/rai/.local/lib/python3.10/site-packages/airflow/example_dags/example_kubernetes_executor.py
[2023-04-07T13:07:55.440-0300] {processor.py:743} INFO - Processing file /home/rai/.local/lib/python3.10/site-packages/airflow/example_dags/example_kubernetes_executor.py for tasks to queue
[2023-04-07T13:07:55.441-0300] {logging_mixin.py:137} INFO - [2023-04-07T13:07:55.440-0300] {dagbag.py:532} INFO - Filling up the DagBag from /home/rai/.local/lib/python3.10/site-packages/airflow/example_dags/example_kubernetes_executor.py
[2023-04-07T13:07:55.462-0300] {logging_mixin.py:137} INFO - [2023-04-07T13:07:55.461-0300] {example_kubernetes_executor.py:41} WARNING - The example_kubernetes_executor example DAG requires the kubernetes provider. Please install it with: pip install apache-airflow[cncf.kubernetes]
[2023-04-07T13:07:55.462-0300] {processor.py:755} WARNING - No viable dags retrieved from /home/rai/.local/lib/python3.10/site-packages/airflow/example_dags/example_kubernetes_executor.py
[2023-04-07T13:07:55.470-0300] {processor.py:175} INFO - Processing /home/rai/.local/lib/python3.10/site-packages/airflow/example_dags/example_kubernetes_executor.py took 0.034 seconds
[2023-04-07T13:08:52.602-0300] {processor.py:153} INFO - Started process (PID=3955) to work on /home/rai/.local/lib/python3.10/site-packages/airflow/example_dags/example_kubernetes_executor.py
[2023-04-07T13:08:52.603-0300] {processor.py:743} INFO - Processing file /home/rai/.local/lib/python3.10/site-packages/airflow/example_dags/example_kubernetes_executor.py for tasks to queue
[2023-04-07T13:08:52.604-0300] {logging_mixin.py:137} INFO - [2023-04-07T13:08:52.604-0300] {dagbag.py:532} INFO - Filling up the DagBag from /home/rai/.local/lib/python3.10/site-packages/airflow/example_dags/example_kubernetes_executor.py
[2023-04-07T13:08:52.617-0300] {logging_mixin.py:137} INFO - [2023-04-07T13:08:52.617-0300] {example_kubernetes_executor.py:41} WARNING - The example_kubernetes_executor example DAG requires the kubernetes provider. Please install it with: pip install apache-airflow[cncf.kubernetes]
[2023-04-07T13:08:52.617-0300] {processor.py:755} WARNING - No viable dags retrieved from /home/rai/.local/lib/python3.10/site-packages/airflow/example_dags/example_kubernetes_executor.py
[2023-04-07T13:08:52.624-0300] {processor.py:175} INFO - Processing /home/rai/.local/lib/python3.10/site-packages/airflow/example_dags/example_kubernetes_executor.py took 0.024 seconds
[2023-04-07T13:09:48.640-0300] {processor.py:153} INFO - Started process (PID=4010) to work on /home/rai/.local/lib/python3.10/site-packages/airflow/example_dags/example_kubernetes_executor.py
[2023-04-07T13:09:48.641-0300] {processor.py:743} INFO - Processing file /home/rai/.local/lib/python3.10/site-packages/airflow/example_dags/example_kubernetes_executor.py for tasks to queue
[2023-04-07T13:09:48.643-0300] {logging_mixin.py:137} INFO - [2023-04-07T13:09:48.643-0300] {dagbag.py:532} INFO - Filling up the DagBag from /home/rai/.local/lib/python3.10/site-packages/airflow/example_dags/example_kubernetes_executor.py
[2023-04-07T13:09:48.672-0300] {logging_mixin.py:137} INFO - [2023-04-07T13:09:48.671-0300] {example_kubernetes_executor.py:41} WARNING - The example_kubernetes_executor example DAG requires the kubernetes provider. Please install it with: pip install apache-airflow[cncf.kubernetes]
[2023-04-07T13:09:48.672-0300] {processor.py:755} WARNING - No viable dags retrieved from /home/rai/.local/lib/python3.10/site-packages/airflow/example_dags/example_kubernetes_executor.py
[2023-04-07T13:09:48.683-0300] {processor.py:175} INFO - Processing /home/rai/.local/lib/python3.10/site-packages/airflow/example_dags/example_kubernetes_executor.py took 0.047 seconds
[2023-04-07T13:10:47.126-0300] {processor.py:153} INFO - Started process (PID=4059) to work on /home/rai/.local/lib/python3.10/site-packages/airflow/example_dags/example_kubernetes_executor.py
[2023-04-07T13:10:47.132-0300] {processor.py:743} INFO - Processing file /home/rai/.local/lib/python3.10/site-packages/airflow/example_dags/example_kubernetes_executor.py for tasks to queue
[2023-04-07T13:10:47.133-0300] {logging_mixin.py:137} INFO - [2023-04-07T13:10:47.132-0300] {dagbag.py:532} INFO - Filling up the DagBag from /home/rai/.local/lib/python3.10/site-packages/airflow/example_dags/example_kubernetes_executor.py
[2023-04-07T13:10:47.159-0300] {logging_mixin.py:137} INFO - [2023-04-07T13:10:47.158-0300] {example_kubernetes_executor.py:41} WARNING - The example_kubernetes_executor example DAG requires the kubernetes provider. Please install it with: pip install apache-airflow[cncf.kubernetes]
[2023-04-07T13:10:47.159-0300] {processor.py:755} WARNING - No viable dags retrieved from /home/rai/.local/lib/python3.10/site-packages/airflow/example_dags/example_kubernetes_executor.py
[2023-04-07T13:10:47.169-0300] {processor.py:175} INFO - Processing /home/rai/.local/lib/python3.10/site-packages/airflow/example_dags/example_kubernetes_executor.py took 0.048 seconds
[2023-04-07T13:11:52.458-0300] {processor.py:153} INFO - Started process (PID=4113) to work on /home/rai/.local/lib/python3.10/site-packages/airflow/example_dags/example_kubernetes_executor.py
[2023-04-07T13:11:52.463-0300] {processor.py:743} INFO - Processing file /home/rai/.local/lib/python3.10/site-packages/airflow/example_dags/example_kubernetes_executor.py for tasks to queue
[2023-04-07T13:11:52.465-0300] {logging_mixin.py:137} INFO - [2023-04-07T13:11:52.465-0300] {dagbag.py:532} INFO - Filling up the DagBag from /home/rai/.local/lib/python3.10/site-packages/airflow/example_dags/example_kubernetes_executor.py
[2023-04-07T13:11:52.491-0300] {logging_mixin.py:137} INFO - [2023-04-07T13:11:52.490-0300] {example_kubernetes_executor.py:41} WARNING - The example_kubernetes_executor example DAG requires the kubernetes provider. Please install it with: pip install apache-airflow[cncf.kubernetes]
[2023-04-07T13:11:52.491-0300] {processor.py:755} WARNING - No viable dags retrieved from /home/rai/.local/lib/python3.10/site-packages/airflow/example_dags/example_kubernetes_executor.py
[2023-04-07T13:11:52.501-0300] {processor.py:175} INFO - Processing /home/rai/.local/lib/python3.10/site-packages/airflow/example_dags/example_kubernetes_executor.py took 0.047 seconds
[2023-04-07T13:12:53.692-0300] {processor.py:153} INFO - Started process (PID=4165) to work on /home/rai/.local/lib/python3.10/site-packages/airflow/example_dags/example_kubernetes_executor.py
[2023-04-07T13:12:53.697-0300] {processor.py:743} INFO - Processing file /home/rai/.local/lib/python3.10/site-packages/airflow/example_dags/example_kubernetes_executor.py for tasks to queue
[2023-04-07T13:12:53.698-0300] {logging_mixin.py:137} INFO - [2023-04-07T13:12:53.698-0300] {dagbag.py:532} INFO - Filling up the DagBag from /home/rai/.local/lib/python3.10/site-packages/airflow/example_dags/example_kubernetes_executor.py
[2023-04-07T13:12:53.726-0300] {logging_mixin.py:137} INFO - [2023-04-07T13:12:53.726-0300] {example_kubernetes_executor.py:41} WARNING - The example_kubernetes_executor example DAG requires the kubernetes provider. Please install it with: pip install apache-airflow[cncf.kubernetes]
[2023-04-07T13:12:53.726-0300] {processor.py:755} WARNING - No viable dags retrieved from /home/rai/.local/lib/python3.10/site-packages/airflow/example_dags/example_kubernetes_executor.py
[2023-04-07T13:12:53.737-0300] {processor.py:175} INFO - Processing /home/rai/.local/lib/python3.10/site-packages/airflow/example_dags/example_kubernetes_executor.py took 0.050 seconds
[2023-04-07T13:13:45.196-0300] {processor.py:153} INFO - Started process (PID=4212) to work on /home/rai/.local/lib/python3.10/site-packages/airflow/example_dags/example_kubernetes_executor.py
[2023-04-07T13:13:45.201-0300] {processor.py:743} INFO - Processing file /home/rai/.local/lib/python3.10/site-packages/airflow/example_dags/example_kubernetes_executor.py for tasks to queue
[2023-04-07T13:13:45.202-0300] {logging_mixin.py:137} INFO - [2023-04-07T13:13:45.202-0300] {dagbag.py:532} INFO - Filling up the DagBag from /home/rai/.local/lib/python3.10/site-packages/airflow/example_dags/example_kubernetes_executor.py
[2023-04-07T13:13:45.232-0300] {logging_mixin.py:137} INFO - [2023-04-07T13:13:45.232-0300] {example_kubernetes_executor.py:41} WARNING - The example_kubernetes_executor example DAG requires the kubernetes provider. Please install it with: pip install apache-airflow[cncf.kubernetes]
[2023-04-07T13:13:45.233-0300] {processor.py:755} WARNING - No viable dags retrieved from /home/rai/.local/lib/python3.10/site-packages/airflow/example_dags/example_kubernetes_executor.py
[2023-04-07T13:13:45.243-0300] {processor.py:175} INFO - Processing /home/rai/.local/lib/python3.10/site-packages/airflow/example_dags/example_kubernetes_executor.py took 0.052 seconds
[2023-04-07T13:14:36.773-0300] {processor.py:153} INFO - Started process (PID=4256) to work on /home/rai/.local/lib/python3.10/site-packages/airflow/example_dags/example_kubernetes_executor.py
[2023-04-07T13:14:36.779-0300] {processor.py:743} INFO - Processing file /home/rai/.local/lib/python3.10/site-packages/airflow/example_dags/example_kubernetes_executor.py for tasks to queue
[2023-04-07T13:14:36.780-0300] {logging_mixin.py:137} INFO - [2023-04-07T13:14:36.780-0300] {dagbag.py:532} INFO - Filling up the DagBag from /home/rai/.local/lib/python3.10/site-packages/airflow/example_dags/example_kubernetes_executor.py
[2023-04-07T13:14:36.809-0300] {logging_mixin.py:137} INFO - [2023-04-07T13:14:36.809-0300] {example_kubernetes_executor.py:41} WARNING - The example_kubernetes_executor example DAG requires the kubernetes provider. Please install it with: pip install apache-airflow[cncf.kubernetes]
[2023-04-07T13:14:36.810-0300] {processor.py:755} WARNING - No viable dags retrieved from /home/rai/.local/lib/python3.10/site-packages/airflow/example_dags/example_kubernetes_executor.py
[2023-04-07T13:14:36.823-0300] {processor.py:175} INFO - Processing /home/rai/.local/lib/python3.10/site-packages/airflow/example_dags/example_kubernetes_executor.py took 0.055 seconds
[2023-04-07T13:15:38.357-0300] {processor.py:153} INFO - Started process (PID=4309) to work on /home/rai/.local/lib/python3.10/site-packages/airflow/example_dags/example_kubernetes_executor.py
[2023-04-07T13:15:38.360-0300] {processor.py:743} INFO - Processing file /home/rai/.local/lib/python3.10/site-packages/airflow/example_dags/example_kubernetes_executor.py for tasks to queue
[2023-04-07T13:15:38.362-0300] {logging_mixin.py:137} INFO - [2023-04-07T13:15:38.362-0300] {dagbag.py:532} INFO - Filling up the DagBag from /home/rai/.local/lib/python3.10/site-packages/airflow/example_dags/example_kubernetes_executor.py
[2023-04-07T13:15:38.391-0300] {logging_mixin.py:137} INFO - [2023-04-07T13:15:38.391-0300] {example_kubernetes_executor.py:41} WARNING - The example_kubernetes_executor example DAG requires the kubernetes provider. Please install it with: pip install apache-airflow[cncf.kubernetes]
[2023-04-07T13:15:38.391-0300] {processor.py:755} WARNING - No viable dags retrieved from /home/rai/.local/lib/python3.10/site-packages/airflow/example_dags/example_kubernetes_executor.py
[2023-04-07T13:15:38.402-0300] {processor.py:175} INFO - Processing /home/rai/.local/lib/python3.10/site-packages/airflow/example_dags/example_kubernetes_executor.py took 0.049 seconds
[2023-04-07T13:16:34.879-0300] {processor.py:153} INFO - Started process (PID=4357) to work on /home/rai/.local/lib/python3.10/site-packages/airflow/example_dags/example_kubernetes_executor.py
[2023-04-07T13:16:34.882-0300] {processor.py:743} INFO - Processing file /home/rai/.local/lib/python3.10/site-packages/airflow/example_dags/example_kubernetes_executor.py for tasks to queue
[2023-04-07T13:16:34.884-0300] {logging_mixin.py:137} INFO - [2023-04-07T13:16:34.883-0300] {dagbag.py:532} INFO - Filling up the DagBag from /home/rai/.local/lib/python3.10/site-packages/airflow/example_dags/example_kubernetes_executor.py
[2023-04-07T13:16:34.920-0300] {logging_mixin.py:137} INFO - [2023-04-07T13:16:34.920-0300] {example_kubernetes_executor.py:41} WARNING - The example_kubernetes_executor example DAG requires the kubernetes provider. Please install it with: pip install apache-airflow[cncf.kubernetes]
[2023-04-07T13:16:34.920-0300] {processor.py:755} WARNING - No viable dags retrieved from /home/rai/.local/lib/python3.10/site-packages/airflow/example_dags/example_kubernetes_executor.py
[2023-04-07T13:16:34.934-0300] {processor.py:175} INFO - Processing /home/rai/.local/lib/python3.10/site-packages/airflow/example_dags/example_kubernetes_executor.py took 0.062 seconds
[2023-04-07T13:17:32.608-0300] {processor.py:153} INFO - Started process (PID=4407) to work on /home/rai/.local/lib/python3.10/site-packages/airflow/example_dags/example_kubernetes_executor.py
[2023-04-07T13:17:32.614-0300] {processor.py:743} INFO - Processing file /home/rai/.local/lib/python3.10/site-packages/airflow/example_dags/example_kubernetes_executor.py for tasks to queue
[2023-04-07T13:17:32.615-0300] {logging_mixin.py:137} INFO - [2023-04-07T13:17:32.615-0300] {dagbag.py:532} INFO - Filling up the DagBag from /home/rai/.local/lib/python3.10/site-packages/airflow/example_dags/example_kubernetes_executor.py
[2023-04-07T13:17:32.644-0300] {logging_mixin.py:137} INFO - [2023-04-07T13:17:32.644-0300] {example_kubernetes_executor.py:41} WARNING - The example_kubernetes_executor example DAG requires the kubernetes provider. Please install it with: pip install apache-airflow[cncf.kubernetes]
[2023-04-07T13:17:32.644-0300] {processor.py:755} WARNING - No viable dags retrieved from /home/rai/.local/lib/python3.10/site-packages/airflow/example_dags/example_kubernetes_executor.py
[2023-04-07T13:17:32.655-0300] {processor.py:175} INFO - Processing /home/rai/.local/lib/python3.10/site-packages/airflow/example_dags/example_kubernetes_executor.py took 0.052 seconds
[2023-04-07T13:18:34.014-0300] {processor.py:153} INFO - Started process (PID=4459) to work on /home/rai/.local/lib/python3.10/site-packages/airflow/example_dags/example_kubernetes_executor.py
[2023-04-07T13:18:34.017-0300] {processor.py:743} INFO - Processing file /home/rai/.local/lib/python3.10/site-packages/airflow/example_dags/example_kubernetes_executor.py for tasks to queue
[2023-04-07T13:18:34.018-0300] {logging_mixin.py:137} INFO - [2023-04-07T13:18:34.018-0300] {dagbag.py:532} INFO - Filling up the DagBag from /home/rai/.local/lib/python3.10/site-packages/airflow/example_dags/example_kubernetes_executor.py
[2023-04-07T13:18:34.043-0300] {logging_mixin.py:137} INFO - [2023-04-07T13:18:34.043-0300] {example_kubernetes_executor.py:41} WARNING - The example_kubernetes_executor example DAG requires the kubernetes provider. Please install it with: pip install apache-airflow[cncf.kubernetes]
[2023-04-07T13:18:34.044-0300] {processor.py:755} WARNING - No viable dags retrieved from /home/rai/.local/lib/python3.10/site-packages/airflow/example_dags/example_kubernetes_executor.py
[2023-04-07T13:18:34.056-0300] {processor.py:175} INFO - Processing /home/rai/.local/lib/python3.10/site-packages/airflow/example_dags/example_kubernetes_executor.py took 0.047 seconds
[2023-04-07T13:19:31.934-0300] {processor.py:153} INFO - Started process (PID=4509) to work on /home/rai/.local/lib/python3.10/site-packages/airflow/example_dags/example_kubernetes_executor.py
[2023-04-07T13:19:31.939-0300] {processor.py:743} INFO - Processing file /home/rai/.local/lib/python3.10/site-packages/airflow/example_dags/example_kubernetes_executor.py for tasks to queue
[2023-04-07T13:19:31.940-0300] {logging_mixin.py:137} INFO - [2023-04-07T13:19:31.939-0300] {dagbag.py:532} INFO - Filling up the DagBag from /home/rai/.local/lib/python3.10/site-packages/airflow/example_dags/example_kubernetes_executor.py
[2023-04-07T13:19:31.954-0300] {logging_mixin.py:137} INFO - [2023-04-07T13:19:31.954-0300] {example_kubernetes_executor.py:41} WARNING - The example_kubernetes_executor example DAG requires the kubernetes provider. Please install it with: pip install apache-airflow[cncf.kubernetes]
[2023-04-07T13:19:31.954-0300] {processor.py:755} WARNING - No viable dags retrieved from /home/rai/.local/lib/python3.10/site-packages/airflow/example_dags/example_kubernetes_executor.py
[2023-04-07T13:19:31.960-0300] {processor.py:175} INFO - Processing /home/rai/.local/lib/python3.10/site-packages/airflow/example_dags/example_kubernetes_executor.py took 0.029 seconds
[2023-04-07T13:20:16.168-0300] {processor.py:153} INFO - Started process (PID=4572) to work on /home/rai/.local/lib/python3.10/site-packages/airflow/example_dags/example_kubernetes_executor.py
[2023-04-07T13:20:16.169-0300] {processor.py:743} INFO - Processing file /home/rai/.local/lib/python3.10/site-packages/airflow/example_dags/example_kubernetes_executor.py for tasks to queue
[2023-04-07T13:20:16.169-0300] {logging_mixin.py:137} INFO - [2023-04-07T13:20:16.169-0300] {dagbag.py:532} INFO - Filling up the DagBag from /home/rai/.local/lib/python3.10/site-packages/airflow/example_dags/example_kubernetes_executor.py
[2023-04-07T13:20:16.181-0300] {logging_mixin.py:137} INFO - [2023-04-07T13:20:16.181-0300] {example_kubernetes_executor.py:41} WARNING - The example_kubernetes_executor example DAG requires the kubernetes provider. Please install it with: pip install apache-airflow[cncf.kubernetes]
[2023-04-07T13:20:16.182-0300] {processor.py:755} WARNING - No viable dags retrieved from /home/rai/.local/lib/python3.10/site-packages/airflow/example_dags/example_kubernetes_executor.py
[2023-04-07T13:20:16.188-0300] {processor.py:175} INFO - Processing /home/rai/.local/lib/python3.10/site-packages/airflow/example_dags/example_kubernetes_executor.py took 0.023 seconds
[2023-04-07T13:21:09.635-0300] {processor.py:153} INFO - Started process (PID=4636) to work on /home/rai/.local/lib/python3.10/site-packages/airflow/example_dags/example_kubernetes_executor.py
[2023-04-07T13:21:09.637-0300] {processor.py:743} INFO - Processing file /home/rai/.local/lib/python3.10/site-packages/airflow/example_dags/example_kubernetes_executor.py for tasks to queue
[2023-04-07T13:21:09.637-0300] {logging_mixin.py:137} INFO - [2023-04-07T13:21:09.637-0300] {dagbag.py:532} INFO - Filling up the DagBag from /home/rai/.local/lib/python3.10/site-packages/airflow/example_dags/example_kubernetes_executor.py
[2023-04-07T13:21:09.653-0300] {logging_mixin.py:137} INFO - [2023-04-07T13:21:09.653-0300] {example_kubernetes_executor.py:41} WARNING - The example_kubernetes_executor example DAG requires the kubernetes provider. Please install it with: pip install apache-airflow[cncf.kubernetes]
[2023-04-07T13:21:09.654-0300] {processor.py:755} WARNING - No viable dags retrieved from /home/rai/.local/lib/python3.10/site-packages/airflow/example_dags/example_kubernetes_executor.py
[2023-04-07T13:21:09.662-0300] {processor.py:175} INFO - Processing /home/rai/.local/lib/python3.10/site-packages/airflow/example_dags/example_kubernetes_executor.py took 0.030 seconds
[2023-04-07T13:22:03.392-0300] {processor.py:153} INFO - Started process (PID=4688) to work on /home/rai/.local/lib/python3.10/site-packages/airflow/example_dags/example_kubernetes_executor.py
[2023-04-07T13:22:03.393-0300] {processor.py:743} INFO - Processing file /home/rai/.local/lib/python3.10/site-packages/airflow/example_dags/example_kubernetes_executor.py for tasks to queue
[2023-04-07T13:22:03.393-0300] {logging_mixin.py:137} INFO - [2023-04-07T13:22:03.393-0300] {dagbag.py:532} INFO - Filling up the DagBag from /home/rai/.local/lib/python3.10/site-packages/airflow/example_dags/example_kubernetes_executor.py
[2023-04-07T13:22:03.406-0300] {logging_mixin.py:137} INFO - [2023-04-07T13:22:03.405-0300] {example_kubernetes_executor.py:41} WARNING - The example_kubernetes_executor example DAG requires the kubernetes provider. Please install it with: pip install apache-airflow[cncf.kubernetes]
[2023-04-07T13:22:03.406-0300] {processor.py:755} WARNING - No viable dags retrieved from /home/rai/.local/lib/python3.10/site-packages/airflow/example_dags/example_kubernetes_executor.py
[2023-04-07T13:22:03.413-0300] {processor.py:175} INFO - Processing /home/rai/.local/lib/python3.10/site-packages/airflow/example_dags/example_kubernetes_executor.py took 0.024 seconds
[2023-04-07T13:22:49.868-0300] {processor.py:153} INFO - Started process (PID=4735) to work on /home/rai/.local/lib/python3.10/site-packages/airflow/example_dags/example_kubernetes_executor.py
[2023-04-07T13:22:49.870-0300] {processor.py:743} INFO - Processing file /home/rai/.local/lib/python3.10/site-packages/airflow/example_dags/example_kubernetes_executor.py for tasks to queue
[2023-04-07T13:22:49.871-0300] {logging_mixin.py:137} INFO - [2023-04-07T13:22:49.871-0300] {dagbag.py:532} INFO - Filling up the DagBag from /home/rai/.local/lib/python3.10/site-packages/airflow/example_dags/example_kubernetes_executor.py
[2023-04-07T13:22:49.898-0300] {logging_mixin.py:137} INFO - [2023-04-07T13:22:49.897-0300] {example_kubernetes_executor.py:41} WARNING - The example_kubernetes_executor example DAG requires the kubernetes provider. Please install it with: pip install apache-airflow[cncf.kubernetes]
[2023-04-07T13:22:49.898-0300] {processor.py:755} WARNING - No viable dags retrieved from /home/rai/.local/lib/python3.10/site-packages/airflow/example_dags/example_kubernetes_executor.py
[2023-04-07T13:22:49.908-0300] {processor.py:175} INFO - Processing /home/rai/.local/lib/python3.10/site-packages/airflow/example_dags/example_kubernetes_executor.py took 0.045 seconds
