[2023-04-07T12:23:47.788-0300] {processor.py:153} INFO - Started process (PID=1425) to work on /home/rai/.local/lib/python3.10/site-packages/airflow/example_dags/example_branch_labels.py
[2023-04-07T12:23:47.788-0300] {processor.py:743} INFO - Processing file /home/rai/.local/lib/python3.10/site-packages/airflow/example_dags/example_branch_labels.py for tasks to queue
[2023-04-07T12:23:47.789-0300] {logging_mixin.py:137} INFO - [2023-04-07T12:23:47.789-0300] {dagbag.py:532} INFO - Filling up the DagBag from /home/rai/.local/lib/python3.10/site-packages/airflow/example_dags/example_branch_labels.py
[2023-04-07T12:23:47.801-0300] {processor.py:753} INFO - DAG(s) dict_keys(['example_branch_labels']) retrieved from /home/rai/.local/lib/python3.10/site-packages/airflow/example_dags/example_branch_labels.py
[2023-04-07T12:23:47.892-0300] {logging_mixin.py:137} INFO - [2023-04-07T12:23:47.891-0300] {manager.py:504} INFO - Created Permission View: can edit on DAG:example_branch_labels
[2023-04-07T12:23:47.902-0300] {logging_mixin.py:137} INFO - [2023-04-07T12:23:47.902-0300] {manager.py:504} INFO - Created Permission View: can delete on DAG:example_branch_labels
[2023-04-07T12:23:47.910-0300] {logging_mixin.py:137} INFO - [2023-04-07T12:23:47.910-0300] {manager.py:504} INFO - Created Permission View: can read on DAG:example_branch_labels
[2023-04-07T12:23:47.911-0300] {logging_mixin.py:137} INFO - [2023-04-07T12:23:47.911-0300] {dag.py:2705} INFO - Sync 1 DAGs
[2023-04-07T12:23:47.921-0300] {logging_mixin.py:137} INFO - [2023-04-07T12:23:47.921-0300] {dag.py:2726} INFO - Creating ORM DAG for example_branch_labels
[2023-04-07T12:23:47.932-0300] {logging_mixin.py:137} INFO - [2023-04-07T12:23:47.932-0300] {dag.py:3452} INFO - Setting next_dagrun for example_branch_labels to 2023-04-06T00:00:00+00:00, run_after=2023-04-07T00:00:00+00:00
[2023-04-07T12:23:47.952-0300] {processor.py:175} INFO - Processing /home/rai/.local/lib/python3.10/site-packages/airflow/example_dags/example_branch_labels.py took 0.166 seconds
[2023-04-07T12:24:27.832-0300] {processor.py:153} INFO - Started process (PID=1467) to work on /home/rai/.local/lib/python3.10/site-packages/airflow/example_dags/example_branch_labels.py
[2023-04-07T12:24:27.836-0300] {processor.py:743} INFO - Processing file /home/rai/.local/lib/python3.10/site-packages/airflow/example_dags/example_branch_labels.py for tasks to queue
[2023-04-07T12:24:27.837-0300] {logging_mixin.py:137} INFO - [2023-04-07T12:24:27.837-0300] {dagbag.py:532} INFO - Filling up the DagBag from /home/rai/.local/lib/python3.10/site-packages/airflow/example_dags/example_branch_labels.py
[2023-04-07T12:24:27.847-0300] {processor.py:753} INFO - DAG(s) dict_keys(['example_branch_labels']) retrieved from /home/rai/.local/lib/python3.10/site-packages/airflow/example_dags/example_branch_labels.py
[2023-04-07T12:24:27.863-0300] {logging_mixin.py:137} INFO - [2023-04-07T12:24:27.863-0300] {dag.py:2705} INFO - Sync 1 DAGs
[2023-04-07T12:24:27.882-0300] {logging_mixin.py:137} INFO - [2023-04-07T12:24:27.882-0300] {dag.py:3452} INFO - Setting next_dagrun for example_branch_labels to 2023-04-06T00:00:00+00:00, run_after=2023-04-07T00:00:00+00:00
[2023-04-07T12:24:27.901-0300] {processor.py:175} INFO - Processing /home/rai/.local/lib/python3.10/site-packages/airflow/example_dags/example_branch_labels.py took 0.071 seconds
[2023-04-07T12:25:11.903-0300] {processor.py:153} INFO - Started process (PID=1512) to work on /home/rai/.local/lib/python3.10/site-packages/airflow/example_dags/example_branch_labels.py
[2023-04-07T12:25:11.904-0300] {processor.py:743} INFO - Processing file /home/rai/.local/lib/python3.10/site-packages/airflow/example_dags/example_branch_labels.py for tasks to queue
[2023-04-07T12:25:11.905-0300] {logging_mixin.py:137} INFO - [2023-04-07T12:25:11.905-0300] {dagbag.py:532} INFO - Filling up the DagBag from /home/rai/.local/lib/python3.10/site-packages/airflow/example_dags/example_branch_labels.py
[2023-04-07T12:25:11.916-0300] {processor.py:753} INFO - DAG(s) dict_keys(['example_branch_labels']) retrieved from /home/rai/.local/lib/python3.10/site-packages/airflow/example_dags/example_branch_labels.py
[2023-04-07T12:25:11.932-0300] {logging_mixin.py:137} INFO - [2023-04-07T12:25:11.932-0300] {dag.py:2705} INFO - Sync 1 DAGs
[2023-04-07T12:25:11.951-0300] {logging_mixin.py:137} INFO - [2023-04-07T12:25:11.951-0300] {dag.py:3452} INFO - Setting next_dagrun for example_branch_labels to 2023-04-06T00:00:00+00:00, run_after=2023-04-07T00:00:00+00:00
[2023-04-07T12:25:11.971-0300] {processor.py:175} INFO - Processing /home/rai/.local/lib/python3.10/site-packages/airflow/example_dags/example_branch_labels.py took 0.070 seconds
[2023-04-07T12:26:01.314-0300] {processor.py:153} INFO - Started process (PID=1562) to work on /home/rai/.local/lib/python3.10/site-packages/airflow/example_dags/example_branch_labels.py
[2023-04-07T12:26:01.318-0300] {processor.py:743} INFO - Processing file /home/rai/.local/lib/python3.10/site-packages/airflow/example_dags/example_branch_labels.py for tasks to queue
[2023-04-07T12:26:01.318-0300] {logging_mixin.py:137} INFO - [2023-04-07T12:26:01.318-0300] {dagbag.py:532} INFO - Filling up the DagBag from /home/rai/.local/lib/python3.10/site-packages/airflow/example_dags/example_branch_labels.py
[2023-04-07T12:26:01.329-0300] {processor.py:753} INFO - DAG(s) dict_keys(['example_branch_labels']) retrieved from /home/rai/.local/lib/python3.10/site-packages/airflow/example_dags/example_branch_labels.py
[2023-04-07T12:26:01.346-0300] {logging_mixin.py:137} INFO - [2023-04-07T12:26:01.346-0300] {dag.py:2705} INFO - Sync 1 DAGs
[2023-04-07T12:26:01.365-0300] {logging_mixin.py:137} INFO - [2023-04-07T12:26:01.365-0300] {dag.py:3452} INFO - Setting next_dagrun for example_branch_labels to 2023-04-06T00:00:00+00:00, run_after=2023-04-07T00:00:00+00:00
[2023-04-07T12:26:01.385-0300] {processor.py:175} INFO - Processing /home/rai/.local/lib/python3.10/site-packages/airflow/example_dags/example_branch_labels.py took 0.074 seconds
[2023-04-07T12:26:49.262-0300] {processor.py:153} INFO - Started process (PID=1610) to work on /home/rai/.local/lib/python3.10/site-packages/airflow/example_dags/example_branch_labels.py
[2023-04-07T12:26:49.266-0300] {processor.py:743} INFO - Processing file /home/rai/.local/lib/python3.10/site-packages/airflow/example_dags/example_branch_labels.py for tasks to queue
[2023-04-07T12:26:49.267-0300] {logging_mixin.py:137} INFO - [2023-04-07T12:26:49.267-0300] {dagbag.py:532} INFO - Filling up the DagBag from /home/rai/.local/lib/python3.10/site-packages/airflow/example_dags/example_branch_labels.py
[2023-04-07T12:26:49.278-0300] {processor.py:753} INFO - DAG(s) dict_keys(['example_branch_labels']) retrieved from /home/rai/.local/lib/python3.10/site-packages/airflow/example_dags/example_branch_labels.py
[2023-04-07T12:26:49.294-0300] {logging_mixin.py:137} INFO - [2023-04-07T12:26:49.294-0300] {dag.py:2705} INFO - Sync 1 DAGs
[2023-04-07T12:26:49.312-0300] {logging_mixin.py:137} INFO - [2023-04-07T12:26:49.312-0300] {dag.py:3452} INFO - Setting next_dagrun for example_branch_labels to 2023-04-06T00:00:00+00:00, run_after=2023-04-07T00:00:00+00:00
[2023-04-07T12:26:49.332-0300] {processor.py:175} INFO - Processing /home/rai/.local/lib/python3.10/site-packages/airflow/example_dags/example_branch_labels.py took 0.072 seconds
[2023-04-07T12:27:36.114-0300] {processor.py:153} INFO - Started process (PID=1658) to work on /home/rai/.local/lib/python3.10/site-packages/airflow/example_dags/example_branch_labels.py
[2023-04-07T12:27:36.118-0300] {processor.py:743} INFO - Processing file /home/rai/.local/lib/python3.10/site-packages/airflow/example_dags/example_branch_labels.py for tasks to queue
[2023-04-07T12:27:36.118-0300] {logging_mixin.py:137} INFO - [2023-04-07T12:27:36.118-0300] {dagbag.py:532} INFO - Filling up the DagBag from /home/rai/.local/lib/python3.10/site-packages/airflow/example_dags/example_branch_labels.py
[2023-04-07T12:27:36.130-0300] {processor.py:753} INFO - DAG(s) dict_keys(['example_branch_labels']) retrieved from /home/rai/.local/lib/python3.10/site-packages/airflow/example_dags/example_branch_labels.py
[2023-04-07T12:27:36.146-0300] {logging_mixin.py:137} INFO - [2023-04-07T12:27:36.146-0300] {dag.py:2705} INFO - Sync 1 DAGs
[2023-04-07T12:27:36.165-0300] {logging_mixin.py:137} INFO - [2023-04-07T12:27:36.165-0300] {dag.py:3452} INFO - Setting next_dagrun for example_branch_labels to 2023-04-06T00:00:00+00:00, run_after=2023-04-07T00:00:00+00:00
[2023-04-07T12:27:36.189-0300] {processor.py:175} INFO - Processing /home/rai/.local/lib/python3.10/site-packages/airflow/example_dags/example_branch_labels.py took 0.077 seconds
[2023-04-07T12:28:13.702-0300] {processor.py:153} INFO - Started process (PID=1700) to work on /home/rai/.local/lib/python3.10/site-packages/airflow/example_dags/example_branch_labels.py
[2023-04-07T12:28:13.707-0300] {processor.py:743} INFO - Processing file /home/rai/.local/lib/python3.10/site-packages/airflow/example_dags/example_branch_labels.py for tasks to queue
[2023-04-07T12:28:13.708-0300] {logging_mixin.py:137} INFO - [2023-04-07T12:28:13.708-0300] {dagbag.py:532} INFO - Filling up the DagBag from /home/rai/.local/lib/python3.10/site-packages/airflow/example_dags/example_branch_labels.py
[2023-04-07T12:28:13.720-0300] {processor.py:753} INFO - DAG(s) dict_keys(['example_branch_labels']) retrieved from /home/rai/.local/lib/python3.10/site-packages/airflow/example_dags/example_branch_labels.py
[2023-04-07T12:28:13.737-0300] {logging_mixin.py:137} INFO - [2023-04-07T12:28:13.736-0300] {dag.py:2705} INFO - Sync 1 DAGs
[2023-04-07T12:28:13.756-0300] {logging_mixin.py:137} INFO - [2023-04-07T12:28:13.756-0300] {dag.py:3452} INFO - Setting next_dagrun for example_branch_labels to 2023-04-06T00:00:00+00:00, run_after=2023-04-07T00:00:00+00:00
[2023-04-07T12:28:13.776-0300] {processor.py:175} INFO - Processing /home/rai/.local/lib/python3.10/site-packages/airflow/example_dags/example_branch_labels.py took 0.076 seconds
[2023-04-07T12:28:59.387-0300] {processor.py:153} INFO - Started process (PID=1744) to work on /home/rai/.local/lib/python3.10/site-packages/airflow/example_dags/example_branch_labels.py
[2023-04-07T12:28:59.392-0300] {processor.py:743} INFO - Processing file /home/rai/.local/lib/python3.10/site-packages/airflow/example_dags/example_branch_labels.py for tasks to queue
[2023-04-07T12:28:59.393-0300] {logging_mixin.py:137} INFO - [2023-04-07T12:28:59.393-0300] {dagbag.py:532} INFO - Filling up the DagBag from /home/rai/.local/lib/python3.10/site-packages/airflow/example_dags/example_branch_labels.py
[2023-04-07T12:28:59.419-0300] {processor.py:753} INFO - DAG(s) dict_keys(['example_branch_labels']) retrieved from /home/rai/.local/lib/python3.10/site-packages/airflow/example_dags/example_branch_labels.py
[2023-04-07T12:28:59.453-0300] {logging_mixin.py:137} INFO - [2023-04-07T12:28:59.453-0300] {dag.py:2705} INFO - Sync 1 DAGs
[2023-04-07T12:28:59.501-0300] {logging_mixin.py:137} INFO - [2023-04-07T12:28:59.501-0300] {dag.py:3452} INFO - Setting next_dagrun for example_branch_labels to 2023-04-06T00:00:00+00:00, run_after=2023-04-07T00:00:00+00:00
[2023-04-07T12:28:59.534-0300] {processor.py:175} INFO - Processing /home/rai/.local/lib/python3.10/site-packages/airflow/example_dags/example_branch_labels.py took 0.150 seconds
[2023-04-07T12:29:41.778-0300] {processor.py:153} INFO - Started process (PID=1786) to work on /home/rai/.local/lib/python3.10/site-packages/airflow/example_dags/example_branch_labels.py
[2023-04-07T12:29:41.780-0300] {processor.py:743} INFO - Processing file /home/rai/.local/lib/python3.10/site-packages/airflow/example_dags/example_branch_labels.py for tasks to queue
[2023-04-07T12:29:41.781-0300] {logging_mixin.py:137} INFO - [2023-04-07T12:29:41.781-0300] {dagbag.py:532} INFO - Filling up the DagBag from /home/rai/.local/lib/python3.10/site-packages/airflow/example_dags/example_branch_labels.py
[2023-04-07T12:29:41.804-0300] {processor.py:753} INFO - DAG(s) dict_keys(['example_branch_labels']) retrieved from /home/rai/.local/lib/python3.10/site-packages/airflow/example_dags/example_branch_labels.py
[2023-04-07T12:29:41.829-0300] {logging_mixin.py:137} INFO - [2023-04-07T12:29:41.829-0300] {dag.py:2705} INFO - Sync 1 DAGs
[2023-04-07T12:29:41.872-0300] {logging_mixin.py:137} INFO - [2023-04-07T12:29:41.872-0300] {dag.py:3452} INFO - Setting next_dagrun for example_branch_labels to 2023-04-06T00:00:00+00:00, run_after=2023-04-07T00:00:00+00:00
[2023-04-07T12:29:41.904-0300] {processor.py:175} INFO - Processing /home/rai/.local/lib/python3.10/site-packages/airflow/example_dags/example_branch_labels.py took 0.130 seconds
[2023-04-07T12:30:28.616-0300] {processor.py:153} INFO - Started process (PID=1833) to work on /home/rai/.local/lib/python3.10/site-packages/airflow/example_dags/example_branch_labels.py
[2023-04-07T12:30:28.617-0300] {processor.py:743} INFO - Processing file /home/rai/.local/lib/python3.10/site-packages/airflow/example_dags/example_branch_labels.py for tasks to queue
[2023-04-07T12:30:28.618-0300] {logging_mixin.py:137} INFO - [2023-04-07T12:30:28.618-0300] {dagbag.py:532} INFO - Filling up the DagBag from /home/rai/.local/lib/python3.10/site-packages/airflow/example_dags/example_branch_labels.py
[2023-04-07T12:30:28.638-0300] {processor.py:753} INFO - DAG(s) dict_keys(['example_branch_labels']) retrieved from /home/rai/.local/lib/python3.10/site-packages/airflow/example_dags/example_branch_labels.py
[2023-04-07T12:30:28.656-0300] {logging_mixin.py:137} INFO - [2023-04-07T12:30:28.656-0300] {dag.py:2705} INFO - Sync 1 DAGs
[2023-04-07T12:30:28.677-0300] {logging_mixin.py:137} INFO - [2023-04-07T12:30:28.676-0300] {dag.py:3452} INFO - Setting next_dagrun for example_branch_labels to 2023-04-06T00:00:00+00:00, run_after=2023-04-07T00:00:00+00:00
[2023-04-07T12:30:28.699-0300] {processor.py:175} INFO - Processing /home/rai/.local/lib/python3.10/site-packages/airflow/example_dags/example_branch_labels.py took 0.086 seconds
[2023-04-07T12:31:13.155-0300] {processor.py:153} INFO - Started process (PID=1873) to work on /home/rai/.local/lib/python3.10/site-packages/airflow/example_dags/example_branch_labels.py
[2023-04-07T12:31:13.157-0300] {processor.py:743} INFO - Processing file /home/rai/.local/lib/python3.10/site-packages/airflow/example_dags/example_branch_labels.py for tasks to queue
[2023-04-07T12:31:13.158-0300] {logging_mixin.py:137} INFO - [2023-04-07T12:31:13.158-0300] {dagbag.py:532} INFO - Filling up the DagBag from /home/rai/.local/lib/python3.10/site-packages/airflow/example_dags/example_branch_labels.py
[2023-04-07T12:31:13.184-0300] {processor.py:753} INFO - DAG(s) dict_keys(['example_branch_labels']) retrieved from /home/rai/.local/lib/python3.10/site-packages/airflow/example_dags/example_branch_labels.py
[2023-04-07T12:31:13.226-0300] {logging_mixin.py:137} INFO - [2023-04-07T12:31:13.226-0300] {dag.py:2705} INFO - Sync 1 DAGs
[2023-04-07T12:31:13.264-0300] {logging_mixin.py:137} INFO - [2023-04-07T12:31:13.264-0300] {dag.py:3452} INFO - Setting next_dagrun for example_branch_labels to 2023-04-06T00:00:00+00:00, run_after=2023-04-07T00:00:00+00:00
[2023-04-07T12:31:13.295-0300] {processor.py:175} INFO - Processing /home/rai/.local/lib/python3.10/site-packages/airflow/example_dags/example_branch_labels.py took 0.144 seconds
[2023-04-07T12:31:55.344-0300] {processor.py:153} INFO - Started process (PID=1915) to work on /home/rai/.local/lib/python3.10/site-packages/airflow/example_dags/example_branch_labels.py
[2023-04-07T12:31:55.345-0300] {processor.py:743} INFO - Processing file /home/rai/.local/lib/python3.10/site-packages/airflow/example_dags/example_branch_labels.py for tasks to queue
[2023-04-07T12:31:55.346-0300] {logging_mixin.py:137} INFO - [2023-04-07T12:31:55.345-0300] {dagbag.py:532} INFO - Filling up the DagBag from /home/rai/.local/lib/python3.10/site-packages/airflow/example_dags/example_branch_labels.py
[2023-04-07T12:31:55.357-0300] {processor.py:753} INFO - DAG(s) dict_keys(['example_branch_labels']) retrieved from /home/rai/.local/lib/python3.10/site-packages/airflow/example_dags/example_branch_labels.py
[2023-04-07T12:31:55.375-0300] {logging_mixin.py:137} INFO - [2023-04-07T12:31:55.375-0300] {dag.py:2705} INFO - Sync 1 DAGs
[2023-04-07T12:31:55.401-0300] {logging_mixin.py:137} INFO - [2023-04-07T12:31:55.401-0300] {dag.py:3452} INFO - Setting next_dagrun for example_branch_labels to 2023-04-06T00:00:00+00:00, run_after=2023-04-07T00:00:00+00:00
[2023-04-07T12:31:55.426-0300] {processor.py:175} INFO - Processing /home/rai/.local/lib/python3.10/site-packages/airflow/example_dags/example_branch_labels.py took 0.084 seconds
[2023-04-07T12:32:45.716-0300] {processor.py:153} INFO - Started process (PID=1964) to work on /home/rai/.local/lib/python3.10/site-packages/airflow/example_dags/example_branch_labels.py
[2023-04-07T12:32:45.721-0300] {processor.py:743} INFO - Processing file /home/rai/.local/lib/python3.10/site-packages/airflow/example_dags/example_branch_labels.py for tasks to queue
[2023-04-07T12:32:45.722-0300] {logging_mixin.py:137} INFO - [2023-04-07T12:32:45.722-0300] {dagbag.py:532} INFO - Filling up the DagBag from /home/rai/.local/lib/python3.10/site-packages/airflow/example_dags/example_branch_labels.py
[2023-04-07T12:32:45.748-0300] {processor.py:753} INFO - DAG(s) dict_keys(['example_branch_labels']) retrieved from /home/rai/.local/lib/python3.10/site-packages/airflow/example_dags/example_branch_labels.py
[2023-04-07T12:32:45.781-0300] {logging_mixin.py:137} INFO - [2023-04-07T12:32:45.780-0300] {dag.py:2705} INFO - Sync 1 DAGs
[2023-04-07T12:32:45.808-0300] {logging_mixin.py:137} INFO - [2023-04-07T12:32:45.807-0300] {dag.py:3452} INFO - Setting next_dagrun for example_branch_labels to 2023-04-06T00:00:00+00:00, run_after=2023-04-07T00:00:00+00:00
[2023-04-07T12:32:45.842-0300] {processor.py:175} INFO - Processing /home/rai/.local/lib/python3.10/site-packages/airflow/example_dags/example_branch_labels.py took 0.131 seconds
[2023-04-07T12:33:25.469-0300] {processor.py:153} INFO - Started process (PID=2004) to work on /home/rai/.local/lib/python3.10/site-packages/airflow/example_dags/example_branch_labels.py
[2023-04-07T12:33:25.470-0300] {processor.py:743} INFO - Processing file /home/rai/.local/lib/python3.10/site-packages/airflow/example_dags/example_branch_labels.py for tasks to queue
[2023-04-07T12:33:25.471-0300] {logging_mixin.py:137} INFO - [2023-04-07T12:33:25.471-0300] {dagbag.py:532} INFO - Filling up the DagBag from /home/rai/.local/lib/python3.10/site-packages/airflow/example_dags/example_branch_labels.py
[2023-04-07T12:33:25.485-0300] {processor.py:753} INFO - DAG(s) dict_keys(['example_branch_labels']) retrieved from /home/rai/.local/lib/python3.10/site-packages/airflow/example_dags/example_branch_labels.py
[2023-04-07T12:33:25.508-0300] {logging_mixin.py:137} INFO - [2023-04-07T12:33:25.507-0300] {dag.py:2705} INFO - Sync 1 DAGs
[2023-04-07T12:33:25.553-0300] {logging_mixin.py:137} INFO - [2023-04-07T12:33:25.552-0300] {dag.py:3452} INFO - Setting next_dagrun for example_branch_labels to 2023-04-06T00:00:00+00:00, run_after=2023-04-07T00:00:00+00:00
[2023-04-07T12:33:25.579-0300] {processor.py:175} INFO - Processing /home/rai/.local/lib/python3.10/site-packages/airflow/example_dags/example_branch_labels.py took 0.113 seconds
[2023-04-07T12:34:09.267-0300] {processor.py:153} INFO - Started process (PID=2046) to work on /home/rai/.local/lib/python3.10/site-packages/airflow/example_dags/example_branch_labels.py
[2023-04-07T12:34:09.268-0300] {processor.py:743} INFO - Processing file /home/rai/.local/lib/python3.10/site-packages/airflow/example_dags/example_branch_labels.py for tasks to queue
[2023-04-07T12:34:09.269-0300] {logging_mixin.py:137} INFO - [2023-04-07T12:34:09.269-0300] {dagbag.py:532} INFO - Filling up the DagBag from /home/rai/.local/lib/python3.10/site-packages/airflow/example_dags/example_branch_labels.py
[2023-04-07T12:34:09.280-0300] {processor.py:753} INFO - DAG(s) dict_keys(['example_branch_labels']) retrieved from /home/rai/.local/lib/python3.10/site-packages/airflow/example_dags/example_branch_labels.py
[2023-04-07T12:34:09.298-0300] {logging_mixin.py:137} INFO - [2023-04-07T12:34:09.298-0300] {dag.py:2705} INFO - Sync 1 DAGs
[2023-04-07T12:34:09.316-0300] {logging_mixin.py:137} INFO - [2023-04-07T12:34:09.315-0300] {dag.py:3452} INFO - Setting next_dagrun for example_branch_labels to 2023-04-06T00:00:00+00:00, run_after=2023-04-07T00:00:00+00:00
[2023-04-07T12:34:09.336-0300] {processor.py:175} INFO - Processing /home/rai/.local/lib/python3.10/site-packages/airflow/example_dags/example_branch_labels.py took 0.071 seconds
[2023-04-07T12:34:59.802-0300] {processor.py:153} INFO - Started process (PID=2096) to work on /home/rai/.local/lib/python3.10/site-packages/airflow/example_dags/example_branch_labels.py
[2023-04-07T12:34:59.803-0300] {processor.py:743} INFO - Processing file /home/rai/.local/lib/python3.10/site-packages/airflow/example_dags/example_branch_labels.py for tasks to queue
[2023-04-07T12:34:59.804-0300] {logging_mixin.py:137} INFO - [2023-04-07T12:34:59.804-0300] {dagbag.py:532} INFO - Filling up the DagBag from /home/rai/.local/lib/python3.10/site-packages/airflow/example_dags/example_branch_labels.py
[2023-04-07T12:34:59.815-0300] {processor.py:753} INFO - DAG(s) dict_keys(['example_branch_labels']) retrieved from /home/rai/.local/lib/python3.10/site-packages/airflow/example_dags/example_branch_labels.py
[2023-04-07T12:34:59.831-0300] {logging_mixin.py:137} INFO - [2023-04-07T12:34:59.831-0300] {dag.py:2705} INFO - Sync 1 DAGs
[2023-04-07T12:34:59.849-0300] {logging_mixin.py:137} INFO - [2023-04-07T12:34:59.849-0300] {dag.py:3452} INFO - Setting next_dagrun for example_branch_labels to 2023-04-06T00:00:00+00:00, run_after=2023-04-07T00:00:00+00:00
[2023-04-07T12:34:59.868-0300] {processor.py:175} INFO - Processing /home/rai/.local/lib/python3.10/site-packages/airflow/example_dags/example_branch_labels.py took 0.068 seconds
[2023-04-07T12:35:49.739-0300] {processor.py:153} INFO - Started process (PID=2146) to work on /home/rai/.local/lib/python3.10/site-packages/airflow/example_dags/example_branch_labels.py
[2023-04-07T12:35:49.740-0300] {processor.py:743} INFO - Processing file /home/rai/.local/lib/python3.10/site-packages/airflow/example_dags/example_branch_labels.py for tasks to queue
[2023-04-07T12:35:49.741-0300] {logging_mixin.py:137} INFO - [2023-04-07T12:35:49.741-0300] {dagbag.py:532} INFO - Filling up the DagBag from /home/rai/.local/lib/python3.10/site-packages/airflow/example_dags/example_branch_labels.py
[2023-04-07T12:35:49.752-0300] {processor.py:753} INFO - DAG(s) dict_keys(['example_branch_labels']) retrieved from /home/rai/.local/lib/python3.10/site-packages/airflow/example_dags/example_branch_labels.py
[2023-04-07T12:35:49.769-0300] {logging_mixin.py:137} INFO - [2023-04-07T12:35:49.768-0300] {dag.py:2705} INFO - Sync 1 DAGs
[2023-04-07T12:35:49.787-0300] {logging_mixin.py:137} INFO - [2023-04-07T12:35:49.787-0300] {dag.py:3452} INFO - Setting next_dagrun for example_branch_labels to 2023-04-06T00:00:00+00:00, run_after=2023-04-07T00:00:00+00:00
[2023-04-07T12:35:49.807-0300] {processor.py:175} INFO - Processing /home/rai/.local/lib/python3.10/site-packages/airflow/example_dags/example_branch_labels.py took 0.071 seconds
[2023-04-07T12:36:38.339-0300] {processor.py:153} INFO - Started process (PID=2196) to work on /home/rai/.local/lib/python3.10/site-packages/airflow/example_dags/example_branch_labels.py
[2023-04-07T12:36:38.341-0300] {processor.py:743} INFO - Processing file /home/rai/.local/lib/python3.10/site-packages/airflow/example_dags/example_branch_labels.py for tasks to queue
[2023-04-07T12:36:38.341-0300] {logging_mixin.py:137} INFO - [2023-04-07T12:36:38.341-0300] {dagbag.py:532} INFO - Filling up the DagBag from /home/rai/.local/lib/python3.10/site-packages/airflow/example_dags/example_branch_labels.py
[2023-04-07T12:36:38.352-0300] {processor.py:753} INFO - DAG(s) dict_keys(['example_branch_labels']) retrieved from /home/rai/.local/lib/python3.10/site-packages/airflow/example_dags/example_branch_labels.py
[2023-04-07T12:36:38.368-0300] {logging_mixin.py:137} INFO - [2023-04-07T12:36:38.368-0300] {dag.py:2705} INFO - Sync 1 DAGs
[2023-04-07T12:36:38.388-0300] {logging_mixin.py:137} INFO - [2023-04-07T12:36:38.387-0300] {dag.py:3452} INFO - Setting next_dagrun for example_branch_labels to 2023-04-06T00:00:00+00:00, run_after=2023-04-07T00:00:00+00:00
[2023-04-07T12:36:38.407-0300] {processor.py:175} INFO - Processing /home/rai/.local/lib/python3.10/site-packages/airflow/example_dags/example_branch_labels.py took 0.070 seconds
[2023-04-07T12:37:18.434-0300] {processor.py:153} INFO - Started process (PID=2239) to work on /home/rai/.local/lib/python3.10/site-packages/airflow/example_dags/example_branch_labels.py
[2023-04-07T12:37:18.439-0300] {processor.py:743} INFO - Processing file /home/rai/.local/lib/python3.10/site-packages/airflow/example_dags/example_branch_labels.py for tasks to queue
[2023-04-07T12:37:18.440-0300] {logging_mixin.py:137} INFO - [2023-04-07T12:37:18.439-0300] {dagbag.py:532} INFO - Filling up the DagBag from /home/rai/.local/lib/python3.10/site-packages/airflow/example_dags/example_branch_labels.py
[2023-04-07T12:37:18.451-0300] {processor.py:753} INFO - DAG(s) dict_keys(['example_branch_labels']) retrieved from /home/rai/.local/lib/python3.10/site-packages/airflow/example_dags/example_branch_labels.py
[2023-04-07T12:37:18.467-0300] {logging_mixin.py:137} INFO - [2023-04-07T12:37:18.467-0300] {dag.py:2705} INFO - Sync 1 DAGs
[2023-04-07T12:37:18.488-0300] {logging_mixin.py:137} INFO - [2023-04-07T12:37:18.488-0300] {dag.py:3452} INFO - Setting next_dagrun for example_branch_labels to 2023-04-06T00:00:00+00:00, run_after=2023-04-07T00:00:00+00:00
[2023-04-07T12:37:18.509-0300] {processor.py:175} INFO - Processing /home/rai/.local/lib/python3.10/site-packages/airflow/example_dags/example_branch_labels.py took 0.077 seconds
[2023-04-07T12:38:03.931-0300] {processor.py:153} INFO - Started process (PID=2285) to work on /home/rai/.local/lib/python3.10/site-packages/airflow/example_dags/example_branch_labels.py
[2023-04-07T12:38:03.932-0300] {processor.py:743} INFO - Processing file /home/rai/.local/lib/python3.10/site-packages/airflow/example_dags/example_branch_labels.py for tasks to queue
[2023-04-07T12:38:03.933-0300] {logging_mixin.py:137} INFO - [2023-04-07T12:38:03.932-0300] {dagbag.py:532} INFO - Filling up the DagBag from /home/rai/.local/lib/python3.10/site-packages/airflow/example_dags/example_branch_labels.py
[2023-04-07T12:38:03.945-0300] {processor.py:753} INFO - DAG(s) dict_keys(['example_branch_labels']) retrieved from /home/rai/.local/lib/python3.10/site-packages/airflow/example_dags/example_branch_labels.py
[2023-04-07T12:38:03.962-0300] {logging_mixin.py:137} INFO - [2023-04-07T12:38:03.962-0300] {dag.py:2705} INFO - Sync 1 DAGs
[2023-04-07T12:38:03.980-0300] {logging_mixin.py:137} INFO - [2023-04-07T12:38:03.979-0300] {dag.py:3452} INFO - Setting next_dagrun for example_branch_labels to 2023-04-06T00:00:00+00:00, run_after=2023-04-07T00:00:00+00:00
[2023-04-07T12:38:03.998-0300] {processor.py:175} INFO - Processing /home/rai/.local/lib/python3.10/site-packages/airflow/example_dags/example_branch_labels.py took 0.070 seconds
[2023-04-07T12:38:48.246-0300] {processor.py:153} INFO - Started process (PID=2331) to work on /home/rai/.local/lib/python3.10/site-packages/airflow/example_dags/example_branch_labels.py
[2023-04-07T12:38:48.251-0300] {processor.py:743} INFO - Processing file /home/rai/.local/lib/python3.10/site-packages/airflow/example_dags/example_branch_labels.py for tasks to queue
[2023-04-07T12:38:48.252-0300] {logging_mixin.py:137} INFO - [2023-04-07T12:38:48.251-0300] {dagbag.py:532} INFO - Filling up the DagBag from /home/rai/.local/lib/python3.10/site-packages/airflow/example_dags/example_branch_labels.py
[2023-04-07T12:38:48.263-0300] {processor.py:753} INFO - DAG(s) dict_keys(['example_branch_labels']) retrieved from /home/rai/.local/lib/python3.10/site-packages/airflow/example_dags/example_branch_labels.py
[2023-04-07T12:38:48.282-0300] {logging_mixin.py:137} INFO - [2023-04-07T12:38:48.281-0300] {dag.py:2705} INFO - Sync 1 DAGs
[2023-04-07T12:38:48.300-0300] {logging_mixin.py:137} INFO - [2023-04-07T12:38:48.300-0300] {dag.py:3452} INFO - Setting next_dagrun for example_branch_labels to 2023-04-06T00:00:00+00:00, run_after=2023-04-07T00:00:00+00:00
[2023-04-07T12:38:48.322-0300] {processor.py:175} INFO - Processing /home/rai/.local/lib/python3.10/site-packages/airflow/example_dags/example_branch_labels.py took 0.078 seconds
[2023-04-07T12:39:36.155-0300] {processor.py:153} INFO - Started process (PID=2379) to work on /home/rai/.local/lib/python3.10/site-packages/airflow/example_dags/example_branch_labels.py
[2023-04-07T12:39:36.156-0300] {processor.py:743} INFO - Processing file /home/rai/.local/lib/python3.10/site-packages/airflow/example_dags/example_branch_labels.py for tasks to queue
[2023-04-07T12:39:36.157-0300] {logging_mixin.py:137} INFO - [2023-04-07T12:39:36.157-0300] {dagbag.py:532} INFO - Filling up the DagBag from /home/rai/.local/lib/python3.10/site-packages/airflow/example_dags/example_branch_labels.py
[2023-04-07T12:39:36.168-0300] {processor.py:753} INFO - DAG(s) dict_keys(['example_branch_labels']) retrieved from /home/rai/.local/lib/python3.10/site-packages/airflow/example_dags/example_branch_labels.py
[2023-04-07T12:39:36.185-0300] {logging_mixin.py:137} INFO - [2023-04-07T12:39:36.185-0300] {dag.py:2705} INFO - Sync 1 DAGs
[2023-04-07T12:39:36.204-0300] {logging_mixin.py:137} INFO - [2023-04-07T12:39:36.204-0300] {dag.py:3452} INFO - Setting next_dagrun for example_branch_labels to 2023-04-06T00:00:00+00:00, run_after=2023-04-07T00:00:00+00:00
[2023-04-07T12:39:36.223-0300] {processor.py:175} INFO - Processing /home/rai/.local/lib/python3.10/site-packages/airflow/example_dags/example_branch_labels.py took 0.070 seconds
[2023-04-07T12:40:28.072-0300] {processor.py:153} INFO - Started process (PID=2430) to work on /home/rai/.local/lib/python3.10/site-packages/airflow/example_dags/example_branch_labels.py
[2023-04-07T12:40:28.078-0300] {processor.py:743} INFO - Processing file /home/rai/.local/lib/python3.10/site-packages/airflow/example_dags/example_branch_labels.py for tasks to queue
[2023-04-07T12:40:28.079-0300] {logging_mixin.py:137} INFO - [2023-04-07T12:40:28.079-0300] {dagbag.py:532} INFO - Filling up the DagBag from /home/rai/.local/lib/python3.10/site-packages/airflow/example_dags/example_branch_labels.py
[2023-04-07T12:40:28.090-0300] {processor.py:753} INFO - DAG(s) dict_keys(['example_branch_labels']) retrieved from /home/rai/.local/lib/python3.10/site-packages/airflow/example_dags/example_branch_labels.py
[2023-04-07T12:40:28.106-0300] {logging_mixin.py:137} INFO - [2023-04-07T12:40:28.106-0300] {dag.py:2705} INFO - Sync 1 DAGs
[2023-04-07T12:40:28.125-0300] {logging_mixin.py:137} INFO - [2023-04-07T12:40:28.125-0300] {dag.py:3452} INFO - Setting next_dagrun for example_branch_labels to 2023-04-06T00:00:00+00:00, run_after=2023-04-07T00:00:00+00:00
[2023-04-07T12:40:28.226-0300] {processor.py:175} INFO - Processing /home/rai/.local/lib/python3.10/site-packages/airflow/example_dags/example_branch_labels.py took 0.156 seconds
[2023-04-07T12:41:09.911-0300] {processor.py:153} INFO - Started process (PID=2471) to work on /home/rai/.local/lib/python3.10/site-packages/airflow/example_dags/example_branch_labels.py
[2023-04-07T12:41:09.912-0300] {processor.py:743} INFO - Processing file /home/rai/.local/lib/python3.10/site-packages/airflow/example_dags/example_branch_labels.py for tasks to queue
[2023-04-07T12:41:09.913-0300] {logging_mixin.py:137} INFO - [2023-04-07T12:41:09.913-0300] {dagbag.py:532} INFO - Filling up the DagBag from /home/rai/.local/lib/python3.10/site-packages/airflow/example_dags/example_branch_labels.py
[2023-04-07T12:41:09.925-0300] {processor.py:753} INFO - DAG(s) dict_keys(['example_branch_labels']) retrieved from /home/rai/.local/lib/python3.10/site-packages/airflow/example_dags/example_branch_labels.py
[2023-04-07T12:41:09.941-0300] {logging_mixin.py:137} INFO - [2023-04-07T12:41:09.941-0300] {dag.py:2705} INFO - Sync 1 DAGs
[2023-04-07T12:41:10.039-0300] {logging_mixin.py:137} INFO - [2023-04-07T12:41:10.039-0300] {dag.py:3452} INFO - Setting next_dagrun for example_branch_labels to 2023-04-06T00:00:00+00:00, run_after=2023-04-07T00:00:00+00:00
[2023-04-07T12:41:10.059-0300] {processor.py:175} INFO - Processing /home/rai/.local/lib/python3.10/site-packages/airflow/example_dags/example_branch_labels.py took 0.150 seconds
[2023-04-07T12:42:04.706-0300] {processor.py:153} INFO - Started process (PID=2523) to work on /home/rai/.local/lib/python3.10/site-packages/airflow/example_dags/example_branch_labels.py
[2023-04-07T12:42:04.712-0300] {processor.py:743} INFO - Processing file /home/rai/.local/lib/python3.10/site-packages/airflow/example_dags/example_branch_labels.py for tasks to queue
[2023-04-07T12:42:04.713-0300] {logging_mixin.py:137} INFO - [2023-04-07T12:42:04.713-0300] {dagbag.py:532} INFO - Filling up the DagBag from /home/rai/.local/lib/python3.10/site-packages/airflow/example_dags/example_branch_labels.py
[2023-04-07T12:42:04.728-0300] {processor.py:753} INFO - DAG(s) dict_keys(['example_branch_labels']) retrieved from /home/rai/.local/lib/python3.10/site-packages/airflow/example_dags/example_branch_labels.py
[2023-04-07T12:42:04.744-0300] {logging_mixin.py:137} INFO - [2023-04-07T12:42:04.744-0300] {dag.py:2705} INFO - Sync 1 DAGs
[2023-04-07T12:42:04.841-0300] {logging_mixin.py:137} INFO - [2023-04-07T12:42:04.841-0300] {dag.py:3452} INFO - Setting next_dagrun for example_branch_labels to 2023-04-06T00:00:00+00:00, run_after=2023-04-07T00:00:00+00:00
[2023-04-07T12:42:04.862-0300] {processor.py:175} INFO - Processing /home/rai/.local/lib/python3.10/site-packages/airflow/example_dags/example_branch_labels.py took 0.158 seconds
[2023-04-07T12:42:47.719-0300] {processor.py:153} INFO - Started process (PID=2565) to work on /home/rai/.local/lib/python3.10/site-packages/airflow/example_dags/example_branch_labels.py
[2023-04-07T12:42:47.720-0300] {processor.py:743} INFO - Processing file /home/rai/.local/lib/python3.10/site-packages/airflow/example_dags/example_branch_labels.py for tasks to queue
[2023-04-07T12:42:47.721-0300] {logging_mixin.py:137} INFO - [2023-04-07T12:42:47.721-0300] {dagbag.py:532} INFO - Filling up the DagBag from /home/rai/.local/lib/python3.10/site-packages/airflow/example_dags/example_branch_labels.py
[2023-04-07T12:42:47.732-0300] {processor.py:753} INFO - DAG(s) dict_keys(['example_branch_labels']) retrieved from /home/rai/.local/lib/python3.10/site-packages/airflow/example_dags/example_branch_labels.py
[2023-04-07T12:42:47.748-0300] {logging_mixin.py:137} INFO - [2023-04-07T12:42:47.748-0300] {dag.py:2705} INFO - Sync 1 DAGs
[2023-04-07T12:42:47.766-0300] {logging_mixin.py:137} INFO - [2023-04-07T12:42:47.766-0300] {dag.py:3452} INFO - Setting next_dagrun for example_branch_labels to 2023-04-06T00:00:00+00:00, run_after=2023-04-07T00:00:00+00:00
[2023-04-07T12:42:47.786-0300] {processor.py:175} INFO - Processing /home/rai/.local/lib/python3.10/site-packages/airflow/example_dags/example_branch_labels.py took 0.069 seconds
[2023-04-07T12:43:31.658-0300] {processor.py:153} INFO - Started process (PID=2610) to work on /home/rai/.local/lib/python3.10/site-packages/airflow/example_dags/example_branch_labels.py
[2023-04-07T12:43:31.663-0300] {processor.py:743} INFO - Processing file /home/rai/.local/lib/python3.10/site-packages/airflow/example_dags/example_branch_labels.py for tasks to queue
[2023-04-07T12:43:31.664-0300] {logging_mixin.py:137} INFO - [2023-04-07T12:43:31.664-0300] {dagbag.py:532} INFO - Filling up the DagBag from /home/rai/.local/lib/python3.10/site-packages/airflow/example_dags/example_branch_labels.py
[2023-04-07T12:43:31.675-0300] {processor.py:753} INFO - DAG(s) dict_keys(['example_branch_labels']) retrieved from /home/rai/.local/lib/python3.10/site-packages/airflow/example_dags/example_branch_labels.py
[2023-04-07T12:43:31.690-0300] {logging_mixin.py:137} INFO - [2023-04-07T12:43:31.690-0300] {dag.py:2705} INFO - Sync 1 DAGs
[2023-04-07T12:43:31.710-0300] {logging_mixin.py:137} INFO - [2023-04-07T12:43:31.710-0300] {dag.py:3452} INFO - Setting next_dagrun for example_branch_labels to 2023-04-06T00:00:00+00:00, run_after=2023-04-07T00:00:00+00:00
[2023-04-07T12:43:31.730-0300] {processor.py:175} INFO - Processing /home/rai/.local/lib/python3.10/site-packages/airflow/example_dags/example_branch_labels.py took 0.075 seconds
[2023-04-07T12:44:21.549-0300] {processor.py:153} INFO - Started process (PID=2660) to work on /home/rai/.local/lib/python3.10/site-packages/airflow/example_dags/example_branch_labels.py
[2023-04-07T12:44:21.551-0300] {processor.py:743} INFO - Processing file /home/rai/.local/lib/python3.10/site-packages/airflow/example_dags/example_branch_labels.py for tasks to queue
[2023-04-07T12:44:21.551-0300] {logging_mixin.py:137} INFO - [2023-04-07T12:44:21.551-0300] {dagbag.py:532} INFO - Filling up the DagBag from /home/rai/.local/lib/python3.10/site-packages/airflow/example_dags/example_branch_labels.py
[2023-04-07T12:44:21.562-0300] {processor.py:753} INFO - DAG(s) dict_keys(['example_branch_labels']) retrieved from /home/rai/.local/lib/python3.10/site-packages/airflow/example_dags/example_branch_labels.py
[2023-04-07T12:44:21.578-0300] {logging_mixin.py:137} INFO - [2023-04-07T12:44:21.578-0300] {dag.py:2705} INFO - Sync 1 DAGs
[2023-04-07T12:44:21.596-0300] {logging_mixin.py:137} INFO - [2023-04-07T12:44:21.596-0300] {dag.py:3452} INFO - Setting next_dagrun for example_branch_labels to 2023-04-06T00:00:00+00:00, run_after=2023-04-07T00:00:00+00:00
[2023-04-07T12:44:21.618-0300] {processor.py:175} INFO - Processing /home/rai/.local/lib/python3.10/site-packages/airflow/example_dags/example_branch_labels.py took 0.072 seconds
[2023-04-07T12:45:04.261-0300] {processor.py:153} INFO - Started process (PID=2701) to work on /home/rai/.local/lib/python3.10/site-packages/airflow/example_dags/example_branch_labels.py
[2023-04-07T12:45:04.266-0300] {processor.py:743} INFO - Processing file /home/rai/.local/lib/python3.10/site-packages/airflow/example_dags/example_branch_labels.py for tasks to queue
[2023-04-07T12:45:04.267-0300] {logging_mixin.py:137} INFO - [2023-04-07T12:45:04.267-0300] {dagbag.py:532} INFO - Filling up the DagBag from /home/rai/.local/lib/python3.10/site-packages/airflow/example_dags/example_branch_labels.py
[2023-04-07T12:45:04.278-0300] {processor.py:753} INFO - DAG(s) dict_keys(['example_branch_labels']) retrieved from /home/rai/.local/lib/python3.10/site-packages/airflow/example_dags/example_branch_labels.py
[2023-04-07T12:45:04.293-0300] {logging_mixin.py:137} INFO - [2023-04-07T12:45:04.293-0300] {dag.py:2705} INFO - Sync 1 DAGs
[2023-04-07T12:45:04.312-0300] {logging_mixin.py:137} INFO - [2023-04-07T12:45:04.312-0300] {dag.py:3452} INFO - Setting next_dagrun for example_branch_labels to 2023-04-06T00:00:00+00:00, run_after=2023-04-07T00:00:00+00:00
[2023-04-07T12:45:04.410-0300] {processor.py:175} INFO - Processing /home/rai/.local/lib/python3.10/site-packages/airflow/example_dags/example_branch_labels.py took 0.151 seconds
[2023-04-07T12:45:47.382-0300] {processor.py:153} INFO - Started process (PID=2743) to work on /home/rai/.local/lib/python3.10/site-packages/airflow/example_dags/example_branch_labels.py
[2023-04-07T12:45:47.387-0300] {processor.py:743} INFO - Processing file /home/rai/.local/lib/python3.10/site-packages/airflow/example_dags/example_branch_labels.py for tasks to queue
[2023-04-07T12:45:47.387-0300] {logging_mixin.py:137} INFO - [2023-04-07T12:45:47.387-0300] {dagbag.py:532} INFO - Filling up the DagBag from /home/rai/.local/lib/python3.10/site-packages/airflow/example_dags/example_branch_labels.py
[2023-04-07T12:45:47.398-0300] {processor.py:753} INFO - DAG(s) dict_keys(['example_branch_labels']) retrieved from /home/rai/.local/lib/python3.10/site-packages/airflow/example_dags/example_branch_labels.py
[2023-04-07T12:45:47.415-0300] {logging_mixin.py:137} INFO - [2023-04-07T12:45:47.414-0300] {dag.py:2705} INFO - Sync 1 DAGs
[2023-04-07T12:45:47.512-0300] {logging_mixin.py:137} INFO - [2023-04-07T12:45:47.512-0300] {dag.py:3452} INFO - Setting next_dagrun for example_branch_labels to 2023-04-06T00:00:00+00:00, run_after=2023-04-07T00:00:00+00:00
[2023-04-07T12:45:47.532-0300] {processor.py:175} INFO - Processing /home/rai/.local/lib/python3.10/site-packages/airflow/example_dags/example_branch_labels.py took 0.153 seconds
[2023-04-07T12:48:16.396-0300] {processor.py:153} INFO - Started process (PID=2816) to work on /home/rai/.local/lib/python3.10/site-packages/airflow/example_dags/example_branch_labels.py
[2023-04-07T12:48:16.401-0300] {processor.py:743} INFO - Processing file /home/rai/.local/lib/python3.10/site-packages/airflow/example_dags/example_branch_labels.py for tasks to queue
[2023-04-07T12:48:16.402-0300] {logging_mixin.py:137} INFO - [2023-04-07T12:48:16.402-0300] {dagbag.py:532} INFO - Filling up the DagBag from /home/rai/.local/lib/python3.10/site-packages/airflow/example_dags/example_branch_labels.py
[2023-04-07T12:48:16.425-0300] {processor.py:753} INFO - DAG(s) dict_keys(['example_branch_labels']) retrieved from /home/rai/.local/lib/python3.10/site-packages/airflow/example_dags/example_branch_labels.py
[2023-04-07T12:48:16.453-0300] {logging_mixin.py:137} INFO - [2023-04-07T12:48:16.453-0300] {dag.py:2705} INFO - Sync 1 DAGs
[2023-04-07T12:48:16.477-0300] {logging_mixin.py:137} INFO - [2023-04-07T12:48:16.477-0300] {dag.py:3452} INFO - Setting next_dagrun for example_branch_labels to 2023-04-06T00:00:00+00:00, run_after=2023-04-07T00:00:00+00:00
[2023-04-07T12:48:16.499-0300] {processor.py:175} INFO - Processing /home/rai/.local/lib/python3.10/site-packages/airflow/example_dags/example_branch_labels.py took 0.108 seconds
[2023-04-07T12:49:00.917-0300] {processor.py:153} INFO - Started process (PID=2858) to work on /home/rai/.local/lib/python3.10/site-packages/airflow/example_dags/example_branch_labels.py
[2023-04-07T12:49:00.922-0300] {processor.py:743} INFO - Processing file /home/rai/.local/lib/python3.10/site-packages/airflow/example_dags/example_branch_labels.py for tasks to queue
[2023-04-07T12:49:00.923-0300] {logging_mixin.py:137} INFO - [2023-04-07T12:49:00.923-0300] {dagbag.py:532} INFO - Filling up the DagBag from /home/rai/.local/lib/python3.10/site-packages/airflow/example_dags/example_branch_labels.py
[2023-04-07T12:49:00.953-0300] {processor.py:753} INFO - DAG(s) dict_keys(['example_branch_labels']) retrieved from /home/rai/.local/lib/python3.10/site-packages/airflow/example_dags/example_branch_labels.py
[2023-04-07T12:49:00.984-0300] {logging_mixin.py:137} INFO - [2023-04-07T12:49:00.984-0300] {dag.py:2705} INFO - Sync 1 DAGs
[2023-04-07T12:49:01.025-0300] {logging_mixin.py:137} INFO - [2023-04-07T12:49:01.025-0300] {dag.py:3452} INFO - Setting next_dagrun for example_branch_labels to 2023-04-06T00:00:00+00:00, run_after=2023-04-07T00:00:00+00:00
[2023-04-07T12:49:01.063-0300] {processor.py:175} INFO - Processing /home/rai/.local/lib/python3.10/site-packages/airflow/example_dags/example_branch_labels.py took 0.151 seconds
[2023-04-07T12:49:52.233-0300] {processor.py:153} INFO - Started process (PID=2903) to work on /home/rai/.local/lib/python3.10/site-packages/airflow/example_dags/example_branch_labels.py
[2023-04-07T12:49:52.239-0300] {processor.py:743} INFO - Processing file /home/rai/.local/lib/python3.10/site-packages/airflow/example_dags/example_branch_labels.py for tasks to queue
[2023-04-07T12:49:52.240-0300] {logging_mixin.py:137} INFO - [2023-04-07T12:49:52.239-0300] {dagbag.py:532} INFO - Filling up the DagBag from /home/rai/.local/lib/python3.10/site-packages/airflow/example_dags/example_branch_labels.py
[2023-04-07T12:49:52.263-0300] {processor.py:753} INFO - DAG(s) dict_keys(['example_branch_labels']) retrieved from /home/rai/.local/lib/python3.10/site-packages/airflow/example_dags/example_branch_labels.py
[2023-04-07T12:49:52.289-0300] {logging_mixin.py:137} INFO - [2023-04-07T12:49:52.289-0300] {dag.py:2705} INFO - Sync 1 DAGs
[2023-04-07T12:49:52.312-0300] {logging_mixin.py:137} INFO - [2023-04-07T12:49:52.312-0300] {dag.py:3452} INFO - Setting next_dagrun for example_branch_labels to 2023-04-06T00:00:00+00:00, run_after=2023-04-07T00:00:00+00:00
[2023-04-07T12:49:52.336-0300] {processor.py:175} INFO - Processing /home/rai/.local/lib/python3.10/site-packages/airflow/example_dags/example_branch_labels.py took 0.107 seconds
[2023-04-07T12:50:52.307-0300] {processor.py:153} INFO - Started process (PID=2954) to work on /home/rai/.local/lib/python3.10/site-packages/airflow/example_dags/example_branch_labels.py
[2023-04-07T12:50:52.308-0300] {processor.py:743} INFO - Processing file /home/rai/.local/lib/python3.10/site-packages/airflow/example_dags/example_branch_labels.py for tasks to queue
[2023-04-07T12:50:52.310-0300] {logging_mixin.py:137} INFO - [2023-04-07T12:50:52.309-0300] {dagbag.py:532} INFO - Filling up the DagBag from /home/rai/.local/lib/python3.10/site-packages/airflow/example_dags/example_branch_labels.py
[2023-04-07T12:50:52.343-0300] {processor.py:753} INFO - DAG(s) dict_keys(['example_branch_labels']) retrieved from /home/rai/.local/lib/python3.10/site-packages/airflow/example_dags/example_branch_labels.py
[2023-04-07T12:50:52.373-0300] {logging_mixin.py:137} INFO - [2023-04-07T12:50:52.373-0300] {dag.py:2705} INFO - Sync 1 DAGs
[2023-04-07T12:50:52.403-0300] {logging_mixin.py:137} INFO - [2023-04-07T12:50:52.403-0300] {dag.py:3452} INFO - Setting next_dagrun for example_branch_labels to 2023-04-06T00:00:00+00:00, run_after=2023-04-07T00:00:00+00:00
[2023-04-07T12:50:52.543-0300] {processor.py:175} INFO - Processing /home/rai/.local/lib/python3.10/site-packages/airflow/example_dags/example_branch_labels.py took 0.240 seconds
[2023-04-07T12:51:50.854-0300] {processor.py:153} INFO - Started process (PID=3004) to work on /home/rai/.local/lib/python3.10/site-packages/airflow/example_dags/example_branch_labels.py
[2023-04-07T12:51:50.859-0300] {processor.py:743} INFO - Processing file /home/rai/.local/lib/python3.10/site-packages/airflow/example_dags/example_branch_labels.py for tasks to queue
[2023-04-07T12:51:50.860-0300] {logging_mixin.py:137} INFO - [2023-04-07T12:51:50.860-0300] {dagbag.py:532} INFO - Filling up the DagBag from /home/rai/.local/lib/python3.10/site-packages/airflow/example_dags/example_branch_labels.py
[2023-04-07T12:51:50.884-0300] {processor.py:753} INFO - DAG(s) dict_keys(['example_branch_labels']) retrieved from /home/rai/.local/lib/python3.10/site-packages/airflow/example_dags/example_branch_labels.py
[2023-04-07T12:51:50.908-0300] {logging_mixin.py:137} INFO - [2023-04-07T12:51:50.908-0300] {dag.py:2705} INFO - Sync 1 DAGs
[2023-04-07T12:51:51.024-0300] {logging_mixin.py:137} INFO - [2023-04-07T12:51:51.023-0300] {dag.py:3452} INFO - Setting next_dagrun for example_branch_labels to 2023-04-06T00:00:00+00:00, run_after=2023-04-07T00:00:00+00:00
[2023-04-07T12:51:51.053-0300] {processor.py:175} INFO - Processing /home/rai/.local/lib/python3.10/site-packages/airflow/example_dags/example_branch_labels.py took 0.204 seconds
[2023-04-07T12:52:50.659-0300] {processor.py:153} INFO - Started process (PID=3055) to work on /home/rai/.local/lib/python3.10/site-packages/airflow/example_dags/example_branch_labels.py
[2023-04-07T12:52:50.665-0300] {processor.py:743} INFO - Processing file /home/rai/.local/lib/python3.10/site-packages/airflow/example_dags/example_branch_labels.py for tasks to queue
[2023-04-07T12:52:50.666-0300] {logging_mixin.py:137} INFO - [2023-04-07T12:52:50.666-0300] {dagbag.py:532} INFO - Filling up the DagBag from /home/rai/.local/lib/python3.10/site-packages/airflow/example_dags/example_branch_labels.py
[2023-04-07T12:52:50.689-0300] {processor.py:753} INFO - DAG(s) dict_keys(['example_branch_labels']) retrieved from /home/rai/.local/lib/python3.10/site-packages/airflow/example_dags/example_branch_labels.py
[2023-04-07T12:52:50.716-0300] {logging_mixin.py:137} INFO - [2023-04-07T12:52:50.716-0300] {dag.py:2705} INFO - Sync 1 DAGs
[2023-04-07T12:52:50.859-0300] {logging_mixin.py:137} INFO - [2023-04-07T12:52:50.859-0300] {dag.py:3452} INFO - Setting next_dagrun for example_branch_labels to 2023-04-06T00:00:00+00:00, run_after=2023-04-07T00:00:00+00:00
[2023-04-07T12:52:50.892-0300] {processor.py:175} INFO - Processing /home/rai/.local/lib/python3.10/site-packages/airflow/example_dags/example_branch_labels.py took 0.238 seconds
[2023-04-07T12:53:45.813-0300] {processor.py:153} INFO - Started process (PID=3104) to work on /home/rai/.local/lib/python3.10/site-packages/airflow/example_dags/example_branch_labels.py
[2023-04-07T12:53:45.818-0300] {processor.py:743} INFO - Processing file /home/rai/.local/lib/python3.10/site-packages/airflow/example_dags/example_branch_labels.py for tasks to queue
[2023-04-07T12:53:45.819-0300] {logging_mixin.py:137} INFO - [2023-04-07T12:53:45.819-0300] {dagbag.py:532} INFO - Filling up the DagBag from /home/rai/.local/lib/python3.10/site-packages/airflow/example_dags/example_branch_labels.py
[2023-04-07T12:53:45.849-0300] {processor.py:753} INFO - DAG(s) dict_keys(['example_branch_labels']) retrieved from /home/rai/.local/lib/python3.10/site-packages/airflow/example_dags/example_branch_labels.py
[2023-04-07T12:53:45.904-0300] {logging_mixin.py:137} INFO - [2023-04-07T12:53:45.904-0300] {dag.py:2705} INFO - Sync 1 DAGs
[2023-04-07T12:53:45.957-0300] {logging_mixin.py:137} INFO - [2023-04-07T12:53:45.957-0300] {dag.py:3452} INFO - Setting next_dagrun for example_branch_labels to 2023-04-06T00:00:00+00:00, run_after=2023-04-07T00:00:00+00:00
[2023-04-07T12:53:45.994-0300] {processor.py:175} INFO - Processing /home/rai/.local/lib/python3.10/site-packages/airflow/example_dags/example_branch_labels.py took 0.186 seconds
[2023-04-07T12:54:33.776-0300] {processor.py:153} INFO - Started process (PID=3153) to work on /home/rai/.local/lib/python3.10/site-packages/airflow/example_dags/example_branch_labels.py
[2023-04-07T12:54:33.778-0300] {processor.py:743} INFO - Processing file /home/rai/.local/lib/python3.10/site-packages/airflow/example_dags/example_branch_labels.py for tasks to queue
[2023-04-07T12:54:33.778-0300] {logging_mixin.py:137} INFO - [2023-04-07T12:54:33.778-0300] {dagbag.py:532} INFO - Filling up the DagBag from /home/rai/.local/lib/python3.10/site-packages/airflow/example_dags/example_branch_labels.py
[2023-04-07T12:54:33.790-0300] {processor.py:753} INFO - DAG(s) dict_keys(['example_branch_labels']) retrieved from /home/rai/.local/lib/python3.10/site-packages/airflow/example_dags/example_branch_labels.py
[2023-04-07T12:54:33.808-0300] {logging_mixin.py:137} INFO - [2023-04-07T12:54:33.808-0300] {dag.py:2705} INFO - Sync 1 DAGs
[2023-04-07T12:54:33.827-0300] {logging_mixin.py:137} INFO - [2023-04-07T12:54:33.827-0300] {dag.py:3452} INFO - Setting next_dagrun for example_branch_labels to 2023-04-06T00:00:00+00:00, run_after=2023-04-07T00:00:00+00:00
[2023-04-07T12:54:33.847-0300] {processor.py:175} INFO - Processing /home/rai/.local/lib/python3.10/site-packages/airflow/example_dags/example_branch_labels.py took 0.073 seconds
[2023-04-07T12:55:32.411-0300] {processor.py:153} INFO - Started process (PID=3209) to work on /home/rai/.local/lib/python3.10/site-packages/airflow/example_dags/example_branch_labels.py
[2023-04-07T12:55:32.416-0300] {processor.py:743} INFO - Processing file /home/rai/.local/lib/python3.10/site-packages/airflow/example_dags/example_branch_labels.py for tasks to queue
[2023-04-07T12:55:32.417-0300] {logging_mixin.py:137} INFO - [2023-04-07T12:55:32.417-0300] {dagbag.py:532} INFO - Filling up the DagBag from /home/rai/.local/lib/python3.10/site-packages/airflow/example_dags/example_branch_labels.py
[2023-04-07T12:55:32.439-0300] {processor.py:753} INFO - DAG(s) dict_keys(['example_branch_labels']) retrieved from /home/rai/.local/lib/python3.10/site-packages/airflow/example_dags/example_branch_labels.py
[2023-04-07T12:55:32.463-0300] {logging_mixin.py:137} INFO - [2023-04-07T12:55:32.463-0300] {dag.py:2705} INFO - Sync 1 DAGs
[2023-04-07T12:55:32.486-0300] {logging_mixin.py:137} INFO - [2023-04-07T12:55:32.486-0300] {dag.py:3452} INFO - Setting next_dagrun for example_branch_labels to 2023-04-06T00:00:00+00:00, run_after=2023-04-07T00:00:00+00:00
[2023-04-07T12:55:32.520-0300] {processor.py:175} INFO - Processing /home/rai/.local/lib/python3.10/site-packages/airflow/example_dags/example_branch_labels.py took 0.113 seconds
[2023-04-07T12:56:31.663-0300] {processor.py:153} INFO - Started process (PID=3262) to work on /home/rai/.local/lib/python3.10/site-packages/airflow/example_dags/example_branch_labels.py
[2023-04-07T12:56:31.667-0300] {processor.py:743} INFO - Processing file /home/rai/.local/lib/python3.10/site-packages/airflow/example_dags/example_branch_labels.py for tasks to queue
[2023-04-07T12:56:31.668-0300] {logging_mixin.py:137} INFO - [2023-04-07T12:56:31.668-0300] {dagbag.py:532} INFO - Filling up the DagBag from /home/rai/.local/lib/python3.10/site-packages/airflow/example_dags/example_branch_labels.py
[2023-04-07T12:56:31.682-0300] {processor.py:753} INFO - DAG(s) dict_keys(['example_branch_labels']) retrieved from /home/rai/.local/lib/python3.10/site-packages/airflow/example_dags/example_branch_labels.py
[2023-04-07T12:56:31.703-0300] {logging_mixin.py:137} INFO - [2023-04-07T12:56:31.703-0300] {dag.py:2705} INFO - Sync 1 DAGs
[2023-04-07T12:56:31.845-0300] {logging_mixin.py:137} INFO - [2023-04-07T12:56:31.844-0300] {dag.py:3452} INFO - Setting next_dagrun for example_branch_labels to 2023-04-06T00:00:00+00:00, run_after=2023-04-07T00:00:00+00:00
[2023-04-07T12:56:31.881-0300] {processor.py:175} INFO - Processing /home/rai/.local/lib/python3.10/site-packages/airflow/example_dags/example_branch_labels.py took 0.220 seconds
[2023-04-07T12:57:26.931-0300] {processor.py:153} INFO - Started process (PID=3315) to work on /home/rai/.local/lib/python3.10/site-packages/airflow/example_dags/example_branch_labels.py
[2023-04-07T12:57:26.932-0300] {processor.py:743} INFO - Processing file /home/rai/.local/lib/python3.10/site-packages/airflow/example_dags/example_branch_labels.py for tasks to queue
[2023-04-07T12:57:26.933-0300] {logging_mixin.py:137} INFO - [2023-04-07T12:57:26.933-0300] {dagbag.py:532} INFO - Filling up the DagBag from /home/rai/.local/lib/python3.10/site-packages/airflow/example_dags/example_branch_labels.py
[2023-04-07T12:57:26.944-0300] {processor.py:753} INFO - DAG(s) dict_keys(['example_branch_labels']) retrieved from /home/rai/.local/lib/python3.10/site-packages/airflow/example_dags/example_branch_labels.py
[2023-04-07T12:57:26.967-0300] {logging_mixin.py:137} INFO - [2023-04-07T12:57:26.966-0300] {dag.py:2705} INFO - Sync 1 DAGs
[2023-04-07T12:57:27.070-0300] {logging_mixin.py:137} INFO - [2023-04-07T12:57:27.070-0300] {dag.py:3452} INFO - Setting next_dagrun for example_branch_labels to 2023-04-06T00:00:00+00:00, run_after=2023-04-07T00:00:00+00:00
[2023-04-07T12:57:27.092-0300] {processor.py:175} INFO - Processing /home/rai/.local/lib/python3.10/site-packages/airflow/example_dags/example_branch_labels.py took 0.163 seconds
[2023-04-07T12:58:10.756-0300] {processor.py:153} INFO - Started process (PID=3359) to work on /home/rai/.local/lib/python3.10/site-packages/airflow/example_dags/example_branch_labels.py
[2023-04-07T12:58:10.758-0300] {processor.py:743} INFO - Processing file /home/rai/.local/lib/python3.10/site-packages/airflow/example_dags/example_branch_labels.py for tasks to queue
[2023-04-07T12:58:10.759-0300] {logging_mixin.py:137} INFO - [2023-04-07T12:58:10.759-0300] {dagbag.py:532} INFO - Filling up the DagBag from /home/rai/.local/lib/python3.10/site-packages/airflow/example_dags/example_branch_labels.py
[2023-04-07T12:58:10.778-0300] {processor.py:753} INFO - DAG(s) dict_keys(['example_branch_labels']) retrieved from /home/rai/.local/lib/python3.10/site-packages/airflow/example_dags/example_branch_labels.py
[2023-04-07T12:58:10.805-0300] {logging_mixin.py:137} INFO - [2023-04-07T12:58:10.805-0300] {dag.py:2705} INFO - Sync 1 DAGs
[2023-04-07T12:58:10.833-0300] {logging_mixin.py:137} INFO - [2023-04-07T12:58:10.833-0300] {dag.py:3452} INFO - Setting next_dagrun for example_branch_labels to 2023-04-06T00:00:00+00:00, run_after=2023-04-07T00:00:00+00:00
[2023-04-07T12:58:10.860-0300] {processor.py:175} INFO - Processing /home/rai/.local/lib/python3.10/site-packages/airflow/example_dags/example_branch_labels.py took 0.107 seconds
[2023-04-07T12:58:53.541-0300] {processor.py:153} INFO - Started process (PID=3402) to work on /home/rai/.local/lib/python3.10/site-packages/airflow/example_dags/example_branch_labels.py
[2023-04-07T12:58:53.542-0300] {processor.py:743} INFO - Processing file /home/rai/.local/lib/python3.10/site-packages/airflow/example_dags/example_branch_labels.py for tasks to queue
[2023-04-07T12:58:53.542-0300] {logging_mixin.py:137} INFO - [2023-04-07T12:58:53.542-0300] {dagbag.py:532} INFO - Filling up the DagBag from /home/rai/.local/lib/python3.10/site-packages/airflow/example_dags/example_branch_labels.py
[2023-04-07T12:58:53.553-0300] {processor.py:753} INFO - DAG(s) dict_keys(['example_branch_labels']) retrieved from /home/rai/.local/lib/python3.10/site-packages/airflow/example_dags/example_branch_labels.py
[2023-04-07T12:58:53.568-0300] {logging_mixin.py:137} INFO - [2023-04-07T12:58:53.568-0300] {dag.py:2705} INFO - Sync 1 DAGs
[2023-04-07T12:58:53.586-0300] {logging_mixin.py:137} INFO - [2023-04-07T12:58:53.586-0300] {dag.py:3452} INFO - Setting next_dagrun for example_branch_labels to 2023-04-06T00:00:00+00:00, run_after=2023-04-07T00:00:00+00:00
[2023-04-07T12:58:53.604-0300] {processor.py:175} INFO - Processing /home/rai/.local/lib/python3.10/site-packages/airflow/example_dags/example_branch_labels.py took 0.065 seconds
[2023-04-07T12:59:43.774-0300] {processor.py:153} INFO - Started process (PID=3453) to work on /home/rai/.local/lib/python3.10/site-packages/airflow/example_dags/example_branch_labels.py
[2023-04-07T12:59:43.779-0300] {processor.py:743} INFO - Processing file /home/rai/.local/lib/python3.10/site-packages/airflow/example_dags/example_branch_labels.py for tasks to queue
[2023-04-07T12:59:43.780-0300] {logging_mixin.py:137} INFO - [2023-04-07T12:59:43.780-0300] {dagbag.py:532} INFO - Filling up the DagBag from /home/rai/.local/lib/python3.10/site-packages/airflow/example_dags/example_branch_labels.py
[2023-04-07T12:59:43.803-0300] {processor.py:753} INFO - DAG(s) dict_keys(['example_branch_labels']) retrieved from /home/rai/.local/lib/python3.10/site-packages/airflow/example_dags/example_branch_labels.py
[2023-04-07T12:59:43.827-0300] {logging_mixin.py:137} INFO - [2023-04-07T12:59:43.827-0300] {dag.py:2705} INFO - Sync 1 DAGs
[2023-04-07T12:59:43.851-0300] {logging_mixin.py:137} INFO - [2023-04-07T12:59:43.850-0300] {dag.py:3452} INFO - Setting next_dagrun for example_branch_labels to 2023-04-06T00:00:00+00:00, run_after=2023-04-07T00:00:00+00:00
[2023-04-07T12:59:43.873-0300] {processor.py:175} INFO - Processing /home/rai/.local/lib/python3.10/site-packages/airflow/example_dags/example_branch_labels.py took 0.103 seconds
[2023-04-07T13:00:38.995-0300] {processor.py:153} INFO - Started process (PID=3505) to work on /home/rai/.local/lib/python3.10/site-packages/airflow/example_dags/example_branch_labels.py
[2023-04-07T13:00:39.001-0300] {processor.py:743} INFO - Processing file /home/rai/.local/lib/python3.10/site-packages/airflow/example_dags/example_branch_labels.py for tasks to queue
[2023-04-07T13:00:39.002-0300] {logging_mixin.py:137} INFO - [2023-04-07T13:00:39.002-0300] {dagbag.py:532} INFO - Filling up the DagBag from /home/rai/.local/lib/python3.10/site-packages/airflow/example_dags/example_branch_labels.py
[2023-04-07T13:00:39.030-0300] {processor.py:753} INFO - DAG(s) dict_keys(['example_branch_labels']) retrieved from /home/rai/.local/lib/python3.10/site-packages/airflow/example_dags/example_branch_labels.py
[2023-04-07T13:00:39.056-0300] {logging_mixin.py:137} INFO - [2023-04-07T13:00:39.056-0300] {dag.py:2705} INFO - Sync 1 DAGs
[2023-04-07T13:00:39.082-0300] {logging_mixin.py:137} INFO - [2023-04-07T13:00:39.082-0300] {dag.py:3452} INFO - Setting next_dagrun for example_branch_labels to 2023-04-06T00:00:00+00:00, run_after=2023-04-07T00:00:00+00:00
[2023-04-07T13:00:39.194-0300] {processor.py:175} INFO - Processing /home/rai/.local/lib/python3.10/site-packages/airflow/example_dags/example_branch_labels.py took 0.203 seconds
[2023-04-07T13:01:28.840-0300] {processor.py:153} INFO - Started process (PID=3565) to work on /home/rai/.local/lib/python3.10/site-packages/airflow/example_dags/example_branch_labels.py
[2023-04-07T13:01:28.842-0300] {processor.py:743} INFO - Processing file /home/rai/.local/lib/python3.10/site-packages/airflow/example_dags/example_branch_labels.py for tasks to queue
[2023-04-07T13:01:28.843-0300] {logging_mixin.py:137} INFO - [2023-04-07T13:01:28.843-0300] {dagbag.py:532} INFO - Filling up the DagBag from /home/rai/.local/lib/python3.10/site-packages/airflow/example_dags/example_branch_labels.py
[2023-04-07T13:01:28.863-0300] {processor.py:753} INFO - DAG(s) dict_keys(['example_branch_labels']) retrieved from /home/rai/.local/lib/python3.10/site-packages/airflow/example_dags/example_branch_labels.py
[2023-04-07T13:01:28.887-0300] {logging_mixin.py:137} INFO - [2023-04-07T13:01:28.887-0300] {dag.py:2705} INFO - Sync 1 DAGs
[2023-04-07T13:01:29.049-0300] {logging_mixin.py:137} INFO - [2023-04-07T13:01:29.049-0300] {dag.py:3452} INFO - Setting next_dagrun for example_branch_labels to 2023-04-06T00:00:00+00:00, run_after=2023-04-07T00:00:00+00:00
[2023-04-07T13:01:29.071-0300] {processor.py:175} INFO - Processing /home/rai/.local/lib/python3.10/site-packages/airflow/example_dags/example_branch_labels.py took 0.233 seconds
[2023-04-07T13:02:32.338-0300] {processor.py:153} INFO - Started process (PID=3625) to work on /home/rai/.local/lib/python3.10/site-packages/airflow/example_dags/example_branch_labels.py
[2023-04-07T13:02:32.340-0300] {processor.py:743} INFO - Processing file /home/rai/.local/lib/python3.10/site-packages/airflow/example_dags/example_branch_labels.py for tasks to queue
[2023-04-07T13:02:32.342-0300] {logging_mixin.py:137} INFO - [2023-04-07T13:02:32.342-0300] {dagbag.py:532} INFO - Filling up the DagBag from /home/rai/.local/lib/python3.10/site-packages/airflow/example_dags/example_branch_labels.py
[2023-04-07T13:02:32.366-0300] {processor.py:753} INFO - DAG(s) dict_keys(['example_branch_labels']) retrieved from /home/rai/.local/lib/python3.10/site-packages/airflow/example_dags/example_branch_labels.py
[2023-04-07T13:02:32.481-0300] {logging_mixin.py:137} INFO - [2023-04-07T13:02:32.481-0300] {dag.py:2705} INFO - Sync 1 DAGs
[2023-04-07T13:02:32.499-0300] {logging_mixin.py:137} INFO - [2023-04-07T13:02:32.499-0300] {dag.py:3452} INFO - Setting next_dagrun for example_branch_labels to 2023-04-06T00:00:00+00:00, run_after=2023-04-07T00:00:00+00:00
[2023-04-07T13:02:32.521-0300] {processor.py:175} INFO - Processing /home/rai/.local/lib/python3.10/site-packages/airflow/example_dags/example_branch_labels.py took 0.188 seconds
[2023-04-07T13:03:24.989-0300] {processor.py:153} INFO - Started process (PID=3672) to work on /home/rai/.local/lib/python3.10/site-packages/airflow/example_dags/example_branch_labels.py
[2023-04-07T13:03:24.994-0300] {processor.py:743} INFO - Processing file /home/rai/.local/lib/python3.10/site-packages/airflow/example_dags/example_branch_labels.py for tasks to queue
[2023-04-07T13:03:24.995-0300] {logging_mixin.py:137} INFO - [2023-04-07T13:03:24.995-0300] {dagbag.py:532} INFO - Filling up the DagBag from /home/rai/.local/lib/python3.10/site-packages/airflow/example_dags/example_branch_labels.py
[2023-04-07T13:03:25.018-0300] {processor.py:753} INFO - DAG(s) dict_keys(['example_branch_labels']) retrieved from /home/rai/.local/lib/python3.10/site-packages/airflow/example_dags/example_branch_labels.py
[2023-04-07T13:03:25.043-0300] {logging_mixin.py:137} INFO - [2023-04-07T13:03:25.043-0300] {dag.py:2705} INFO - Sync 1 DAGs
[2023-04-07T13:03:25.066-0300] {logging_mixin.py:137} INFO - [2023-04-07T13:03:25.065-0300] {dag.py:3452} INFO - Setting next_dagrun for example_branch_labels to 2023-04-06T00:00:00+00:00, run_after=2023-04-07T00:00:00+00:00
[2023-04-07T13:03:25.089-0300] {processor.py:175} INFO - Processing /home/rai/.local/lib/python3.10/site-packages/airflow/example_dags/example_branch_labels.py took 0.104 seconds
[2023-04-07T13:04:17.126-0300] {processor.py:153} INFO - Started process (PID=3719) to work on /home/rai/.local/lib/python3.10/site-packages/airflow/example_dags/example_branch_labels.py
[2023-04-07T13:04:17.131-0300] {processor.py:743} INFO - Processing file /home/rai/.local/lib/python3.10/site-packages/airflow/example_dags/example_branch_labels.py for tasks to queue
[2023-04-07T13:04:17.132-0300] {logging_mixin.py:137} INFO - [2023-04-07T13:04:17.132-0300] {dagbag.py:532} INFO - Filling up the DagBag from /home/rai/.local/lib/python3.10/site-packages/airflow/example_dags/example_branch_labels.py
[2023-04-07T13:04:17.154-0300] {processor.py:753} INFO - DAG(s) dict_keys(['example_branch_labels']) retrieved from /home/rai/.local/lib/python3.10/site-packages/airflow/example_dags/example_branch_labels.py
[2023-04-07T13:04:17.178-0300] {logging_mixin.py:137} INFO - [2023-04-07T13:04:17.178-0300] {dag.py:2705} INFO - Sync 1 DAGs
[2023-04-07T13:04:17.201-0300] {logging_mixin.py:137} INFO - [2023-04-07T13:04:17.200-0300] {dag.py:3452} INFO - Setting next_dagrun for example_branch_labels to 2023-04-06T00:00:00+00:00, run_after=2023-04-07T00:00:00+00:00
[2023-04-07T13:04:17.223-0300] {processor.py:175} INFO - Processing /home/rai/.local/lib/python3.10/site-packages/airflow/example_dags/example_branch_labels.py took 0.102 seconds
[2023-04-07T13:05:10.915-0300] {processor.py:153} INFO - Started process (PID=3764) to work on /home/rai/.local/lib/python3.10/site-packages/airflow/example_dags/example_branch_labels.py
[2023-04-07T13:05:10.917-0300] {processor.py:743} INFO - Processing file /home/rai/.local/lib/python3.10/site-packages/airflow/example_dags/example_branch_labels.py for tasks to queue
[2023-04-07T13:05:10.919-0300] {logging_mixin.py:137} INFO - [2023-04-07T13:05:10.919-0300] {dagbag.py:532} INFO - Filling up the DagBag from /home/rai/.local/lib/python3.10/site-packages/airflow/example_dags/example_branch_labels.py
[2023-04-07T13:05:10.950-0300] {processor.py:753} INFO - DAG(s) dict_keys(['example_branch_labels']) retrieved from /home/rai/.local/lib/python3.10/site-packages/airflow/example_dags/example_branch_labels.py
[2023-04-07T13:05:10.981-0300] {logging_mixin.py:137} INFO - [2023-04-07T13:05:10.981-0300] {dag.py:2705} INFO - Sync 1 DAGs
[2023-04-07T13:05:11.007-0300] {logging_mixin.py:137} INFO - [2023-04-07T13:05:11.007-0300] {dag.py:3452} INFO - Setting next_dagrun for example_branch_labels to 2023-04-06T00:00:00+00:00, run_after=2023-04-07T00:00:00+00:00
[2023-04-07T13:05:11.157-0300] {processor.py:175} INFO - Processing /home/rai/.local/lib/python3.10/site-packages/airflow/example_dags/example_branch_labels.py took 0.246 seconds
[2023-04-07T13:06:13.376-0300] {processor.py:153} INFO - Started process (PID=3817) to work on /home/rai/.local/lib/python3.10/site-packages/airflow/example_dags/example_branch_labels.py
[2023-04-07T13:06:13.380-0300] {processor.py:743} INFO - Processing file /home/rai/.local/lib/python3.10/site-packages/airflow/example_dags/example_branch_labels.py for tasks to queue
[2023-04-07T13:06:13.381-0300] {logging_mixin.py:137} INFO - [2023-04-07T13:06:13.381-0300] {dagbag.py:532} INFO - Filling up the DagBag from /home/rai/.local/lib/python3.10/site-packages/airflow/example_dags/example_branch_labels.py
[2023-04-07T13:06:13.411-0300] {processor.py:753} INFO - DAG(s) dict_keys(['example_branch_labels']) retrieved from /home/rai/.local/lib/python3.10/site-packages/airflow/example_dags/example_branch_labels.py
[2023-04-07T13:06:13.439-0300] {logging_mixin.py:137} INFO - [2023-04-07T13:06:13.439-0300] {dag.py:2705} INFO - Sync 1 DAGs
[2023-04-07T13:06:13.550-0300] {logging_mixin.py:137} INFO - [2023-04-07T13:06:13.549-0300] {dag.py:3452} INFO - Setting next_dagrun for example_branch_labels to 2023-04-06T00:00:00+00:00, run_after=2023-04-07T00:00:00+00:00
[2023-04-07T13:06:13.580-0300] {processor.py:175} INFO - Processing /home/rai/.local/lib/python3.10/site-packages/airflow/example_dags/example_branch_labels.py took 0.208 seconds
[2023-04-07T13:07:14.951-0300] {processor.py:153} INFO - Started process (PID=3869) to work on /home/rai/.local/lib/python3.10/site-packages/airflow/example_dags/example_branch_labels.py
[2023-04-07T13:07:14.953-0300] {processor.py:743} INFO - Processing file /home/rai/.local/lib/python3.10/site-packages/airflow/example_dags/example_branch_labels.py for tasks to queue
[2023-04-07T13:07:14.955-0300] {logging_mixin.py:137} INFO - [2023-04-07T13:07:14.955-0300] {dagbag.py:532} INFO - Filling up the DagBag from /home/rai/.local/lib/python3.10/site-packages/airflow/example_dags/example_branch_labels.py
[2023-04-07T13:07:14.982-0300] {processor.py:753} INFO - DAG(s) dict_keys(['example_branch_labels']) retrieved from /home/rai/.local/lib/python3.10/site-packages/airflow/example_dags/example_branch_labels.py
[2023-04-07T13:07:15.009-0300] {logging_mixin.py:137} INFO - [2023-04-07T13:07:15.009-0300] {dag.py:2705} INFO - Sync 1 DAGs
[2023-04-07T13:07:15.128-0300] {logging_mixin.py:137} INFO - [2023-04-07T13:07:15.127-0300] {dag.py:3452} INFO - Setting next_dagrun for example_branch_labels to 2023-04-06T00:00:00+00:00, run_after=2023-04-07T00:00:00+00:00
[2023-04-07T13:07:15.159-0300] {processor.py:175} INFO - Processing /home/rai/.local/lib/python3.10/site-packages/airflow/example_dags/example_branch_labels.py took 0.213 seconds
[2023-04-07T13:08:15.959-0300] {processor.py:153} INFO - Started process (PID=3920) to work on /home/rai/.local/lib/python3.10/site-packages/airflow/example_dags/example_branch_labels.py
[2023-04-07T13:08:15.961-0300] {processor.py:743} INFO - Processing file /home/rai/.local/lib/python3.10/site-packages/airflow/example_dags/example_branch_labels.py for tasks to queue
[2023-04-07T13:08:15.962-0300] {logging_mixin.py:137} INFO - [2023-04-07T13:08:15.961-0300] {dagbag.py:532} INFO - Filling up the DagBag from /home/rai/.local/lib/python3.10/site-packages/airflow/example_dags/example_branch_labels.py
[2023-04-07T13:08:15.985-0300] {processor.py:753} INFO - DAG(s) dict_keys(['example_branch_labels']) retrieved from /home/rai/.local/lib/python3.10/site-packages/airflow/example_dags/example_branch_labels.py
[2023-04-07T13:08:16.018-0300] {logging_mixin.py:137} INFO - [2023-04-07T13:08:16.018-0300] {dag.py:2705} INFO - Sync 1 DAGs
[2023-04-07T13:08:16.054-0300] {logging_mixin.py:137} INFO - [2023-04-07T13:08:16.053-0300] {dag.py:3452} INFO - Setting next_dagrun for example_branch_labels to 2023-04-06T00:00:00+00:00, run_after=2023-04-07T00:00:00+00:00
[2023-04-07T13:08:16.086-0300] {processor.py:175} INFO - Processing /home/rai/.local/lib/python3.10/site-packages/airflow/example_dags/example_branch_labels.py took 0.132 seconds
[2023-04-07T13:09:05.626-0300] {processor.py:153} INFO - Started process (PID=3967) to work on /home/rai/.local/lib/python3.10/site-packages/airflow/example_dags/example_branch_labels.py
[2023-04-07T13:09:05.630-0300] {processor.py:743} INFO - Processing file /home/rai/.local/lib/python3.10/site-packages/airflow/example_dags/example_branch_labels.py for tasks to queue
[2023-04-07T13:09:05.631-0300] {logging_mixin.py:137} INFO - [2023-04-07T13:09:05.631-0300] {dagbag.py:532} INFO - Filling up the DagBag from /home/rai/.local/lib/python3.10/site-packages/airflow/example_dags/example_branch_labels.py
[2023-04-07T13:09:05.644-0300] {processor.py:753} INFO - DAG(s) dict_keys(['example_branch_labels']) retrieved from /home/rai/.local/lib/python3.10/site-packages/airflow/example_dags/example_branch_labels.py
[2023-04-07T13:09:05.660-0300] {logging_mixin.py:137} INFO - [2023-04-07T13:09:05.660-0300] {dag.py:2705} INFO - Sync 1 DAGs
[2023-04-07T13:09:05.680-0300] {logging_mixin.py:137} INFO - [2023-04-07T13:09:05.679-0300] {dag.py:3452} INFO - Setting next_dagrun for example_branch_labels to 2023-04-06T00:00:00+00:00, run_after=2023-04-07T00:00:00+00:00
[2023-04-07T13:09:05.701-0300] {processor.py:175} INFO - Processing /home/rai/.local/lib/python3.10/site-packages/airflow/example_dags/example_branch_labels.py took 0.077 seconds
[2023-04-07T13:10:03.381-0300] {processor.py:153} INFO - Started process (PID=4023) to work on /home/rai/.local/lib/python3.10/site-packages/airflow/example_dags/example_branch_labels.py
[2023-04-07T13:10:03.383-0300] {processor.py:743} INFO - Processing file /home/rai/.local/lib/python3.10/site-packages/airflow/example_dags/example_branch_labels.py for tasks to queue
[2023-04-07T13:10:03.384-0300] {logging_mixin.py:137} INFO - [2023-04-07T13:10:03.384-0300] {dagbag.py:532} INFO - Filling up the DagBag from /home/rai/.local/lib/python3.10/site-packages/airflow/example_dags/example_branch_labels.py
[2023-04-07T13:10:03.410-0300] {processor.py:753} INFO - DAG(s) dict_keys(['example_branch_labels']) retrieved from /home/rai/.local/lib/python3.10/site-packages/airflow/example_dags/example_branch_labels.py
[2023-04-07T13:10:03.436-0300] {logging_mixin.py:137} INFO - [2023-04-07T13:10:03.436-0300] {dag.py:2705} INFO - Sync 1 DAGs
[2023-04-07T13:10:03.460-0300] {logging_mixin.py:137} INFO - [2023-04-07T13:10:03.460-0300] {dag.py:3452} INFO - Setting next_dagrun for example_branch_labels to 2023-04-06T00:00:00+00:00, run_after=2023-04-07T00:00:00+00:00
[2023-04-07T13:10:03.604-0300] {processor.py:175} INFO - Processing /home/rai/.local/lib/python3.10/site-packages/airflow/example_dags/example_branch_labels.py took 0.228 seconds
[2023-04-07T13:11:06.378-0300] {processor.py:153} INFO - Started process (PID=4075) to work on /home/rai/.local/lib/python3.10/site-packages/airflow/example_dags/example_branch_labels.py
[2023-04-07T13:11:06.383-0300] {processor.py:743} INFO - Processing file /home/rai/.local/lib/python3.10/site-packages/airflow/example_dags/example_branch_labels.py for tasks to queue
[2023-04-07T13:11:06.384-0300] {logging_mixin.py:137} INFO - [2023-04-07T13:11:06.384-0300] {dagbag.py:532} INFO - Filling up the DagBag from /home/rai/.local/lib/python3.10/site-packages/airflow/example_dags/example_branch_labels.py
[2023-04-07T13:11:06.408-0300] {processor.py:753} INFO - DAG(s) dict_keys(['example_branch_labels']) retrieved from /home/rai/.local/lib/python3.10/site-packages/airflow/example_dags/example_branch_labels.py
[2023-04-07T13:11:06.445-0300] {logging_mixin.py:137} INFO - [2023-04-07T13:11:06.444-0300] {dag.py:2705} INFO - Sync 1 DAGs
[2023-04-07T13:11:06.570-0300] {logging_mixin.py:137} INFO - [2023-04-07T13:11:06.569-0300] {dag.py:3452} INFO - Setting next_dagrun for example_branch_labels to 2023-04-06T00:00:00+00:00, run_after=2023-04-07T00:00:00+00:00
[2023-04-07T13:11:06.602-0300] {processor.py:175} INFO - Processing /home/rai/.local/lib/python3.10/site-packages/airflow/example_dags/example_branch_labels.py took 0.228 seconds
[2023-04-07T13:12:12.681-0300] {processor.py:153} INFO - Started process (PID=4129) to work on /home/rai/.local/lib/python3.10/site-packages/airflow/example_dags/example_branch_labels.py
[2023-04-07T13:12:12.687-0300] {processor.py:743} INFO - Processing file /home/rai/.local/lib/python3.10/site-packages/airflow/example_dags/example_branch_labels.py for tasks to queue
[2023-04-07T13:12:12.688-0300] {logging_mixin.py:137} INFO - [2023-04-07T13:12:12.688-0300] {dagbag.py:532} INFO - Filling up the DagBag from /home/rai/.local/lib/python3.10/site-packages/airflow/example_dags/example_branch_labels.py
[2023-04-07T13:12:12.712-0300] {processor.py:753} INFO - DAG(s) dict_keys(['example_branch_labels']) retrieved from /home/rai/.local/lib/python3.10/site-packages/airflow/example_dags/example_branch_labels.py
[2023-04-07T13:12:12.738-0300] {logging_mixin.py:137} INFO - [2023-04-07T13:12:12.738-0300] {dag.py:2705} INFO - Sync 1 DAGs
[2023-04-07T13:12:12.847-0300] {logging_mixin.py:137} INFO - [2023-04-07T13:12:12.847-0300] {dag.py:3452} INFO - Setting next_dagrun for example_branch_labels to 2023-04-06T00:00:00+00:00, run_after=2023-04-07T00:00:00+00:00
[2023-04-07T13:12:12.868-0300] {processor.py:175} INFO - Processing /home/rai/.local/lib/python3.10/site-packages/airflow/example_dags/example_branch_labels.py took 0.191 seconds
[2023-04-07T13:13:08.449-0300] {processor.py:153} INFO - Started process (PID=4178) to work on /home/rai/.local/lib/python3.10/site-packages/airflow/example_dags/example_branch_labels.py
[2023-04-07T13:13:08.454-0300] {processor.py:743} INFO - Processing file /home/rai/.local/lib/python3.10/site-packages/airflow/example_dags/example_branch_labels.py for tasks to queue
[2023-04-07T13:13:08.456-0300] {logging_mixin.py:137} INFO - [2023-04-07T13:13:08.455-0300] {dagbag.py:532} INFO - Filling up the DagBag from /home/rai/.local/lib/python3.10/site-packages/airflow/example_dags/example_branch_labels.py
[2023-04-07T13:13:08.480-0300] {processor.py:753} INFO - DAG(s) dict_keys(['example_branch_labels']) retrieved from /home/rai/.local/lib/python3.10/site-packages/airflow/example_dags/example_branch_labels.py
[2023-04-07T13:13:08.591-0300] {logging_mixin.py:137} INFO - [2023-04-07T13:13:08.590-0300] {dag.py:2705} INFO - Sync 1 DAGs
[2023-04-07T13:13:08.609-0300] {logging_mixin.py:137} INFO - [2023-04-07T13:13:08.609-0300] {dag.py:3452} INFO - Setting next_dagrun for example_branch_labels to 2023-04-06T00:00:00+00:00, run_after=2023-04-07T00:00:00+00:00
[2023-04-07T13:13:08.643-0300] {processor.py:175} INFO - Processing /home/rai/.local/lib/python3.10/site-packages/airflow/example_dags/example_branch_labels.py took 0.198 seconds
[2023-04-07T13:13:57.031-0300] {processor.py:153} INFO - Started process (PID=4223) to work on /home/rai/.local/lib/python3.10/site-packages/airflow/example_dags/example_branch_labels.py
[2023-04-07T13:13:57.037-0300] {processor.py:743} INFO - Processing file /home/rai/.local/lib/python3.10/site-packages/airflow/example_dags/example_branch_labels.py for tasks to queue
[2023-04-07T13:13:57.038-0300] {logging_mixin.py:137} INFO - [2023-04-07T13:13:57.038-0300] {dagbag.py:532} INFO - Filling up the DagBag from /home/rai/.local/lib/python3.10/site-packages/airflow/example_dags/example_branch_labels.py
[2023-04-07T13:13:57.061-0300] {processor.py:753} INFO - DAG(s) dict_keys(['example_branch_labels']) retrieved from /home/rai/.local/lib/python3.10/site-packages/airflow/example_dags/example_branch_labels.py
[2023-04-07T13:13:57.100-0300] {logging_mixin.py:137} INFO - [2023-04-07T13:13:57.099-0300] {dag.py:2705} INFO - Sync 1 DAGs
[2023-04-07T13:13:57.132-0300] {logging_mixin.py:137} INFO - [2023-04-07T13:13:57.132-0300] {dag.py:3452} INFO - Setting next_dagrun for example_branch_labels to 2023-04-06T00:00:00+00:00, run_after=2023-04-07T00:00:00+00:00
[2023-04-07T13:13:57.171-0300] {processor.py:175} INFO - Processing /home/rai/.local/lib/python3.10/site-packages/airflow/example_dags/example_branch_labels.py took 0.144 seconds
[2023-04-07T13:14:55.474-0300] {processor.py:153} INFO - Started process (PID=4272) to work on /home/rai/.local/lib/python3.10/site-packages/airflow/example_dags/example_branch_labels.py
[2023-04-07T13:14:55.477-0300] {processor.py:743} INFO - Processing file /home/rai/.local/lib/python3.10/site-packages/airflow/example_dags/example_branch_labels.py for tasks to queue
[2023-04-07T13:14:55.479-0300] {logging_mixin.py:137} INFO - [2023-04-07T13:14:55.478-0300] {dagbag.py:532} INFO - Filling up the DagBag from /home/rai/.local/lib/python3.10/site-packages/airflow/example_dags/example_branch_labels.py
[2023-04-07T13:14:55.509-0300] {processor.py:753} INFO - DAG(s) dict_keys(['example_branch_labels']) retrieved from /home/rai/.local/lib/python3.10/site-packages/airflow/example_dags/example_branch_labels.py
[2023-04-07T13:14:55.540-0300] {logging_mixin.py:137} INFO - [2023-04-07T13:14:55.540-0300] {dag.py:2705} INFO - Sync 1 DAGs
[2023-04-07T13:14:55.566-0300] {logging_mixin.py:137} INFO - [2023-04-07T13:14:55.565-0300] {dag.py:3452} INFO - Setting next_dagrun for example_branch_labels to 2023-04-06T00:00:00+00:00, run_after=2023-04-07T00:00:00+00:00
[2023-04-07T13:14:55.590-0300] {processor.py:175} INFO - Processing /home/rai/.local/lib/python3.10/site-packages/airflow/example_dags/example_branch_labels.py took 0.121 seconds
[2023-04-07T13:15:56.177-0300] {processor.py:153} INFO - Started process (PID=4323) to work on /home/rai/.local/lib/python3.10/site-packages/airflow/example_dags/example_branch_labels.py
[2023-04-07T13:15:56.182-0300] {processor.py:743} INFO - Processing file /home/rai/.local/lib/python3.10/site-packages/airflow/example_dags/example_branch_labels.py for tasks to queue
[2023-04-07T13:15:56.184-0300] {logging_mixin.py:137} INFO - [2023-04-07T13:15:56.183-0300] {dagbag.py:532} INFO - Filling up the DagBag from /home/rai/.local/lib/python3.10/site-packages/airflow/example_dags/example_branch_labels.py
[2023-04-07T13:15:56.205-0300] {processor.py:753} INFO - DAG(s) dict_keys(['example_branch_labels']) retrieved from /home/rai/.local/lib/python3.10/site-packages/airflow/example_dags/example_branch_labels.py
[2023-04-07T13:15:56.242-0300] {logging_mixin.py:137} INFO - [2023-04-07T13:15:56.241-0300] {dag.py:2705} INFO - Sync 1 DAGs
[2023-04-07T13:15:56.360-0300] {logging_mixin.py:137} INFO - [2023-04-07T13:15:56.360-0300] {dag.py:3452} INFO - Setting next_dagrun for example_branch_labels to 2023-04-06T00:00:00+00:00, run_after=2023-04-07T00:00:00+00:00
[2023-04-07T13:15:56.393-0300] {processor.py:175} INFO - Processing /home/rai/.local/lib/python3.10/site-packages/airflow/example_dags/example_branch_labels.py took 0.221 seconds
[2023-04-07T13:16:51.374-0300] {processor.py:153} INFO - Started process (PID=4371) to work on /home/rai/.local/lib/python3.10/site-packages/airflow/example_dags/example_branch_labels.py
[2023-04-07T13:16:51.377-0300] {processor.py:743} INFO - Processing file /home/rai/.local/lib/python3.10/site-packages/airflow/example_dags/example_branch_labels.py for tasks to queue
[2023-04-07T13:16:51.379-0300] {logging_mixin.py:137} INFO - [2023-04-07T13:16:51.378-0300] {dagbag.py:532} INFO - Filling up the DagBag from /home/rai/.local/lib/python3.10/site-packages/airflow/example_dags/example_branch_labels.py
[2023-04-07T13:16:51.408-0300] {processor.py:753} INFO - DAG(s) dict_keys(['example_branch_labels']) retrieved from /home/rai/.local/lib/python3.10/site-packages/airflow/example_dags/example_branch_labels.py
[2023-04-07T13:16:51.438-0300] {logging_mixin.py:137} INFO - [2023-04-07T13:16:51.438-0300] {dag.py:2705} INFO - Sync 1 DAGs
[2023-04-07T13:16:51.560-0300] {logging_mixin.py:137} INFO - [2023-04-07T13:16:51.560-0300] {dag.py:3452} INFO - Setting next_dagrun for example_branch_labels to 2023-04-06T00:00:00+00:00, run_after=2023-04-07T00:00:00+00:00
[2023-04-07T13:16:51.583-0300] {processor.py:175} INFO - Processing /home/rai/.local/lib/python3.10/site-packages/airflow/example_dags/example_branch_labels.py took 0.215 seconds
[2023-04-07T13:17:51.040-0300] {processor.py:153} INFO - Started process (PID=4422) to work on /home/rai/.local/lib/python3.10/site-packages/airflow/example_dags/example_branch_labels.py
[2023-04-07T13:17:51.047-0300] {processor.py:743} INFO - Processing file /home/rai/.local/lib/python3.10/site-packages/airflow/example_dags/example_branch_labels.py for tasks to queue
[2023-04-07T13:17:51.048-0300] {logging_mixin.py:137} INFO - [2023-04-07T13:17:51.048-0300] {dagbag.py:532} INFO - Filling up the DagBag from /home/rai/.local/lib/python3.10/site-packages/airflow/example_dags/example_branch_labels.py
[2023-04-07T13:17:51.072-0300] {processor.py:753} INFO - DAG(s) dict_keys(['example_branch_labels']) retrieved from /home/rai/.local/lib/python3.10/site-packages/airflow/example_dags/example_branch_labels.py
[2023-04-07T13:17:51.206-0300] {logging_mixin.py:137} INFO - [2023-04-07T13:17:51.206-0300] {dag.py:2705} INFO - Sync 1 DAGs
[2023-04-07T13:17:51.225-0300] {logging_mixin.py:137} INFO - [2023-04-07T13:17:51.224-0300] {dag.py:3452} INFO - Setting next_dagrun for example_branch_labels to 2023-04-06T00:00:00+00:00, run_after=2023-04-07T00:00:00+00:00
[2023-04-07T13:17:51.263-0300] {processor.py:175} INFO - Processing /home/rai/.local/lib/python3.10/site-packages/airflow/example_dags/example_branch_labels.py took 0.226 seconds
[2023-04-07T13:18:51.569-0300] {processor.py:153} INFO - Started process (PID=4474) to work on /home/rai/.local/lib/python3.10/site-packages/airflow/example_dags/example_branch_labels.py
[2023-04-07T13:18:51.575-0300] {processor.py:743} INFO - Processing file /home/rai/.local/lib/python3.10/site-packages/airflow/example_dags/example_branch_labels.py for tasks to queue
[2023-04-07T13:18:51.577-0300] {logging_mixin.py:137} INFO - [2023-04-07T13:18:51.576-0300] {dagbag.py:532} INFO - Filling up the DagBag from /home/rai/.local/lib/python3.10/site-packages/airflow/example_dags/example_branch_labels.py
[2023-04-07T13:18:51.600-0300] {processor.py:753} INFO - DAG(s) dict_keys(['example_branch_labels']) retrieved from /home/rai/.local/lib/python3.10/site-packages/airflow/example_dags/example_branch_labels.py
[2023-04-07T13:18:51.626-0300] {logging_mixin.py:137} INFO - [2023-04-07T13:18:51.625-0300] {dag.py:2705} INFO - Sync 1 DAGs
[2023-04-07T13:18:51.649-0300] {logging_mixin.py:137} INFO - [2023-04-07T13:18:51.649-0300] {dag.py:3452} INFO - Setting next_dagrun for example_branch_labels to 2023-04-06T00:00:00+00:00, run_after=2023-04-07T00:00:00+00:00
[2023-04-07T13:18:51.673-0300] {processor.py:175} INFO - Processing /home/rai/.local/lib/python3.10/site-packages/airflow/example_dags/example_branch_labels.py took 0.108 seconds
[2023-04-07T13:19:44.135-0300] {processor.py:153} INFO - Started process (PID=4524) to work on /home/rai/.local/lib/python3.10/site-packages/airflow/example_dags/example_branch_labels.py
[2023-04-07T13:19:44.136-0300] {processor.py:743} INFO - Processing file /home/rai/.local/lib/python3.10/site-packages/airflow/example_dags/example_branch_labels.py for tasks to queue
[2023-04-07T13:19:44.136-0300] {logging_mixin.py:137} INFO - [2023-04-07T13:19:44.136-0300] {dagbag.py:532} INFO - Filling up the DagBag from /home/rai/.local/lib/python3.10/site-packages/airflow/example_dags/example_branch_labels.py
[2023-04-07T13:19:44.150-0300] {processor.py:753} INFO - DAG(s) dict_keys(['example_branch_labels']) retrieved from /home/rai/.local/lib/python3.10/site-packages/airflow/example_dags/example_branch_labels.py
[2023-04-07T13:19:44.170-0300] {logging_mixin.py:137} INFO - [2023-04-07T13:19:44.170-0300] {dag.py:2705} INFO - Sync 1 DAGs
[2023-04-07T13:19:44.190-0300] {logging_mixin.py:137} INFO - [2023-04-07T13:19:44.190-0300] {dag.py:3452} INFO - Setting next_dagrun for example_branch_labels to 2023-04-06T00:00:00+00:00, run_after=2023-04-07T00:00:00+00:00
[2023-04-07T13:19:44.214-0300] {processor.py:175} INFO - Processing /home/rai/.local/lib/python3.10/site-packages/airflow/example_dags/example_branch_labels.py took 0.081 seconds
[2023-04-07T13:20:29.744-0300] {processor.py:153} INFO - Started process (PID=4594) to work on /home/rai/.local/lib/python3.10/site-packages/airflow/example_dags/example_branch_labels.py
[2023-04-07T13:20:29.745-0300] {processor.py:743} INFO - Processing file /home/rai/.local/lib/python3.10/site-packages/airflow/example_dags/example_branch_labels.py for tasks to queue
[2023-04-07T13:20:29.745-0300] {logging_mixin.py:137} INFO - [2023-04-07T13:20:29.745-0300] {dagbag.py:532} INFO - Filling up the DagBag from /home/rai/.local/lib/python3.10/site-packages/airflow/example_dags/example_branch_labels.py
[2023-04-07T13:20:29.757-0300] {processor.py:753} INFO - DAG(s) dict_keys(['example_branch_labels']) retrieved from /home/rai/.local/lib/python3.10/site-packages/airflow/example_dags/example_branch_labels.py
[2023-04-07T13:20:29.774-0300] {logging_mixin.py:137} INFO - [2023-04-07T13:20:29.774-0300] {dag.py:2705} INFO - Sync 1 DAGs
[2023-04-07T13:20:29.795-0300] {logging_mixin.py:137} INFO - [2023-04-07T13:20:29.795-0300] {dag.py:3452} INFO - Setting next_dagrun for example_branch_labels to 2023-04-06T00:00:00+00:00, run_after=2023-04-07T00:00:00+00:00
[2023-04-07T13:20:29.895-0300] {processor.py:175} INFO - Processing /home/rai/.local/lib/python3.10/site-packages/airflow/example_dags/example_branch_labels.py took 0.153 seconds
[2023-04-07T13:21:20.036-0300] {processor.py:153} INFO - Started process (PID=4647) to work on /home/rai/.local/lib/python3.10/site-packages/airflow/example_dags/example_branch_labels.py
[2023-04-07T13:21:20.037-0300] {processor.py:743} INFO - Processing file /home/rai/.local/lib/python3.10/site-packages/airflow/example_dags/example_branch_labels.py for tasks to queue
[2023-04-07T13:21:20.039-0300] {logging_mixin.py:137} INFO - [2023-04-07T13:21:20.039-0300] {dagbag.py:532} INFO - Filling up the DagBag from /home/rai/.local/lib/python3.10/site-packages/airflow/example_dags/example_branch_labels.py
[2023-04-07T13:21:20.050-0300] {processor.py:753} INFO - DAG(s) dict_keys(['example_branch_labels']) retrieved from /home/rai/.local/lib/python3.10/site-packages/airflow/example_dags/example_branch_labels.py
[2023-04-07T13:21:20.066-0300] {logging_mixin.py:137} INFO - [2023-04-07T13:21:20.066-0300] {dag.py:2705} INFO - Sync 1 DAGs
[2023-04-07T13:21:20.164-0300] {logging_mixin.py:137} INFO - [2023-04-07T13:21:20.164-0300] {dag.py:3452} INFO - Setting next_dagrun for example_branch_labels to 2023-04-06T00:00:00+00:00, run_after=2023-04-07T00:00:00+00:00
[2023-04-07T13:21:20.184-0300] {processor.py:175} INFO - Processing /home/rai/.local/lib/python3.10/site-packages/airflow/example_dags/example_branch_labels.py took 0.151 seconds
[2023-04-07T13:22:16.161-0300] {processor.py:153} INFO - Started process (PID=4703) to work on /home/rai/.local/lib/python3.10/site-packages/airflow/example_dags/example_branch_labels.py
[2023-04-07T13:22:16.166-0300] {processor.py:743} INFO - Processing file /home/rai/.local/lib/python3.10/site-packages/airflow/example_dags/example_branch_labels.py for tasks to queue
[2023-04-07T13:22:16.167-0300] {logging_mixin.py:137} INFO - [2023-04-07T13:22:16.167-0300] {dagbag.py:532} INFO - Filling up the DagBag from /home/rai/.local/lib/python3.10/site-packages/airflow/example_dags/example_branch_labels.py
[2023-04-07T13:22:16.191-0300] {processor.py:753} INFO - DAG(s) dict_keys(['example_branch_labels']) retrieved from /home/rai/.local/lib/python3.10/site-packages/airflow/example_dags/example_branch_labels.py
[2023-04-07T13:22:16.333-0300] {logging_mixin.py:137} INFO - [2023-04-07T13:22:16.333-0300] {dag.py:2705} INFO - Sync 1 DAGs
[2023-04-07T13:22:16.359-0300] {logging_mixin.py:137} INFO - [2023-04-07T13:22:16.359-0300] {dag.py:3452} INFO - Setting next_dagrun for example_branch_labels to 2023-04-06T00:00:00+00:00, run_after=2023-04-07T00:00:00+00:00
[2023-04-07T13:22:16.383-0300] {processor.py:175} INFO - Processing /home/rai/.local/lib/python3.10/site-packages/airflow/example_dags/example_branch_labels.py took 0.227 seconds
[2023-04-07T13:23:04.430-0300] {processor.py:153} INFO - Started process (PID=4748) to work on /home/rai/.local/lib/python3.10/site-packages/airflow/example_dags/example_branch_labels.py
[2023-04-07T13:23:04.435-0300] {processor.py:743} INFO - Processing file /home/rai/.local/lib/python3.10/site-packages/airflow/example_dags/example_branch_labels.py for tasks to queue
[2023-04-07T13:23:04.436-0300] {logging_mixin.py:137} INFO - [2023-04-07T13:23:04.436-0300] {dagbag.py:532} INFO - Filling up the DagBag from /home/rai/.local/lib/python3.10/site-packages/airflow/example_dags/example_branch_labels.py
[2023-04-07T13:23:04.461-0300] {processor.py:753} INFO - DAG(s) dict_keys(['example_branch_labels']) retrieved from /home/rai/.local/lib/python3.10/site-packages/airflow/example_dags/example_branch_labels.py
[2023-04-07T13:23:04.572-0300] {logging_mixin.py:137} INFO - [2023-04-07T13:23:04.572-0300] {dag.py:2705} INFO - Sync 1 DAGs
[2023-04-07T13:23:04.591-0300] {logging_mixin.py:137} INFO - [2023-04-07T13:23:04.590-0300] {dag.py:3452} INFO - Setting next_dagrun for example_branch_labels to 2023-04-06T00:00:00+00:00, run_after=2023-04-07T00:00:00+00:00
[2023-04-07T13:23:04.624-0300] {processor.py:175} INFO - Processing /home/rai/.local/lib/python3.10/site-packages/airflow/example_dags/example_branch_labels.py took 0.199 seconds
