[2023-04-07T12:23:51.903-0300] {processor.py:153} INFO - Started process (PID=1429) to work on /home/rai/.local/lib/python3.10/site-packages/airflow/example_dags/example_sensor_decorator.py
[2023-04-07T12:23:51.904-0300] {processor.py:743} INFO - Processing file /home/rai/.local/lib/python3.10/site-packages/airflow/example_dags/example_sensor_decorator.py for tasks to queue
[2023-04-07T12:23:51.904-0300] {logging_mixin.py:137} INFO - [2023-04-07T12:23:51.904-0300] {dagbag.py:532} INFO - Filling up the DagBag from /home/rai/.local/lib/python3.10/site-packages/airflow/example_dags/example_sensor_decorator.py
[2023-04-07T12:23:51.922-0300] {processor.py:753} INFO - DAG(s) dict_keys(['example_sensor_decorator']) retrieved from /home/rai/.local/lib/python3.10/site-packages/airflow/example_dags/example_sensor_decorator.py
[2023-04-07T12:23:52.015-0300] {logging_mixin.py:137} INFO - [2023-04-07T12:23:52.015-0300] {manager.py:504} INFO - Created Permission View: can edit on DAG:example_sensor_decorator
[2023-04-07T12:23:52.026-0300] {logging_mixin.py:137} INFO - [2023-04-07T12:23:52.026-0300] {manager.py:504} INFO - Created Permission View: can delete on DAG:example_sensor_decorator
[2023-04-07T12:23:52.034-0300] {logging_mixin.py:137} INFO - [2023-04-07T12:23:52.033-0300] {manager.py:504} INFO - Created Permission View: can read on DAG:example_sensor_decorator
[2023-04-07T12:23:52.034-0300] {logging_mixin.py:137} INFO - [2023-04-07T12:23:52.034-0300] {dag.py:2705} INFO - Sync 1 DAGs
[2023-04-07T12:23:52.044-0300] {logging_mixin.py:137} INFO - [2023-04-07T12:23:52.044-0300] {dag.py:2726} INFO - Creating ORM DAG for example_sensor_decorator
[2023-04-07T12:23:52.052-0300] {logging_mixin.py:137} INFO - [2023-04-07T12:23:52.052-0300] {dag.py:3452} INFO - Setting next_dagrun for example_sensor_decorator to None, run_after=None
[2023-04-07T12:23:52.073-0300] {processor.py:175} INFO - Processing /home/rai/.local/lib/python3.10/site-packages/airflow/example_dags/example_sensor_decorator.py took 0.172 seconds
[2023-04-07T12:24:38.144-0300] {processor.py:153} INFO - Started process (PID=1477) to work on /home/rai/.local/lib/python3.10/site-packages/airflow/example_dags/example_sensor_decorator.py
[2023-04-07T12:24:38.145-0300] {processor.py:743} INFO - Processing file /home/rai/.local/lib/python3.10/site-packages/airflow/example_dags/example_sensor_decorator.py for tasks to queue
[2023-04-07T12:24:38.146-0300] {logging_mixin.py:137} INFO - [2023-04-07T12:24:38.146-0300] {dagbag.py:532} INFO - Filling up the DagBag from /home/rai/.local/lib/python3.10/site-packages/airflow/example_dags/example_sensor_decorator.py
[2023-04-07T12:24:38.164-0300] {processor.py:753} INFO - DAG(s) dict_keys(['example_sensor_decorator']) retrieved from /home/rai/.local/lib/python3.10/site-packages/airflow/example_dags/example_sensor_decorator.py
[2023-04-07T12:24:38.180-0300] {logging_mixin.py:137} INFO - [2023-04-07T12:24:38.179-0300] {dag.py:2705} INFO - Sync 1 DAGs
[2023-04-07T12:24:38.197-0300] {logging_mixin.py:137} INFO - [2023-04-07T12:24:38.196-0300] {dag.py:3452} INFO - Setting next_dagrun for example_sensor_decorator to None, run_after=None
[2023-04-07T12:24:38.217-0300] {processor.py:175} INFO - Processing /home/rai/.local/lib/python3.10/site-packages/airflow/example_dags/example_sensor_decorator.py took 0.076 seconds
[2023-04-07T12:25:24.126-0300] {processor.py:153} INFO - Started process (PID=1524) to work on /home/rai/.local/lib/python3.10/site-packages/airflow/example_dags/example_sensor_decorator.py
[2023-04-07T12:25:24.131-0300] {processor.py:743} INFO - Processing file /home/rai/.local/lib/python3.10/site-packages/airflow/example_dags/example_sensor_decorator.py for tasks to queue
[2023-04-07T12:25:24.131-0300] {logging_mixin.py:137} INFO - [2023-04-07T12:25:24.131-0300] {dagbag.py:532} INFO - Filling up the DagBag from /home/rai/.local/lib/python3.10/site-packages/airflow/example_dags/example_sensor_decorator.py
[2023-04-07T12:25:24.150-0300] {processor.py:753} INFO - DAG(s) dict_keys(['example_sensor_decorator']) retrieved from /home/rai/.local/lib/python3.10/site-packages/airflow/example_dags/example_sensor_decorator.py
[2023-04-07T12:25:24.166-0300] {logging_mixin.py:137} INFO - [2023-04-07T12:25:24.165-0300] {dag.py:2705} INFO - Sync 1 DAGs
[2023-04-07T12:25:24.184-0300] {logging_mixin.py:137} INFO - [2023-04-07T12:25:24.184-0300] {dag.py:3452} INFO - Setting next_dagrun for example_sensor_decorator to None, run_after=None
[2023-04-07T12:25:24.205-0300] {processor.py:175} INFO - Processing /home/rai/.local/lib/python3.10/site-packages/airflow/example_dags/example_sensor_decorator.py took 0.081 seconds
[2023-04-07T12:26:12.702-0300] {processor.py:153} INFO - Started process (PID=1573) to work on /home/rai/.local/lib/python3.10/site-packages/airflow/example_dags/example_sensor_decorator.py
[2023-04-07T12:26:12.707-0300] {processor.py:743} INFO - Processing file /home/rai/.local/lib/python3.10/site-packages/airflow/example_dags/example_sensor_decorator.py for tasks to queue
[2023-04-07T12:26:12.707-0300] {logging_mixin.py:137} INFO - [2023-04-07T12:26:12.707-0300] {dagbag.py:532} INFO - Filling up the DagBag from /home/rai/.local/lib/python3.10/site-packages/airflow/example_dags/example_sensor_decorator.py
[2023-04-07T12:26:12.726-0300] {processor.py:753} INFO - DAG(s) dict_keys(['example_sensor_decorator']) retrieved from /home/rai/.local/lib/python3.10/site-packages/airflow/example_dags/example_sensor_decorator.py
[2023-04-07T12:26:12.740-0300] {logging_mixin.py:137} INFO - [2023-04-07T12:26:12.740-0300] {dag.py:2705} INFO - Sync 1 DAGs
[2023-04-07T12:26:12.757-0300] {logging_mixin.py:137} INFO - [2023-04-07T12:26:12.757-0300] {dag.py:3452} INFO - Setting next_dagrun for example_sensor_decorator to None, run_after=None
[2023-04-07T12:26:12.777-0300] {processor.py:175} INFO - Processing /home/rai/.local/lib/python3.10/site-packages/airflow/example_dags/example_sensor_decorator.py took 0.077 seconds
[2023-04-07T12:27:01.030-0300] {processor.py:153} INFO - Started process (PID=1622) to work on /home/rai/.local/lib/python3.10/site-packages/airflow/example_dags/example_sensor_decorator.py
[2023-04-07T12:27:01.034-0300] {processor.py:743} INFO - Processing file /home/rai/.local/lib/python3.10/site-packages/airflow/example_dags/example_sensor_decorator.py for tasks to queue
[2023-04-07T12:27:01.035-0300] {logging_mixin.py:137} INFO - [2023-04-07T12:27:01.035-0300] {dagbag.py:532} INFO - Filling up the DagBag from /home/rai/.local/lib/python3.10/site-packages/airflow/example_dags/example_sensor_decorator.py
[2023-04-07T12:27:01.052-0300] {processor.py:753} INFO - DAG(s) dict_keys(['example_sensor_decorator']) retrieved from /home/rai/.local/lib/python3.10/site-packages/airflow/example_dags/example_sensor_decorator.py
[2023-04-07T12:27:01.067-0300] {logging_mixin.py:137} INFO - [2023-04-07T12:27:01.067-0300] {dag.py:2705} INFO - Sync 1 DAGs
[2023-04-07T12:27:01.084-0300] {logging_mixin.py:137} INFO - [2023-04-07T12:27:01.084-0300] {dag.py:3452} INFO - Setting next_dagrun for example_sensor_decorator to None, run_after=None
[2023-04-07T12:27:01.106-0300] {processor.py:175} INFO - Processing /home/rai/.local/lib/python3.10/site-packages/airflow/example_dags/example_sensor_decorator.py took 0.078 seconds
[2023-04-07T12:27:46.602-0300] {processor.py:153} INFO - Started process (PID=1669) to work on /home/rai/.local/lib/python3.10/site-packages/airflow/example_dags/example_sensor_decorator.py
[2023-04-07T12:27:46.603-0300] {processor.py:743} INFO - Processing file /home/rai/.local/lib/python3.10/site-packages/airflow/example_dags/example_sensor_decorator.py for tasks to queue
[2023-04-07T12:27:46.604-0300] {logging_mixin.py:137} INFO - [2023-04-07T12:27:46.604-0300] {dagbag.py:532} INFO - Filling up the DagBag from /home/rai/.local/lib/python3.10/site-packages/airflow/example_dags/example_sensor_decorator.py
[2023-04-07T12:27:46.621-0300] {processor.py:753} INFO - DAG(s) dict_keys(['example_sensor_decorator']) retrieved from /home/rai/.local/lib/python3.10/site-packages/airflow/example_dags/example_sensor_decorator.py
[2023-04-07T12:27:46.635-0300] {logging_mixin.py:137} INFO - [2023-04-07T12:27:46.635-0300] {dag.py:2705} INFO - Sync 1 DAGs
[2023-04-07T12:27:46.653-0300] {logging_mixin.py:137} INFO - [2023-04-07T12:27:46.653-0300] {dag.py:3452} INFO - Setting next_dagrun for example_sensor_decorator to None, run_after=None
[2023-04-07T12:27:46.673-0300] {processor.py:175} INFO - Processing /home/rai/.local/lib/python3.10/site-packages/airflow/example_dags/example_sensor_decorator.py took 0.073 seconds
[2023-04-07T12:28:25.239-0300] {processor.py:153} INFO - Started process (PID=1711) to work on /home/rai/.local/lib/python3.10/site-packages/airflow/example_dags/example_sensor_decorator.py
[2023-04-07T12:28:25.240-0300] {processor.py:743} INFO - Processing file /home/rai/.local/lib/python3.10/site-packages/airflow/example_dags/example_sensor_decorator.py for tasks to queue
[2023-04-07T12:28:25.241-0300] {logging_mixin.py:137} INFO - [2023-04-07T12:28:25.241-0300] {dagbag.py:532} INFO - Filling up the DagBag from /home/rai/.local/lib/python3.10/site-packages/airflow/example_dags/example_sensor_decorator.py
[2023-04-07T12:28:25.258-0300] {processor.py:753} INFO - DAG(s) dict_keys(['example_sensor_decorator']) retrieved from /home/rai/.local/lib/python3.10/site-packages/airflow/example_dags/example_sensor_decorator.py
[2023-04-07T12:28:25.273-0300] {logging_mixin.py:137} INFO - [2023-04-07T12:28:25.273-0300] {dag.py:2705} INFO - Sync 1 DAGs
[2023-04-07T12:28:25.290-0300] {logging_mixin.py:137} INFO - [2023-04-07T12:28:25.290-0300] {dag.py:3452} INFO - Setting next_dagrun for example_sensor_decorator to None, run_after=None
[2023-04-07T12:28:25.310-0300] {processor.py:175} INFO - Processing /home/rai/.local/lib/python3.10/site-packages/airflow/example_dags/example_sensor_decorator.py took 0.073 seconds
[2023-04-07T12:29:16.621-0300] {processor.py:153} INFO - Started process (PID=1760) to work on /home/rai/.local/lib/python3.10/site-packages/airflow/example_dags/example_sensor_decorator.py
[2023-04-07T12:29:16.627-0300] {processor.py:743} INFO - Processing file /home/rai/.local/lib/python3.10/site-packages/airflow/example_dags/example_sensor_decorator.py for tasks to queue
[2023-04-07T12:29:16.628-0300] {logging_mixin.py:137} INFO - [2023-04-07T12:29:16.628-0300] {dagbag.py:532} INFO - Filling up the DagBag from /home/rai/.local/lib/python3.10/site-packages/airflow/example_dags/example_sensor_decorator.py
[2023-04-07T12:29:16.668-0300] {processor.py:753} INFO - DAG(s) dict_keys(['example_sensor_decorator']) retrieved from /home/rai/.local/lib/python3.10/site-packages/airflow/example_dags/example_sensor_decorator.py
[2023-04-07T12:29:16.691-0300] {logging_mixin.py:137} INFO - [2023-04-07T12:29:16.690-0300] {dag.py:2705} INFO - Sync 1 DAGs
[2023-04-07T12:29:16.713-0300] {logging_mixin.py:137} INFO - [2023-04-07T12:29:16.712-0300] {dag.py:3452} INFO - Setting next_dagrun for example_sensor_decorator to None, run_after=None
[2023-04-07T12:29:16.747-0300] {processor.py:175} INFO - Processing /home/rai/.local/lib/python3.10/site-packages/airflow/example_dags/example_sensor_decorator.py took 0.130 seconds
[2023-04-07T12:30:07.634-0300] {processor.py:153} INFO - Started process (PID=1812) to work on /home/rai/.local/lib/python3.10/site-packages/airflow/example_dags/example_sensor_decorator.py
[2023-04-07T12:30:07.636-0300] {processor.py:743} INFO - Processing file /home/rai/.local/lib/python3.10/site-packages/airflow/example_dags/example_sensor_decorator.py for tasks to queue
[2023-04-07T12:30:07.637-0300] {logging_mixin.py:137} INFO - [2023-04-07T12:30:07.637-0300] {dagbag.py:532} INFO - Filling up the DagBag from /home/rai/.local/lib/python3.10/site-packages/airflow/example_dags/example_sensor_decorator.py
[2023-04-07T12:30:07.670-0300] {processor.py:753} INFO - DAG(s) dict_keys(['example_sensor_decorator']) retrieved from /home/rai/.local/lib/python3.10/site-packages/airflow/example_dags/example_sensor_decorator.py
[2023-04-07T12:30:07.697-0300] {logging_mixin.py:137} INFO - [2023-04-07T12:30:07.697-0300] {dag.py:2705} INFO - Sync 1 DAGs
[2023-04-07T12:30:07.725-0300] {logging_mixin.py:137} INFO - [2023-04-07T12:30:07.725-0300] {dag.py:3452} INFO - Setting next_dagrun for example_sensor_decorator to None, run_after=None
[2023-04-07T12:30:07.759-0300] {processor.py:175} INFO - Processing /home/rai/.local/lib/python3.10/site-packages/airflow/example_dags/example_sensor_decorator.py took 0.130 seconds
[2023-04-07T12:31:00.992-0300] {processor.py:153} INFO - Started process (PID=1862) to work on /home/rai/.local/lib/python3.10/site-packages/airflow/example_dags/example_sensor_decorator.py
[2023-04-07T12:31:00.994-0300] {processor.py:743} INFO - Processing file /home/rai/.local/lib/python3.10/site-packages/airflow/example_dags/example_sensor_decorator.py for tasks to queue
[2023-04-07T12:31:00.995-0300] {logging_mixin.py:137} INFO - [2023-04-07T12:31:00.995-0300] {dagbag.py:532} INFO - Filling up the DagBag from /home/rai/.local/lib/python3.10/site-packages/airflow/example_dags/example_sensor_decorator.py
[2023-04-07T12:31:01.032-0300] {processor.py:753} INFO - DAG(s) dict_keys(['example_sensor_decorator']) retrieved from /home/rai/.local/lib/python3.10/site-packages/airflow/example_dags/example_sensor_decorator.py
[2023-04-07T12:31:01.053-0300] {logging_mixin.py:137} INFO - [2023-04-07T12:31:01.053-0300] {dag.py:2705} INFO - Sync 1 DAGs
[2023-04-07T12:31:01.085-0300] {logging_mixin.py:137} INFO - [2023-04-07T12:31:01.085-0300] {dag.py:3452} INFO - Setting next_dagrun for example_sensor_decorator to None, run_after=None
[2023-04-07T12:31:01.119-0300] {processor.py:175} INFO - Processing /home/rai/.local/lib/python3.10/site-packages/airflow/example_dags/example_sensor_decorator.py took 0.131 seconds
[2023-04-07T12:31:46.021-0300] {processor.py:153} INFO - Started process (PID=1905) to work on /home/rai/.local/lib/python3.10/site-packages/airflow/example_dags/example_sensor_decorator.py
[2023-04-07T12:31:46.022-0300] {processor.py:743} INFO - Processing file /home/rai/.local/lib/python3.10/site-packages/airflow/example_dags/example_sensor_decorator.py for tasks to queue
[2023-04-07T12:31:46.023-0300] {logging_mixin.py:137} INFO - [2023-04-07T12:31:46.023-0300] {dagbag.py:532} INFO - Filling up the DagBag from /home/rai/.local/lib/python3.10/site-packages/airflow/example_dags/example_sensor_decorator.py
[2023-04-07T12:31:46.040-0300] {processor.py:753} INFO - DAG(s) dict_keys(['example_sensor_decorator']) retrieved from /home/rai/.local/lib/python3.10/site-packages/airflow/example_dags/example_sensor_decorator.py
[2023-04-07T12:31:46.054-0300] {logging_mixin.py:137} INFO - [2023-04-07T12:31:46.054-0300] {dag.py:2705} INFO - Sync 1 DAGs
[2023-04-07T12:31:46.072-0300] {logging_mixin.py:137} INFO - [2023-04-07T12:31:46.072-0300] {dag.py:3452} INFO - Setting next_dagrun for example_sensor_decorator to None, run_after=None
[2023-04-07T12:31:46.091-0300] {processor.py:175} INFO - Processing /home/rai/.local/lib/python3.10/site-packages/airflow/example_dags/example_sensor_decorator.py took 0.072 seconds
[2023-04-07T12:32:34.669-0300] {processor.py:153} INFO - Started process (PID=1954) to work on /home/rai/.local/lib/python3.10/site-packages/airflow/example_dags/example_sensor_decorator.py
[2023-04-07T12:32:34.674-0300] {processor.py:743} INFO - Processing file /home/rai/.local/lib/python3.10/site-packages/airflow/example_dags/example_sensor_decorator.py for tasks to queue
[2023-04-07T12:32:34.676-0300] {logging_mixin.py:137} INFO - [2023-04-07T12:32:34.676-0300] {dagbag.py:532} INFO - Filling up the DagBag from /home/rai/.local/lib/python3.10/site-packages/airflow/example_dags/example_sensor_decorator.py
[2023-04-07T12:32:34.710-0300] {processor.py:753} INFO - DAG(s) dict_keys(['example_sensor_decorator']) retrieved from /home/rai/.local/lib/python3.10/site-packages/airflow/example_dags/example_sensor_decorator.py
[2023-04-07T12:32:34.732-0300] {logging_mixin.py:137} INFO - [2023-04-07T12:32:34.732-0300] {dag.py:2705} INFO - Sync 1 DAGs
[2023-04-07T12:32:34.773-0300] {logging_mixin.py:137} INFO - [2023-04-07T12:32:34.772-0300] {dag.py:3452} INFO - Setting next_dagrun for example_sensor_decorator to None, run_after=None
[2023-04-07T12:32:34.803-0300] {processor.py:175} INFO - Processing /home/rai/.local/lib/python3.10/site-packages/airflow/example_dags/example_sensor_decorator.py took 0.138 seconds
[2023-04-07T12:33:28.087-0300] {processor.py:153} INFO - Started process (PID=2006) to work on /home/rai/.local/lib/python3.10/site-packages/airflow/example_dags/example_sensor_decorator.py
[2023-04-07T12:33:28.089-0300] {processor.py:743} INFO - Processing file /home/rai/.local/lib/python3.10/site-packages/airflow/example_dags/example_sensor_decorator.py for tasks to queue
[2023-04-07T12:33:28.090-0300] {logging_mixin.py:137} INFO - [2023-04-07T12:33:28.090-0300] {dagbag.py:532} INFO - Filling up the DagBag from /home/rai/.local/lib/python3.10/site-packages/airflow/example_dags/example_sensor_decorator.py
[2023-04-07T12:33:28.130-0300] {processor.py:753} INFO - DAG(s) dict_keys(['example_sensor_decorator']) retrieved from /home/rai/.local/lib/python3.10/site-packages/airflow/example_dags/example_sensor_decorator.py
[2023-04-07T12:33:28.163-0300] {logging_mixin.py:137} INFO - [2023-04-07T12:33:28.163-0300] {dag.py:2705} INFO - Sync 1 DAGs
[2023-04-07T12:33:28.190-0300] {logging_mixin.py:137} INFO - [2023-04-07T12:33:28.190-0300] {dag.py:3452} INFO - Setting next_dagrun for example_sensor_decorator to None, run_after=None
[2023-04-07T12:33:28.224-0300] {processor.py:175} INFO - Processing /home/rai/.local/lib/python3.10/site-packages/airflow/example_dags/example_sensor_decorator.py took 0.143 seconds
[2023-04-07T12:34:11.658-0300] {processor.py:153} INFO - Started process (PID=2048) to work on /home/rai/.local/lib/python3.10/site-packages/airflow/example_dags/example_sensor_decorator.py
[2023-04-07T12:34:11.659-0300] {processor.py:743} INFO - Processing file /home/rai/.local/lib/python3.10/site-packages/airflow/example_dags/example_sensor_decorator.py for tasks to queue
[2023-04-07T12:34:11.660-0300] {logging_mixin.py:137} INFO - [2023-04-07T12:34:11.660-0300] {dagbag.py:532} INFO - Filling up the DagBag from /home/rai/.local/lib/python3.10/site-packages/airflow/example_dags/example_sensor_decorator.py
[2023-04-07T12:34:11.678-0300] {processor.py:753} INFO - DAG(s) dict_keys(['example_sensor_decorator']) retrieved from /home/rai/.local/lib/python3.10/site-packages/airflow/example_dags/example_sensor_decorator.py
[2023-04-07T12:34:11.692-0300] {logging_mixin.py:137} INFO - [2023-04-07T12:34:11.692-0300] {dag.py:2705} INFO - Sync 1 DAGs
[2023-04-07T12:34:11.708-0300] {logging_mixin.py:137} INFO - [2023-04-07T12:34:11.708-0300] {dag.py:3452} INFO - Setting next_dagrun for example_sensor_decorator to None, run_after=None
[2023-04-07T12:34:11.728-0300] {processor.py:175} INFO - Processing /home/rai/.local/lib/python3.10/site-packages/airflow/example_dags/example_sensor_decorator.py took 0.072 seconds
[2023-04-07T12:35:02.156-0300] {processor.py:153} INFO - Started process (PID=2098) to work on /home/rai/.local/lib/python3.10/site-packages/airflow/example_dags/example_sensor_decorator.py
[2023-04-07T12:35:02.158-0300] {processor.py:743} INFO - Processing file /home/rai/.local/lib/python3.10/site-packages/airflow/example_dags/example_sensor_decorator.py for tasks to queue
[2023-04-07T12:35:02.158-0300] {logging_mixin.py:137} INFO - [2023-04-07T12:35:02.158-0300] {dagbag.py:532} INFO - Filling up the DagBag from /home/rai/.local/lib/python3.10/site-packages/airflow/example_dags/example_sensor_decorator.py
[2023-04-07T12:35:02.176-0300] {processor.py:753} INFO - DAG(s) dict_keys(['example_sensor_decorator']) retrieved from /home/rai/.local/lib/python3.10/site-packages/airflow/example_dags/example_sensor_decorator.py
[2023-04-07T12:35:02.190-0300] {logging_mixin.py:137} INFO - [2023-04-07T12:35:02.190-0300] {dag.py:2705} INFO - Sync 1 DAGs
[2023-04-07T12:35:02.207-0300] {logging_mixin.py:137} INFO - [2023-04-07T12:35:02.207-0300] {dag.py:3452} INFO - Setting next_dagrun for example_sensor_decorator to None, run_after=None
[2023-04-07T12:35:02.229-0300] {processor.py:175} INFO - Processing /home/rai/.local/lib/python3.10/site-packages/airflow/example_dags/example_sensor_decorator.py took 0.075 seconds
[2023-04-07T12:35:51.657-0300] {processor.py:153} INFO - Started process (PID=2148) to work on /home/rai/.local/lib/python3.10/site-packages/airflow/example_dags/example_sensor_decorator.py
[2023-04-07T12:35:51.658-0300] {processor.py:743} INFO - Processing file /home/rai/.local/lib/python3.10/site-packages/airflow/example_dags/example_sensor_decorator.py for tasks to queue
[2023-04-07T12:35:51.659-0300] {logging_mixin.py:137} INFO - [2023-04-07T12:35:51.659-0300] {dagbag.py:532} INFO - Filling up the DagBag from /home/rai/.local/lib/python3.10/site-packages/airflow/example_dags/example_sensor_decorator.py
[2023-04-07T12:35:51.679-0300] {processor.py:753} INFO - DAG(s) dict_keys(['example_sensor_decorator']) retrieved from /home/rai/.local/lib/python3.10/site-packages/airflow/example_dags/example_sensor_decorator.py
[2023-04-07T12:35:51.696-0300] {logging_mixin.py:137} INFO - [2023-04-07T12:35:51.696-0300] {dag.py:2705} INFO - Sync 1 DAGs
[2023-04-07T12:35:51.716-0300] {logging_mixin.py:137} INFO - [2023-04-07T12:35:51.716-0300] {dag.py:3452} INFO - Setting next_dagrun for example_sensor_decorator to None, run_after=None
[2023-04-07T12:35:51.739-0300] {processor.py:175} INFO - Processing /home/rai/.local/lib/python3.10/site-packages/airflow/example_dags/example_sensor_decorator.py took 0.084 seconds
[2023-04-07T12:36:40.714-0300] {processor.py:153} INFO - Started process (PID=2198) to work on /home/rai/.local/lib/python3.10/site-packages/airflow/example_dags/example_sensor_decorator.py
[2023-04-07T12:36:40.719-0300] {processor.py:743} INFO - Processing file /home/rai/.local/lib/python3.10/site-packages/airflow/example_dags/example_sensor_decorator.py for tasks to queue
[2023-04-07T12:36:40.719-0300] {logging_mixin.py:137} INFO - [2023-04-07T12:36:40.719-0300] {dagbag.py:532} INFO - Filling up the DagBag from /home/rai/.local/lib/python3.10/site-packages/airflow/example_dags/example_sensor_decorator.py
[2023-04-07T12:36:40.737-0300] {processor.py:753} INFO - DAG(s) dict_keys(['example_sensor_decorator']) retrieved from /home/rai/.local/lib/python3.10/site-packages/airflow/example_dags/example_sensor_decorator.py
[2023-04-07T12:36:40.752-0300] {logging_mixin.py:137} INFO - [2023-04-07T12:36:40.752-0300] {dag.py:2705} INFO - Sync 1 DAGs
[2023-04-07T12:36:40.770-0300] {logging_mixin.py:137} INFO - [2023-04-07T12:36:40.770-0300] {dag.py:3452} INFO - Setting next_dagrun for example_sensor_decorator to None, run_after=None
[2023-04-07T12:36:40.791-0300] {processor.py:175} INFO - Processing /home/rai/.local/lib/python3.10/site-packages/airflow/example_dags/example_sensor_decorator.py took 0.079 seconds
[2023-04-07T12:37:20.811-0300] {processor.py:153} INFO - Started process (PID=2241) to work on /home/rai/.local/lib/python3.10/site-packages/airflow/example_dags/example_sensor_decorator.py
[2023-04-07T12:37:20.816-0300] {processor.py:743} INFO - Processing file /home/rai/.local/lib/python3.10/site-packages/airflow/example_dags/example_sensor_decorator.py for tasks to queue
[2023-04-07T12:37:20.817-0300] {logging_mixin.py:137} INFO - [2023-04-07T12:37:20.817-0300] {dagbag.py:532} INFO - Filling up the DagBag from /home/rai/.local/lib/python3.10/site-packages/airflow/example_dags/example_sensor_decorator.py
[2023-04-07T12:37:20.836-0300] {processor.py:753} INFO - DAG(s) dict_keys(['example_sensor_decorator']) retrieved from /home/rai/.local/lib/python3.10/site-packages/airflow/example_dags/example_sensor_decorator.py
[2023-04-07T12:37:20.852-0300] {logging_mixin.py:137} INFO - [2023-04-07T12:37:20.852-0300] {dag.py:2705} INFO - Sync 1 DAGs
[2023-04-07T12:37:20.870-0300] {logging_mixin.py:137} INFO - [2023-04-07T12:37:20.869-0300] {dag.py:3452} INFO - Setting next_dagrun for example_sensor_decorator to None, run_after=None
[2023-04-07T12:37:20.890-0300] {processor.py:175} INFO - Processing /home/rai/.local/lib/python3.10/site-packages/airflow/example_dags/example_sensor_decorator.py took 0.081 seconds
[2023-04-07T12:38:06.420-0300] {processor.py:153} INFO - Started process (PID=2287) to work on /home/rai/.local/lib/python3.10/site-packages/airflow/example_dags/example_sensor_decorator.py
[2023-04-07T12:38:06.422-0300] {processor.py:743} INFO - Processing file /home/rai/.local/lib/python3.10/site-packages/airflow/example_dags/example_sensor_decorator.py for tasks to queue
[2023-04-07T12:38:06.422-0300] {logging_mixin.py:137} INFO - [2023-04-07T12:38:06.422-0300] {dagbag.py:532} INFO - Filling up the DagBag from /home/rai/.local/lib/python3.10/site-packages/airflow/example_dags/example_sensor_decorator.py
[2023-04-07T12:38:06.448-0300] {processor.py:753} INFO - DAG(s) dict_keys(['example_sensor_decorator']) retrieved from /home/rai/.local/lib/python3.10/site-packages/airflow/example_dags/example_sensor_decorator.py
[2023-04-07T12:38:06.468-0300] {logging_mixin.py:137} INFO - [2023-04-07T12:38:06.468-0300] {dag.py:2705} INFO - Sync 1 DAGs
[2023-04-07T12:38:06.490-0300] {logging_mixin.py:137} INFO - [2023-04-07T12:38:06.490-0300] {dag.py:3452} INFO - Setting next_dagrun for example_sensor_decorator to None, run_after=None
[2023-04-07T12:38:06.511-0300] {processor.py:175} INFO - Processing /home/rai/.local/lib/python3.10/site-packages/airflow/example_dags/example_sensor_decorator.py took 0.093 seconds
[2023-04-07T12:38:50.276-0300] {processor.py:153} INFO - Started process (PID=2333) to work on /home/rai/.local/lib/python3.10/site-packages/airflow/example_dags/example_sensor_decorator.py
[2023-04-07T12:38:50.278-0300] {processor.py:743} INFO - Processing file /home/rai/.local/lib/python3.10/site-packages/airflow/example_dags/example_sensor_decorator.py for tasks to queue
[2023-04-07T12:38:50.278-0300] {logging_mixin.py:137} INFO - [2023-04-07T12:38:50.278-0300] {dagbag.py:532} INFO - Filling up the DagBag from /home/rai/.local/lib/python3.10/site-packages/airflow/example_dags/example_sensor_decorator.py
[2023-04-07T12:38:50.296-0300] {processor.py:753} INFO - DAG(s) dict_keys(['example_sensor_decorator']) retrieved from /home/rai/.local/lib/python3.10/site-packages/airflow/example_dags/example_sensor_decorator.py
[2023-04-07T12:38:50.310-0300] {logging_mixin.py:137} INFO - [2023-04-07T12:38:50.310-0300] {dag.py:2705} INFO - Sync 1 DAGs
[2023-04-07T12:38:50.327-0300] {logging_mixin.py:137} INFO - [2023-04-07T12:38:50.327-0300] {dag.py:3452} INFO - Setting next_dagrun for example_sensor_decorator to None, run_after=None
[2023-04-07T12:38:50.346-0300] {processor.py:175} INFO - Processing /home/rai/.local/lib/python3.10/site-packages/airflow/example_dags/example_sensor_decorator.py took 0.072 seconds
[2023-04-07T12:39:38.645-0300] {processor.py:153} INFO - Started process (PID=2381) to work on /home/rai/.local/lib/python3.10/site-packages/airflow/example_dags/example_sensor_decorator.py
[2023-04-07T12:39:38.650-0300] {processor.py:743} INFO - Processing file /home/rai/.local/lib/python3.10/site-packages/airflow/example_dags/example_sensor_decorator.py for tasks to queue
[2023-04-07T12:39:38.651-0300] {logging_mixin.py:137} INFO - [2023-04-07T12:39:38.651-0300] {dagbag.py:532} INFO - Filling up the DagBag from /home/rai/.local/lib/python3.10/site-packages/airflow/example_dags/example_sensor_decorator.py
[2023-04-07T12:39:38.669-0300] {processor.py:753} INFO - DAG(s) dict_keys(['example_sensor_decorator']) retrieved from /home/rai/.local/lib/python3.10/site-packages/airflow/example_dags/example_sensor_decorator.py
[2023-04-07T12:39:38.685-0300] {logging_mixin.py:137} INFO - [2023-04-07T12:39:38.685-0300] {dag.py:2705} INFO - Sync 1 DAGs
[2023-04-07T12:39:38.701-0300] {logging_mixin.py:137} INFO - [2023-04-07T12:39:38.701-0300] {dag.py:3452} INFO - Setting next_dagrun for example_sensor_decorator to None, run_after=None
[2023-04-07T12:39:38.803-0300] {processor.py:175} INFO - Processing /home/rai/.local/lib/python3.10/site-packages/airflow/example_dags/example_sensor_decorator.py took 0.160 seconds
[2023-04-07T12:40:30.659-0300] {processor.py:153} INFO - Started process (PID=2432) to work on /home/rai/.local/lib/python3.10/site-packages/airflow/example_dags/example_sensor_decorator.py
[2023-04-07T12:40:30.664-0300] {processor.py:743} INFO - Processing file /home/rai/.local/lib/python3.10/site-packages/airflow/example_dags/example_sensor_decorator.py for tasks to queue
[2023-04-07T12:40:30.665-0300] {logging_mixin.py:137} INFO - [2023-04-07T12:40:30.664-0300] {dagbag.py:532} INFO - Filling up the DagBag from /home/rai/.local/lib/python3.10/site-packages/airflow/example_dags/example_sensor_decorator.py
[2023-04-07T12:40:30.683-0300] {processor.py:753} INFO - DAG(s) dict_keys(['example_sensor_decorator']) retrieved from /home/rai/.local/lib/python3.10/site-packages/airflow/example_dags/example_sensor_decorator.py
[2023-04-07T12:40:30.697-0300] {logging_mixin.py:137} INFO - [2023-04-07T12:40:30.697-0300] {dag.py:2705} INFO - Sync 1 DAGs
[2023-04-07T12:40:30.797-0300] {logging_mixin.py:137} INFO - [2023-04-07T12:40:30.797-0300] {dag.py:3452} INFO - Setting next_dagrun for example_sensor_decorator to None, run_after=None
[2023-04-07T12:40:30.817-0300] {processor.py:175} INFO - Processing /home/rai/.local/lib/python3.10/site-packages/airflow/example_dags/example_sensor_decorator.py took 0.161 seconds
[2023-04-07T12:41:25.187-0300] {processor.py:153} INFO - Started process (PID=2485) to work on /home/rai/.local/lib/python3.10/site-packages/airflow/example_dags/example_sensor_decorator.py
[2023-04-07T12:41:25.192-0300] {processor.py:743} INFO - Processing file /home/rai/.local/lib/python3.10/site-packages/airflow/example_dags/example_sensor_decorator.py for tasks to queue
[2023-04-07T12:41:25.193-0300] {logging_mixin.py:137} INFO - [2023-04-07T12:41:25.193-0300] {dagbag.py:532} INFO - Filling up the DagBag from /home/rai/.local/lib/python3.10/site-packages/airflow/example_dags/example_sensor_decorator.py
[2023-04-07T12:41:25.210-0300] {processor.py:753} INFO - DAG(s) dict_keys(['example_sensor_decorator']) retrieved from /home/rai/.local/lib/python3.10/site-packages/airflow/example_dags/example_sensor_decorator.py
[2023-04-07T12:41:25.225-0300] {logging_mixin.py:137} INFO - [2023-04-07T12:41:25.225-0300] {dag.py:2705} INFO - Sync 1 DAGs
[2023-04-07T12:41:25.321-0300] {logging_mixin.py:137} INFO - [2023-04-07T12:41:25.321-0300] {dag.py:3452} INFO - Setting next_dagrun for example_sensor_decorator to None, run_after=None
[2023-04-07T12:41:25.344-0300] {processor.py:175} INFO - Processing /home/rai/.local/lib/python3.10/site-packages/airflow/example_dags/example_sensor_decorator.py took 0.159 seconds
[2023-04-07T12:42:21.295-0300] {processor.py:153} INFO - Started process (PID=2539) to work on /home/rai/.local/lib/python3.10/site-packages/airflow/example_dags/example_sensor_decorator.py
[2023-04-07T12:42:21.296-0300] {processor.py:743} INFO - Processing file /home/rai/.local/lib/python3.10/site-packages/airflow/example_dags/example_sensor_decorator.py for tasks to queue
[2023-04-07T12:42:21.297-0300] {logging_mixin.py:137} INFO - [2023-04-07T12:42:21.297-0300] {dagbag.py:532} INFO - Filling up the DagBag from /home/rai/.local/lib/python3.10/site-packages/airflow/example_dags/example_sensor_decorator.py
[2023-04-07T12:42:21.314-0300] {processor.py:753} INFO - DAG(s) dict_keys(['example_sensor_decorator']) retrieved from /home/rai/.local/lib/python3.10/site-packages/airflow/example_dags/example_sensor_decorator.py
[2023-04-07T12:42:21.329-0300] {logging_mixin.py:137} INFO - [2023-04-07T12:42:21.328-0300] {dag.py:2705} INFO - Sync 1 DAGs
[2023-04-07T12:42:21.345-0300] {logging_mixin.py:137} INFO - [2023-04-07T12:42:21.345-0300] {dag.py:3452} INFO - Setting next_dagrun for example_sensor_decorator to None, run_after=None
[2023-04-07T12:42:21.365-0300] {processor.py:175} INFO - Processing /home/rai/.local/lib/python3.10/site-packages/airflow/example_dags/example_sensor_decorator.py took 0.073 seconds
[2023-04-07T12:43:10.842-0300] {processor.py:153} INFO - Started process (PID=2590) to work on /home/rai/.local/lib/python3.10/site-packages/airflow/example_dags/example_sensor_decorator.py
[2023-04-07T12:43:10.848-0300] {processor.py:743} INFO - Processing file /home/rai/.local/lib/python3.10/site-packages/airflow/example_dags/example_sensor_decorator.py for tasks to queue
[2023-04-07T12:43:10.848-0300] {logging_mixin.py:137} INFO - [2023-04-07T12:43:10.848-0300] {dagbag.py:532} INFO - Filling up the DagBag from /home/rai/.local/lib/python3.10/site-packages/airflow/example_dags/example_sensor_decorator.py
[2023-04-07T12:43:10.866-0300] {processor.py:753} INFO - DAG(s) dict_keys(['example_sensor_decorator']) retrieved from /home/rai/.local/lib/python3.10/site-packages/airflow/example_dags/example_sensor_decorator.py
[2023-04-07T12:43:10.880-0300] {logging_mixin.py:137} INFO - [2023-04-07T12:43:10.880-0300] {dag.py:2705} INFO - Sync 1 DAGs
[2023-04-07T12:43:10.896-0300] {logging_mixin.py:137} INFO - [2023-04-07T12:43:10.896-0300] {dag.py:3452} INFO - Setting next_dagrun for example_sensor_decorator to None, run_after=None
[2023-04-07T12:43:10.915-0300] {processor.py:175} INFO - Processing /home/rai/.local/lib/python3.10/site-packages/airflow/example_dags/example_sensor_decorator.py took 0.075 seconds
[2023-04-07T12:43:57.542-0300] {processor.py:153} INFO - Started process (PID=2636) to work on /home/rai/.local/lib/python3.10/site-packages/airflow/example_dags/example_sensor_decorator.py
[2023-04-07T12:43:57.547-0300] {processor.py:743} INFO - Processing file /home/rai/.local/lib/python3.10/site-packages/airflow/example_dags/example_sensor_decorator.py for tasks to queue
[2023-04-07T12:43:57.548-0300] {logging_mixin.py:137} INFO - [2023-04-07T12:43:57.548-0300] {dagbag.py:532} INFO - Filling up the DagBag from /home/rai/.local/lib/python3.10/site-packages/airflow/example_dags/example_sensor_decorator.py
[2023-04-07T12:43:57.565-0300] {processor.py:753} INFO - DAG(s) dict_keys(['example_sensor_decorator']) retrieved from /home/rai/.local/lib/python3.10/site-packages/airflow/example_dags/example_sensor_decorator.py
[2023-04-07T12:43:57.579-0300] {logging_mixin.py:137} INFO - [2023-04-07T12:43:57.579-0300] {dag.py:2705} INFO - Sync 1 DAGs
[2023-04-07T12:43:57.595-0300] {logging_mixin.py:137} INFO - [2023-04-07T12:43:57.595-0300] {dag.py:3452} INFO - Setting next_dagrun for example_sensor_decorator to None, run_after=None
[2023-04-07T12:43:57.696-0300] {processor.py:175} INFO - Processing /home/rai/.local/lib/python3.10/site-packages/airflow/example_dags/example_sensor_decorator.py took 0.156 seconds
[2023-04-07T12:44:50.746-0300] {processor.py:153} INFO - Started process (PID=2688) to work on /home/rai/.local/lib/python3.10/site-packages/airflow/example_dags/example_sensor_decorator.py
[2023-04-07T12:44:50.751-0300] {processor.py:743} INFO - Processing file /home/rai/.local/lib/python3.10/site-packages/airflow/example_dags/example_sensor_decorator.py for tasks to queue
[2023-04-07T12:44:50.752-0300] {logging_mixin.py:137} INFO - [2023-04-07T12:44:50.752-0300] {dagbag.py:532} INFO - Filling up the DagBag from /home/rai/.local/lib/python3.10/site-packages/airflow/example_dags/example_sensor_decorator.py
[2023-04-07T12:44:50.769-0300] {processor.py:753} INFO - DAG(s) dict_keys(['example_sensor_decorator']) retrieved from /home/rai/.local/lib/python3.10/site-packages/airflow/example_dags/example_sensor_decorator.py
[2023-04-07T12:44:50.783-0300] {logging_mixin.py:137} INFO - [2023-04-07T12:44:50.783-0300] {dag.py:2705} INFO - Sync 1 DAGs
[2023-04-07T12:44:50.880-0300] {logging_mixin.py:137} INFO - [2023-04-07T12:44:50.880-0300] {dag.py:3452} INFO - Setting next_dagrun for example_sensor_decorator to None, run_after=None
[2023-04-07T12:44:50.900-0300] {processor.py:175} INFO - Processing /home/rai/.local/lib/python3.10/site-packages/airflow/example_dags/example_sensor_decorator.py took 0.156 seconds
[2023-04-07T12:45:35.136-0300] {processor.py:153} INFO - Started process (PID=2730) to work on /home/rai/.local/lib/python3.10/site-packages/airflow/example_dags/example_sensor_decorator.py
[2023-04-07T12:45:35.141-0300] {processor.py:743} INFO - Processing file /home/rai/.local/lib/python3.10/site-packages/airflow/example_dags/example_sensor_decorator.py for tasks to queue
[2023-04-07T12:45:35.142-0300] {logging_mixin.py:137} INFO - [2023-04-07T12:45:35.142-0300] {dagbag.py:532} INFO - Filling up the DagBag from /home/rai/.local/lib/python3.10/site-packages/airflow/example_dags/example_sensor_decorator.py
[2023-04-07T12:45:35.160-0300] {processor.py:753} INFO - DAG(s) dict_keys(['example_sensor_decorator']) retrieved from /home/rai/.local/lib/python3.10/site-packages/airflow/example_dags/example_sensor_decorator.py
[2023-04-07T12:45:35.174-0300] {logging_mixin.py:137} INFO - [2023-04-07T12:45:35.174-0300] {dag.py:2705} INFO - Sync 1 DAGs
[2023-04-07T12:45:35.270-0300] {logging_mixin.py:137} INFO - [2023-04-07T12:45:35.270-0300] {dag.py:3452} INFO - Setting next_dagrun for example_sensor_decorator to None, run_after=None
[2023-04-07T12:45:35.290-0300] {processor.py:175} INFO - Processing /home/rai/.local/lib/python3.10/site-packages/airflow/example_dags/example_sensor_decorator.py took 0.156 seconds
[2023-04-07T12:47:44.927-0300] {processor.py:153} INFO - Started process (PID=2787) to work on /home/rai/.local/lib/python3.10/site-packages/airflow/example_dags/example_sensor_decorator.py
[2023-04-07T12:47:44.928-0300] {processor.py:743} INFO - Processing file /home/rai/.local/lib/python3.10/site-packages/airflow/example_dags/example_sensor_decorator.py for tasks to queue
[2023-04-07T12:47:44.928-0300] {logging_mixin.py:137} INFO - [2023-04-07T12:47:44.928-0300] {dagbag.py:532} INFO - Filling up the DagBag from /home/rai/.local/lib/python3.10/site-packages/airflow/example_dags/example_sensor_decorator.py
[2023-04-07T12:47:44.946-0300] {processor.py:753} INFO - DAG(s) dict_keys(['example_sensor_decorator']) retrieved from /home/rai/.local/lib/python3.10/site-packages/airflow/example_dags/example_sensor_decorator.py
[2023-04-07T12:47:45.041-0300] {logging_mixin.py:137} INFO - [2023-04-07T12:47:45.041-0300] {dag.py:2705} INFO - Sync 1 DAGs
[2023-04-07T12:47:45.057-0300] {logging_mixin.py:137} INFO - [2023-04-07T12:47:45.057-0300] {dag.py:3452} INFO - Setting next_dagrun for example_sensor_decorator to None, run_after=None
[2023-04-07T12:47:45.078-0300] {processor.py:175} INFO - Processing /home/rai/.local/lib/python3.10/site-packages/airflow/example_dags/example_sensor_decorator.py took 0.154 seconds
[2023-04-07T12:48:35.601-0300] {processor.py:153} INFO - Started process (PID=2834) to work on /home/rai/.local/lib/python3.10/site-packages/airflow/example_dags/example_sensor_decorator.py
[2023-04-07T12:48:35.606-0300] {processor.py:743} INFO - Processing file /home/rai/.local/lib/python3.10/site-packages/airflow/example_dags/example_sensor_decorator.py for tasks to queue
[2023-04-07T12:48:35.607-0300] {logging_mixin.py:137} INFO - [2023-04-07T12:48:35.607-0300] {dagbag.py:532} INFO - Filling up the DagBag from /home/rai/.local/lib/python3.10/site-packages/airflow/example_dags/example_sensor_decorator.py
[2023-04-07T12:48:35.650-0300] {processor.py:753} INFO - DAG(s) dict_keys(['example_sensor_decorator']) retrieved from /home/rai/.local/lib/python3.10/site-packages/airflow/example_dags/example_sensor_decorator.py
[2023-04-07T12:48:35.672-0300] {logging_mixin.py:137} INFO - [2023-04-07T12:48:35.672-0300] {dag.py:2705} INFO - Sync 1 DAGs
[2023-04-07T12:48:35.696-0300] {logging_mixin.py:137} INFO - [2023-04-07T12:48:35.695-0300] {dag.py:3452} INFO - Setting next_dagrun for example_sensor_decorator to None, run_after=None
[2023-04-07T12:48:35.730-0300] {processor.py:175} INFO - Processing /home/rai/.local/lib/python3.10/site-packages/airflow/example_dags/example_sensor_decorator.py took 0.134 seconds
[2023-04-07T12:49:37.652-0300] {processor.py:153} INFO - Started process (PID=2891) to work on /home/rai/.local/lib/python3.10/site-packages/airflow/example_dags/example_sensor_decorator.py
[2023-04-07T12:49:37.658-0300] {processor.py:743} INFO - Processing file /home/rai/.local/lib/python3.10/site-packages/airflow/example_dags/example_sensor_decorator.py for tasks to queue
[2023-04-07T12:49:37.659-0300] {logging_mixin.py:137} INFO - [2023-04-07T12:49:37.659-0300] {dagbag.py:532} INFO - Filling up the DagBag from /home/rai/.local/lib/python3.10/site-packages/airflow/example_dags/example_sensor_decorator.py
[2023-04-07T12:49:37.694-0300] {processor.py:753} INFO - DAG(s) dict_keys(['example_sensor_decorator']) retrieved from /home/rai/.local/lib/python3.10/site-packages/airflow/example_dags/example_sensor_decorator.py
[2023-04-07T12:49:37.715-0300] {logging_mixin.py:137} INFO - [2023-04-07T12:49:37.715-0300] {dag.py:2705} INFO - Sync 1 DAGs
[2023-04-07T12:49:37.736-0300] {logging_mixin.py:137} INFO - [2023-04-07T12:49:37.736-0300] {dag.py:3452} INFO - Setting next_dagrun for example_sensor_decorator to None, run_after=None
[2023-04-07T12:49:37.772-0300] {processor.py:175} INFO - Processing /home/rai/.local/lib/python3.10/site-packages/airflow/example_dags/example_sensor_decorator.py took 0.124 seconds
[2023-04-07T12:50:34.287-0300] {processor.py:153} INFO - Started process (PID=2939) to work on /home/rai/.local/lib/python3.10/site-packages/airflow/example_dags/example_sensor_decorator.py
[2023-04-07T12:50:34.292-0300] {processor.py:743} INFO - Processing file /home/rai/.local/lib/python3.10/site-packages/airflow/example_dags/example_sensor_decorator.py for tasks to queue
[2023-04-07T12:50:34.293-0300] {logging_mixin.py:137} INFO - [2023-04-07T12:50:34.293-0300] {dagbag.py:532} INFO - Filling up the DagBag from /home/rai/.local/lib/python3.10/site-packages/airflow/example_dags/example_sensor_decorator.py
[2023-04-07T12:50:34.328-0300] {processor.py:753} INFO - DAG(s) dict_keys(['example_sensor_decorator']) retrieved from /home/rai/.local/lib/python3.10/site-packages/airflow/example_dags/example_sensor_decorator.py
[2023-04-07T12:50:34.352-0300] {logging_mixin.py:137} INFO - [2023-04-07T12:50:34.351-0300] {dag.py:2705} INFO - Sync 1 DAGs
[2023-04-07T12:50:34.392-0300] {logging_mixin.py:137} INFO - [2023-04-07T12:50:34.392-0300] {dag.py:3452} INFO - Setting next_dagrun for example_sensor_decorator to None, run_after=None
[2023-04-07T12:50:34.535-0300] {processor.py:175} INFO - Processing /home/rai/.local/lib/python3.10/site-packages/airflow/example_dags/example_sensor_decorator.py took 0.253 seconds
[2023-04-07T12:51:33.270-0300] {processor.py:153} INFO - Started process (PID=2989) to work on /home/rai/.local/lib/python3.10/site-packages/airflow/example_dags/example_sensor_decorator.py
[2023-04-07T12:51:33.276-0300] {processor.py:743} INFO - Processing file /home/rai/.local/lib/python3.10/site-packages/airflow/example_dags/example_sensor_decorator.py for tasks to queue
[2023-04-07T12:51:33.277-0300] {logging_mixin.py:137} INFO - [2023-04-07T12:51:33.277-0300] {dagbag.py:532} INFO - Filling up the DagBag from /home/rai/.local/lib/python3.10/site-packages/airflow/example_dags/example_sensor_decorator.py
[2023-04-07T12:51:33.311-0300] {processor.py:753} INFO - DAG(s) dict_keys(['example_sensor_decorator']) retrieved from /home/rai/.local/lib/python3.10/site-packages/airflow/example_dags/example_sensor_decorator.py
[2023-04-07T12:51:33.332-0300] {logging_mixin.py:137} INFO - [2023-04-07T12:51:33.332-0300] {dag.py:2705} INFO - Sync 1 DAGs
[2023-04-07T12:51:33.456-0300] {logging_mixin.py:137} INFO - [2023-04-07T12:51:33.456-0300] {dag.py:3452} INFO - Setting next_dagrun for example_sensor_decorator to None, run_after=None
[2023-04-07T12:51:33.483-0300] {processor.py:175} INFO - Processing /home/rai/.local/lib/python3.10/site-packages/airflow/example_dags/example_sensor_decorator.py took 0.218 seconds
[2023-04-07T12:52:33.461-0300] {processor.py:153} INFO - Started process (PID=3041) to work on /home/rai/.local/lib/python3.10/site-packages/airflow/example_dags/example_sensor_decorator.py
[2023-04-07T12:52:33.463-0300] {processor.py:743} INFO - Processing file /home/rai/.local/lib/python3.10/site-packages/airflow/example_dags/example_sensor_decorator.py for tasks to queue
[2023-04-07T12:52:33.464-0300] {logging_mixin.py:137} INFO - [2023-04-07T12:52:33.464-0300] {dagbag.py:532} INFO - Filling up the DagBag from /home/rai/.local/lib/python3.10/site-packages/airflow/example_dags/example_sensor_decorator.py
[2023-04-07T12:52:33.499-0300] {processor.py:753} INFO - DAG(s) dict_keys(['example_sensor_decorator']) retrieved from /home/rai/.local/lib/python3.10/site-packages/airflow/example_dags/example_sensor_decorator.py
[2023-04-07T12:52:33.606-0300] {logging_mixin.py:137} INFO - [2023-04-07T12:52:33.606-0300] {dag.py:2705} INFO - Sync 1 DAGs
[2023-04-07T12:52:33.623-0300] {logging_mixin.py:137} INFO - [2023-04-07T12:52:33.623-0300] {dag.py:3452} INFO - Setting next_dagrun for example_sensor_decorator to None, run_after=None
[2023-04-07T12:52:33.646-0300] {processor.py:175} INFO - Processing /home/rai/.local/lib/python3.10/site-packages/airflow/example_dags/example_sensor_decorator.py took 0.189 seconds
[2023-04-07T12:53:30.998-0300] {processor.py:153} INFO - Started process (PID=3090) to work on /home/rai/.local/lib/python3.10/site-packages/airflow/example_dags/example_sensor_decorator.py
[2023-04-07T12:53:31.000-0300] {processor.py:743} INFO - Processing file /home/rai/.local/lib/python3.10/site-packages/airflow/example_dags/example_sensor_decorator.py for tasks to queue
[2023-04-07T12:53:31.001-0300] {logging_mixin.py:137} INFO - [2023-04-07T12:53:31.001-0300] {dagbag.py:532} INFO - Filling up the DagBag from /home/rai/.local/lib/python3.10/site-packages/airflow/example_dags/example_sensor_decorator.py
[2023-04-07T12:53:31.035-0300] {processor.py:753} INFO - DAG(s) dict_keys(['example_sensor_decorator']) retrieved from /home/rai/.local/lib/python3.10/site-packages/airflow/example_dags/example_sensor_decorator.py
[2023-04-07T12:53:31.055-0300] {logging_mixin.py:137} INFO - [2023-04-07T12:53:31.055-0300] {dag.py:2705} INFO - Sync 1 DAGs
[2023-04-07T12:53:31.076-0300] {logging_mixin.py:137} INFO - [2023-04-07T12:53:31.075-0300] {dag.py:3452} INFO - Setting next_dagrun for example_sensor_decorator to None, run_after=None
[2023-04-07T12:53:31.097-0300] {processor.py:175} INFO - Processing /home/rai/.local/lib/python3.10/site-packages/airflow/example_dags/example_sensor_decorator.py took 0.105 seconds
[2023-04-07T12:54:12.568-0300] {processor.py:153} INFO - Started process (PID=3132) to work on /home/rai/.local/lib/python3.10/site-packages/airflow/example_dags/example_sensor_decorator.py
[2023-04-07T12:54:12.572-0300] {processor.py:743} INFO - Processing file /home/rai/.local/lib/python3.10/site-packages/airflow/example_dags/example_sensor_decorator.py for tasks to queue
[2023-04-07T12:54:12.573-0300] {logging_mixin.py:137} INFO - [2023-04-07T12:54:12.573-0300] {dagbag.py:532} INFO - Filling up the DagBag from /home/rai/.local/lib/python3.10/site-packages/airflow/example_dags/example_sensor_decorator.py
[2023-04-07T12:54:12.590-0300] {processor.py:753} INFO - DAG(s) dict_keys(['example_sensor_decorator']) retrieved from /home/rai/.local/lib/python3.10/site-packages/airflow/example_dags/example_sensor_decorator.py
[2023-04-07T12:54:12.606-0300] {logging_mixin.py:137} INFO - [2023-04-07T12:54:12.606-0300] {dag.py:2705} INFO - Sync 1 DAGs
[2023-04-07T12:54:12.622-0300] {logging_mixin.py:137} INFO - [2023-04-07T12:54:12.622-0300] {dag.py:3452} INFO - Setting next_dagrun for example_sensor_decorator to None, run_after=None
[2023-04-07T12:54:12.644-0300] {processor.py:175} INFO - Processing /home/rai/.local/lib/python3.10/site-packages/airflow/example_dags/example_sensor_decorator.py took 0.078 seconds
[2023-04-07T12:55:02.162-0300] {processor.py:153} INFO - Started process (PID=3181) to work on /home/rai/.local/lib/python3.10/site-packages/airflow/example_dags/example_sensor_decorator.py
[2023-04-07T12:55:02.167-0300] {processor.py:743} INFO - Processing file /home/rai/.local/lib/python3.10/site-packages/airflow/example_dags/example_sensor_decorator.py for tasks to queue
[2023-04-07T12:55:02.168-0300] {logging_mixin.py:137} INFO - [2023-04-07T12:55:02.168-0300] {dagbag.py:532} INFO - Filling up the DagBag from /home/rai/.local/lib/python3.10/site-packages/airflow/example_dags/example_sensor_decorator.py
[2023-04-07T12:55:02.205-0300] {processor.py:753} INFO - DAG(s) dict_keys(['example_sensor_decorator']) retrieved from /home/rai/.local/lib/python3.10/site-packages/airflow/example_dags/example_sensor_decorator.py
[2023-04-07T12:55:02.234-0300] {logging_mixin.py:137} INFO - [2023-04-07T12:55:02.234-0300] {dag.py:2705} INFO - Sync 1 DAGs
[2023-04-07T12:55:02.264-0300] {logging_mixin.py:137} INFO - [2023-04-07T12:55:02.264-0300] {dag.py:3452} INFO - Setting next_dagrun for example_sensor_decorator to None, run_after=None
[2023-04-07T12:55:02.381-0300] {processor.py:175} INFO - Processing /home/rai/.local/lib/python3.10/site-packages/airflow/example_dags/example_sensor_decorator.py took 0.223 seconds
[2023-04-07T12:55:53.359-0300] {processor.py:153} INFO - Started process (PID=3229) to work on /home/rai/.local/lib/python3.10/site-packages/airflow/example_dags/example_sensor_decorator.py
[2023-04-07T12:55:53.361-0300] {processor.py:743} INFO - Processing file /home/rai/.local/lib/python3.10/site-packages/airflow/example_dags/example_sensor_decorator.py for tasks to queue
[2023-04-07T12:55:53.362-0300] {logging_mixin.py:137} INFO - [2023-04-07T12:55:53.362-0300] {dagbag.py:532} INFO - Filling up the DagBag from /home/rai/.local/lib/python3.10/site-packages/airflow/example_dags/example_sensor_decorator.py
[2023-04-07T12:55:53.400-0300] {processor.py:753} INFO - DAG(s) dict_keys(['example_sensor_decorator']) retrieved from /home/rai/.local/lib/python3.10/site-packages/airflow/example_dags/example_sensor_decorator.py
[2023-04-07T12:55:53.429-0300] {logging_mixin.py:137} INFO - [2023-04-07T12:55:53.429-0300] {dag.py:2705} INFO - Sync 1 DAGs
[2023-04-07T12:55:53.593-0300] {logging_mixin.py:137} INFO - [2023-04-07T12:55:53.593-0300] {dag.py:3452} INFO - Setting next_dagrun for example_sensor_decorator to None, run_after=None
[2023-04-07T12:55:53.616-0300] {processor.py:175} INFO - Processing /home/rai/.local/lib/python3.10/site-packages/airflow/example_dags/example_sensor_decorator.py took 0.260 seconds
[2023-04-07T12:56:52.380-0300] {processor.py:153} INFO - Started process (PID=3280) to work on /home/rai/.local/lib/python3.10/site-packages/airflow/example_dags/example_sensor_decorator.py
[2023-04-07T12:56:52.381-0300] {processor.py:743} INFO - Processing file /home/rai/.local/lib/python3.10/site-packages/airflow/example_dags/example_sensor_decorator.py for tasks to queue
[2023-04-07T12:56:52.382-0300] {logging_mixin.py:137} INFO - [2023-04-07T12:56:52.382-0300] {dagbag.py:532} INFO - Filling up the DagBag from /home/rai/.local/lib/python3.10/site-packages/airflow/example_dags/example_sensor_decorator.py
[2023-04-07T12:56:52.419-0300] {processor.py:753} INFO - DAG(s) dict_keys(['example_sensor_decorator']) retrieved from /home/rai/.local/lib/python3.10/site-packages/airflow/example_dags/example_sensor_decorator.py
[2023-04-07T12:56:52.438-0300] {logging_mixin.py:137} INFO - [2023-04-07T12:56:52.438-0300] {dag.py:2705} INFO - Sync 1 DAGs
[2023-04-07T12:56:52.550-0300] {logging_mixin.py:137} INFO - [2023-04-07T12:56:52.550-0300] {dag.py:3452} INFO - Setting next_dagrun for example_sensor_decorator to None, run_after=None
[2023-04-07T12:56:52.584-0300] {processor.py:175} INFO - Processing /home/rai/.local/lib/python3.10/site-packages/airflow/example_dags/example_sensor_decorator.py took 0.208 seconds
[2023-04-07T12:57:45.171-0300] {processor.py:153} INFO - Started process (PID=3333) to work on /home/rai/.local/lib/python3.10/site-packages/airflow/example_dags/example_sensor_decorator.py
[2023-04-07T12:57:45.176-0300] {processor.py:743} INFO - Processing file /home/rai/.local/lib/python3.10/site-packages/airflow/example_dags/example_sensor_decorator.py for tasks to queue
[2023-04-07T12:57:45.176-0300] {logging_mixin.py:137} INFO - [2023-04-07T12:57:45.176-0300] {dagbag.py:532} INFO - Filling up the DagBag from /home/rai/.local/lib/python3.10/site-packages/airflow/example_dags/example_sensor_decorator.py
[2023-04-07T12:57:45.193-0300] {processor.py:753} INFO - DAG(s) dict_keys(['example_sensor_decorator']) retrieved from /home/rai/.local/lib/python3.10/site-packages/airflow/example_dags/example_sensor_decorator.py
[2023-04-07T12:57:45.287-0300] {logging_mixin.py:137} INFO - [2023-04-07T12:57:45.287-0300] {dag.py:2705} INFO - Sync 1 DAGs
[2023-04-07T12:57:45.303-0300] {logging_mixin.py:137} INFO - [2023-04-07T12:57:45.303-0300] {dag.py:3452} INFO - Setting next_dagrun for example_sensor_decorator to None, run_after=None
[2023-04-07T12:57:45.323-0300] {processor.py:175} INFO - Processing /home/rai/.local/lib/python3.10/site-packages/airflow/example_dags/example_sensor_decorator.py took 0.154 seconds
[2023-04-07T12:58:39.387-0300] {processor.py:153} INFO - Started process (PID=3388) to work on /home/rai/.local/lib/python3.10/site-packages/airflow/example_dags/example_sensor_decorator.py
[2023-04-07T12:58:39.393-0300] {processor.py:743} INFO - Processing file /home/rai/.local/lib/python3.10/site-packages/airflow/example_dags/example_sensor_decorator.py for tasks to queue
[2023-04-07T12:58:39.394-0300] {logging_mixin.py:137} INFO - [2023-04-07T12:58:39.394-0300] {dagbag.py:532} INFO - Filling up the DagBag from /home/rai/.local/lib/python3.10/site-packages/airflow/example_dags/example_sensor_decorator.py
[2023-04-07T12:58:39.412-0300] {processor.py:753} INFO - DAG(s) dict_keys(['example_sensor_decorator']) retrieved from /home/rai/.local/lib/python3.10/site-packages/airflow/example_dags/example_sensor_decorator.py
[2023-04-07T12:58:39.426-0300] {logging_mixin.py:137} INFO - [2023-04-07T12:58:39.426-0300] {dag.py:2705} INFO - Sync 1 DAGs
[2023-04-07T12:58:39.442-0300] {logging_mixin.py:137} INFO - [2023-04-07T12:58:39.442-0300] {dag.py:3452} INFO - Setting next_dagrun for example_sensor_decorator to None, run_after=None
[2023-04-07T12:58:39.462-0300] {processor.py:175} INFO - Processing /home/rai/.local/lib/python3.10/site-packages/airflow/example_dags/example_sensor_decorator.py took 0.079 seconds
[2023-04-07T12:59:29.658-0300] {processor.py:153} INFO - Started process (PID=3441) to work on /home/rai/.local/lib/python3.10/site-packages/airflow/example_dags/example_sensor_decorator.py
[2023-04-07T12:59:29.659-0300] {processor.py:743} INFO - Processing file /home/rai/.local/lib/python3.10/site-packages/airflow/example_dags/example_sensor_decorator.py for tasks to queue
[2023-04-07T12:59:29.660-0300] {logging_mixin.py:137} INFO - [2023-04-07T12:59:29.660-0300] {dagbag.py:532} INFO - Filling up the DagBag from /home/rai/.local/lib/python3.10/site-packages/airflow/example_dags/example_sensor_decorator.py
[2023-04-07T12:59:29.677-0300] {processor.py:753} INFO - DAG(s) dict_keys(['example_sensor_decorator']) retrieved from /home/rai/.local/lib/python3.10/site-packages/airflow/example_dags/example_sensor_decorator.py
[2023-04-07T12:59:29.693-0300] {logging_mixin.py:137} INFO - [2023-04-07T12:59:29.693-0300] {dag.py:2705} INFO - Sync 1 DAGs
[2023-04-07T12:59:29.711-0300] {logging_mixin.py:137} INFO - [2023-04-07T12:59:29.710-0300] {dag.py:3452} INFO - Setting next_dagrun for example_sensor_decorator to None, run_after=None
[2023-04-07T12:59:29.813-0300] {processor.py:175} INFO - Processing /home/rai/.local/lib/python3.10/site-packages/airflow/example_dags/example_sensor_decorator.py took 0.157 seconds
[2023-04-07T13:00:18.949-0300] {processor.py:153} INFO - Started process (PID=3485) to work on /home/rai/.local/lib/python3.10/site-packages/airflow/example_dags/example_sensor_decorator.py
[2023-04-07T13:00:18.951-0300] {processor.py:743} INFO - Processing file /home/rai/.local/lib/python3.10/site-packages/airflow/example_dags/example_sensor_decorator.py for tasks to queue
[2023-04-07T13:00:18.953-0300] {logging_mixin.py:137} INFO - [2023-04-07T13:00:18.953-0300] {dagbag.py:532} INFO - Filling up the DagBag from /home/rai/.local/lib/python3.10/site-packages/airflow/example_dags/example_sensor_decorator.py
[2023-04-07T13:00:18.997-0300] {processor.py:753} INFO - DAG(s) dict_keys(['example_sensor_decorator']) retrieved from /home/rai/.local/lib/python3.10/site-packages/airflow/example_dags/example_sensor_decorator.py
[2023-04-07T13:00:19.023-0300] {logging_mixin.py:137} INFO - [2023-04-07T13:00:19.022-0300] {dag.py:2705} INFO - Sync 1 DAGs
[2023-04-07T13:00:19.166-0300] {logging_mixin.py:137} INFO - [2023-04-07T13:00:19.166-0300] {dag.py:3452} INFO - Setting next_dagrun for example_sensor_decorator to None, run_after=None
[2023-04-07T13:00:19.201-0300] {processor.py:175} INFO - Processing /home/rai/.local/lib/python3.10/site-packages/airflow/example_dags/example_sensor_decorator.py took 0.257 seconds
[2023-04-07T13:01:09.479-0300] {processor.py:153} INFO - Started process (PID=3545) to work on /home/rai/.local/lib/python3.10/site-packages/airflow/example_dags/example_sensor_decorator.py
[2023-04-07T13:01:09.481-0300] {processor.py:743} INFO - Processing file /home/rai/.local/lib/python3.10/site-packages/airflow/example_dags/example_sensor_decorator.py for tasks to queue
[2023-04-07T13:01:09.482-0300] {logging_mixin.py:137} INFO - [2023-04-07T13:01:09.482-0300] {dagbag.py:532} INFO - Filling up the DagBag from /home/rai/.local/lib/python3.10/site-packages/airflow/example_dags/example_sensor_decorator.py
[2023-04-07T13:01:09.518-0300] {processor.py:753} INFO - DAG(s) dict_keys(['example_sensor_decorator']) retrieved from /home/rai/.local/lib/python3.10/site-packages/airflow/example_dags/example_sensor_decorator.py
[2023-04-07T13:01:09.538-0300] {logging_mixin.py:137} INFO - [2023-04-07T13:01:09.537-0300] {dag.py:2705} INFO - Sync 1 DAGs
[2023-04-07T13:01:09.654-0300] {logging_mixin.py:137} INFO - [2023-04-07T13:01:09.653-0300] {dag.py:3452} INFO - Setting next_dagrun for example_sensor_decorator to None, run_after=None
[2023-04-07T13:01:09.678-0300] {processor.py:175} INFO - Processing /home/rai/.local/lib/python3.10/site-packages/airflow/example_dags/example_sensor_decorator.py took 0.204 seconds
[2023-04-07T13:02:11.260-0300] {processor.py:153} INFO - Started process (PID=3605) to work on /home/rai/.local/lib/python3.10/site-packages/airflow/example_dags/example_sensor_decorator.py
[2023-04-07T13:02:11.261-0300] {processor.py:743} INFO - Processing file /home/rai/.local/lib/python3.10/site-packages/airflow/example_dags/example_sensor_decorator.py for tasks to queue
[2023-04-07T13:02:11.261-0300] {logging_mixin.py:137} INFO - [2023-04-07T13:02:11.261-0300] {dagbag.py:532} INFO - Filling up the DagBag from /home/rai/.local/lib/python3.10/site-packages/airflow/example_dags/example_sensor_decorator.py
[2023-04-07T13:02:11.287-0300] {processor.py:753} INFO - DAG(s) dict_keys(['example_sensor_decorator']) retrieved from /home/rai/.local/lib/python3.10/site-packages/airflow/example_dags/example_sensor_decorator.py
[2023-04-07T13:02:11.402-0300] {logging_mixin.py:137} INFO - [2023-04-07T13:02:11.402-0300] {dag.py:2705} INFO - Sync 1 DAGs
[2023-04-07T13:02:11.422-0300] {logging_mixin.py:137} INFO - [2023-04-07T13:02:11.422-0300] {dag.py:3452} INFO - Setting next_dagrun for example_sensor_decorator to None, run_after=None
[2023-04-07T13:02:11.447-0300] {processor.py:175} INFO - Processing /home/rai/.local/lib/python3.10/site-packages/airflow/example_dags/example_sensor_decorator.py took 0.189 seconds
[2023-04-07T13:03:07.628-0300] {processor.py:153} INFO - Started process (PID=3656) to work on /home/rai/.local/lib/python3.10/site-packages/airflow/example_dags/example_sensor_decorator.py
[2023-04-07T13:03:07.631-0300] {processor.py:743} INFO - Processing file /home/rai/.local/lib/python3.10/site-packages/airflow/example_dags/example_sensor_decorator.py for tasks to queue
[2023-04-07T13:03:07.632-0300] {logging_mixin.py:137} INFO - [2023-04-07T13:03:07.632-0300] {dagbag.py:532} INFO - Filling up the DagBag from /home/rai/.local/lib/python3.10/site-packages/airflow/example_dags/example_sensor_decorator.py
[2023-04-07T13:03:07.671-0300] {processor.py:753} INFO - DAG(s) dict_keys(['example_sensor_decorator']) retrieved from /home/rai/.local/lib/python3.10/site-packages/airflow/example_dags/example_sensor_decorator.py
[2023-04-07T13:03:07.704-0300] {logging_mixin.py:137} INFO - [2023-04-07T13:03:07.704-0300] {dag.py:2705} INFO - Sync 1 DAGs
[2023-04-07T13:03:07.731-0300] {logging_mixin.py:137} INFO - [2023-04-07T13:03:07.731-0300] {dag.py:3452} INFO - Setting next_dagrun for example_sensor_decorator to None, run_after=None
[2023-04-07T13:03:07.768-0300] {processor.py:175} INFO - Processing /home/rai/.local/lib/python3.10/site-packages/airflow/example_dags/example_sensor_decorator.py took 0.144 seconds
[2023-04-07T13:03:57.672-0300] {processor.py:153} INFO - Started process (PID=3702) to work on /home/rai/.local/lib/python3.10/site-packages/airflow/example_dags/example_sensor_decorator.py
[2023-04-07T13:03:57.678-0300] {processor.py:743} INFO - Processing file /home/rai/.local/lib/python3.10/site-packages/airflow/example_dags/example_sensor_decorator.py for tasks to queue
[2023-04-07T13:03:57.679-0300] {logging_mixin.py:137} INFO - [2023-04-07T13:03:57.678-0300] {dagbag.py:532} INFO - Filling up the DagBag from /home/rai/.local/lib/python3.10/site-packages/airflow/example_dags/example_sensor_decorator.py
[2023-04-07T13:03:57.713-0300] {processor.py:753} INFO - DAG(s) dict_keys(['example_sensor_decorator']) retrieved from /home/rai/.local/lib/python3.10/site-packages/airflow/example_dags/example_sensor_decorator.py
[2023-04-07T13:03:57.733-0300] {logging_mixin.py:137} INFO - [2023-04-07T13:03:57.733-0300] {dag.py:2705} INFO - Sync 1 DAGs
[2023-04-07T13:03:57.754-0300] {logging_mixin.py:137} INFO - [2023-04-07T13:03:57.754-0300] {dag.py:3452} INFO - Setting next_dagrun for example_sensor_decorator to None, run_after=None
[2023-04-07T13:03:57.778-0300] {processor.py:175} INFO - Processing /home/rai/.local/lib/python3.10/site-packages/airflow/example_dags/example_sensor_decorator.py took 0.110 seconds
[2023-04-07T13:04:48.616-0300] {processor.py:153} INFO - Started process (PID=3747) to work on /home/rai/.local/lib/python3.10/site-packages/airflow/example_dags/example_sensor_decorator.py
[2023-04-07T13:04:48.618-0300] {processor.py:743} INFO - Processing file /home/rai/.local/lib/python3.10/site-packages/airflow/example_dags/example_sensor_decorator.py for tasks to queue
[2023-04-07T13:04:48.619-0300] {logging_mixin.py:137} INFO - [2023-04-07T13:04:48.619-0300] {dagbag.py:532} INFO - Filling up the DagBag from /home/rai/.local/lib/python3.10/site-packages/airflow/example_dags/example_sensor_decorator.py
[2023-04-07T13:04:48.653-0300] {processor.py:753} INFO - DAG(s) dict_keys(['example_sensor_decorator']) retrieved from /home/rai/.local/lib/python3.10/site-packages/airflow/example_dags/example_sensor_decorator.py
[2023-04-07T13:04:48.674-0300] {logging_mixin.py:137} INFO - [2023-04-07T13:04:48.673-0300] {dag.py:2705} INFO - Sync 1 DAGs
[2023-04-07T13:04:48.806-0300] {logging_mixin.py:137} INFO - [2023-04-07T13:04:48.805-0300] {dag.py:3452} INFO - Setting next_dagrun for example_sensor_decorator to None, run_after=None
[2023-04-07T13:04:48.835-0300] {processor.py:175} INFO - Processing /home/rai/.local/lib/python3.10/site-packages/airflow/example_dags/example_sensor_decorator.py took 0.225 seconds
[2023-04-07T13:05:51.978-0300] {processor.py:153} INFO - Started process (PID=3799) to work on /home/rai/.local/lib/python3.10/site-packages/airflow/example_dags/example_sensor_decorator.py
[2023-04-07T13:05:51.980-0300] {processor.py:743} INFO - Processing file /home/rai/.local/lib/python3.10/site-packages/airflow/example_dags/example_sensor_decorator.py for tasks to queue
[2023-04-07T13:05:51.981-0300] {logging_mixin.py:137} INFO - [2023-04-07T13:05:51.980-0300] {dagbag.py:532} INFO - Filling up the DagBag from /home/rai/.local/lib/python3.10/site-packages/airflow/example_dags/example_sensor_decorator.py
[2023-04-07T13:05:52.018-0300] {processor.py:753} INFO - DAG(s) dict_keys(['example_sensor_decorator']) retrieved from /home/rai/.local/lib/python3.10/site-packages/airflow/example_dags/example_sensor_decorator.py
[2023-04-07T13:05:52.038-0300] {logging_mixin.py:137} INFO - [2023-04-07T13:05:52.037-0300] {dag.py:2705} INFO - Sync 1 DAGs
[2023-04-07T13:05:52.149-0300] {logging_mixin.py:137} INFO - [2023-04-07T13:05:52.149-0300] {dag.py:3452} INFO - Setting next_dagrun for example_sensor_decorator to None, run_after=None
[2023-04-07T13:05:52.180-0300] {processor.py:175} INFO - Processing /home/rai/.local/lib/python3.10/site-packages/airflow/example_dags/example_sensor_decorator.py took 0.206 seconds
[2023-04-07T13:06:54.182-0300] {processor.py:153} INFO - Started process (PID=3851) to work on /home/rai/.local/lib/python3.10/site-packages/airflow/example_dags/example_sensor_decorator.py
[2023-04-07T13:06:54.184-0300] {processor.py:743} INFO - Processing file /home/rai/.local/lib/python3.10/site-packages/airflow/example_dags/example_sensor_decorator.py for tasks to queue
[2023-04-07T13:06:54.185-0300] {logging_mixin.py:137} INFO - [2023-04-07T13:06:54.185-0300] {dagbag.py:532} INFO - Filling up the DagBag from /home/rai/.local/lib/python3.10/site-packages/airflow/example_dags/example_sensor_decorator.py
[2023-04-07T13:06:54.220-0300] {processor.py:753} INFO - DAG(s) dict_keys(['example_sensor_decorator']) retrieved from /home/rai/.local/lib/python3.10/site-packages/airflow/example_dags/example_sensor_decorator.py
[2023-04-07T13:06:54.348-0300] {logging_mixin.py:137} INFO - [2023-04-07T13:06:54.348-0300] {dag.py:2705} INFO - Sync 1 DAGs
[2023-04-07T13:06:54.364-0300] {logging_mixin.py:137} INFO - [2023-04-07T13:06:54.364-0300] {dag.py:3452} INFO - Setting next_dagrun for example_sensor_decorator to None, run_after=None
[2023-04-07T13:06:54.394-0300] {processor.py:175} INFO - Processing /home/rai/.local/lib/python3.10/site-packages/airflow/example_dags/example_sensor_decorator.py took 0.217 seconds
[2023-04-07T13:07:52.675-0300] {processor.py:153} INFO - Started process (PID=3901) to work on /home/rai/.local/lib/python3.10/site-packages/airflow/example_dags/example_sensor_decorator.py
[2023-04-07T13:07:52.680-0300] {processor.py:743} INFO - Processing file /home/rai/.local/lib/python3.10/site-packages/airflow/example_dags/example_sensor_decorator.py for tasks to queue
[2023-04-07T13:07:52.681-0300] {logging_mixin.py:137} INFO - [2023-04-07T13:07:52.681-0300] {dagbag.py:532} INFO - Filling up the DagBag from /home/rai/.local/lib/python3.10/site-packages/airflow/example_dags/example_sensor_decorator.py
[2023-04-07T13:07:52.823-0300] {processor.py:753} INFO - DAG(s) dict_keys(['example_sensor_decorator']) retrieved from /home/rai/.local/lib/python3.10/site-packages/airflow/example_dags/example_sensor_decorator.py
[2023-04-07T13:07:52.838-0300] {logging_mixin.py:137} INFO - [2023-04-07T13:07:52.838-0300] {dag.py:2705} INFO - Sync 1 DAGs
[2023-04-07T13:07:52.854-0300] {logging_mixin.py:137} INFO - [2023-04-07T13:07:52.854-0300] {dag.py:3452} INFO - Setting next_dagrun for example_sensor_decorator to None, run_after=None
[2023-04-07T13:07:52.885-0300] {processor.py:175} INFO - Processing /home/rai/.local/lib/python3.10/site-packages/airflow/example_dags/example_sensor_decorator.py took 0.215 seconds
[2023-04-07T13:08:50.212-0300] {processor.py:153} INFO - Started process (PID=3953) to work on /home/rai/.local/lib/python3.10/site-packages/airflow/example_dags/example_sensor_decorator.py
[2023-04-07T13:08:50.213-0300] {processor.py:743} INFO - Processing file /home/rai/.local/lib/python3.10/site-packages/airflow/example_dags/example_sensor_decorator.py for tasks to queue
[2023-04-07T13:08:50.214-0300] {logging_mixin.py:137} INFO - [2023-04-07T13:08:50.214-0300] {dagbag.py:532} INFO - Filling up the DagBag from /home/rai/.local/lib/python3.10/site-packages/airflow/example_dags/example_sensor_decorator.py
[2023-04-07T13:08:50.234-0300] {processor.py:753} INFO - DAG(s) dict_keys(['example_sensor_decorator']) retrieved from /home/rai/.local/lib/python3.10/site-packages/airflow/example_dags/example_sensor_decorator.py
[2023-04-07T13:08:50.251-0300] {logging_mixin.py:137} INFO - [2023-04-07T13:08:50.251-0300] {dag.py:2705} INFO - Sync 1 DAGs
[2023-04-07T13:08:50.270-0300] {logging_mixin.py:137} INFO - [2023-04-07T13:08:50.270-0300] {dag.py:3452} INFO - Setting next_dagrun for example_sensor_decorator to None, run_after=None
[2023-04-07T13:08:50.293-0300] {processor.py:175} INFO - Processing /home/rai/.local/lib/python3.10/site-packages/airflow/example_dags/example_sensor_decorator.py took 0.083 seconds
[2023-04-07T13:09:33.965-0300] {processor.py:153} INFO - Started process (PID=3995) to work on /home/rai/.local/lib/python3.10/site-packages/airflow/example_dags/example_sensor_decorator.py
[2023-04-07T13:09:33.967-0300] {processor.py:743} INFO - Processing file /home/rai/.local/lib/python3.10/site-packages/airflow/example_dags/example_sensor_decorator.py for tasks to queue
[2023-04-07T13:09:33.967-0300] {logging_mixin.py:137} INFO - [2023-04-07T13:09:33.967-0300] {dagbag.py:532} INFO - Filling up the DagBag from /home/rai/.local/lib/python3.10/site-packages/airflow/example_dags/example_sensor_decorator.py
[2023-04-07T13:09:33.986-0300] {processor.py:753} INFO - DAG(s) dict_keys(['example_sensor_decorator']) retrieved from /home/rai/.local/lib/python3.10/site-packages/airflow/example_dags/example_sensor_decorator.py
[2023-04-07T13:09:34.002-0300] {logging_mixin.py:137} INFO - [2023-04-07T13:09:34.002-0300] {dag.py:2705} INFO - Sync 1 DAGs
[2023-04-07T13:09:34.020-0300] {logging_mixin.py:137} INFO - [2023-04-07T13:09:34.020-0300] {dag.py:3452} INFO - Setting next_dagrun for example_sensor_decorator to None, run_after=None
[2023-04-07T13:09:34.121-0300] {processor.py:175} INFO - Processing /home/rai/.local/lib/python3.10/site-packages/airflow/example_dags/example_sensor_decorator.py took 0.158 seconds
[2023-04-07T13:10:25.730-0300] {processor.py:153} INFO - Started process (PID=4042) to work on /home/rai/.local/lib/python3.10/site-packages/airflow/example_dags/example_sensor_decorator.py
[2023-04-07T13:10:25.732-0300] {processor.py:743} INFO - Processing file /home/rai/.local/lib/python3.10/site-packages/airflow/example_dags/example_sensor_decorator.py for tasks to queue
[2023-04-07T13:10:25.733-0300] {logging_mixin.py:137} INFO - [2023-04-07T13:10:25.733-0300] {dagbag.py:532} INFO - Filling up the DagBag from /home/rai/.local/lib/python3.10/site-packages/airflow/example_dags/example_sensor_decorator.py
[2023-04-07T13:10:25.768-0300] {processor.py:753} INFO - DAG(s) dict_keys(['example_sensor_decorator']) retrieved from /home/rai/.local/lib/python3.10/site-packages/airflow/example_dags/example_sensor_decorator.py
[2023-04-07T13:10:25.788-0300] {logging_mixin.py:137} INFO - [2023-04-07T13:10:25.788-0300] {dag.py:2705} INFO - Sync 1 DAGs
[2023-04-07T13:10:25.924-0300] {logging_mixin.py:137} INFO - [2023-04-07T13:10:25.924-0300] {dag.py:3452} INFO - Setting next_dagrun for example_sensor_decorator to None, run_after=None
[2023-04-07T13:10:25.964-0300] {processor.py:175} INFO - Processing /home/rai/.local/lib/python3.10/site-packages/airflow/example_dags/example_sensor_decorator.py took 0.239 seconds
[2023-04-07T13:11:30.976-0300] {processor.py:153} INFO - Started process (PID=4095) to work on /home/rai/.local/lib/python3.10/site-packages/airflow/example_dags/example_sensor_decorator.py
[2023-04-07T13:11:30.981-0300] {processor.py:743} INFO - Processing file /home/rai/.local/lib/python3.10/site-packages/airflow/example_dags/example_sensor_decorator.py for tasks to queue
[2023-04-07T13:11:30.983-0300] {logging_mixin.py:137} INFO - [2023-04-07T13:11:30.982-0300] {dagbag.py:532} INFO - Filling up the DagBag from /home/rai/.local/lib/python3.10/site-packages/airflow/example_dags/example_sensor_decorator.py
[2023-04-07T13:11:31.022-0300] {processor.py:753} INFO - DAG(s) dict_keys(['example_sensor_decorator']) retrieved from /home/rai/.local/lib/python3.10/site-packages/airflow/example_dags/example_sensor_decorator.py
[2023-04-07T13:11:31.158-0300] {logging_mixin.py:137} INFO - [2023-04-07T13:11:31.157-0300] {dag.py:2705} INFO - Sync 1 DAGs
[2023-04-07T13:11:31.176-0300] {logging_mixin.py:137} INFO - [2023-04-07T13:11:31.175-0300] {dag.py:3452} INFO - Setting next_dagrun for example_sensor_decorator to None, run_after=None
[2023-04-07T13:11:31.199-0300] {processor.py:175} INFO - Processing /home/rai/.local/lib/python3.10/site-packages/airflow/example_dags/example_sensor_decorator.py took 0.228 seconds
[2023-04-07T13:12:35.093-0300] {processor.py:153} INFO - Started process (PID=4149) to work on /home/rai/.local/lib/python3.10/site-packages/airflow/example_dags/example_sensor_decorator.py
[2023-04-07T13:12:35.096-0300] {processor.py:743} INFO - Processing file /home/rai/.local/lib/python3.10/site-packages/airflow/example_dags/example_sensor_decorator.py for tasks to queue
[2023-04-07T13:12:35.097-0300] {logging_mixin.py:137} INFO - [2023-04-07T13:12:35.097-0300] {dagbag.py:532} INFO - Filling up the DagBag from /home/rai/.local/lib/python3.10/site-packages/airflow/example_dags/example_sensor_decorator.py
[2023-04-07T13:12:35.134-0300] {processor.py:753} INFO - DAG(s) dict_keys(['example_sensor_decorator']) retrieved from /home/rai/.local/lib/python3.10/site-packages/airflow/example_dags/example_sensor_decorator.py
[2023-04-07T13:12:35.243-0300] {logging_mixin.py:137} INFO - [2023-04-07T13:12:35.242-0300] {dag.py:2705} INFO - Sync 1 DAGs
[2023-04-07T13:12:35.259-0300] {logging_mixin.py:137} INFO - [2023-04-07T13:12:35.259-0300] {dag.py:3452} INFO - Setting next_dagrun for example_sensor_decorator to None, run_after=None
[2023-04-07T13:12:35.280-0300] {processor.py:175} INFO - Processing /home/rai/.local/lib/python3.10/site-packages/airflow/example_dags/example_sensor_decorator.py took 0.191 seconds
[2023-04-07T13:13:29.382-0300] {processor.py:153} INFO - Started process (PID=4197) to work on /home/rai/.local/lib/python3.10/site-packages/airflow/example_dags/example_sensor_decorator.py
[2023-04-07T13:13:29.384-0300] {processor.py:743} INFO - Processing file /home/rai/.local/lib/python3.10/site-packages/airflow/example_dags/example_sensor_decorator.py for tasks to queue
[2023-04-07T13:13:29.387-0300] {logging_mixin.py:137} INFO - [2023-04-07T13:13:29.387-0300] {dagbag.py:532} INFO - Filling up the DagBag from /home/rai/.local/lib/python3.10/site-packages/airflow/example_dags/example_sensor_decorator.py
[2023-04-07T13:13:29.421-0300] {processor.py:753} INFO - DAG(s) dict_keys(['example_sensor_decorator']) retrieved from /home/rai/.local/lib/python3.10/site-packages/airflow/example_dags/example_sensor_decorator.py
[2023-04-07T13:13:29.444-0300] {logging_mixin.py:137} INFO - [2023-04-07T13:13:29.444-0300] {dag.py:2705} INFO - Sync 1 DAGs
[2023-04-07T13:13:29.465-0300] {logging_mixin.py:137} INFO - [2023-04-07T13:13:29.464-0300] {dag.py:3452} INFO - Setting next_dagrun for example_sensor_decorator to None, run_after=None
[2023-04-07T13:13:29.498-0300] {processor.py:175} INFO - Processing /home/rai/.local/lib/python3.10/site-packages/airflow/example_dags/example_sensor_decorator.py took 0.120 seconds
[2023-04-07T13:14:16.772-0300] {processor.py:153} INFO - Started process (PID=4240) to work on /home/rai/.local/lib/python3.10/site-packages/airflow/example_dags/example_sensor_decorator.py
[2023-04-07T13:14:16.774-0300] {processor.py:743} INFO - Processing file /home/rai/.local/lib/python3.10/site-packages/airflow/example_dags/example_sensor_decorator.py for tasks to queue
[2023-04-07T13:14:16.775-0300] {logging_mixin.py:137} INFO - [2023-04-07T13:14:16.775-0300] {dagbag.py:532} INFO - Filling up the DagBag from /home/rai/.local/lib/python3.10/site-packages/airflow/example_dags/example_sensor_decorator.py
[2023-04-07T13:14:16.816-0300] {processor.py:753} INFO - DAG(s) dict_keys(['example_sensor_decorator']) retrieved from /home/rai/.local/lib/python3.10/site-packages/airflow/example_dags/example_sensor_decorator.py
[2023-04-07T13:14:16.842-0300] {logging_mixin.py:137} INFO - [2023-04-07T13:14:16.842-0300] {dag.py:2705} INFO - Sync 1 DAGs
[2023-04-07T13:14:16.865-0300] {logging_mixin.py:137} INFO - [2023-04-07T13:14:16.865-0300] {dag.py:3452} INFO - Setting next_dagrun for example_sensor_decorator to None, run_after=None
[2023-04-07T13:14:16.994-0300] {processor.py:175} INFO - Processing /home/rai/.local/lib/python3.10/site-packages/airflow/example_dags/example_sensor_decorator.py took 0.226 seconds
[2023-04-07T13:15:19.194-0300] {processor.py:153} INFO - Started process (PID=4291) to work on /home/rai/.local/lib/python3.10/site-packages/airflow/example_dags/example_sensor_decorator.py
[2023-04-07T13:15:19.200-0300] {processor.py:743} INFO - Processing file /home/rai/.local/lib/python3.10/site-packages/airflow/example_dags/example_sensor_decorator.py for tasks to queue
[2023-04-07T13:15:19.202-0300] {logging_mixin.py:137} INFO - [2023-04-07T13:15:19.201-0300] {dagbag.py:532} INFO - Filling up the DagBag from /home/rai/.local/lib/python3.10/site-packages/airflow/example_dags/example_sensor_decorator.py
[2023-04-07T13:15:19.236-0300] {processor.py:753} INFO - DAG(s) dict_keys(['example_sensor_decorator']) retrieved from /home/rai/.local/lib/python3.10/site-packages/airflow/example_dags/example_sensor_decorator.py
[2023-04-07T13:15:19.257-0300] {logging_mixin.py:137} INFO - [2023-04-07T13:15:19.256-0300] {dag.py:2705} INFO - Sync 1 DAGs
[2023-04-07T13:15:19.382-0300] {logging_mixin.py:137} INFO - [2023-04-07T13:15:19.382-0300] {dag.py:3452} INFO - Setting next_dagrun for example_sensor_decorator to None, run_after=None
[2023-04-07T13:15:19.404-0300] {processor.py:175} INFO - Processing /home/rai/.local/lib/python3.10/site-packages/airflow/example_dags/example_sensor_decorator.py took 0.214 seconds
[2023-04-07T13:16:15.559-0300] {processor.py:153} INFO - Started process (PID=4341) to work on /home/rai/.local/lib/python3.10/site-packages/airflow/example_dags/example_sensor_decorator.py
[2023-04-07T13:16:15.565-0300] {processor.py:743} INFO - Processing file /home/rai/.local/lib/python3.10/site-packages/airflow/example_dags/example_sensor_decorator.py for tasks to queue
[2023-04-07T13:16:15.566-0300] {logging_mixin.py:137} INFO - [2023-04-07T13:16:15.566-0300] {dagbag.py:532} INFO - Filling up the DagBag from /home/rai/.local/lib/python3.10/site-packages/airflow/example_dags/example_sensor_decorator.py
[2023-04-07T13:16:15.600-0300] {processor.py:753} INFO - DAG(s) dict_keys(['example_sensor_decorator']) retrieved from /home/rai/.local/lib/python3.10/site-packages/airflow/example_dags/example_sensor_decorator.py
[2023-04-07T13:16:15.622-0300] {logging_mixin.py:137} INFO - [2023-04-07T13:16:15.622-0300] {dag.py:2705} INFO - Sync 1 DAGs
[2023-04-07T13:16:15.728-0300] {logging_mixin.py:137} INFO - [2023-04-07T13:16:15.728-0300] {dag.py:3452} INFO - Setting next_dagrun for example_sensor_decorator to None, run_after=None
[2023-04-07T13:16:15.749-0300] {processor.py:175} INFO - Processing /home/rai/.local/lib/python3.10/site-packages/airflow/example_dags/example_sensor_decorator.py took 0.194 seconds
[2023-04-07T13:17:12.414-0300] {processor.py:153} INFO - Started process (PID=4390) to work on /home/rai/.local/lib/python3.10/site-packages/airflow/example_dags/example_sensor_decorator.py
[2023-04-07T13:17:12.420-0300] {processor.py:743} INFO - Processing file /home/rai/.local/lib/python3.10/site-packages/airflow/example_dags/example_sensor_decorator.py for tasks to queue
[2023-04-07T13:17:12.421-0300] {logging_mixin.py:137} INFO - [2023-04-07T13:17:12.421-0300] {dagbag.py:532} INFO - Filling up the DagBag from /home/rai/.local/lib/python3.10/site-packages/airflow/example_dags/example_sensor_decorator.py
[2023-04-07T13:17:12.460-0300] {processor.py:753} INFO - DAG(s) dict_keys(['example_sensor_decorator']) retrieved from /home/rai/.local/lib/python3.10/site-packages/airflow/example_dags/example_sensor_decorator.py
[2023-04-07T13:17:12.570-0300] {logging_mixin.py:137} INFO - [2023-04-07T13:17:12.569-0300] {dag.py:2705} INFO - Sync 1 DAGs
[2023-04-07T13:17:12.587-0300] {logging_mixin.py:137} INFO - [2023-04-07T13:17:12.586-0300] {dag.py:3452} INFO - Setting next_dagrun for example_sensor_decorator to None, run_after=None
[2023-04-07T13:17:12.618-0300] {processor.py:175} INFO - Processing /home/rai/.local/lib/python3.10/site-packages/airflow/example_dags/example_sensor_decorator.py took 0.209 seconds
[2023-04-07T13:18:13.603-0300] {processor.py:153} INFO - Started process (PID=4441) to work on /home/rai/.local/lib/python3.10/site-packages/airflow/example_dags/example_sensor_decorator.py
[2023-04-07T13:18:13.609-0300] {processor.py:743} INFO - Processing file /home/rai/.local/lib/python3.10/site-packages/airflow/example_dags/example_sensor_decorator.py for tasks to queue
[2023-04-07T13:18:13.610-0300] {logging_mixin.py:137} INFO - [2023-04-07T13:18:13.610-0300] {dagbag.py:532} INFO - Filling up the DagBag from /home/rai/.local/lib/python3.10/site-packages/airflow/example_dags/example_sensor_decorator.py
[2023-04-07T13:18:13.732-0300] {processor.py:753} INFO - DAG(s) dict_keys(['example_sensor_decorator']) retrieved from /home/rai/.local/lib/python3.10/site-packages/airflow/example_dags/example_sensor_decorator.py
[2023-04-07T13:18:13.746-0300] {logging_mixin.py:137} INFO - [2023-04-07T13:18:13.746-0300] {dag.py:2705} INFO - Sync 1 DAGs
[2023-04-07T13:18:13.762-0300] {logging_mixin.py:137} INFO - [2023-04-07T13:18:13.762-0300] {dag.py:3452} INFO - Setting next_dagrun for example_sensor_decorator to None, run_after=None
[2023-04-07T13:18:13.797-0300] {processor.py:175} INFO - Processing /home/rai/.local/lib/python3.10/site-packages/airflow/example_dags/example_sensor_decorator.py took 0.198 seconds
[2023-04-07T13:19:13.173-0300] {processor.py:153} INFO - Started process (PID=4492) to work on /home/rai/.local/lib/python3.10/site-packages/airflow/example_dags/example_sensor_decorator.py
[2023-04-07T13:19:13.179-0300] {processor.py:743} INFO - Processing file /home/rai/.local/lib/python3.10/site-packages/airflow/example_dags/example_sensor_decorator.py for tasks to queue
[2023-04-07T13:19:13.180-0300] {logging_mixin.py:137} INFO - [2023-04-07T13:19:13.180-0300] {dagbag.py:532} INFO - Filling up the DagBag from /home/rai/.local/lib/python3.10/site-packages/airflow/example_dags/example_sensor_decorator.py
[2023-04-07T13:19:13.216-0300] {processor.py:753} INFO - DAG(s) dict_keys(['example_sensor_decorator']) retrieved from /home/rai/.local/lib/python3.10/site-packages/airflow/example_dags/example_sensor_decorator.py
[2023-04-07T13:19:13.238-0300] {logging_mixin.py:137} INFO - [2023-04-07T13:19:13.238-0300] {dag.py:2705} INFO - Sync 1 DAGs
[2023-04-07T13:19:13.260-0300] {logging_mixin.py:137} INFO - [2023-04-07T13:19:13.260-0300] {dag.py:3452} INFO - Setting next_dagrun for example_sensor_decorator to None, run_after=None
[2023-04-07T13:19:13.375-0300] {processor.py:175} INFO - Processing /home/rai/.local/lib/python3.10/site-packages/airflow/example_dags/example_sensor_decorator.py took 0.206 seconds
[2023-04-07T13:20:01.748-0300] {processor.py:153} INFO - Started process (PID=4555) to work on /home/rai/.local/lib/python3.10/site-packages/airflow/example_dags/example_sensor_decorator.py
[2023-04-07T13:20:01.752-0300] {processor.py:743} INFO - Processing file /home/rai/.local/lib/python3.10/site-packages/airflow/example_dags/example_sensor_decorator.py for tasks to queue
[2023-04-07T13:20:01.753-0300] {logging_mixin.py:137} INFO - [2023-04-07T13:20:01.753-0300] {dagbag.py:532} INFO - Filling up the DagBag from /home/rai/.local/lib/python3.10/site-packages/airflow/example_dags/example_sensor_decorator.py
[2023-04-07T13:20:01.770-0300] {processor.py:753} INFO - DAG(s) dict_keys(['example_sensor_decorator']) retrieved from /home/rai/.local/lib/python3.10/site-packages/airflow/example_dags/example_sensor_decorator.py
[2023-04-07T13:20:01.785-0300] {logging_mixin.py:137} INFO - [2023-04-07T13:20:01.784-0300] {dag.py:2705} INFO - Sync 1 DAGs
[2023-04-07T13:20:01.892-0300] {logging_mixin.py:137} INFO - [2023-04-07T13:20:01.892-0300] {dag.py:3452} INFO - Setting next_dagrun for example_sensor_decorator to None, run_after=None
[2023-04-07T13:20:01.917-0300] {processor.py:175} INFO - Processing /home/rai/.local/lib/python3.10/site-packages/airflow/example_dags/example_sensor_decorator.py took 0.171 seconds
[2023-04-07T13:20:44.839-0300] {processor.py:153} INFO - Started process (PID=4611) to work on /home/rai/.local/lib/python3.10/site-packages/airflow/example_dags/example_sensor_decorator.py
[2023-04-07T13:20:44.840-0300] {processor.py:743} INFO - Processing file /home/rai/.local/lib/python3.10/site-packages/airflow/example_dags/example_sensor_decorator.py for tasks to queue
[2023-04-07T13:20:44.841-0300] {logging_mixin.py:137} INFO - [2023-04-07T13:20:44.841-0300] {dagbag.py:532} INFO - Filling up the DagBag from /home/rai/.local/lib/python3.10/site-packages/airflow/example_dags/example_sensor_decorator.py
[2023-04-07T13:20:44.860-0300] {processor.py:753} INFO - DAG(s) dict_keys(['example_sensor_decorator']) retrieved from /home/rai/.local/lib/python3.10/site-packages/airflow/example_dags/example_sensor_decorator.py
[2023-04-07T13:20:44.874-0300] {logging_mixin.py:137} INFO - [2023-04-07T13:20:44.874-0300] {dag.py:2705} INFO - Sync 1 DAGs
[2023-04-07T13:20:44.972-0300] {logging_mixin.py:137} INFO - [2023-04-07T13:20:44.971-0300] {dag.py:3452} INFO - Setting next_dagrun for example_sensor_decorator to None, run_after=None
[2023-04-07T13:20:44.992-0300] {processor.py:175} INFO - Processing /home/rai/.local/lib/python3.10/site-packages/airflow/example_dags/example_sensor_decorator.py took 0.156 seconds
[2023-04-07T13:21:35.701-0300] {processor.py:153} INFO - Started process (PID=4662) to work on /home/rai/.local/lib/python3.10/site-packages/airflow/example_dags/example_sensor_decorator.py
[2023-04-07T13:21:35.705-0300] {processor.py:743} INFO - Processing file /home/rai/.local/lib/python3.10/site-packages/airflow/example_dags/example_sensor_decorator.py for tasks to queue
[2023-04-07T13:21:35.706-0300] {logging_mixin.py:137} INFO - [2023-04-07T13:21:35.705-0300] {dagbag.py:532} INFO - Filling up the DagBag from /home/rai/.local/lib/python3.10/site-packages/airflow/example_dags/example_sensor_decorator.py
[2023-04-07T13:21:35.723-0300] {processor.py:753} INFO - DAG(s) dict_keys(['example_sensor_decorator']) retrieved from /home/rai/.local/lib/python3.10/site-packages/airflow/example_dags/example_sensor_decorator.py
[2023-04-07T13:21:35.818-0300] {logging_mixin.py:137} INFO - [2023-04-07T13:21:35.817-0300] {dag.py:2705} INFO - Sync 1 DAGs
[2023-04-07T13:21:35.833-0300] {logging_mixin.py:137} INFO - [2023-04-07T13:21:35.833-0300] {dag.py:3452} INFO - Setting next_dagrun for example_sensor_decorator to None, run_after=None
[2023-04-07T13:21:35.852-0300] {processor.py:175} INFO - Processing /home/rai/.local/lib/python3.10/site-packages/airflow/example_dags/example_sensor_decorator.py took 0.154 seconds
[2023-04-07T13:22:33.732-0300] {processor.py:153} INFO - Started process (PID=4720) to work on /home/rai/.local/lib/python3.10/site-packages/airflow/example_dags/example_sensor_decorator.py
[2023-04-07T13:22:33.737-0300] {processor.py:743} INFO - Processing file /home/rai/.local/lib/python3.10/site-packages/airflow/example_dags/example_sensor_decorator.py for tasks to queue
[2023-04-07T13:22:33.738-0300] {logging_mixin.py:137} INFO - [2023-04-07T13:22:33.738-0300] {dagbag.py:532} INFO - Filling up the DagBag from /home/rai/.local/lib/python3.10/site-packages/airflow/example_dags/example_sensor_decorator.py
[2023-04-07T13:22:33.864-0300] {processor.py:753} INFO - DAG(s) dict_keys(['example_sensor_decorator']) retrieved from /home/rai/.local/lib/python3.10/site-packages/airflow/example_dags/example_sensor_decorator.py
[2023-04-07T13:22:33.877-0300] {logging_mixin.py:137} INFO - [2023-04-07T13:22:33.877-0300] {dag.py:2705} INFO - Sync 1 DAGs
[2023-04-07T13:22:33.894-0300] {logging_mixin.py:137} INFO - [2023-04-07T13:22:33.894-0300] {dag.py:3452} INFO - Setting next_dagrun for example_sensor_decorator to None, run_after=None
[2023-04-07T13:22:33.916-0300] {processor.py:175} INFO - Processing /home/rai/.local/lib/python3.10/site-packages/airflow/example_dags/example_sensor_decorator.py took 0.188 seconds
[2023-04-07T13:23:27.348-0300] {processor.py:153} INFO - Started process (PID=4777) to work on /home/rai/.local/lib/python3.10/site-packages/airflow/example_dags/example_sensor_decorator.py
[2023-04-07T13:23:27.354-0300] {processor.py:743} INFO - Processing file /home/rai/.local/lib/python3.10/site-packages/airflow/example_dags/example_sensor_decorator.py for tasks to queue
[2023-04-07T13:23:27.355-0300] {logging_mixin.py:137} INFO - [2023-04-07T13:23:27.355-0300] {dagbag.py:532} INFO - Filling up the DagBag from /home/rai/.local/lib/python3.10/site-packages/airflow/example_dags/example_sensor_decorator.py
[2023-04-07T13:23:27.396-0300] {processor.py:753} INFO - DAG(s) dict_keys(['example_sensor_decorator']) retrieved from /home/rai/.local/lib/python3.10/site-packages/airflow/example_dags/example_sensor_decorator.py
[2023-04-07T13:23:27.437-0300] {logging_mixin.py:137} INFO - [2023-04-07T13:23:27.436-0300] {dag.py:2705} INFO - Sync 1 DAGs
[2023-04-07T13:23:27.480-0300] {logging_mixin.py:137} INFO - [2023-04-07T13:23:27.479-0300] {dag.py:3452} INFO - Setting next_dagrun for example_sensor_decorator to None, run_after=None
[2023-04-07T13:23:27.510-0300] {processor.py:175} INFO - Processing /home/rai/.local/lib/python3.10/site-packages/airflow/example_dags/example_sensor_decorator.py took 0.167 seconds
