[2023-04-07T12:23:53.146-0300] {processor.py:153} INFO - Started process (PID=1430) to work on /home/rai/.local/lib/python3.10/site-packages/airflow/example_dags/example_latest_only_with_trigger.py
[2023-04-07T12:23:53.147-0300] {processor.py:743} INFO - Processing file /home/rai/.local/lib/python3.10/site-packages/airflow/example_dags/example_latest_only_with_trigger.py for tasks to queue
[2023-04-07T12:23:53.147-0300] {logging_mixin.py:137} INFO - [2023-04-07T12:23:53.147-0300] {dagbag.py:532} INFO - Filling up the DagBag from /home/rai/.local/lib/python3.10/site-packages/airflow/example_dags/example_latest_only_with_trigger.py
[2023-04-07T12:23:53.157-0300] {processor.py:753} INFO - DAG(s) dict_keys(['latest_only_with_trigger']) retrieved from /home/rai/.local/lib/python3.10/site-packages/airflow/example_dags/example_latest_only_with_trigger.py
[2023-04-07T12:23:53.244-0300] {logging_mixin.py:137} INFO - [2023-04-07T12:23:53.244-0300] {manager.py:504} INFO - Created Permission View: can edit on DAG:latest_only_with_trigger
[2023-04-07T12:23:53.253-0300] {logging_mixin.py:137} INFO - [2023-04-07T12:23:53.253-0300] {manager.py:504} INFO - Created Permission View: can delete on DAG:latest_only_with_trigger
[2023-04-07T12:23:53.262-0300] {logging_mixin.py:137} INFO - [2023-04-07T12:23:53.261-0300] {manager.py:504} INFO - Created Permission View: can read on DAG:latest_only_with_trigger
[2023-04-07T12:23:53.262-0300] {logging_mixin.py:137} INFO - [2023-04-07T12:23:53.262-0300] {dag.py:2705} INFO - Sync 1 DAGs
[2023-04-07T12:23:53.271-0300] {logging_mixin.py:137} INFO - [2023-04-07T12:23:53.271-0300] {dag.py:2726} INFO - Creating ORM DAG for latest_only_with_trigger
[2023-04-07T12:23:53.280-0300] {logging_mixin.py:137} INFO - [2023-04-07T12:23:53.280-0300] {dag.py:3452} INFO - Setting next_dagrun for latest_only_with_trigger to 2023-04-07T11:23:53.280161+00:00, run_after=2023-04-07T15:23:53.280161+00:00
[2023-04-07T12:23:53.298-0300] {processor.py:175} INFO - Processing /home/rai/.local/lib/python3.10/site-packages/airflow/example_dags/example_latest_only_with_trigger.py took 0.154 seconds
[2023-04-07T12:24:38.693-0300] {processor.py:153} INFO - Started process (PID=1478) to work on /home/rai/.local/lib/python3.10/site-packages/airflow/example_dags/example_latest_only_with_trigger.py
[2023-04-07T12:24:38.695-0300] {processor.py:743} INFO - Processing file /home/rai/.local/lib/python3.10/site-packages/airflow/example_dags/example_latest_only_with_trigger.py for tasks to queue
[2023-04-07T12:24:38.696-0300] {logging_mixin.py:137} INFO - [2023-04-07T12:24:38.696-0300] {dagbag.py:532} INFO - Filling up the DagBag from /home/rai/.local/lib/python3.10/site-packages/airflow/example_dags/example_latest_only_with_trigger.py
[2023-04-07T12:24:38.706-0300] {processor.py:753} INFO - DAG(s) dict_keys(['latest_only_with_trigger']) retrieved from /home/rai/.local/lib/python3.10/site-packages/airflow/example_dags/example_latest_only_with_trigger.py
[2023-04-07T12:24:38.722-0300] {logging_mixin.py:137} INFO - [2023-04-07T12:24:38.722-0300] {dag.py:2705} INFO - Sync 1 DAGs
[2023-04-07T12:24:38.739-0300] {logging_mixin.py:137} INFO - [2023-04-07T12:24:38.739-0300] {dag.py:3452} INFO - Setting next_dagrun for latest_only_with_trigger to 2023-04-07T11:24:38.739450+00:00, run_after=2023-04-07T15:24:38.739450+00:00
[2023-04-07T12:24:38.759-0300] {processor.py:175} INFO - Processing /home/rai/.local/lib/python3.10/site-packages/airflow/example_dags/example_latest_only_with_trigger.py took 0.069 seconds
[2023-04-07T12:25:25.267-0300] {processor.py:153} INFO - Started process (PID=1525) to work on /home/rai/.local/lib/python3.10/site-packages/airflow/example_dags/example_latest_only_with_trigger.py
[2023-04-07T12:25:25.272-0300] {processor.py:743} INFO - Processing file /home/rai/.local/lib/python3.10/site-packages/airflow/example_dags/example_latest_only_with_trigger.py for tasks to queue
[2023-04-07T12:25:25.273-0300] {logging_mixin.py:137} INFO - [2023-04-07T12:25:25.273-0300] {dagbag.py:532} INFO - Filling up the DagBag from /home/rai/.local/lib/python3.10/site-packages/airflow/example_dags/example_latest_only_with_trigger.py
[2023-04-07T12:25:25.287-0300] {processor.py:753} INFO - DAG(s) dict_keys(['latest_only_with_trigger']) retrieved from /home/rai/.local/lib/python3.10/site-packages/airflow/example_dags/example_latest_only_with_trigger.py
[2023-04-07T12:25:25.307-0300] {logging_mixin.py:137} INFO - [2023-04-07T12:25:25.306-0300] {dag.py:2705} INFO - Sync 1 DAGs
[2023-04-07T12:25:25.325-0300] {logging_mixin.py:137} INFO - [2023-04-07T12:25:25.325-0300] {dag.py:3452} INFO - Setting next_dagrun for latest_only_with_trigger to 2023-04-07T11:25:25.325584+00:00, run_after=2023-04-07T15:25:25.325584+00:00
[2023-04-07T12:25:25.347-0300] {processor.py:175} INFO - Processing /home/rai/.local/lib/python3.10/site-packages/airflow/example_dags/example_latest_only_with_trigger.py took 0.082 seconds
[2023-04-07T12:26:13.695-0300] {processor.py:153} INFO - Started process (PID=1574) to work on /home/rai/.local/lib/python3.10/site-packages/airflow/example_dags/example_latest_only_with_trigger.py
[2023-04-07T12:26:13.699-0300] {processor.py:743} INFO - Processing file /home/rai/.local/lib/python3.10/site-packages/airflow/example_dags/example_latest_only_with_trigger.py for tasks to queue
[2023-04-07T12:26:13.699-0300] {logging_mixin.py:137} INFO - [2023-04-07T12:26:13.699-0300] {dagbag.py:532} INFO - Filling up the DagBag from /home/rai/.local/lib/python3.10/site-packages/airflow/example_dags/example_latest_only_with_trigger.py
[2023-04-07T12:26:13.710-0300] {processor.py:753} INFO - DAG(s) dict_keys(['latest_only_with_trigger']) retrieved from /home/rai/.local/lib/python3.10/site-packages/airflow/example_dags/example_latest_only_with_trigger.py
[2023-04-07T12:26:13.725-0300] {logging_mixin.py:137} INFO - [2023-04-07T12:26:13.725-0300] {dag.py:2705} INFO - Sync 1 DAGs
[2023-04-07T12:26:13.742-0300] {logging_mixin.py:137} INFO - [2023-04-07T12:26:13.742-0300] {dag.py:3452} INFO - Setting next_dagrun for latest_only_with_trigger to 2023-04-07T11:26:13.742145+00:00, run_after=2023-04-07T15:26:13.742145+00:00
[2023-04-07T12:26:13.762-0300] {processor.py:175} INFO - Processing /home/rai/.local/lib/python3.10/site-packages/airflow/example_dags/example_latest_only_with_trigger.py took 0.070 seconds
[2023-04-07T12:27:02.172-0300] {processor.py:153} INFO - Started process (PID=1623) to work on /home/rai/.local/lib/python3.10/site-packages/airflow/example_dags/example_latest_only_with_trigger.py
[2023-04-07T12:27:02.176-0300] {processor.py:743} INFO - Processing file /home/rai/.local/lib/python3.10/site-packages/airflow/example_dags/example_latest_only_with_trigger.py for tasks to queue
[2023-04-07T12:27:02.177-0300] {logging_mixin.py:137} INFO - [2023-04-07T12:27:02.177-0300] {dagbag.py:532} INFO - Filling up the DagBag from /home/rai/.local/lib/python3.10/site-packages/airflow/example_dags/example_latest_only_with_trigger.py
[2023-04-07T12:27:02.191-0300] {processor.py:753} INFO - DAG(s) dict_keys(['latest_only_with_trigger']) retrieved from /home/rai/.local/lib/python3.10/site-packages/airflow/example_dags/example_latest_only_with_trigger.py
[2023-04-07T12:27:02.206-0300] {logging_mixin.py:137} INFO - [2023-04-07T12:27:02.206-0300] {dag.py:2705} INFO - Sync 1 DAGs
[2023-04-07T12:27:02.223-0300] {logging_mixin.py:137} INFO - [2023-04-07T12:27:02.223-0300] {dag.py:3452} INFO - Setting next_dagrun for latest_only_with_trigger to 2023-04-07T11:27:02.222961+00:00, run_after=2023-04-07T15:27:02.222961+00:00
[2023-04-07T12:27:02.244-0300] {processor.py:175} INFO - Processing /home/rai/.local/lib/python3.10/site-packages/airflow/example_dags/example_latest_only_with_trigger.py took 0.075 seconds
[2023-04-07T12:27:47.752-0300] {processor.py:153} INFO - Started process (PID=1670) to work on /home/rai/.local/lib/python3.10/site-packages/airflow/example_dags/example_latest_only_with_trigger.py
[2023-04-07T12:27:47.756-0300] {processor.py:743} INFO - Processing file /home/rai/.local/lib/python3.10/site-packages/airflow/example_dags/example_latest_only_with_trigger.py for tasks to queue
[2023-04-07T12:27:47.757-0300] {logging_mixin.py:137} INFO - [2023-04-07T12:27:47.756-0300] {dagbag.py:532} INFO - Filling up the DagBag from /home/rai/.local/lib/python3.10/site-packages/airflow/example_dags/example_latest_only_with_trigger.py
[2023-04-07T12:27:47.767-0300] {processor.py:753} INFO - DAG(s) dict_keys(['latest_only_with_trigger']) retrieved from /home/rai/.local/lib/python3.10/site-packages/airflow/example_dags/example_latest_only_with_trigger.py
[2023-04-07T12:27:47.782-0300] {logging_mixin.py:137} INFO - [2023-04-07T12:27:47.782-0300] {dag.py:2705} INFO - Sync 1 DAGs
[2023-04-07T12:27:47.801-0300] {logging_mixin.py:137} INFO - [2023-04-07T12:27:47.801-0300] {dag.py:3452} INFO - Setting next_dagrun for latest_only_with_trigger to 2023-04-07T11:27:47.800904+00:00, run_after=2023-04-07T15:27:47.800904+00:00
[2023-04-07T12:27:47.821-0300] {processor.py:175} INFO - Processing /home/rai/.local/lib/python3.10/site-packages/airflow/example_dags/example_latest_only_with_trigger.py took 0.072 seconds
[2023-04-07T12:28:34.404-0300] {processor.py:153} INFO - Started process (PID=1720) to work on /home/rai/.local/lib/python3.10/site-packages/airflow/example_dags/example_latest_only_with_trigger.py
[2023-04-07T12:28:34.408-0300] {processor.py:743} INFO - Processing file /home/rai/.local/lib/python3.10/site-packages/airflow/example_dags/example_latest_only_with_trigger.py for tasks to queue
[2023-04-07T12:28:34.409-0300] {logging_mixin.py:137} INFO - [2023-04-07T12:28:34.409-0300] {dagbag.py:532} INFO - Filling up the DagBag from /home/rai/.local/lib/python3.10/site-packages/airflow/example_dags/example_latest_only_with_trigger.py
[2023-04-07T12:28:34.419-0300] {processor.py:753} INFO - DAG(s) dict_keys(['latest_only_with_trigger']) retrieved from /home/rai/.local/lib/python3.10/site-packages/airflow/example_dags/example_latest_only_with_trigger.py
[2023-04-07T12:28:34.434-0300] {logging_mixin.py:137} INFO - [2023-04-07T12:28:34.434-0300] {dag.py:2705} INFO - Sync 1 DAGs
[2023-04-07T12:28:34.452-0300] {logging_mixin.py:137} INFO - [2023-04-07T12:28:34.452-0300] {dag.py:3452} INFO - Setting next_dagrun for latest_only_with_trigger to 2023-04-07T11:28:34.452600+00:00, run_after=2023-04-07T15:28:34.452600+00:00
[2023-04-07T12:28:34.472-0300] {processor.py:175} INFO - Processing /home/rai/.local/lib/python3.10/site-packages/airflow/example_dags/example_latest_only_with_trigger.py took 0.070 seconds
[2023-04-07T12:29:30.191-0300] {processor.py:153} INFO - Started process (PID=1773) to work on /home/rai/.local/lib/python3.10/site-packages/airflow/example_dags/example_latest_only_with_trigger.py
[2023-04-07T12:29:30.196-0300] {processor.py:743} INFO - Processing file /home/rai/.local/lib/python3.10/site-packages/airflow/example_dags/example_latest_only_with_trigger.py for tasks to queue
[2023-04-07T12:29:30.198-0300] {logging_mixin.py:137} INFO - [2023-04-07T12:29:30.197-0300] {dagbag.py:532} INFO - Filling up the DagBag from /home/rai/.local/lib/python3.10/site-packages/airflow/example_dags/example_latest_only_with_trigger.py
[2023-04-07T12:29:30.221-0300] {processor.py:753} INFO - DAG(s) dict_keys(['latest_only_with_trigger']) retrieved from /home/rai/.local/lib/python3.10/site-packages/airflow/example_dags/example_latest_only_with_trigger.py
[2023-04-07T12:29:30.248-0300] {logging_mixin.py:137} INFO - [2023-04-07T12:29:30.248-0300] {dag.py:2705} INFO - Sync 1 DAGs
[2023-04-07T12:29:30.269-0300] {logging_mixin.py:137} INFO - [2023-04-07T12:29:30.269-0300] {dag.py:3452} INFO - Setting next_dagrun for latest_only_with_trigger to 2023-04-07T11:29:30.269028+00:00, run_after=2023-04-07T15:29:30.269028+00:00
[2023-04-07T12:29:30.298-0300] {processor.py:175} INFO - Processing /home/rai/.local/lib/python3.10/site-packages/airflow/example_dags/example_latest_only_with_trigger.py took 0.112 seconds
[2023-04-07T12:30:18.201-0300] {processor.py:153} INFO - Started process (PID=1822) to work on /home/rai/.local/lib/python3.10/site-packages/airflow/example_dags/example_latest_only_with_trigger.py
[2023-04-07T12:30:18.203-0300] {processor.py:743} INFO - Processing file /home/rai/.local/lib/python3.10/site-packages/airflow/example_dags/example_latest_only_with_trigger.py for tasks to queue
[2023-04-07T12:30:18.204-0300] {logging_mixin.py:137} INFO - [2023-04-07T12:30:18.204-0300] {dagbag.py:532} INFO - Filling up the DagBag from /home/rai/.local/lib/python3.10/site-packages/airflow/example_dags/example_latest_only_with_trigger.py
[2023-04-07T12:30:18.225-0300] {processor.py:753} INFO - DAG(s) dict_keys(['latest_only_with_trigger']) retrieved from /home/rai/.local/lib/python3.10/site-packages/airflow/example_dags/example_latest_only_with_trigger.py
[2023-04-07T12:30:18.249-0300] {logging_mixin.py:137} INFO - [2023-04-07T12:30:18.248-0300] {dag.py:2705} INFO - Sync 1 DAGs
[2023-04-07T12:30:18.270-0300] {logging_mixin.py:137} INFO - [2023-04-07T12:30:18.269-0300] {dag.py:3452} INFO - Setting next_dagrun for latest_only_with_trigger to 2023-04-07T11:30:18.269718+00:00, run_after=2023-04-07T15:30:18.269718+00:00
[2023-04-07T12:30:18.293-0300] {processor.py:175} INFO - Processing /home/rai/.local/lib/python3.10/site-packages/airflow/example_dags/example_latest_only_with_trigger.py took 0.097 seconds
[2023-04-07T12:31:15.892-0300] {processor.py:153} INFO - Started process (PID=1876) to work on /home/rai/.local/lib/python3.10/site-packages/airflow/example_dags/example_latest_only_with_trigger.py
[2023-04-07T12:31:15.894-0300] {processor.py:743} INFO - Processing file /home/rai/.local/lib/python3.10/site-packages/airflow/example_dags/example_latest_only_with_trigger.py for tasks to queue
[2023-04-07T12:31:15.896-0300] {logging_mixin.py:137} INFO - [2023-04-07T12:31:15.895-0300] {dagbag.py:532} INFO - Filling up the DagBag from /home/rai/.local/lib/python3.10/site-packages/airflow/example_dags/example_latest_only_with_trigger.py
[2023-04-07T12:31:15.918-0300] {processor.py:753} INFO - DAG(s) dict_keys(['latest_only_with_trigger']) retrieved from /home/rai/.local/lib/python3.10/site-packages/airflow/example_dags/example_latest_only_with_trigger.py
[2023-04-07T12:31:15.940-0300] {logging_mixin.py:137} INFO - [2023-04-07T12:31:15.940-0300] {dag.py:2705} INFO - Sync 1 DAGs
[2023-04-07T12:31:15.961-0300] {logging_mixin.py:137} INFO - [2023-04-07T12:31:15.961-0300] {dag.py:3452} INFO - Setting next_dagrun for latest_only_with_trigger to 2023-04-07T11:31:15.961226+00:00, run_after=2023-04-07T15:31:15.961226+00:00
[2023-04-07T12:31:15.992-0300] {processor.py:175} INFO - Processing /home/rai/.local/lib/python3.10/site-packages/airflow/example_dags/example_latest_only_with_trigger.py took 0.106 seconds
[2023-04-07T12:31:58.003-0300] {processor.py:153} INFO - Started process (PID=1918) to work on /home/rai/.local/lib/python3.10/site-packages/airflow/example_dags/example_latest_only_with_trigger.py
[2023-04-07T12:31:58.007-0300] {processor.py:743} INFO - Processing file /home/rai/.local/lib/python3.10/site-packages/airflow/example_dags/example_latest_only_with_trigger.py for tasks to queue
[2023-04-07T12:31:58.008-0300] {logging_mixin.py:137} INFO - [2023-04-07T12:31:58.008-0300] {dagbag.py:532} INFO - Filling up the DagBag from /home/rai/.local/lib/python3.10/site-packages/airflow/example_dags/example_latest_only_with_trigger.py
[2023-04-07T12:31:58.018-0300] {processor.py:753} INFO - DAG(s) dict_keys(['latest_only_with_trigger']) retrieved from /home/rai/.local/lib/python3.10/site-packages/airflow/example_dags/example_latest_only_with_trigger.py
[2023-04-07T12:31:58.035-0300] {logging_mixin.py:137} INFO - [2023-04-07T12:31:58.035-0300] {dag.py:2705} INFO - Sync 1 DAGs
[2023-04-07T12:31:58.055-0300] {logging_mixin.py:137} INFO - [2023-04-07T12:31:58.053-0300] {dag.py:3452} INFO - Setting next_dagrun for latest_only_with_trigger to 2023-04-07T11:31:58.053532+00:00, run_after=2023-04-07T15:31:58.053532+00:00
[2023-04-07T12:31:58.076-0300] {processor.py:175} INFO - Processing /home/rai/.local/lib/python3.10/site-packages/airflow/example_dags/example_latest_only_with_trigger.py took 0.075 seconds
[2023-04-07T12:32:48.742-0300] {processor.py:153} INFO - Started process (PID=1967) to work on /home/rai/.local/lib/python3.10/site-packages/airflow/example_dags/example_latest_only_with_trigger.py
[2023-04-07T12:32:48.744-0300] {processor.py:743} INFO - Processing file /home/rai/.local/lib/python3.10/site-packages/airflow/example_dags/example_latest_only_with_trigger.py for tasks to queue
[2023-04-07T12:32:48.745-0300] {logging_mixin.py:137} INFO - [2023-04-07T12:32:48.745-0300] {dagbag.py:532} INFO - Filling up the DagBag from /home/rai/.local/lib/python3.10/site-packages/airflow/example_dags/example_latest_only_with_trigger.py
[2023-04-07T12:32:48.766-0300] {processor.py:753} INFO - DAG(s) dict_keys(['latest_only_with_trigger']) retrieved from /home/rai/.local/lib/python3.10/site-packages/airflow/example_dags/example_latest_only_with_trigger.py
[2023-04-07T12:32:48.790-0300] {logging_mixin.py:137} INFO - [2023-04-07T12:32:48.790-0300] {dag.py:2705} INFO - Sync 1 DAGs
[2023-04-07T12:32:48.814-0300] {logging_mixin.py:137} INFO - [2023-04-07T12:32:48.813-0300] {dag.py:3452} INFO - Setting next_dagrun for latest_only_with_trigger to 2023-04-07T11:32:48.813313+00:00, run_after=2023-04-07T15:32:48.813313+00:00
[2023-04-07T12:32:48.845-0300] {processor.py:175} INFO - Processing /home/rai/.local/lib/python3.10/site-packages/airflow/example_dags/example_latest_only_with_trigger.py took 0.109 seconds
[2023-04-07T12:33:41.301-0300] {processor.py:153} INFO - Started process (PID=2019) to work on /home/rai/.local/lib/python3.10/site-packages/airflow/example_dags/example_latest_only_with_trigger.py
[2023-04-07T12:33:41.303-0300] {processor.py:743} INFO - Processing file /home/rai/.local/lib/python3.10/site-packages/airflow/example_dags/example_latest_only_with_trigger.py for tasks to queue
[2023-04-07T12:33:41.304-0300] {logging_mixin.py:137} INFO - [2023-04-07T12:33:41.304-0300] {dagbag.py:532} INFO - Filling up the DagBag from /home/rai/.local/lib/python3.10/site-packages/airflow/example_dags/example_latest_only_with_trigger.py
[2023-04-07T12:33:41.321-0300] {processor.py:753} INFO - DAG(s) dict_keys(['latest_only_with_trigger']) retrieved from /home/rai/.local/lib/python3.10/site-packages/airflow/example_dags/example_latest_only_with_trigger.py
[2023-04-07T12:33:41.343-0300] {logging_mixin.py:137} INFO - [2023-04-07T12:33:41.343-0300] {dag.py:2705} INFO - Sync 1 DAGs
[2023-04-07T12:33:41.364-0300] {logging_mixin.py:137} INFO - [2023-04-07T12:33:41.364-0300] {dag.py:3452} INFO - Setting next_dagrun for latest_only_with_trigger to 2023-04-07T11:33:41.364404+00:00, run_after=2023-04-07T15:33:41.364404+00:00
[2023-04-07T12:33:41.394-0300] {processor.py:175} INFO - Processing /home/rai/.local/lib/python3.10/site-packages/airflow/example_dags/example_latest_only_with_trigger.py took 0.097 seconds
[2023-04-07T12:34:24.716-0300] {processor.py:153} INFO - Started process (PID=2061) to work on /home/rai/.local/lib/python3.10/site-packages/airflow/example_dags/example_latest_only_with_trigger.py
[2023-04-07T12:34:24.717-0300] {processor.py:743} INFO - Processing file /home/rai/.local/lib/python3.10/site-packages/airflow/example_dags/example_latest_only_with_trigger.py for tasks to queue
[2023-04-07T12:34:24.718-0300] {logging_mixin.py:137} INFO - [2023-04-07T12:34:24.718-0300] {dagbag.py:532} INFO - Filling up the DagBag from /home/rai/.local/lib/python3.10/site-packages/airflow/example_dags/example_latest_only_with_trigger.py
[2023-04-07T12:34:24.728-0300] {processor.py:753} INFO - DAG(s) dict_keys(['latest_only_with_trigger']) retrieved from /home/rai/.local/lib/python3.10/site-packages/airflow/example_dags/example_latest_only_with_trigger.py
[2023-04-07T12:34:24.744-0300] {logging_mixin.py:137} INFO - [2023-04-07T12:34:24.744-0300] {dag.py:2705} INFO - Sync 1 DAGs
[2023-04-07T12:34:24.764-0300] {logging_mixin.py:137} INFO - [2023-04-07T12:34:24.764-0300] {dag.py:3452} INFO - Setting next_dagrun for latest_only_with_trigger to 2023-04-07T11:34:24.764506+00:00, run_after=2023-04-07T15:34:24.764506+00:00
[2023-04-07T12:34:24.785-0300] {processor.py:175} INFO - Processing /home/rai/.local/lib/python3.10/site-packages/airflow/example_dags/example_latest_only_with_trigger.py took 0.072 seconds
[2023-04-07T12:35:14.848-0300] {processor.py:153} INFO - Started process (PID=2111) to work on /home/rai/.local/lib/python3.10/site-packages/airflow/example_dags/example_latest_only_with_trigger.py
[2023-04-07T12:35:14.852-0300] {processor.py:743} INFO - Processing file /home/rai/.local/lib/python3.10/site-packages/airflow/example_dags/example_latest_only_with_trigger.py for tasks to queue
[2023-04-07T12:35:14.853-0300] {logging_mixin.py:137} INFO - [2023-04-07T12:35:14.853-0300] {dagbag.py:532} INFO - Filling up the DagBag from /home/rai/.local/lib/python3.10/site-packages/airflow/example_dags/example_latest_only_with_trigger.py
[2023-04-07T12:35:14.864-0300] {processor.py:753} INFO - DAG(s) dict_keys(['latest_only_with_trigger']) retrieved from /home/rai/.local/lib/python3.10/site-packages/airflow/example_dags/example_latest_only_with_trigger.py
[2023-04-07T12:35:14.879-0300] {logging_mixin.py:137} INFO - [2023-04-07T12:35:14.879-0300] {dag.py:2705} INFO - Sync 1 DAGs
[2023-04-07T12:35:14.895-0300] {logging_mixin.py:137} INFO - [2023-04-07T12:35:14.895-0300] {dag.py:3452} INFO - Setting next_dagrun for latest_only_with_trigger to 2023-04-07T11:35:14.895520+00:00, run_after=2023-04-07T15:35:14.895520+00:00
[2023-04-07T12:35:14.917-0300] {processor.py:175} INFO - Processing /home/rai/.local/lib/python3.10/site-packages/airflow/example_dags/example_latest_only_with_trigger.py took 0.071 seconds
[2023-04-07T12:36:04.986-0300] {processor.py:153} INFO - Started process (PID=2161) to work on /home/rai/.local/lib/python3.10/site-packages/airflow/example_dags/example_latest_only_with_trigger.py
[2023-04-07T12:36:04.987-0300] {processor.py:743} INFO - Processing file /home/rai/.local/lib/python3.10/site-packages/airflow/example_dags/example_latest_only_with_trigger.py for tasks to queue
[2023-04-07T12:36:04.988-0300] {logging_mixin.py:137} INFO - [2023-04-07T12:36:04.988-0300] {dagbag.py:532} INFO - Filling up the DagBag from /home/rai/.local/lib/python3.10/site-packages/airflow/example_dags/example_latest_only_with_trigger.py
[2023-04-07T12:36:04.997-0300] {processor.py:753} INFO - DAG(s) dict_keys(['latest_only_with_trigger']) retrieved from /home/rai/.local/lib/python3.10/site-packages/airflow/example_dags/example_latest_only_with_trigger.py
[2023-04-07T12:36:05.013-0300] {logging_mixin.py:137} INFO - [2023-04-07T12:36:05.013-0300] {dag.py:2705} INFO - Sync 1 DAGs
[2023-04-07T12:36:05.030-0300] {logging_mixin.py:137} INFO - [2023-04-07T12:36:05.030-0300] {dag.py:3452} INFO - Setting next_dagrun for latest_only_with_trigger to 2023-04-07T11:36:05.029838+00:00, run_after=2023-04-07T15:36:05.029838+00:00
[2023-04-07T12:36:05.051-0300] {processor.py:175} INFO - Processing /home/rai/.local/lib/python3.10/site-packages/airflow/example_dags/example_latest_only_with_trigger.py took 0.067 seconds
[2023-04-07T12:36:51.394-0300] {processor.py:153} INFO - Started process (PID=2210) to work on /home/rai/.local/lib/python3.10/site-packages/airflow/example_dags/example_latest_only_with_trigger.py
[2023-04-07T12:36:51.395-0300] {processor.py:743} INFO - Processing file /home/rai/.local/lib/python3.10/site-packages/airflow/example_dags/example_latest_only_with_trigger.py for tasks to queue
[2023-04-07T12:36:51.395-0300] {logging_mixin.py:137} INFO - [2023-04-07T12:36:51.395-0300] {dagbag.py:532} INFO - Filling up the DagBag from /home/rai/.local/lib/python3.10/site-packages/airflow/example_dags/example_latest_only_with_trigger.py
[2023-04-07T12:36:51.405-0300] {processor.py:753} INFO - DAG(s) dict_keys(['latest_only_with_trigger']) retrieved from /home/rai/.local/lib/python3.10/site-packages/airflow/example_dags/example_latest_only_with_trigger.py
[2023-04-07T12:36:51.421-0300] {logging_mixin.py:137} INFO - [2023-04-07T12:36:51.421-0300] {dag.py:2705} INFO - Sync 1 DAGs
[2023-04-07T12:36:51.439-0300] {logging_mixin.py:137} INFO - [2023-04-07T12:36:51.438-0300] {dag.py:3452} INFO - Setting next_dagrun for latest_only_with_trigger to 2023-04-07T11:36:51.438662+00:00, run_after=2023-04-07T15:36:51.438662+00:00
[2023-04-07T12:36:51.458-0300] {processor.py:175} INFO - Processing /home/rai/.local/lib/python3.10/site-packages/airflow/example_dags/example_latest_only_with_trigger.py took 0.067 seconds
[2023-04-07T12:37:31.820-0300] {processor.py:153} INFO - Started process (PID=2252) to work on /home/rai/.local/lib/python3.10/site-packages/airflow/example_dags/example_latest_only_with_trigger.py
[2023-04-07T12:37:31.825-0300] {processor.py:743} INFO - Processing file /home/rai/.local/lib/python3.10/site-packages/airflow/example_dags/example_latest_only_with_trigger.py for tasks to queue
[2023-04-07T12:37:31.825-0300] {logging_mixin.py:137} INFO - [2023-04-07T12:37:31.825-0300] {dagbag.py:532} INFO - Filling up the DagBag from /home/rai/.local/lib/python3.10/site-packages/airflow/example_dags/example_latest_only_with_trigger.py
[2023-04-07T12:37:31.836-0300] {processor.py:753} INFO - DAG(s) dict_keys(['latest_only_with_trigger']) retrieved from /home/rai/.local/lib/python3.10/site-packages/airflow/example_dags/example_latest_only_with_trigger.py
[2023-04-07T12:37:31.853-0300] {logging_mixin.py:137} INFO - [2023-04-07T12:37:31.853-0300] {dag.py:2705} INFO - Sync 1 DAGs
[2023-04-07T12:37:31.870-0300] {logging_mixin.py:137} INFO - [2023-04-07T12:37:31.870-0300] {dag.py:3452} INFO - Setting next_dagrun for latest_only_with_trigger to 2023-04-07T11:37:31.870623+00:00, run_after=2023-04-07T15:37:31.870623+00:00
[2023-04-07T12:37:31.891-0300] {processor.py:175} INFO - Processing /home/rai/.local/lib/python3.10/site-packages/airflow/example_dags/example_latest_only_with_trigger.py took 0.073 seconds
[2023-04-07T12:38:17.963-0300] {processor.py:153} INFO - Started process (PID=2300) to work on /home/rai/.local/lib/python3.10/site-packages/airflow/example_dags/example_latest_only_with_trigger.py
[2023-04-07T12:38:17.964-0300] {processor.py:743} INFO - Processing file /home/rai/.local/lib/python3.10/site-packages/airflow/example_dags/example_latest_only_with_trigger.py for tasks to queue
[2023-04-07T12:38:17.965-0300] {logging_mixin.py:137} INFO - [2023-04-07T12:38:17.965-0300] {dagbag.py:532} INFO - Filling up the DagBag from /home/rai/.local/lib/python3.10/site-packages/airflow/example_dags/example_latest_only_with_trigger.py
[2023-04-07T12:38:17.975-0300] {processor.py:753} INFO - DAG(s) dict_keys(['latest_only_with_trigger']) retrieved from /home/rai/.local/lib/python3.10/site-packages/airflow/example_dags/example_latest_only_with_trigger.py
[2023-04-07T12:38:17.992-0300] {logging_mixin.py:137} INFO - [2023-04-07T12:38:17.992-0300] {dag.py:2705} INFO - Sync 1 DAGs
[2023-04-07T12:38:18.009-0300] {logging_mixin.py:137} INFO - [2023-04-07T12:38:18.009-0300] {dag.py:3452} INFO - Setting next_dagrun for latest_only_with_trigger to 2023-04-07T11:38:18.009106+00:00, run_after=2023-04-07T15:38:18.009106+00:00
[2023-04-07T12:38:18.028-0300] {processor.py:175} INFO - Processing /home/rai/.local/lib/python3.10/site-packages/airflow/example_dags/example_latest_only_with_trigger.py took 0.068 seconds
[2023-04-07T12:39:02.735-0300] {processor.py:153} INFO - Started process (PID=2345) to work on /home/rai/.local/lib/python3.10/site-packages/airflow/example_dags/example_latest_only_with_trigger.py
[2023-04-07T12:39:02.739-0300] {processor.py:743} INFO - Processing file /home/rai/.local/lib/python3.10/site-packages/airflow/example_dags/example_latest_only_with_trigger.py for tasks to queue
[2023-04-07T12:39:02.740-0300] {logging_mixin.py:137} INFO - [2023-04-07T12:39:02.740-0300] {dagbag.py:532} INFO - Filling up the DagBag from /home/rai/.local/lib/python3.10/site-packages/airflow/example_dags/example_latest_only_with_trigger.py
[2023-04-07T12:39:02.751-0300] {processor.py:753} INFO - DAG(s) dict_keys(['latest_only_with_trigger']) retrieved from /home/rai/.local/lib/python3.10/site-packages/airflow/example_dags/example_latest_only_with_trigger.py
[2023-04-07T12:39:02.767-0300] {logging_mixin.py:137} INFO - [2023-04-07T12:39:02.767-0300] {dag.py:2705} INFO - Sync 1 DAGs
[2023-04-07T12:39:02.784-0300] {logging_mixin.py:137} INFO - [2023-04-07T12:39:02.784-0300] {dag.py:3452} INFO - Setting next_dagrun for latest_only_with_trigger to 2023-04-07T11:39:02.783927+00:00, run_after=2023-04-07T15:39:02.783927+00:00
[2023-04-07T12:39:02.803-0300] {processor.py:175} INFO - Processing /home/rai/.local/lib/python3.10/site-packages/airflow/example_dags/example_latest_only_with_trigger.py took 0.071 seconds
[2023-04-07T12:39:51.298-0300] {processor.py:153} INFO - Started process (PID=2394) to work on /home/rai/.local/lib/python3.10/site-packages/airflow/example_dags/example_latest_only_with_trigger.py
[2023-04-07T12:39:51.303-0300] {processor.py:743} INFO - Processing file /home/rai/.local/lib/python3.10/site-packages/airflow/example_dags/example_latest_only_with_trigger.py for tasks to queue
[2023-04-07T12:39:51.303-0300] {logging_mixin.py:137} INFO - [2023-04-07T12:39:51.303-0300] {dagbag.py:532} INFO - Filling up the DagBag from /home/rai/.local/lib/python3.10/site-packages/airflow/example_dags/example_latest_only_with_trigger.py
[2023-04-07T12:39:51.313-0300] {processor.py:753} INFO - DAG(s) dict_keys(['latest_only_with_trigger']) retrieved from /home/rai/.local/lib/python3.10/site-packages/airflow/example_dags/example_latest_only_with_trigger.py
[2023-04-07T12:39:51.329-0300] {logging_mixin.py:137} INFO - [2023-04-07T12:39:51.329-0300] {dag.py:2705} INFO - Sync 1 DAGs
[2023-04-07T12:39:51.346-0300] {logging_mixin.py:137} INFO - [2023-04-07T12:39:51.346-0300] {dag.py:3452} INFO - Setting next_dagrun for latest_only_with_trigger to 2023-04-07T11:39:51.346444+00:00, run_after=2023-04-07T15:39:51.346444+00:00
[2023-04-07T12:39:51.369-0300] {processor.py:175} INFO - Processing /home/rai/.local/lib/python3.10/site-packages/airflow/example_dags/example_latest_only_with_trigger.py took 0.073 seconds
[2023-04-07T12:40:45.006-0300] {processor.py:153} INFO - Started process (PID=2446) to work on /home/rai/.local/lib/python3.10/site-packages/airflow/example_dags/example_latest_only_with_trigger.py
[2023-04-07T12:40:45.011-0300] {processor.py:743} INFO - Processing file /home/rai/.local/lib/python3.10/site-packages/airflow/example_dags/example_latest_only_with_trigger.py for tasks to queue
[2023-04-07T12:40:45.012-0300] {logging_mixin.py:137} INFO - [2023-04-07T12:40:45.012-0300] {dagbag.py:532} INFO - Filling up the DagBag from /home/rai/.local/lib/python3.10/site-packages/airflow/example_dags/example_latest_only_with_trigger.py
[2023-04-07T12:40:45.023-0300] {processor.py:753} INFO - DAG(s) dict_keys(['latest_only_with_trigger']) retrieved from /home/rai/.local/lib/python3.10/site-packages/airflow/example_dags/example_latest_only_with_trigger.py
[2023-04-07T12:40:45.039-0300] {logging_mixin.py:137} INFO - [2023-04-07T12:40:45.038-0300] {dag.py:2705} INFO - Sync 1 DAGs
[2023-04-07T12:40:45.056-0300] {logging_mixin.py:137} INFO - [2023-04-07T12:40:45.056-0300] {dag.py:3452} INFO - Setting next_dagrun for latest_only_with_trigger to 2023-04-07T11:40:45.056629+00:00, run_after=2023-04-07T15:40:45.056629+00:00
[2023-04-07T12:40:45.155-0300] {processor.py:175} INFO - Processing /home/rai/.local/lib/python3.10/site-packages/airflow/example_dags/example_latest_only_with_trigger.py took 0.152 seconds
[2023-04-07T12:41:37.465-0300] {processor.py:153} INFO - Started process (PID=2498) to work on /home/rai/.local/lib/python3.10/site-packages/airflow/example_dags/example_latest_only_with_trigger.py
[2023-04-07T12:41:37.466-0300] {processor.py:743} INFO - Processing file /home/rai/.local/lib/python3.10/site-packages/airflow/example_dags/example_latest_only_with_trigger.py for tasks to queue
[2023-04-07T12:41:37.467-0300] {logging_mixin.py:137} INFO - [2023-04-07T12:41:37.467-0300] {dagbag.py:532} INFO - Filling up the DagBag from /home/rai/.local/lib/python3.10/site-packages/airflow/example_dags/example_latest_only_with_trigger.py
[2023-04-07T12:41:37.477-0300] {processor.py:753} INFO - DAG(s) dict_keys(['latest_only_with_trigger']) retrieved from /home/rai/.local/lib/python3.10/site-packages/airflow/example_dags/example_latest_only_with_trigger.py
[2023-04-07T12:41:37.492-0300] {logging_mixin.py:137} INFO - [2023-04-07T12:41:37.492-0300] {dag.py:2705} INFO - Sync 1 DAGs
[2023-04-07T12:41:37.589-0300] {logging_mixin.py:137} INFO - [2023-04-07T12:41:37.589-0300] {dag.py:3452} INFO - Setting next_dagrun for latest_only_with_trigger to 2023-04-07T11:41:37.588892+00:00, run_after=2023-04-07T15:41:37.588892+00:00
[2023-04-07T12:41:37.608-0300] {processor.py:175} INFO - Processing /home/rai/.local/lib/python3.10/site-packages/airflow/example_dags/example_latest_only_with_trigger.py took 0.146 seconds
[2023-04-07T12:42:35.836-0300] {processor.py:153} INFO - Started process (PID=2553) to work on /home/rai/.local/lib/python3.10/site-packages/airflow/example_dags/example_latest_only_with_trigger.py
[2023-04-07T12:42:35.841-0300] {processor.py:743} INFO - Processing file /home/rai/.local/lib/python3.10/site-packages/airflow/example_dags/example_latest_only_with_trigger.py for tasks to queue
[2023-04-07T12:42:35.842-0300] {logging_mixin.py:137} INFO - [2023-04-07T12:42:35.842-0300] {dagbag.py:532} INFO - Filling up the DagBag from /home/rai/.local/lib/python3.10/site-packages/airflow/example_dags/example_latest_only_with_trigger.py
[2023-04-07T12:42:35.852-0300] {processor.py:753} INFO - DAG(s) dict_keys(['latest_only_with_trigger']) retrieved from /home/rai/.local/lib/python3.10/site-packages/airflow/example_dags/example_latest_only_with_trigger.py
[2023-04-07T12:42:35.868-0300] {logging_mixin.py:137} INFO - [2023-04-07T12:42:35.867-0300] {dag.py:2705} INFO - Sync 1 DAGs
[2023-04-07T12:42:35.884-0300] {logging_mixin.py:137} INFO - [2023-04-07T12:42:35.884-0300] {dag.py:3452} INFO - Setting next_dagrun for latest_only_with_trigger to 2023-04-07T11:42:35.884581+00:00, run_after=2023-04-07T15:42:35.884581+00:00
[2023-04-07T12:42:35.907-0300] {processor.py:175} INFO - Processing /home/rai/.local/lib/python3.10/site-packages/airflow/example_dags/example_latest_only_with_trigger.py took 0.073 seconds
[2023-04-07T12:43:21.242-0300] {processor.py:153} INFO - Started process (PID=2600) to work on /home/rai/.local/lib/python3.10/site-packages/airflow/example_dags/example_latest_only_with_trigger.py
[2023-04-07T12:43:21.244-0300] {processor.py:743} INFO - Processing file /home/rai/.local/lib/python3.10/site-packages/airflow/example_dags/example_latest_only_with_trigger.py for tasks to queue
[2023-04-07T12:43:21.244-0300] {logging_mixin.py:137} INFO - [2023-04-07T12:43:21.244-0300] {dagbag.py:532} INFO - Filling up the DagBag from /home/rai/.local/lib/python3.10/site-packages/airflow/example_dags/example_latest_only_with_trigger.py
[2023-04-07T12:43:21.256-0300] {processor.py:753} INFO - DAG(s) dict_keys(['latest_only_with_trigger']) retrieved from /home/rai/.local/lib/python3.10/site-packages/airflow/example_dags/example_latest_only_with_trigger.py
[2023-04-07T12:43:21.271-0300] {logging_mixin.py:137} INFO - [2023-04-07T12:43:21.271-0300] {dag.py:2705} INFO - Sync 1 DAGs
[2023-04-07T12:43:21.288-0300] {logging_mixin.py:137} INFO - [2023-04-07T12:43:21.288-0300] {dag.py:3452} INFO - Setting next_dagrun for latest_only_with_trigger to 2023-04-07T11:43:21.288157+00:00, run_after=2023-04-07T15:43:21.288157+00:00
[2023-04-07T12:43:21.308-0300] {processor.py:175} INFO - Processing /home/rai/.local/lib/python3.10/site-packages/airflow/example_dags/example_latest_only_with_trigger.py took 0.068 seconds
[2023-04-07T12:44:10.061-0300] {processor.py:153} INFO - Started process (PID=2649) to work on /home/rai/.local/lib/python3.10/site-packages/airflow/example_dags/example_latest_only_with_trigger.py
[2023-04-07T12:44:10.066-0300] {processor.py:743} INFO - Processing file /home/rai/.local/lib/python3.10/site-packages/airflow/example_dags/example_latest_only_with_trigger.py for tasks to queue
[2023-04-07T12:44:10.067-0300] {logging_mixin.py:137} INFO - [2023-04-07T12:44:10.067-0300] {dagbag.py:532} INFO - Filling up the DagBag from /home/rai/.local/lib/python3.10/site-packages/airflow/example_dags/example_latest_only_with_trigger.py
[2023-04-07T12:44:10.077-0300] {processor.py:753} INFO - DAG(s) dict_keys(['latest_only_with_trigger']) retrieved from /home/rai/.local/lib/python3.10/site-packages/airflow/example_dags/example_latest_only_with_trigger.py
[2023-04-07T12:44:10.093-0300] {logging_mixin.py:137} INFO - [2023-04-07T12:44:10.093-0300] {dag.py:2705} INFO - Sync 1 DAGs
[2023-04-07T12:44:10.109-0300] {logging_mixin.py:137} INFO - [2023-04-07T12:44:10.109-0300] {dag.py:3452} INFO - Setting next_dagrun for latest_only_with_trigger to 2023-04-07T11:44:10.109401+00:00, run_after=2023-04-07T15:44:10.109401+00:00
[2023-04-07T12:44:10.133-0300] {processor.py:175} INFO - Processing /home/rai/.local/lib/python3.10/site-packages/airflow/example_dags/example_latest_only_with_trigger.py took 0.073 seconds
[2023-04-07T12:45:05.520-0300] {processor.py:153} INFO - Started process (PID=2702) to work on /home/rai/.local/lib/python3.10/site-packages/airflow/example_dags/example_latest_only_with_trigger.py
[2023-04-07T12:45:05.526-0300] {processor.py:743} INFO - Processing file /home/rai/.local/lib/python3.10/site-packages/airflow/example_dags/example_latest_only_with_trigger.py for tasks to queue
[2023-04-07T12:45:05.527-0300] {logging_mixin.py:137} INFO - [2023-04-07T12:45:05.526-0300] {dagbag.py:532} INFO - Filling up the DagBag from /home/rai/.local/lib/python3.10/site-packages/airflow/example_dags/example_latest_only_with_trigger.py
[2023-04-07T12:45:05.537-0300] {processor.py:753} INFO - DAG(s) dict_keys(['latest_only_with_trigger']) retrieved from /home/rai/.local/lib/python3.10/site-packages/airflow/example_dags/example_latest_only_with_trigger.py
[2023-04-07T12:45:05.553-0300] {logging_mixin.py:137} INFO - [2023-04-07T12:45:05.553-0300] {dag.py:2705} INFO - Sync 1 DAGs
[2023-04-07T12:45:05.570-0300] {logging_mixin.py:137} INFO - [2023-04-07T12:45:05.570-0300] {dag.py:3452} INFO - Setting next_dagrun for latest_only_with_trigger to 2023-04-07T11:45:05.570412+00:00, run_after=2023-04-07T15:45:05.570412+00:00
[2023-04-07T12:45:05.670-0300] {processor.py:175} INFO - Processing /home/rai/.local/lib/python3.10/site-packages/airflow/example_dags/example_latest_only_with_trigger.py took 0.152 seconds
[2023-04-07T12:46:00.370-0300] {processor.py:153} INFO - Started process (PID=2756) to work on /home/rai/.local/lib/python3.10/site-packages/airflow/example_dags/example_latest_only_with_trigger.py
[2023-04-07T12:46:00.375-0300] {processor.py:743} INFO - Processing file /home/rai/.local/lib/python3.10/site-packages/airflow/example_dags/example_latest_only_with_trigger.py for tasks to queue
[2023-04-07T12:46:00.375-0300] {logging_mixin.py:137} INFO - [2023-04-07T12:46:00.375-0300] {dagbag.py:532} INFO - Filling up the DagBag from /home/rai/.local/lib/python3.10/site-packages/airflow/example_dags/example_latest_only_with_trigger.py
[2023-04-07T12:46:00.386-0300] {processor.py:753} INFO - DAG(s) dict_keys(['latest_only_with_trigger']) retrieved from /home/rai/.local/lib/python3.10/site-packages/airflow/example_dags/example_latest_only_with_trigger.py
[2023-04-07T12:46:00.401-0300] {logging_mixin.py:137} INFO - [2023-04-07T12:46:00.401-0300] {dag.py:2705} INFO - Sync 1 DAGs
[2023-04-07T12:46:00.496-0300] {logging_mixin.py:137} INFO - [2023-04-07T12:46:00.496-0300] {dag.py:3452} INFO - Setting next_dagrun for latest_only_with_trigger to 2023-04-07T11:46:00.496456+00:00, run_after=2023-04-07T15:46:00.496456+00:00
[2023-04-07T12:46:00.517-0300] {processor.py:175} INFO - Processing /home/rai/.local/lib/python3.10/site-packages/airflow/example_dags/example_latest_only_with_trigger.py took 0.151 seconds
[2023-04-07T12:48:19.759-0300] {processor.py:153} INFO - Started process (PID=2819) to work on /home/rai/.local/lib/python3.10/site-packages/airflow/example_dags/example_latest_only_with_trigger.py
[2023-04-07T12:48:19.761-0300] {processor.py:743} INFO - Processing file /home/rai/.local/lib/python3.10/site-packages/airflow/example_dags/example_latest_only_with_trigger.py for tasks to queue
[2023-04-07T12:48:19.762-0300] {logging_mixin.py:137} INFO - [2023-04-07T12:48:19.762-0300] {dagbag.py:532} INFO - Filling up the DagBag from /home/rai/.local/lib/python3.10/site-packages/airflow/example_dags/example_latest_only_with_trigger.py
[2023-04-07T12:48:19.786-0300] {processor.py:753} INFO - DAG(s) dict_keys(['latest_only_with_trigger']) retrieved from /home/rai/.local/lib/python3.10/site-packages/airflow/example_dags/example_latest_only_with_trigger.py
[2023-04-07T12:48:19.820-0300] {logging_mixin.py:137} INFO - [2023-04-07T12:48:19.819-0300] {dag.py:2705} INFO - Sync 1 DAGs
[2023-04-07T12:48:19.846-0300] {logging_mixin.py:137} INFO - [2023-04-07T12:48:19.846-0300] {dag.py:3452} INFO - Setting next_dagrun for latest_only_with_trigger to 2023-04-07T11:48:19.846467+00:00, run_after=2023-04-07T15:48:19.846467+00:00
[2023-04-07T12:48:19.883-0300] {processor.py:175} INFO - Processing /home/rai/.local/lib/python3.10/site-packages/airflow/example_dags/example_latest_only_with_trigger.py took 0.128 seconds
[2023-04-07T12:49:19.289-0300] {processor.py:153} INFO - Started process (PID=2874) to work on /home/rai/.local/lib/python3.10/site-packages/airflow/example_dags/example_latest_only_with_trigger.py
[2023-04-07T12:49:19.294-0300] {processor.py:743} INFO - Processing file /home/rai/.local/lib/python3.10/site-packages/airflow/example_dags/example_latest_only_with_trigger.py for tasks to queue
[2023-04-07T12:49:19.295-0300] {logging_mixin.py:137} INFO - [2023-04-07T12:49:19.295-0300] {dagbag.py:532} INFO - Filling up the DagBag from /home/rai/.local/lib/python3.10/site-packages/airflow/example_dags/example_latest_only_with_trigger.py
[2023-04-07T12:49:19.317-0300] {processor.py:753} INFO - DAG(s) dict_keys(['latest_only_with_trigger']) retrieved from /home/rai/.local/lib/python3.10/site-packages/airflow/example_dags/example_latest_only_with_trigger.py
[2023-04-07T12:49:19.342-0300] {logging_mixin.py:137} INFO - [2023-04-07T12:49:19.342-0300] {dag.py:2705} INFO - Sync 1 DAGs
[2023-04-07T12:49:19.364-0300] {logging_mixin.py:137} INFO - [2023-04-07T12:49:19.364-0300] {dag.py:3452} INFO - Setting next_dagrun for latest_only_with_trigger to 2023-04-07T11:49:19.364369+00:00, run_after=2023-04-07T15:49:19.364369+00:00
[2023-04-07T12:49:19.396-0300] {processor.py:175} INFO - Processing /home/rai/.local/lib/python3.10/site-packages/airflow/example_dags/example_latest_only_with_trigger.py took 0.112 seconds
[2023-04-07T12:50:12.308-0300] {processor.py:153} INFO - Started process (PID=2921) to work on /home/rai/.local/lib/python3.10/site-packages/airflow/example_dags/example_latest_only_with_trigger.py
[2023-04-07T12:50:12.314-0300] {processor.py:743} INFO - Processing file /home/rai/.local/lib/python3.10/site-packages/airflow/example_dags/example_latest_only_with_trigger.py for tasks to queue
[2023-04-07T12:50:12.315-0300] {logging_mixin.py:137} INFO - [2023-04-07T12:50:12.315-0300] {dagbag.py:532} INFO - Filling up the DagBag from /home/rai/.local/lib/python3.10/site-packages/airflow/example_dags/example_latest_only_with_trigger.py
[2023-04-07T12:50:12.336-0300] {processor.py:753} INFO - DAG(s) dict_keys(['latest_only_with_trigger']) retrieved from /home/rai/.local/lib/python3.10/site-packages/airflow/example_dags/example_latest_only_with_trigger.py
[2023-04-07T12:50:12.371-0300] {logging_mixin.py:137} INFO - [2023-04-07T12:50:12.371-0300] {dag.py:2705} INFO - Sync 1 DAGs
[2023-04-07T12:50:12.402-0300] {logging_mixin.py:137} INFO - [2023-04-07T12:50:12.402-0300] {dag.py:3452} INFO - Setting next_dagrun for latest_only_with_trigger to 2023-04-07T11:50:12.402201+00:00, run_after=2023-04-07T15:50:12.402201+00:00
[2023-04-07T12:50:12.442-0300] {processor.py:175} INFO - Processing /home/rai/.local/lib/python3.10/site-packages/airflow/example_dags/example_latest_only_with_trigger.py took 0.138 seconds
[2023-04-07T12:51:13.470-0300] {processor.py:153} INFO - Started process (PID=2972) to work on /home/rai/.local/lib/python3.10/site-packages/airflow/example_dags/example_latest_only_with_trigger.py
[2023-04-07T12:51:13.472-0300] {processor.py:743} INFO - Processing file /home/rai/.local/lib/python3.10/site-packages/airflow/example_dags/example_latest_only_with_trigger.py for tasks to queue
[2023-04-07T12:51:13.473-0300] {logging_mixin.py:137} INFO - [2023-04-07T12:51:13.473-0300] {dagbag.py:532} INFO - Filling up the DagBag from /home/rai/.local/lib/python3.10/site-packages/airflow/example_dags/example_latest_only_with_trigger.py
[2023-04-07T12:51:13.491-0300] {processor.py:753} INFO - DAG(s) dict_keys(['latest_only_with_trigger']) retrieved from /home/rai/.local/lib/python3.10/site-packages/airflow/example_dags/example_latest_only_with_trigger.py
[2023-04-07T12:51:13.513-0300] {logging_mixin.py:137} INFO - [2023-04-07T12:51:13.513-0300] {dag.py:2705} INFO - Sync 1 DAGs
[2023-04-07T12:51:13.535-0300] {logging_mixin.py:137} INFO - [2023-04-07T12:51:13.535-0300] {dag.py:3452} INFO - Setting next_dagrun for latest_only_with_trigger to 2023-04-07T11:51:13.535608+00:00, run_after=2023-04-07T15:51:13.535608+00:00
[2023-04-07T12:51:13.645-0300] {processor.py:175} INFO - Processing /home/rai/.local/lib/python3.10/site-packages/airflow/example_dags/example_latest_only_with_trigger.py took 0.180 seconds
[2023-04-07T12:52:13.515-0300] {processor.py:153} INFO - Started process (PID=3022) to work on /home/rai/.local/lib/python3.10/site-packages/airflow/example_dags/example_latest_only_with_trigger.py
[2023-04-07T12:52:13.518-0300] {processor.py:743} INFO - Processing file /home/rai/.local/lib/python3.10/site-packages/airflow/example_dags/example_latest_only_with_trigger.py for tasks to queue
[2023-04-07T12:52:13.519-0300] {logging_mixin.py:137} INFO - [2023-04-07T12:52:13.519-0300] {dagbag.py:532} INFO - Filling up the DagBag from /home/rai/.local/lib/python3.10/site-packages/airflow/example_dags/example_latest_only_with_trigger.py
[2023-04-07T12:52:13.540-0300] {processor.py:753} INFO - DAG(s) dict_keys(['latest_only_with_trigger']) retrieved from /home/rai/.local/lib/python3.10/site-packages/airflow/example_dags/example_latest_only_with_trigger.py
[2023-04-07T12:52:13.564-0300] {logging_mixin.py:137} INFO - [2023-04-07T12:52:13.564-0300] {dag.py:2705} INFO - Sync 1 DAGs
[2023-04-07T12:52:13.690-0300] {logging_mixin.py:137} INFO - [2023-04-07T12:52:13.689-0300] {dag.py:3452} INFO - Setting next_dagrun for latest_only_with_trigger to 2023-04-07T11:52:13.689605+00:00, run_after=2023-04-07T15:52:13.689605+00:00
[2023-04-07T12:52:13.719-0300] {processor.py:175} INFO - Processing /home/rai/.local/lib/python3.10/site-packages/airflow/example_dags/example_latest_only_with_trigger.py took 0.208 seconds
[2023-04-07T12:53:10.587-0300] {processor.py:153} INFO - Started process (PID=3073) to work on /home/rai/.local/lib/python3.10/site-packages/airflow/example_dags/example_latest_only_with_trigger.py
[2023-04-07T12:53:10.589-0300] {processor.py:743} INFO - Processing file /home/rai/.local/lib/python3.10/site-packages/airflow/example_dags/example_latest_only_with_trigger.py for tasks to queue
[2023-04-07T12:53:10.590-0300] {logging_mixin.py:137} INFO - [2023-04-07T12:53:10.590-0300] {dagbag.py:532} INFO - Filling up the DagBag from /home/rai/.local/lib/python3.10/site-packages/airflow/example_dags/example_latest_only_with_trigger.py
[2023-04-07T12:53:10.618-0300] {processor.py:753} INFO - DAG(s) dict_keys(['latest_only_with_trigger']) retrieved from /home/rai/.local/lib/python3.10/site-packages/airflow/example_dags/example_latest_only_with_trigger.py
[2023-04-07T12:53:10.761-0300] {logging_mixin.py:137} INFO - [2023-04-07T12:53:10.760-0300] {dag.py:2705} INFO - Sync 1 DAGs
[2023-04-07T12:53:10.779-0300] {logging_mixin.py:137} INFO - [2023-04-07T12:53:10.779-0300] {dag.py:3452} INFO - Setting next_dagrun for latest_only_with_trigger to 2023-04-07T11:53:10.779612+00:00, run_after=2023-04-07T15:53:10.779612+00:00
[2023-04-07T12:53:10.812-0300] {processor.py:175} INFO - Processing /home/rai/.local/lib/python3.10/site-packages/airflow/example_dags/example_latest_only_with_trigger.py took 0.230 seconds
[2023-04-07T12:54:00.092-0300] {processor.py:153} INFO - Started process (PID=3119) to work on /home/rai/.local/lib/python3.10/site-packages/airflow/example_dags/example_latest_only_with_trigger.py
[2023-04-07T12:54:00.096-0300] {processor.py:743} INFO - Processing file /home/rai/.local/lib/python3.10/site-packages/airflow/example_dags/example_latest_only_with_trigger.py for tasks to queue
[2023-04-07T12:54:00.097-0300] {logging_mixin.py:137} INFO - [2023-04-07T12:54:00.097-0300] {dagbag.py:532} INFO - Filling up the DagBag from /home/rai/.local/lib/python3.10/site-packages/airflow/example_dags/example_latest_only_with_trigger.py
[2023-04-07T12:54:00.108-0300] {processor.py:753} INFO - DAG(s) dict_keys(['latest_only_with_trigger']) retrieved from /home/rai/.local/lib/python3.10/site-packages/airflow/example_dags/example_latest_only_with_trigger.py
[2023-04-07T12:54:00.123-0300] {logging_mixin.py:137} INFO - [2023-04-07T12:54:00.123-0300] {dag.py:2705} INFO - Sync 1 DAGs
[2023-04-07T12:54:00.140-0300] {logging_mixin.py:137} INFO - [2023-04-07T12:54:00.140-0300] {dag.py:3452} INFO - Setting next_dagrun for latest_only_with_trigger to 2023-04-07T11:54:00.140604+00:00, run_after=2023-04-07T15:54:00.140604+00:00
[2023-04-07T12:54:00.162-0300] {processor.py:175} INFO - Processing /home/rai/.local/lib/python3.10/site-packages/airflow/example_dags/example_latest_only_with_trigger.py took 0.073 seconds
[2023-04-07T12:54:48.955-0300] {processor.py:153} INFO - Started process (PID=3168) to work on /home/rai/.local/lib/python3.10/site-packages/airflow/example_dags/example_latest_only_with_trigger.py
[2023-04-07T12:54:48.956-0300] {processor.py:743} INFO - Processing file /home/rai/.local/lib/python3.10/site-packages/airflow/example_dags/example_latest_only_with_trigger.py for tasks to queue
[2023-04-07T12:54:48.957-0300] {logging_mixin.py:137} INFO - [2023-04-07T12:54:48.957-0300] {dagbag.py:532} INFO - Filling up the DagBag from /home/rai/.local/lib/python3.10/site-packages/airflow/example_dags/example_latest_only_with_trigger.py
[2023-04-07T12:54:48.967-0300] {processor.py:753} INFO - DAG(s) dict_keys(['latest_only_with_trigger']) retrieved from /home/rai/.local/lib/python3.10/site-packages/airflow/example_dags/example_latest_only_with_trigger.py
[2023-04-07T12:54:48.982-0300] {logging_mixin.py:137} INFO - [2023-04-07T12:54:48.982-0300] {dag.py:2705} INFO - Sync 1 DAGs
[2023-04-07T12:54:48.999-0300] {logging_mixin.py:137} INFO - [2023-04-07T12:54:48.999-0300] {dag.py:3452} INFO - Setting next_dagrun for latest_only_with_trigger to 2023-04-07T11:54:48.999172+00:00, run_after=2023-04-07T15:54:48.999172+00:00
[2023-04-07T12:54:49.020-0300] {processor.py:175} INFO - Processing /home/rai/.local/lib/python3.10/site-packages/airflow/example_dags/example_latest_only_with_trigger.py took 0.068 seconds
[2023-04-07T12:55:54.720-0300] {processor.py:153} INFO - Started process (PID=3230) to work on /home/rai/.local/lib/python3.10/site-packages/airflow/example_dags/example_latest_only_with_trigger.py
[2023-04-07T12:55:54.726-0300] {processor.py:743} INFO - Processing file /home/rai/.local/lib/python3.10/site-packages/airflow/example_dags/example_latest_only_with_trigger.py for tasks to queue
[2023-04-07T12:55:54.728-0300] {logging_mixin.py:137} INFO - [2023-04-07T12:55:54.728-0300] {dagbag.py:532} INFO - Filling up the DagBag from /home/rai/.local/lib/python3.10/site-packages/airflow/example_dags/example_latest_only_with_trigger.py
[2023-04-07T12:55:54.760-0300] {processor.py:753} INFO - DAG(s) dict_keys(['latest_only_with_trigger']) retrieved from /home/rai/.local/lib/python3.10/site-packages/airflow/example_dags/example_latest_only_with_trigger.py
[2023-04-07T12:55:54.802-0300] {logging_mixin.py:137} INFO - [2023-04-07T12:55:54.802-0300] {dag.py:2705} INFO - Sync 1 DAGs
[2023-04-07T12:55:54.848-0300] {logging_mixin.py:137} INFO - [2023-04-07T12:55:54.848-0300] {dag.py:3452} INFO - Setting next_dagrun for latest_only_with_trigger to 2023-04-07T11:55:54.848049+00:00, run_after=2023-04-07T15:55:54.848049+00:00
[2023-04-07T12:55:54.999-0300] {processor.py:175} INFO - Processing /home/rai/.local/lib/python3.10/site-packages/airflow/example_dags/example_latest_only_with_trigger.py took 0.285 seconds
[2023-04-07T12:56:53.730-0300] {processor.py:153} INFO - Started process (PID=3281) to work on /home/rai/.local/lib/python3.10/site-packages/airflow/example_dags/example_latest_only_with_trigger.py
[2023-04-07T12:56:53.732-0300] {processor.py:743} INFO - Processing file /home/rai/.local/lib/python3.10/site-packages/airflow/example_dags/example_latest_only_with_trigger.py for tasks to queue
[2023-04-07T12:56:53.733-0300] {logging_mixin.py:137} INFO - [2023-04-07T12:56:53.733-0300] {dagbag.py:532} INFO - Filling up the DagBag from /home/rai/.local/lib/python3.10/site-packages/airflow/example_dags/example_latest_only_with_trigger.py
[2023-04-07T12:56:53.761-0300] {processor.py:753} INFO - DAG(s) dict_keys(['latest_only_with_trigger']) retrieved from /home/rai/.local/lib/python3.10/site-packages/airflow/example_dags/example_latest_only_with_trigger.py
[2023-04-07T12:56:53.789-0300] {logging_mixin.py:137} INFO - [2023-04-07T12:56:53.788-0300] {dag.py:2705} INFO - Sync 1 DAGs
[2023-04-07T12:56:53.898-0300] {logging_mixin.py:137} INFO - [2023-04-07T12:56:53.897-0300] {dag.py:3452} INFO - Setting next_dagrun for latest_only_with_trigger to 2023-04-07T11:56:53.897753+00:00, run_after=2023-04-07T15:56:53.897753+00:00
[2023-04-07T12:56:53.922-0300] {processor.py:175} INFO - Processing /home/rai/.local/lib/python3.10/site-packages/airflow/example_dags/example_latest_only_with_trigger.py took 0.194 seconds
[2023-04-07T12:57:46.407-0300] {processor.py:153} INFO - Started process (PID=3334) to work on /home/rai/.local/lib/python3.10/site-packages/airflow/example_dags/example_latest_only_with_trigger.py
[2023-04-07T12:57:46.411-0300] {processor.py:743} INFO - Processing file /home/rai/.local/lib/python3.10/site-packages/airflow/example_dags/example_latest_only_with_trigger.py for tasks to queue
[2023-04-07T12:57:46.412-0300] {logging_mixin.py:137} INFO - [2023-04-07T12:57:46.411-0300] {dagbag.py:532} INFO - Filling up the DagBag from /home/rai/.local/lib/python3.10/site-packages/airflow/example_dags/example_latest_only_with_trigger.py
[2023-04-07T12:57:46.422-0300] {processor.py:753} INFO - DAG(s) dict_keys(['latest_only_with_trigger']) retrieved from /home/rai/.local/lib/python3.10/site-packages/airflow/example_dags/example_latest_only_with_trigger.py
[2023-04-07T12:57:46.513-0300] {logging_mixin.py:137} INFO - [2023-04-07T12:57:46.513-0300] {dag.py:2705} INFO - Sync 1 DAGs
[2023-04-07T12:57:46.529-0300] {logging_mixin.py:137} INFO - [2023-04-07T12:57:46.529-0300] {dag.py:3452} INFO - Setting next_dagrun for latest_only_with_trigger to 2023-04-07T11:57:46.529357+00:00, run_after=2023-04-07T15:57:46.529357+00:00
[2023-04-07T12:57:46.550-0300] {processor.py:175} INFO - Processing /home/rai/.local/lib/python3.10/site-packages/airflow/example_dags/example_latest_only_with_trigger.py took 0.145 seconds
[2023-04-07T12:58:40.479-0300] {processor.py:153} INFO - Started process (PID=3389) to work on /home/rai/.local/lib/python3.10/site-packages/airflow/example_dags/example_latest_only_with_trigger.py
[2023-04-07T12:58:40.484-0300] {processor.py:743} INFO - Processing file /home/rai/.local/lib/python3.10/site-packages/airflow/example_dags/example_latest_only_with_trigger.py for tasks to queue
[2023-04-07T12:58:40.484-0300] {logging_mixin.py:137} INFO - [2023-04-07T12:58:40.484-0300] {dagbag.py:532} INFO - Filling up the DagBag from /home/rai/.local/lib/python3.10/site-packages/airflow/example_dags/example_latest_only_with_trigger.py
[2023-04-07T12:58:40.494-0300] {processor.py:753} INFO - DAG(s) dict_keys(['latest_only_with_trigger']) retrieved from /home/rai/.local/lib/python3.10/site-packages/airflow/example_dags/example_latest_only_with_trigger.py
[2023-04-07T12:58:40.509-0300] {logging_mixin.py:137} INFO - [2023-04-07T12:58:40.509-0300] {dag.py:2705} INFO - Sync 1 DAGs
[2023-04-07T12:58:40.526-0300] {logging_mixin.py:137} INFO - [2023-04-07T12:58:40.525-0300] {dag.py:3452} INFO - Setting next_dagrun for latest_only_with_trigger to 2023-04-07T11:58:40.525824+00:00, run_after=2023-04-07T15:58:40.525824+00:00
[2023-04-07T12:58:40.545-0300] {processor.py:175} INFO - Processing /home/rai/.local/lib/python3.10/site-packages/airflow/example_dags/example_latest_only_with_trigger.py took 0.067 seconds
[2023-04-07T12:59:30.900-0300] {processor.py:153} INFO - Started process (PID=3442) to work on /home/rai/.local/lib/python3.10/site-packages/airflow/example_dags/example_latest_only_with_trigger.py
[2023-04-07T12:59:30.905-0300] {processor.py:743} INFO - Processing file /home/rai/.local/lib/python3.10/site-packages/airflow/example_dags/example_latest_only_with_trigger.py for tasks to queue
[2023-04-07T12:59:30.905-0300] {logging_mixin.py:137} INFO - [2023-04-07T12:59:30.905-0300] {dagbag.py:532} INFO - Filling up the DagBag from /home/rai/.local/lib/python3.10/site-packages/airflow/example_dags/example_latest_only_with_trigger.py
[2023-04-07T12:59:30.916-0300] {processor.py:753} INFO - DAG(s) dict_keys(['latest_only_with_trigger']) retrieved from /home/rai/.local/lib/python3.10/site-packages/airflow/example_dags/example_latest_only_with_trigger.py
[2023-04-07T12:59:30.933-0300] {logging_mixin.py:137} INFO - [2023-04-07T12:59:30.933-0300] {dag.py:2705} INFO - Sync 1 DAGs
[2023-04-07T12:59:30.952-0300] {logging_mixin.py:137} INFO - [2023-04-07T12:59:30.951-0300] {dag.py:3452} INFO - Setting next_dagrun for latest_only_with_trigger to 2023-04-07T11:59:30.951657+00:00, run_after=2023-04-07T15:59:30.951657+00:00
[2023-04-07T12:59:30.974-0300] {processor.py:175} INFO - Processing /home/rai/.local/lib/python3.10/site-packages/airflow/example_dags/example_latest_only_with_trigger.py took 0.075 seconds
[2023-04-07T13:00:19.618-0300] {processor.py:153} INFO - Started process (PID=3486) to work on /home/rai/.local/lib/python3.10/site-packages/airflow/example_dags/example_latest_only_with_trigger.py
[2023-04-07T13:00:19.620-0300] {processor.py:743} INFO - Processing file /home/rai/.local/lib/python3.10/site-packages/airflow/example_dags/example_latest_only_with_trigger.py for tasks to queue
[2023-04-07T13:00:19.621-0300] {logging_mixin.py:137} INFO - [2023-04-07T13:00:19.621-0300] {dagbag.py:532} INFO - Filling up the DagBag from /home/rai/.local/lib/python3.10/site-packages/airflow/example_dags/example_latest_only_with_trigger.py
[2023-04-07T13:00:19.644-0300] {processor.py:753} INFO - DAG(s) dict_keys(['latest_only_with_trigger']) retrieved from /home/rai/.local/lib/python3.10/site-packages/airflow/example_dags/example_latest_only_with_trigger.py
[2023-04-07T13:00:19.682-0300] {logging_mixin.py:137} INFO - [2023-04-07T13:00:19.682-0300] {dag.py:2705} INFO - Sync 1 DAGs
[2023-04-07T13:00:19.712-0300] {logging_mixin.py:137} INFO - [2023-04-07T13:00:19.712-0300] {dag.py:3452} INFO - Setting next_dagrun for latest_only_with_trigger to 2023-04-07T12:00:19.712012+00:00, run_after=2023-04-07T16:00:19.712012+00:00
[2023-04-07T13:00:19.826-0300] {processor.py:175} INFO - Processing /home/rai/.local/lib/python3.10/site-packages/airflow/example_dags/example_latest_only_with_trigger.py took 0.213 seconds
[2023-04-07T13:01:10.844-0300] {processor.py:153} INFO - Started process (PID=3546) to work on /home/rai/.local/lib/python3.10/site-packages/airflow/example_dags/example_latest_only_with_trigger.py
[2023-04-07T13:01:10.846-0300] {processor.py:743} INFO - Processing file /home/rai/.local/lib/python3.10/site-packages/airflow/example_dags/example_latest_only_with_trigger.py for tasks to queue
[2023-04-07T13:01:10.848-0300] {logging_mixin.py:137} INFO - [2023-04-07T13:01:10.847-0300] {dagbag.py:532} INFO - Filling up the DagBag from /home/rai/.local/lib/python3.10/site-packages/airflow/example_dags/example_latest_only_with_trigger.py
[2023-04-07T13:01:10.873-0300] {processor.py:753} INFO - DAG(s) dict_keys(['latest_only_with_trigger']) retrieved from /home/rai/.local/lib/python3.10/site-packages/airflow/example_dags/example_latest_only_with_trigger.py
[2023-04-07T13:01:10.899-0300] {logging_mixin.py:137} INFO - [2023-04-07T13:01:10.899-0300] {dag.py:2705} INFO - Sync 1 DAGs
[2023-04-07T13:01:11.023-0300] {logging_mixin.py:137} INFO - [2023-04-07T13:01:11.023-0300] {dag.py:3452} INFO - Setting next_dagrun for latest_only_with_trigger to 2023-04-07T12:01:11.023484+00:00, run_after=2023-04-07T16:01:11.023484+00:00
[2023-04-07T13:01:11.055-0300] {processor.py:175} INFO - Processing /home/rai/.local/lib/python3.10/site-packages/airflow/example_dags/example_latest_only_with_trigger.py took 0.215 seconds
[2023-04-07T13:02:12.505-0300] {processor.py:153} INFO - Started process (PID=3606) to work on /home/rai/.local/lib/python3.10/site-packages/airflow/example_dags/example_latest_only_with_trigger.py
[2023-04-07T13:02:12.510-0300] {processor.py:743} INFO - Processing file /home/rai/.local/lib/python3.10/site-packages/airflow/example_dags/example_latest_only_with_trigger.py for tasks to queue
[2023-04-07T13:02:12.511-0300] {logging_mixin.py:137} INFO - [2023-04-07T13:02:12.510-0300] {dagbag.py:532} INFO - Filling up the DagBag from /home/rai/.local/lib/python3.10/site-packages/airflow/example_dags/example_latest_only_with_trigger.py
[2023-04-07T13:02:12.529-0300] {processor.py:753} INFO - DAG(s) dict_keys(['latest_only_with_trigger']) retrieved from /home/rai/.local/lib/python3.10/site-packages/airflow/example_dags/example_latest_only_with_trigger.py
[2023-04-07T13:02:12.558-0300] {logging_mixin.py:137} INFO - [2023-04-07T13:02:12.558-0300] {dag.py:2705} INFO - Sync 1 DAGs
[2023-04-07T13:02:12.677-0300] {logging_mixin.py:137} INFO - [2023-04-07T13:02:12.677-0300] {dag.py:3452} INFO - Setting next_dagrun for latest_only_with_trigger to 2023-04-07T12:02:12.677297+00:00, run_after=2023-04-07T16:02:12.677297+00:00
[2023-04-07T13:02:12.705-0300] {processor.py:175} INFO - Processing /home/rai/.local/lib/python3.10/site-packages/airflow/example_dags/example_latest_only_with_trigger.py took 0.203 seconds
[2023-04-07T13:03:07.972-0300] {processor.py:153} INFO - Started process (PID=3657) to work on /home/rai/.local/lib/python3.10/site-packages/airflow/example_dags/example_latest_only_with_trigger.py
[2023-04-07T13:03:07.975-0300] {processor.py:743} INFO - Processing file /home/rai/.local/lib/python3.10/site-packages/airflow/example_dags/example_latest_only_with_trigger.py for tasks to queue
[2023-04-07T13:03:07.976-0300] {logging_mixin.py:137} INFO - [2023-04-07T13:03:07.976-0300] {dagbag.py:532} INFO - Filling up the DagBag from /home/rai/.local/lib/python3.10/site-packages/airflow/example_dags/example_latest_only_with_trigger.py
[2023-04-07T13:03:08.001-0300] {processor.py:753} INFO - DAG(s) dict_keys(['latest_only_with_trigger']) retrieved from /home/rai/.local/lib/python3.10/site-packages/airflow/example_dags/example_latest_only_with_trigger.py
[2023-04-07T13:03:08.028-0300] {logging_mixin.py:137} INFO - [2023-04-07T13:03:08.028-0300] {dag.py:2705} INFO - Sync 1 DAGs
[2023-04-07T13:03:08.050-0300] {logging_mixin.py:137} INFO - [2023-04-07T13:03:08.050-0300] {dag.py:3452} INFO - Setting next_dagrun for latest_only_with_trigger to 2023-04-07T12:03:08.050298+00:00, run_after=2023-04-07T16:03:08.050298+00:00
[2023-04-07T13:03:08.073-0300] {processor.py:175} INFO - Processing /home/rai/.local/lib/python3.10/site-packages/airflow/example_dags/example_latest_only_with_trigger.py took 0.106 seconds
[2023-04-07T13:03:58.942-0300] {processor.py:153} INFO - Started process (PID=3703) to work on /home/rai/.local/lib/python3.10/site-packages/airflow/example_dags/example_latest_only_with_trigger.py
[2023-04-07T13:03:58.947-0300] {processor.py:743} INFO - Processing file /home/rai/.local/lib/python3.10/site-packages/airflow/example_dags/example_latest_only_with_trigger.py for tasks to queue
[2023-04-07T13:03:58.948-0300] {logging_mixin.py:137} INFO - [2023-04-07T13:03:58.948-0300] {dagbag.py:532} INFO - Filling up the DagBag from /home/rai/.local/lib/python3.10/site-packages/airflow/example_dags/example_latest_only_with_trigger.py
[2023-04-07T13:03:58.971-0300] {processor.py:753} INFO - DAG(s) dict_keys(['latest_only_with_trigger']) retrieved from /home/rai/.local/lib/python3.10/site-packages/airflow/example_dags/example_latest_only_with_trigger.py
[2023-04-07T13:03:58.996-0300] {logging_mixin.py:137} INFO - [2023-04-07T13:03:58.996-0300] {dag.py:2705} INFO - Sync 1 DAGs
[2023-04-07T13:03:59.018-0300] {logging_mixin.py:137} INFO - [2023-04-07T13:03:59.018-0300] {dag.py:3452} INFO - Setting next_dagrun for latest_only_with_trigger to 2023-04-07T12:03:59.018494+00:00, run_after=2023-04-07T16:03:59.018494+00:00
[2023-04-07T13:03:59.041-0300] {processor.py:175} INFO - Processing /home/rai/.local/lib/python3.10/site-packages/airflow/example_dags/example_latest_only_with_trigger.py took 0.104 seconds
[2023-04-07T13:04:49.972-0300] {processor.py:153} INFO - Started process (PID=3748) to work on /home/rai/.local/lib/python3.10/site-packages/airflow/example_dags/example_latest_only_with_trigger.py
[2023-04-07T13:04:49.978-0300] {processor.py:743} INFO - Processing file /home/rai/.local/lib/python3.10/site-packages/airflow/example_dags/example_latest_only_with_trigger.py for tasks to queue
[2023-04-07T13:04:49.979-0300] {logging_mixin.py:137} INFO - [2023-04-07T13:04:49.979-0300] {dagbag.py:532} INFO - Filling up the DagBag from /home/rai/.local/lib/python3.10/site-packages/airflow/example_dags/example_latest_only_with_trigger.py
[2023-04-07T13:04:50.003-0300] {processor.py:753} INFO - DAG(s) dict_keys(['latest_only_with_trigger']) retrieved from /home/rai/.local/lib/python3.10/site-packages/airflow/example_dags/example_latest_only_with_trigger.py
[2023-04-07T13:04:50.031-0300] {logging_mixin.py:137} INFO - [2023-04-07T13:04:50.030-0300] {dag.py:2705} INFO - Sync 1 DAGs
[2023-04-07T13:04:50.054-0300] {logging_mixin.py:137} INFO - [2023-04-07T13:04:50.053-0300] {dag.py:3452} INFO - Setting next_dagrun for latest_only_with_trigger to 2023-04-07T12:04:50.053675+00:00, run_after=2023-04-07T16:04:50.053675+00:00
[2023-04-07T13:04:50.187-0300] {processor.py:175} INFO - Processing /home/rai/.local/lib/python3.10/site-packages/airflow/example_dags/example_latest_only_with_trigger.py took 0.220 seconds
[2023-04-07T13:05:53.346-0300] {processor.py:153} INFO - Started process (PID=3800) to work on /home/rai/.local/lib/python3.10/site-packages/airflow/example_dags/example_latest_only_with_trigger.py
[2023-04-07T13:05:53.351-0300] {processor.py:743} INFO - Processing file /home/rai/.local/lib/python3.10/site-packages/airflow/example_dags/example_latest_only_with_trigger.py for tasks to queue
[2023-04-07T13:05:53.352-0300] {logging_mixin.py:137} INFO - [2023-04-07T13:05:53.352-0300] {dagbag.py:532} INFO - Filling up the DagBag from /home/rai/.local/lib/python3.10/site-packages/airflow/example_dags/example_latest_only_with_trigger.py
[2023-04-07T13:05:53.375-0300] {processor.py:753} INFO - DAG(s) dict_keys(['latest_only_with_trigger']) retrieved from /home/rai/.local/lib/python3.10/site-packages/airflow/example_dags/example_latest_only_with_trigger.py
[2023-04-07T13:05:53.408-0300] {logging_mixin.py:137} INFO - [2023-04-07T13:05:53.408-0300] {dag.py:2705} INFO - Sync 1 DAGs
[2023-04-07T13:05:53.545-0300] {logging_mixin.py:137} INFO - [2023-04-07T13:05:53.545-0300] {dag.py:3452} INFO - Setting next_dagrun for latest_only_with_trigger to 2023-04-07T12:05:53.545194+00:00, run_after=2023-04-07T16:05:53.545194+00:00
[2023-04-07T13:05:53.574-0300] {processor.py:175} INFO - Processing /home/rai/.local/lib/python3.10/site-packages/airflow/example_dags/example_latest_only_with_trigger.py took 0.233 seconds
[2023-04-07T13:06:54.916-0300] {processor.py:153} INFO - Started process (PID=3852) to work on /home/rai/.local/lib/python3.10/site-packages/airflow/example_dags/example_latest_only_with_trigger.py
[2023-04-07T13:06:54.919-0300] {processor.py:743} INFO - Processing file /home/rai/.local/lib/python3.10/site-packages/airflow/example_dags/example_latest_only_with_trigger.py for tasks to queue
[2023-04-07T13:06:54.920-0300] {logging_mixin.py:137} INFO - [2023-04-07T13:06:54.920-0300] {dagbag.py:532} INFO - Filling up the DagBag from /home/rai/.local/lib/python3.10/site-packages/airflow/example_dags/example_latest_only_with_trigger.py
[2023-04-07T13:06:54.943-0300] {processor.py:753} INFO - DAG(s) dict_keys(['latest_only_with_trigger']) retrieved from /home/rai/.local/lib/python3.10/site-packages/airflow/example_dags/example_latest_only_with_trigger.py
[2023-04-07T13:06:54.970-0300] {logging_mixin.py:137} INFO - [2023-04-07T13:06:54.969-0300] {dag.py:2705} INFO - Sync 1 DAGs
[2023-04-07T13:06:55.089-0300] {logging_mixin.py:137} INFO - [2023-04-07T13:06:55.088-0300] {dag.py:3452} INFO - Setting next_dagrun for latest_only_with_trigger to 2023-04-07T12:06:55.088463+00:00, run_after=2023-04-07T16:06:55.088463+00:00
[2023-04-07T13:06:55.120-0300] {processor.py:175} INFO - Processing /home/rai/.local/lib/python3.10/site-packages/airflow/example_dags/example_latest_only_with_trigger.py took 0.209 seconds
[2023-04-07T13:07:54.057-0300] {processor.py:153} INFO - Started process (PID=3902) to work on /home/rai/.local/lib/python3.10/site-packages/airflow/example_dags/example_latest_only_with_trigger.py
[2023-04-07T13:07:54.060-0300] {processor.py:743} INFO - Processing file /home/rai/.local/lib/python3.10/site-packages/airflow/example_dags/example_latest_only_with_trigger.py for tasks to queue
[2023-04-07T13:07:54.062-0300] {logging_mixin.py:137} INFO - [2023-04-07T13:07:54.061-0300] {dagbag.py:532} INFO - Filling up the DagBag from /home/rai/.local/lib/python3.10/site-packages/airflow/example_dags/example_latest_only_with_trigger.py
[2023-04-07T13:07:54.087-0300] {processor.py:753} INFO - DAG(s) dict_keys(['latest_only_with_trigger']) retrieved from /home/rai/.local/lib/python3.10/site-packages/airflow/example_dags/example_latest_only_with_trigger.py
[2023-04-07T13:07:54.216-0300] {logging_mixin.py:137} INFO - [2023-04-07T13:07:54.216-0300] {dag.py:2705} INFO - Sync 1 DAGs
[2023-04-07T13:07:54.235-0300] {logging_mixin.py:137} INFO - [2023-04-07T13:07:54.235-0300] {dag.py:3452} INFO - Setting next_dagrun for latest_only_with_trigger to 2023-04-07T12:07:54.235528+00:00, run_after=2023-04-07T16:07:54.235528+00:00
[2023-04-07T13:07:54.260-0300] {processor.py:175} INFO - Processing /home/rai/.local/lib/python3.10/site-packages/airflow/example_dags/example_latest_only_with_trigger.py took 0.210 seconds
[2023-04-07T13:08:51.358-0300] {processor.py:153} INFO - Started process (PID=3954) to work on /home/rai/.local/lib/python3.10/site-packages/airflow/example_dags/example_latest_only_with_trigger.py
[2023-04-07T13:08:51.359-0300] {processor.py:743} INFO - Processing file /home/rai/.local/lib/python3.10/site-packages/airflow/example_dags/example_latest_only_with_trigger.py for tasks to queue
[2023-04-07T13:08:51.360-0300] {logging_mixin.py:137} INFO - [2023-04-07T13:08:51.360-0300] {dagbag.py:532} INFO - Filling up the DagBag from /home/rai/.local/lib/python3.10/site-packages/airflow/example_dags/example_latest_only_with_trigger.py
[2023-04-07T13:08:51.376-0300] {processor.py:753} INFO - DAG(s) dict_keys(['latest_only_with_trigger']) retrieved from /home/rai/.local/lib/python3.10/site-packages/airflow/example_dags/example_latest_only_with_trigger.py
[2023-04-07T13:08:51.408-0300] {logging_mixin.py:137} INFO - [2023-04-07T13:08:51.408-0300] {dag.py:2705} INFO - Sync 1 DAGs
[2023-04-07T13:08:51.437-0300] {logging_mixin.py:137} INFO - [2023-04-07T13:08:51.437-0300] {dag.py:3452} INFO - Setting next_dagrun for latest_only_with_trigger to 2023-04-07T12:08:51.437357+00:00, run_after=2023-04-07T16:08:51.437357+00:00
[2023-04-07T13:08:51.465-0300] {processor.py:175} INFO - Processing /home/rai/.local/lib/python3.10/site-packages/airflow/example_dags/example_latest_only_with_trigger.py took 0.109 seconds
[2023-04-07T13:09:47.239-0300] {processor.py:153} INFO - Started process (PID=4008) to work on /home/rai/.local/lib/python3.10/site-packages/airflow/example_dags/example_latest_only_with_trigger.py
[2023-04-07T13:09:47.241-0300] {processor.py:743} INFO - Processing file /home/rai/.local/lib/python3.10/site-packages/airflow/example_dags/example_latest_only_with_trigger.py for tasks to queue
[2023-04-07T13:09:47.242-0300] {logging_mixin.py:137} INFO - [2023-04-07T13:09:47.242-0300] {dagbag.py:532} INFO - Filling up the DagBag from /home/rai/.local/lib/python3.10/site-packages/airflow/example_dags/example_latest_only_with_trigger.py
[2023-04-07T13:09:47.263-0300] {processor.py:753} INFO - DAG(s) dict_keys(['latest_only_with_trigger']) retrieved from /home/rai/.local/lib/python3.10/site-packages/airflow/example_dags/example_latest_only_with_trigger.py
[2023-04-07T13:09:47.288-0300] {logging_mixin.py:137} INFO - [2023-04-07T13:09:47.288-0300] {dag.py:2705} INFO - Sync 1 DAGs
[2023-04-07T13:09:47.326-0300] {logging_mixin.py:137} INFO - [2023-04-07T13:09:47.325-0300] {dag.py:3452} INFO - Setting next_dagrun for latest_only_with_trigger to 2023-04-07T12:09:47.325666+00:00, run_after=2023-04-07T16:09:47.325666+00:00
[2023-04-07T13:09:47.451-0300] {processor.py:175} INFO - Processing /home/rai/.local/lib/python3.10/site-packages/airflow/example_dags/example_latest_only_with_trigger.py took 0.216 seconds
[2023-04-07T13:10:45.844-0300] {processor.py:153} INFO - Started process (PID=4058) to work on /home/rai/.local/lib/python3.10/site-packages/airflow/example_dags/example_latest_only_with_trigger.py
[2023-04-07T13:10:45.846-0300] {processor.py:743} INFO - Processing file /home/rai/.local/lib/python3.10/site-packages/airflow/example_dags/example_latest_only_with_trigger.py for tasks to queue
[2023-04-07T13:10:45.847-0300] {logging_mixin.py:137} INFO - [2023-04-07T13:10:45.847-0300] {dagbag.py:532} INFO - Filling up the DagBag from /home/rai/.local/lib/python3.10/site-packages/airflow/example_dags/example_latest_only_with_trigger.py
[2023-04-07T13:10:45.869-0300] {processor.py:753} INFO - DAG(s) dict_keys(['latest_only_with_trigger']) retrieved from /home/rai/.local/lib/python3.10/site-packages/airflow/example_dags/example_latest_only_with_trigger.py
[2023-04-07T13:10:45.894-0300] {logging_mixin.py:137} INFO - [2023-04-07T13:10:45.894-0300] {dag.py:2705} INFO - Sync 1 DAGs
[2023-04-07T13:10:46.003-0300] {logging_mixin.py:137} INFO - [2023-04-07T13:10:46.003-0300] {dag.py:3452} INFO - Setting next_dagrun for latest_only_with_trigger to 2023-04-07T12:10:46.003081+00:00, run_after=2023-04-07T16:10:46.003081+00:00
[2023-04-07T13:10:46.026-0300] {processor.py:175} INFO - Processing /home/rai/.local/lib/python3.10/site-packages/airflow/example_dags/example_latest_only_with_trigger.py took 0.187 seconds
[2023-04-07T13:11:51.134-0300] {processor.py:153} INFO - Started process (PID=4112) to work on /home/rai/.local/lib/python3.10/site-packages/airflow/example_dags/example_latest_only_with_trigger.py
[2023-04-07T13:11:51.140-0300] {processor.py:743} INFO - Processing file /home/rai/.local/lib/python3.10/site-packages/airflow/example_dags/example_latest_only_with_trigger.py for tasks to queue
[2023-04-07T13:11:51.141-0300] {logging_mixin.py:137} INFO - [2023-04-07T13:11:51.141-0300] {dagbag.py:532} INFO - Filling up the DagBag from /home/rai/.local/lib/python3.10/site-packages/airflow/example_dags/example_latest_only_with_trigger.py
[2023-04-07T13:11:51.162-0300] {processor.py:753} INFO - DAG(s) dict_keys(['latest_only_with_trigger']) retrieved from /home/rai/.local/lib/python3.10/site-packages/airflow/example_dags/example_latest_only_with_trigger.py
[2023-04-07T13:11:51.199-0300] {logging_mixin.py:137} INFO - [2023-04-07T13:11:51.199-0300] {dag.py:2705} INFO - Sync 1 DAGs
[2023-04-07T13:11:51.315-0300] {logging_mixin.py:137} INFO - [2023-04-07T13:11:51.314-0300] {dag.py:3452} INFO - Setting next_dagrun for latest_only_with_trigger to 2023-04-07T12:11:51.314677+00:00, run_after=2023-04-07T16:11:51.314677+00:00
[2023-04-07T13:11:51.348-0300] {processor.py:175} INFO - Processing /home/rai/.local/lib/python3.10/site-packages/airflow/example_dags/example_latest_only_with_trigger.py took 0.218 seconds
[2023-04-07T13:12:52.320-0300] {processor.py:153} INFO - Started process (PID=4164) to work on /home/rai/.local/lib/python3.10/site-packages/airflow/example_dags/example_latest_only_with_trigger.py
[2023-04-07T13:12:52.326-0300] {processor.py:743} INFO - Processing file /home/rai/.local/lib/python3.10/site-packages/airflow/example_dags/example_latest_only_with_trigger.py for tasks to queue
[2023-04-07T13:12:52.327-0300] {logging_mixin.py:137} INFO - [2023-04-07T13:12:52.327-0300] {dagbag.py:532} INFO - Filling up the DagBag from /home/rai/.local/lib/python3.10/site-packages/airflow/example_dags/example_latest_only_with_trigger.py
[2023-04-07T13:12:52.355-0300] {processor.py:753} INFO - DAG(s) dict_keys(['latest_only_with_trigger']) retrieved from /home/rai/.local/lib/python3.10/site-packages/airflow/example_dags/example_latest_only_with_trigger.py
[2023-04-07T13:12:52.470-0300] {logging_mixin.py:137} INFO - [2023-04-07T13:12:52.470-0300] {dag.py:2705} INFO - Sync 1 DAGs
[2023-04-07T13:12:52.487-0300] {logging_mixin.py:137} INFO - [2023-04-07T13:12:52.487-0300] {dag.py:3452} INFO - Setting next_dagrun for latest_only_with_trigger to 2023-04-07T12:12:52.487647+00:00, run_after=2023-04-07T16:12:52.487647+00:00
[2023-04-07T13:12:52.520-0300] {processor.py:175} INFO - Processing /home/rai/.local/lib/python3.10/site-packages/airflow/example_dags/example_latest_only_with_trigger.py took 0.205 seconds
[2023-04-07T13:13:43.951-0300] {processor.py:153} INFO - Started process (PID=4211) to work on /home/rai/.local/lib/python3.10/site-packages/airflow/example_dags/example_latest_only_with_trigger.py
[2023-04-07T13:13:43.956-0300] {processor.py:743} INFO - Processing file /home/rai/.local/lib/python3.10/site-packages/airflow/example_dags/example_latest_only_with_trigger.py for tasks to queue
[2023-04-07T13:13:43.957-0300] {logging_mixin.py:137} INFO - [2023-04-07T13:13:43.957-0300] {dagbag.py:532} INFO - Filling up the DagBag from /home/rai/.local/lib/python3.10/site-packages/airflow/example_dags/example_latest_only_with_trigger.py
[2023-04-07T13:13:43.979-0300] {processor.py:753} INFO - DAG(s) dict_keys(['latest_only_with_trigger']) retrieved from /home/rai/.local/lib/python3.10/site-packages/airflow/example_dags/example_latest_only_with_trigger.py
[2023-04-07T13:13:44.012-0300] {logging_mixin.py:137} INFO - [2023-04-07T13:13:44.011-0300] {dag.py:2705} INFO - Sync 1 DAGs
[2023-04-07T13:13:44.043-0300] {logging_mixin.py:137} INFO - [2023-04-07T13:13:44.043-0300] {dag.py:3452} INFO - Setting next_dagrun for latest_only_with_trigger to 2023-04-07T12:13:44.042818+00:00, run_after=2023-04-07T16:13:44.042818+00:00
[2023-04-07T13:13:44.073-0300] {processor.py:175} INFO - Processing /home/rai/.local/lib/python3.10/site-packages/airflow/example_dags/example_latest_only_with_trigger.py took 0.127 seconds
[2023-04-07T13:14:35.510-0300] {processor.py:153} INFO - Started process (PID=4255) to work on /home/rai/.local/lib/python3.10/site-packages/airflow/example_dags/example_latest_only_with_trigger.py
[2023-04-07T13:14:35.516-0300] {processor.py:743} INFO - Processing file /home/rai/.local/lib/python3.10/site-packages/airflow/example_dags/example_latest_only_with_trigger.py for tasks to queue
[2023-04-07T13:14:35.517-0300] {logging_mixin.py:137} INFO - [2023-04-07T13:14:35.517-0300] {dagbag.py:532} INFO - Filling up the DagBag from /home/rai/.local/lib/python3.10/site-packages/airflow/example_dags/example_latest_only_with_trigger.py
[2023-04-07T13:14:35.539-0300] {processor.py:753} INFO - DAG(s) dict_keys(['latest_only_with_trigger']) retrieved from /home/rai/.local/lib/python3.10/site-packages/airflow/example_dags/example_latest_only_with_trigger.py
[2023-04-07T13:14:35.563-0300] {logging_mixin.py:137} INFO - [2023-04-07T13:14:35.563-0300] {dag.py:2705} INFO - Sync 1 DAGs
[2023-04-07T13:14:35.585-0300] {logging_mixin.py:137} INFO - [2023-04-07T13:14:35.585-0300] {dag.py:3452} INFO - Setting next_dagrun for latest_only_with_trigger to 2023-04-07T12:14:35.585297+00:00, run_after=2023-04-07T16:14:35.585297+00:00
[2023-04-07T13:14:35.726-0300] {processor.py:175} INFO - Processing /home/rai/.local/lib/python3.10/site-packages/airflow/example_dags/example_latest_only_with_trigger.py took 0.220 seconds
[2023-04-07T13:15:37.969-0300] {processor.py:153} INFO - Started process (PID=4308) to work on /home/rai/.local/lib/python3.10/site-packages/airflow/example_dags/example_latest_only_with_trigger.py
[2023-04-07T13:15:37.971-0300] {processor.py:743} INFO - Processing file /home/rai/.local/lib/python3.10/site-packages/airflow/example_dags/example_latest_only_with_trigger.py for tasks to queue
[2023-04-07T13:15:37.973-0300] {logging_mixin.py:137} INFO - [2023-04-07T13:15:37.973-0300] {dagbag.py:532} INFO - Filling up the DagBag from /home/rai/.local/lib/python3.10/site-packages/airflow/example_dags/example_latest_only_with_trigger.py
[2023-04-07T13:15:37.997-0300] {processor.py:753} INFO - DAG(s) dict_keys(['latest_only_with_trigger']) retrieved from /home/rai/.local/lib/python3.10/site-packages/airflow/example_dags/example_latest_only_with_trigger.py
[2023-04-07T13:15:38.029-0300] {logging_mixin.py:137} INFO - [2023-04-07T13:15:38.029-0300] {dag.py:2705} INFO - Sync 1 DAGs
[2023-04-07T13:15:38.167-0300] {logging_mixin.py:137} INFO - [2023-04-07T13:15:38.167-0300] {dag.py:3452} INFO - Setting next_dagrun for latest_only_with_trigger to 2023-04-07T12:15:38.167051+00:00, run_after=2023-04-07T16:15:38.167051+00:00
[2023-04-07T13:15:38.200-0300] {processor.py:175} INFO - Processing /home/rai/.local/lib/python3.10/site-packages/airflow/example_dags/example_latest_only_with_trigger.py took 0.235 seconds
[2023-04-07T13:16:34.295-0300] {processor.py:153} INFO - Started process (PID=4356) to work on /home/rai/.local/lib/python3.10/site-packages/airflow/example_dags/example_latest_only_with_trigger.py
[2023-04-07T13:16:34.297-0300] {processor.py:743} INFO - Processing file /home/rai/.local/lib/python3.10/site-packages/airflow/example_dags/example_latest_only_with_trigger.py for tasks to queue
[2023-04-07T13:16:34.298-0300] {logging_mixin.py:137} INFO - [2023-04-07T13:16:34.298-0300] {dagbag.py:532} INFO - Filling up the DagBag from /home/rai/.local/lib/python3.10/site-packages/airflow/example_dags/example_latest_only_with_trigger.py
[2023-04-07T13:16:34.319-0300] {processor.py:753} INFO - DAG(s) dict_keys(['latest_only_with_trigger']) retrieved from /home/rai/.local/lib/python3.10/site-packages/airflow/example_dags/example_latest_only_with_trigger.py
[2023-04-07T13:16:34.345-0300] {logging_mixin.py:137} INFO - [2023-04-07T13:16:34.345-0300] {dag.py:2705} INFO - Sync 1 DAGs
[2023-04-07T13:16:34.472-0300] {logging_mixin.py:137} INFO - [2023-04-07T13:16:34.471-0300] {dag.py:3452} INFO - Setting next_dagrun for latest_only_with_trigger to 2023-04-07T12:16:34.471730+00:00, run_after=2023-04-07T16:16:34.471730+00:00
[2023-04-07T13:16:34.496-0300] {processor.py:175} INFO - Processing /home/rai/.local/lib/python3.10/site-packages/airflow/example_dags/example_latest_only_with_trigger.py took 0.206 seconds
[2023-04-07T13:17:31.239-0300] {processor.py:153} INFO - Started process (PID=4406) to work on /home/rai/.local/lib/python3.10/site-packages/airflow/example_dags/example_latest_only_with_trigger.py
[2023-04-07T13:17:31.245-0300] {processor.py:743} INFO - Processing file /home/rai/.local/lib/python3.10/site-packages/airflow/example_dags/example_latest_only_with_trigger.py for tasks to queue
[2023-04-07T13:17:31.247-0300] {logging_mixin.py:137} INFO - [2023-04-07T13:17:31.246-0300] {dagbag.py:532} INFO - Filling up the DagBag from /home/rai/.local/lib/python3.10/site-packages/airflow/example_dags/example_latest_only_with_trigger.py
[2023-04-07T13:17:31.271-0300] {processor.py:753} INFO - DAG(s) dict_keys(['latest_only_with_trigger']) retrieved from /home/rai/.local/lib/python3.10/site-packages/airflow/example_dags/example_latest_only_with_trigger.py
[2023-04-07T13:17:31.398-0300] {logging_mixin.py:137} INFO - [2023-04-07T13:17:31.397-0300] {dag.py:2705} INFO - Sync 1 DAGs
[2023-04-07T13:17:31.423-0300] {logging_mixin.py:137} INFO - [2023-04-07T13:17:31.422-0300] {dag.py:3452} INFO - Setting next_dagrun for latest_only_with_trigger to 2023-04-07T12:17:31.422569+00:00, run_after=2023-04-07T16:17:31.422569+00:00
[2023-04-07T13:17:31.448-0300] {processor.py:175} INFO - Processing /home/rai/.local/lib/python3.10/site-packages/airflow/example_dags/example_latest_only_with_trigger.py took 0.213 seconds
[2023-04-07T13:18:32.758-0300] {processor.py:153} INFO - Started process (PID=4458) to work on /home/rai/.local/lib/python3.10/site-packages/airflow/example_dags/example_latest_only_with_trigger.py
[2023-04-07T13:18:32.760-0300] {processor.py:743} INFO - Processing file /home/rai/.local/lib/python3.10/site-packages/airflow/example_dags/example_latest_only_with_trigger.py for tasks to queue
[2023-04-07T13:18:32.762-0300] {logging_mixin.py:137} INFO - [2023-04-07T13:18:32.761-0300] {dagbag.py:532} INFO - Filling up the DagBag from /home/rai/.local/lib/python3.10/site-packages/airflow/example_dags/example_latest_only_with_trigger.py
[2023-04-07T13:18:32.787-0300] {processor.py:753} INFO - DAG(s) dict_keys(['latest_only_with_trigger']) retrieved from /home/rai/.local/lib/python3.10/site-packages/airflow/example_dags/example_latest_only_with_trigger.py
[2023-04-07T13:18:32.813-0300] {logging_mixin.py:137} INFO - [2023-04-07T13:18:32.813-0300] {dag.py:2705} INFO - Sync 1 DAGs
[2023-04-07T13:18:32.836-0300] {logging_mixin.py:137} INFO - [2023-04-07T13:18:32.836-0300] {dag.py:3452} INFO - Setting next_dagrun for latest_only_with_trigger to 2023-04-07T12:18:32.836187+00:00, run_after=2023-04-07T16:18:32.836187+00:00
[2023-04-07T13:18:32.859-0300] {processor.py:175} INFO - Processing /home/rai/.local/lib/python3.10/site-packages/airflow/example_dags/example_latest_only_with_trigger.py took 0.105 seconds
[2023-04-07T13:19:30.787-0300] {processor.py:153} INFO - Started process (PID=4508) to work on /home/rai/.local/lib/python3.10/site-packages/airflow/example_dags/example_latest_only_with_trigger.py
[2023-04-07T13:19:30.789-0300] {processor.py:743} INFO - Processing file /home/rai/.local/lib/python3.10/site-packages/airflow/example_dags/example_latest_only_with_trigger.py for tasks to queue
[2023-04-07T13:19:30.789-0300] {logging_mixin.py:137} INFO - [2023-04-07T13:19:30.789-0300] {dagbag.py:532} INFO - Filling up the DagBag from /home/rai/.local/lib/python3.10/site-packages/airflow/example_dags/example_latest_only_with_trigger.py
[2023-04-07T13:19:30.800-0300] {processor.py:753} INFO - DAG(s) dict_keys(['latest_only_with_trigger']) retrieved from /home/rai/.local/lib/python3.10/site-packages/airflow/example_dags/example_latest_only_with_trigger.py
[2023-04-07T13:19:30.817-0300] {logging_mixin.py:137} INFO - [2023-04-07T13:19:30.817-0300] {dag.py:2705} INFO - Sync 1 DAGs
[2023-04-07T13:19:30.836-0300] {logging_mixin.py:137} INFO - [2023-04-07T13:19:30.836-0300] {dag.py:3452} INFO - Setting next_dagrun for latest_only_with_trigger to 2023-04-07T12:19:30.836331+00:00, run_after=2023-04-07T16:19:30.836331+00:00
[2023-04-07T13:19:30.860-0300] {processor.py:175} INFO - Processing /home/rai/.local/lib/python3.10/site-packages/airflow/example_dags/example_latest_only_with_trigger.py took 0.075 seconds
[2023-04-07T13:20:15.746-0300] {processor.py:153} INFO - Started process (PID=4571) to work on /home/rai/.local/lib/python3.10/site-packages/airflow/example_dags/example_latest_only_with_trigger.py
[2023-04-07T13:20:15.748-0300] {processor.py:743} INFO - Processing file /home/rai/.local/lib/python3.10/site-packages/airflow/example_dags/example_latest_only_with_trigger.py for tasks to queue
[2023-04-07T13:20:15.749-0300] {logging_mixin.py:137} INFO - [2023-04-07T13:20:15.749-0300] {dagbag.py:532} INFO - Filling up the DagBag from /home/rai/.local/lib/python3.10/site-packages/airflow/example_dags/example_latest_only_with_trigger.py
[2023-04-07T13:20:15.762-0300] {processor.py:753} INFO - DAG(s) dict_keys(['latest_only_with_trigger']) retrieved from /home/rai/.local/lib/python3.10/site-packages/airflow/example_dags/example_latest_only_with_trigger.py
[2023-04-07T13:20:15.779-0300] {logging_mixin.py:137} INFO - [2023-04-07T13:20:15.779-0300] {dag.py:2705} INFO - Sync 1 DAGs
[2023-04-07T13:20:15.799-0300] {logging_mixin.py:137} INFO - [2023-04-07T13:20:15.798-0300] {dag.py:3452} INFO - Setting next_dagrun for latest_only_with_trigger to 2023-04-07T12:20:15.798784+00:00, run_after=2023-04-07T16:20:15.798784+00:00
[2023-04-07T13:20:15.900-0300] {processor.py:175} INFO - Processing /home/rai/.local/lib/python3.10/site-packages/airflow/example_dags/example_latest_only_with_trigger.py took 0.156 seconds
[2023-04-07T13:21:08.385-0300] {processor.py:153} INFO - Started process (PID=4635) to work on /home/rai/.local/lib/python3.10/site-packages/airflow/example_dags/example_latest_only_with_trigger.py
[2023-04-07T13:21:08.386-0300] {processor.py:743} INFO - Processing file /home/rai/.local/lib/python3.10/site-packages/airflow/example_dags/example_latest_only_with_trigger.py for tasks to queue
[2023-04-07T13:21:08.387-0300] {logging_mixin.py:137} INFO - [2023-04-07T13:21:08.387-0300] {dagbag.py:532} INFO - Filling up the DagBag from /home/rai/.local/lib/python3.10/site-packages/airflow/example_dags/example_latest_only_with_trigger.py
[2023-04-07T13:21:08.398-0300] {processor.py:753} INFO - DAG(s) dict_keys(['latest_only_with_trigger']) retrieved from /home/rai/.local/lib/python3.10/site-packages/airflow/example_dags/example_latest_only_with_trigger.py
[2023-04-07T13:21:08.414-0300] {logging_mixin.py:137} INFO - [2023-04-07T13:21:08.414-0300] {dag.py:2705} INFO - Sync 1 DAGs
[2023-04-07T13:21:08.513-0300] {logging_mixin.py:137} INFO - [2023-04-07T13:21:08.513-0300] {dag.py:3452} INFO - Setting next_dagrun for latest_only_with_trigger to 2023-04-07T12:21:08.513057+00:00, run_after=2023-04-07T16:21:08.513057+00:00
[2023-04-07T13:21:08.535-0300] {processor.py:175} INFO - Processing /home/rai/.local/lib/python3.10/site-packages/airflow/example_dags/example_latest_only_with_trigger.py took 0.153 seconds
[2023-04-07T13:22:02.152-0300] {processor.py:153} INFO - Started process (PID=4687) to work on /home/rai/.local/lib/python3.10/site-packages/airflow/example_dags/example_latest_only_with_trigger.py
[2023-04-07T13:22:02.156-0300] {processor.py:743} INFO - Processing file /home/rai/.local/lib/python3.10/site-packages/airflow/example_dags/example_latest_only_with_trigger.py for tasks to queue
[2023-04-07T13:22:02.157-0300] {logging_mixin.py:137} INFO - [2023-04-07T13:22:02.157-0300] {dagbag.py:532} INFO - Filling up the DagBag from /home/rai/.local/lib/python3.10/site-packages/airflow/example_dags/example_latest_only_with_trigger.py
[2023-04-07T13:22:02.168-0300] {processor.py:753} INFO - DAG(s) dict_keys(['latest_only_with_trigger']) retrieved from /home/rai/.local/lib/python3.10/site-packages/airflow/example_dags/example_latest_only_with_trigger.py
[2023-04-07T13:22:02.268-0300] {logging_mixin.py:137} INFO - [2023-04-07T13:22:02.267-0300] {dag.py:2705} INFO - Sync 1 DAGs
[2023-04-07T13:22:02.285-0300] {logging_mixin.py:137} INFO - [2023-04-07T13:22:02.285-0300] {dag.py:3452} INFO - Setting next_dagrun for latest_only_with_trigger to 2023-04-07T12:22:02.284900+00:00, run_after=2023-04-07T16:22:02.284900+00:00
[2023-04-07T13:22:02.307-0300] {processor.py:175} INFO - Processing /home/rai/.local/lib/python3.10/site-packages/airflow/example_dags/example_latest_only_with_trigger.py took 0.158 seconds
[2023-04-07T13:22:48.489-0300] {processor.py:153} INFO - Started process (PID=4734) to work on /home/rai/.local/lib/python3.10/site-packages/airflow/example_dags/example_latest_only_with_trigger.py
[2023-04-07T13:22:48.492-0300] {processor.py:743} INFO - Processing file /home/rai/.local/lib/python3.10/site-packages/airflow/example_dags/example_latest_only_with_trigger.py for tasks to queue
[2023-04-07T13:22:48.493-0300] {logging_mixin.py:137} INFO - [2023-04-07T13:22:48.493-0300] {dagbag.py:532} INFO - Filling up the DagBag from /home/rai/.local/lib/python3.10/site-packages/airflow/example_dags/example_latest_only_with_trigger.py
[2023-04-07T13:22:48.518-0300] {processor.py:753} INFO - DAG(s) dict_keys(['latest_only_with_trigger']) retrieved from /home/rai/.local/lib/python3.10/site-packages/airflow/example_dags/example_latest_only_with_trigger.py
[2023-04-07T13:22:48.633-0300] {logging_mixin.py:137} INFO - [2023-04-07T13:22:48.633-0300] {dag.py:2705} INFO - Sync 1 DAGs
[2023-04-07T13:22:48.650-0300] {logging_mixin.py:137} INFO - [2023-04-07T13:22:48.650-0300] {dag.py:3452} INFO - Setting next_dagrun for latest_only_with_trigger to 2023-04-07T12:22:48.650263+00:00, run_after=2023-04-07T16:22:48.650263+00:00
[2023-04-07T13:22:48.683-0300] {processor.py:175} INFO - Processing /home/rai/.local/lib/python3.10/site-packages/airflow/example_dags/example_latest_only_with_trigger.py took 0.199 seconds
