[2023-04-07T12:23:34.891-0300] {processor.py:153} INFO - Started process (PID=1413) to work on /home/rai/.local/lib/python3.10/site-packages/airflow/example_dags/example_sensors.py
[2023-04-07T12:23:34.891-0300] {processor.py:743} INFO - Processing file /home/rai/.local/lib/python3.10/site-packages/airflow/example_dags/example_sensors.py for tasks to queue
[2023-04-07T12:23:34.892-0300] {logging_mixin.py:137} INFO - [2023-04-07T12:23:34.892-0300] {dagbag.py:532} INFO - Filling up the DagBag from /home/rai/.local/lib/python3.10/site-packages/airflow/example_dags/example_sensors.py
[2023-04-07T12:23:34.906-0300] {processor.py:753} INFO - DAG(s) dict_keys(['example_sensors']) retrieved from /home/rai/.local/lib/python3.10/site-packages/airflow/example_dags/example_sensors.py
[2023-04-07T12:23:34.995-0300] {logging_mixin.py:137} INFO - [2023-04-07T12:23:34.995-0300] {manager.py:504} INFO - Created Permission View: can edit on DAG:example_sensors
[2023-04-07T12:23:35.007-0300] {logging_mixin.py:137} INFO - [2023-04-07T12:23:35.006-0300] {manager.py:504} INFO - Created Permission View: can delete on DAG:example_sensors
[2023-04-07T12:23:35.015-0300] {logging_mixin.py:137} INFO - [2023-04-07T12:23:35.015-0300] {manager.py:504} INFO - Created Permission View: can read on DAG:example_sensors
[2023-04-07T12:23:35.015-0300] {logging_mixin.py:137} INFO - [2023-04-07T12:23:35.015-0300] {dag.py:2705} INFO - Sync 1 DAGs
[2023-04-07T12:23:35.026-0300] {logging_mixin.py:137} INFO - [2023-04-07T12:23:35.026-0300] {dag.py:2726} INFO - Creating ORM DAG for example_sensors
[2023-04-07T12:23:35.034-0300] {logging_mixin.py:137} INFO - [2023-04-07T12:23:35.034-0300] {dag.py:3452} INFO - Setting next_dagrun for example_sensors to None, run_after=None
[2023-04-07T12:23:35.054-0300] {processor.py:175} INFO - Processing /home/rai/.local/lib/python3.10/site-packages/airflow/example_dags/example_sensors.py took 0.166 seconds
[2023-04-07T12:24:17.328-0300] {processor.py:153} INFO - Started process (PID=1456) to work on /home/rai/.local/lib/python3.10/site-packages/airflow/example_dags/example_sensors.py
[2023-04-07T12:24:17.333-0300] {processor.py:743} INFO - Processing file /home/rai/.local/lib/python3.10/site-packages/airflow/example_dags/example_sensors.py for tasks to queue
[2023-04-07T12:24:17.333-0300] {logging_mixin.py:137} INFO - [2023-04-07T12:24:17.333-0300] {dagbag.py:532} INFO - Filling up the DagBag from /home/rai/.local/lib/python3.10/site-packages/airflow/example_dags/example_sensors.py
[2023-04-07T12:24:17.348-0300] {processor.py:753} INFO - DAG(s) dict_keys(['example_sensors']) retrieved from /home/rai/.local/lib/python3.10/site-packages/airflow/example_dags/example_sensors.py
[2023-04-07T12:24:17.368-0300] {logging_mixin.py:137} INFO - [2023-04-07T12:24:17.368-0300] {dag.py:2705} INFO - Sync 1 DAGs
[2023-04-07T12:24:17.385-0300] {logging_mixin.py:137} INFO - [2023-04-07T12:24:17.385-0300] {dag.py:3452} INFO - Setting next_dagrun for example_sensors to None, run_after=None
[2023-04-07T12:24:17.405-0300] {processor.py:175} INFO - Processing /home/rai/.local/lib/python3.10/site-packages/airflow/example_dags/example_sensors.py took 0.080 seconds
[2023-04-07T12:24:57.505-0300] {processor.py:153} INFO - Started process (PID=1498) to work on /home/rai/.local/lib/python3.10/site-packages/airflow/example_dags/example_sensors.py
[2023-04-07T12:24:57.510-0300] {processor.py:743} INFO - Processing file /home/rai/.local/lib/python3.10/site-packages/airflow/example_dags/example_sensors.py for tasks to queue
[2023-04-07T12:24:57.510-0300] {logging_mixin.py:137} INFO - [2023-04-07T12:24:57.510-0300] {dagbag.py:532} INFO - Filling up the DagBag from /home/rai/.local/lib/python3.10/site-packages/airflow/example_dags/example_sensors.py
[2023-04-07T12:24:57.526-0300] {processor.py:753} INFO - DAG(s) dict_keys(['example_sensors']) retrieved from /home/rai/.local/lib/python3.10/site-packages/airflow/example_dags/example_sensors.py
[2023-04-07T12:24:57.547-0300] {logging_mixin.py:137} INFO - [2023-04-07T12:24:57.547-0300] {dag.py:2705} INFO - Sync 1 DAGs
[2023-04-07T12:24:57.567-0300] {logging_mixin.py:137} INFO - [2023-04-07T12:24:57.566-0300] {dag.py:3452} INFO - Setting next_dagrun for example_sensors to None, run_after=None
[2023-04-07T12:24:57.587-0300] {processor.py:175} INFO - Processing /home/rai/.local/lib/python3.10/site-packages/airflow/example_dags/example_sensors.py took 0.083 seconds
[2023-04-07T12:25:42.799-0300] {processor.py:153} INFO - Started process (PID=1543) to work on /home/rai/.local/lib/python3.10/site-packages/airflow/example_dags/example_sensors.py
[2023-04-07T12:25:42.801-0300] {processor.py:743} INFO - Processing file /home/rai/.local/lib/python3.10/site-packages/airflow/example_dags/example_sensors.py for tasks to queue
[2023-04-07T12:25:42.801-0300] {logging_mixin.py:137} INFO - [2023-04-07T12:25:42.801-0300] {dagbag.py:532} INFO - Filling up the DagBag from /home/rai/.local/lib/python3.10/site-packages/airflow/example_dags/example_sensors.py
[2023-04-07T12:25:42.817-0300] {processor.py:753} INFO - DAG(s) dict_keys(['example_sensors']) retrieved from /home/rai/.local/lib/python3.10/site-packages/airflow/example_dags/example_sensors.py
[2023-04-07T12:25:42.838-0300] {logging_mixin.py:137} INFO - [2023-04-07T12:25:42.838-0300] {dag.py:2705} INFO - Sync 1 DAGs
[2023-04-07T12:25:42.857-0300] {logging_mixin.py:137} INFO - [2023-04-07T12:25:42.856-0300] {dag.py:3452} INFO - Setting next_dagrun for example_sensors to None, run_after=None
[2023-04-07T12:25:42.878-0300] {processor.py:175} INFO - Processing /home/rai/.local/lib/python3.10/site-packages/airflow/example_dags/example_sensors.py took 0.081 seconds
[2023-04-07T12:26:24.708-0300] {processor.py:153} INFO - Started process (PID=1585) to work on /home/rai/.local/lib/python3.10/site-packages/airflow/example_dags/example_sensors.py
[2023-04-07T12:26:24.712-0300] {processor.py:743} INFO - Processing file /home/rai/.local/lib/python3.10/site-packages/airflow/example_dags/example_sensors.py for tasks to queue
[2023-04-07T12:26:24.713-0300] {logging_mixin.py:137} INFO - [2023-04-07T12:26:24.713-0300] {dagbag.py:532} INFO - Filling up the DagBag from /home/rai/.local/lib/python3.10/site-packages/airflow/example_dags/example_sensors.py
[2023-04-07T12:26:24.728-0300] {processor.py:753} INFO - DAG(s) dict_keys(['example_sensors']) retrieved from /home/rai/.local/lib/python3.10/site-packages/airflow/example_dags/example_sensors.py
[2023-04-07T12:26:24.747-0300] {logging_mixin.py:137} INFO - [2023-04-07T12:26:24.747-0300] {dag.py:2705} INFO - Sync 1 DAGs
[2023-04-07T12:26:24.763-0300] {logging_mixin.py:137} INFO - [2023-04-07T12:26:24.763-0300] {dag.py:3452} INFO - Setting next_dagrun for example_sensors to None, run_after=None
[2023-04-07T12:26:24.784-0300] {processor.py:175} INFO - Processing /home/rai/.local/lib/python3.10/site-packages/airflow/example_dags/example_sensors.py took 0.078 seconds
[2023-04-07T12:27:11.172-0300] {processor.py:153} INFO - Started process (PID=1633) to work on /home/rai/.local/lib/python3.10/site-packages/airflow/example_dags/example_sensors.py
[2023-04-07T12:27:11.173-0300] {processor.py:743} INFO - Processing file /home/rai/.local/lib/python3.10/site-packages/airflow/example_dags/example_sensors.py for tasks to queue
[2023-04-07T12:27:11.174-0300] {logging_mixin.py:137} INFO - [2023-04-07T12:27:11.174-0300] {dagbag.py:532} INFO - Filling up the DagBag from /home/rai/.local/lib/python3.10/site-packages/airflow/example_dags/example_sensors.py
[2023-04-07T12:27:11.188-0300] {processor.py:753} INFO - DAG(s) dict_keys(['example_sensors']) retrieved from /home/rai/.local/lib/python3.10/site-packages/airflow/example_dags/example_sensors.py
[2023-04-07T12:27:11.207-0300] {logging_mixin.py:137} INFO - [2023-04-07T12:27:11.207-0300] {dag.py:2705} INFO - Sync 1 DAGs
[2023-04-07T12:27:11.224-0300] {logging_mixin.py:137} INFO - [2023-04-07T12:27:11.224-0300] {dag.py:3452} INFO - Setting next_dagrun for example_sensors to None, run_after=None
[2023-04-07T12:27:11.245-0300] {processor.py:175} INFO - Processing /home/rai/.local/lib/python3.10/site-packages/airflow/example_dags/example_sensors.py took 0.076 seconds
[2023-04-07T12:27:55.181-0300] {processor.py:153} INFO - Started process (PID=1678) to work on /home/rai/.local/lib/python3.10/site-packages/airflow/example_dags/example_sensors.py
[2023-04-07T12:27:55.183-0300] {processor.py:743} INFO - Processing file /home/rai/.local/lib/python3.10/site-packages/airflow/example_dags/example_sensors.py for tasks to queue
[2023-04-07T12:27:55.183-0300] {logging_mixin.py:137} INFO - [2023-04-07T12:27:55.183-0300] {dagbag.py:532} INFO - Filling up the DagBag from /home/rai/.local/lib/python3.10/site-packages/airflow/example_dags/example_sensors.py
[2023-04-07T12:27:55.198-0300] {processor.py:753} INFO - DAG(s) dict_keys(['example_sensors']) retrieved from /home/rai/.local/lib/python3.10/site-packages/airflow/example_dags/example_sensors.py
[2023-04-07T12:27:55.218-0300] {logging_mixin.py:137} INFO - [2023-04-07T12:27:55.218-0300] {dag.py:2705} INFO - Sync 1 DAGs
[2023-04-07T12:27:55.236-0300] {logging_mixin.py:137} INFO - [2023-04-07T12:27:55.236-0300] {dag.py:3452} INFO - Setting next_dagrun for example_sensors to None, run_after=None
[2023-04-07T12:27:55.258-0300] {processor.py:175} INFO - Processing /home/rai/.local/lib/python3.10/site-packages/airflow/example_dags/example_sensors.py took 0.079 seconds
[2023-04-07T12:28:32.152-0300] {processor.py:153} INFO - Started process (PID=1718) to work on /home/rai/.local/lib/python3.10/site-packages/airflow/example_dags/example_sensors.py
[2023-04-07T12:28:32.157-0300] {processor.py:743} INFO - Processing file /home/rai/.local/lib/python3.10/site-packages/airflow/example_dags/example_sensors.py for tasks to queue
[2023-04-07T12:28:32.157-0300] {logging_mixin.py:137} INFO - [2023-04-07T12:28:32.157-0300] {dagbag.py:532} INFO - Filling up the DagBag from /home/rai/.local/lib/python3.10/site-packages/airflow/example_dags/example_sensors.py
[2023-04-07T12:28:32.172-0300] {processor.py:753} INFO - DAG(s) dict_keys(['example_sensors']) retrieved from /home/rai/.local/lib/python3.10/site-packages/airflow/example_dags/example_sensors.py
[2023-04-07T12:28:32.192-0300] {logging_mixin.py:137} INFO - [2023-04-07T12:28:32.192-0300] {dag.py:2705} INFO - Sync 1 DAGs
[2023-04-07T12:28:32.211-0300] {logging_mixin.py:137} INFO - [2023-04-07T12:28:32.211-0300] {dag.py:3452} INFO - Setting next_dagrun for example_sensors to None, run_after=None
[2023-04-07T12:28:32.233-0300] {processor.py:175} INFO - Processing /home/rai/.local/lib/python3.10/site-packages/airflow/example_dags/example_sensors.py took 0.083 seconds
[2023-04-07T12:29:14.345-0300] {processor.py:153} INFO - Started process (PID=1758) to work on /home/rai/.local/lib/python3.10/site-packages/airflow/example_dags/example_sensors.py
[2023-04-07T12:29:14.350-0300] {processor.py:743} INFO - Processing file /home/rai/.local/lib/python3.10/site-packages/airflow/example_dags/example_sensors.py for tasks to queue
[2023-04-07T12:29:14.351-0300] {logging_mixin.py:137} INFO - [2023-04-07T12:29:14.351-0300] {dagbag.py:532} INFO - Filling up the DagBag from /home/rai/.local/lib/python3.10/site-packages/airflow/example_dags/example_sensors.py
[2023-04-07T12:29:14.383-0300] {processor.py:753} INFO - DAG(s) dict_keys(['example_sensors']) retrieved from /home/rai/.local/lib/python3.10/site-packages/airflow/example_dags/example_sensors.py
[2023-04-07T12:29:14.412-0300] {logging_mixin.py:137} INFO - [2023-04-07T12:29:14.412-0300] {dag.py:2705} INFO - Sync 1 DAGs
[2023-04-07T12:29:14.433-0300] {logging_mixin.py:137} INFO - [2023-04-07T12:29:14.433-0300] {dag.py:3452} INFO - Setting next_dagrun for example_sensors to None, run_after=None
[2023-04-07T12:29:14.460-0300] {processor.py:175} INFO - Processing /home/rai/.local/lib/python3.10/site-packages/airflow/example_dags/example_sensors.py took 0.121 seconds
[2023-04-07T12:29:56.606-0300] {processor.py:153} INFO - Started process (PID=1800) to work on /home/rai/.local/lib/python3.10/site-packages/airflow/example_dags/example_sensors.py
[2023-04-07T12:29:56.611-0300] {processor.py:743} INFO - Processing file /home/rai/.local/lib/python3.10/site-packages/airflow/example_dags/example_sensors.py for tasks to queue
[2023-04-07T12:29:56.612-0300] {logging_mixin.py:137} INFO - [2023-04-07T12:29:56.612-0300] {dagbag.py:532} INFO - Filling up the DagBag from /home/rai/.local/lib/python3.10/site-packages/airflow/example_dags/example_sensors.py
[2023-04-07T12:29:56.652-0300] {processor.py:753} INFO - DAG(s) dict_keys(['example_sensors']) retrieved from /home/rai/.local/lib/python3.10/site-packages/airflow/example_dags/example_sensors.py
[2023-04-07T12:29:56.685-0300] {logging_mixin.py:137} INFO - [2023-04-07T12:29:56.685-0300] {dag.py:2705} INFO - Sync 1 DAGs
[2023-04-07T12:29:56.707-0300] {logging_mixin.py:137} INFO - [2023-04-07T12:29:56.706-0300] {dag.py:3452} INFO - Setting next_dagrun for example_sensors to None, run_after=None
[2023-04-07T12:29:56.739-0300] {processor.py:175} INFO - Processing /home/rai/.local/lib/python3.10/site-packages/airflow/example_dags/example_sensors.py took 0.138 seconds
[2023-04-07T12:30:43.957-0300] {processor.py:153} INFO - Started process (PID=1847) to work on /home/rai/.local/lib/python3.10/site-packages/airflow/example_dags/example_sensors.py
[2023-04-07T12:30:43.958-0300] {processor.py:743} INFO - Processing file /home/rai/.local/lib/python3.10/site-packages/airflow/example_dags/example_sensors.py for tasks to queue
[2023-04-07T12:30:43.959-0300] {logging_mixin.py:137} INFO - [2023-04-07T12:30:43.959-0300] {dagbag.py:532} INFO - Filling up the DagBag from /home/rai/.local/lib/python3.10/site-packages/airflow/example_dags/example_sensors.py
[2023-04-07T12:30:43.985-0300] {processor.py:753} INFO - DAG(s) dict_keys(['example_sensors']) retrieved from /home/rai/.local/lib/python3.10/site-packages/airflow/example_dags/example_sensors.py
[2023-04-07T12:30:44.023-0300] {logging_mixin.py:137} INFO - [2023-04-07T12:30:44.023-0300] {dag.py:2705} INFO - Sync 1 DAGs
[2023-04-07T12:30:44.076-0300] {logging_mixin.py:137} INFO - [2023-04-07T12:30:44.076-0300] {dag.py:3452} INFO - Setting next_dagrun for example_sensors to None, run_after=None
[2023-04-07T12:30:44.116-0300] {processor.py:175} INFO - Processing /home/rai/.local/lib/python3.10/site-packages/airflow/example_dags/example_sensors.py took 0.161 seconds
[2023-04-07T12:31:31.018-0300] {processor.py:153} INFO - Started process (PID=1891) to work on /home/rai/.local/lib/python3.10/site-packages/airflow/example_dags/example_sensors.py
[2023-04-07T12:31:31.019-0300] {processor.py:743} INFO - Processing file /home/rai/.local/lib/python3.10/site-packages/airflow/example_dags/example_sensors.py for tasks to queue
[2023-04-07T12:31:31.019-0300] {logging_mixin.py:137} INFO - [2023-04-07T12:31:31.019-0300] {dagbag.py:532} INFO - Filling up the DagBag from /home/rai/.local/lib/python3.10/site-packages/airflow/example_dags/example_sensors.py
[2023-04-07T12:31:31.036-0300] {processor.py:753} INFO - DAG(s) dict_keys(['example_sensors']) retrieved from /home/rai/.local/lib/python3.10/site-packages/airflow/example_dags/example_sensors.py
[2023-04-07T12:31:31.056-0300] {logging_mixin.py:137} INFO - [2023-04-07T12:31:31.056-0300] {dag.py:2705} INFO - Sync 1 DAGs
[2023-04-07T12:31:31.074-0300] {logging_mixin.py:137} INFO - [2023-04-07T12:31:31.074-0300] {dag.py:3452} INFO - Setting next_dagrun for example_sensors to None, run_after=None
[2023-04-07T12:31:31.099-0300] {processor.py:175} INFO - Processing /home/rai/.local/lib/python3.10/site-packages/airflow/example_dags/example_sensors.py took 0.083 seconds
[2023-04-07T12:32:18.723-0300] {processor.py:153} INFO - Started process (PID=1939) to work on /home/rai/.local/lib/python3.10/site-packages/airflow/example_dags/example_sensors.py
[2023-04-07T12:32:18.725-0300] {processor.py:743} INFO - Processing file /home/rai/.local/lib/python3.10/site-packages/airflow/example_dags/example_sensors.py for tasks to queue
[2023-04-07T12:32:18.727-0300] {logging_mixin.py:137} INFO - [2023-04-07T12:32:18.727-0300] {dagbag.py:532} INFO - Filling up the DagBag from /home/rai/.local/lib/python3.10/site-packages/airflow/example_dags/example_sensors.py
[2023-04-07T12:32:18.763-0300] {processor.py:753} INFO - DAG(s) dict_keys(['example_sensors']) retrieved from /home/rai/.local/lib/python3.10/site-packages/airflow/example_dags/example_sensors.py
[2023-04-07T12:32:18.798-0300] {logging_mixin.py:137} INFO - [2023-04-07T12:32:18.798-0300] {dag.py:2705} INFO - Sync 1 DAGs
[2023-04-07T12:32:18.832-0300] {logging_mixin.py:137} INFO - [2023-04-07T12:32:18.832-0300] {dag.py:3452} INFO - Setting next_dagrun for example_sensors to None, run_after=None
[2023-04-07T12:32:18.870-0300] {processor.py:175} INFO - Processing /home/rai/.local/lib/python3.10/site-packages/airflow/example_dags/example_sensors.py took 0.151 seconds
[2023-04-07T12:33:00.843-0300] {processor.py:153} INFO - Started process (PID=1980) to work on /home/rai/.local/lib/python3.10/site-packages/airflow/example_dags/example_sensors.py
[2023-04-07T12:33:00.844-0300] {processor.py:743} INFO - Processing file /home/rai/.local/lib/python3.10/site-packages/airflow/example_dags/example_sensors.py for tasks to queue
[2023-04-07T12:33:00.845-0300] {logging_mixin.py:137} INFO - [2023-04-07T12:33:00.845-0300] {dagbag.py:532} INFO - Filling up the DagBag from /home/rai/.local/lib/python3.10/site-packages/airflow/example_dags/example_sensors.py
[2023-04-07T12:33:00.860-0300] {processor.py:753} INFO - DAG(s) dict_keys(['example_sensors']) retrieved from /home/rai/.local/lib/python3.10/site-packages/airflow/example_dags/example_sensors.py
[2023-04-07T12:33:00.880-0300] {logging_mixin.py:137} INFO - [2023-04-07T12:33:00.880-0300] {dag.py:2705} INFO - Sync 1 DAGs
[2023-04-07T12:33:00.897-0300] {logging_mixin.py:137} INFO - [2023-04-07T12:33:00.897-0300] {dag.py:3452} INFO - Setting next_dagrun for example_sensors to None, run_after=None
[2023-04-07T12:33:00.916-0300] {processor.py:175} INFO - Processing /home/rai/.local/lib/python3.10/site-packages/airflow/example_dags/example_sensors.py took 0.075 seconds
[2023-04-07T12:33:51.136-0300] {processor.py:153} INFO - Started process (PID=2027) to work on /home/rai/.local/lib/python3.10/site-packages/airflow/example_dags/example_sensors.py
[2023-04-07T12:33:51.141-0300] {processor.py:743} INFO - Processing file /home/rai/.local/lib/python3.10/site-packages/airflow/example_dags/example_sensors.py for tasks to queue
[2023-04-07T12:33:51.142-0300] {logging_mixin.py:137} INFO - [2023-04-07T12:33:51.142-0300] {dagbag.py:532} INFO - Filling up the DagBag from /home/rai/.local/lib/python3.10/site-packages/airflow/example_dags/example_sensors.py
[2023-04-07T12:33:51.171-0300] {processor.py:753} INFO - DAG(s) dict_keys(['example_sensors']) retrieved from /home/rai/.local/lib/python3.10/site-packages/airflow/example_dags/example_sensors.py
[2023-04-07T12:33:51.216-0300] {logging_mixin.py:137} INFO - [2023-04-07T12:33:51.216-0300] {dag.py:2705} INFO - Sync 1 DAGs
[2023-04-07T12:33:51.243-0300] {logging_mixin.py:137} INFO - [2023-04-07T12:33:51.242-0300] {dag.py:3452} INFO - Setting next_dagrun for example_sensors to None, run_after=None
[2023-04-07T12:33:51.274-0300] {processor.py:175} INFO - Processing /home/rai/.local/lib/python3.10/site-packages/airflow/example_dags/example_sensors.py took 0.145 seconds
[2023-04-07T12:34:32.735-0300] {processor.py:153} INFO - Started process (PID=2069) to work on /home/rai/.local/lib/python3.10/site-packages/airflow/example_dags/example_sensors.py
[2023-04-07T12:34:32.736-0300] {processor.py:743} INFO - Processing file /home/rai/.local/lib/python3.10/site-packages/airflow/example_dags/example_sensors.py for tasks to queue
[2023-04-07T12:34:32.737-0300] {logging_mixin.py:137} INFO - [2023-04-07T12:34:32.737-0300] {dagbag.py:532} INFO - Filling up the DagBag from /home/rai/.local/lib/python3.10/site-packages/airflow/example_dags/example_sensors.py
[2023-04-07T12:34:32.754-0300] {processor.py:753} INFO - DAG(s) dict_keys(['example_sensors']) retrieved from /home/rai/.local/lib/python3.10/site-packages/airflow/example_dags/example_sensors.py
[2023-04-07T12:34:32.772-0300] {logging_mixin.py:137} INFO - [2023-04-07T12:34:32.772-0300] {dag.py:2705} INFO - Sync 1 DAGs
[2023-04-07T12:34:32.789-0300] {logging_mixin.py:137} INFO - [2023-04-07T12:34:32.788-0300] {dag.py:3452} INFO - Setting next_dagrun for example_sensors to None, run_after=None
[2023-04-07T12:34:32.808-0300] {processor.py:175} INFO - Processing /home/rai/.local/lib/python3.10/site-packages/airflow/example_dags/example_sensors.py took 0.076 seconds
[2023-04-07T12:35:12.327-0300] {processor.py:153} INFO - Started process (PID=2108) to work on /home/rai/.local/lib/python3.10/site-packages/airflow/example_dags/example_sensors.py
[2023-04-07T12:35:12.331-0300] {processor.py:743} INFO - Processing file /home/rai/.local/lib/python3.10/site-packages/airflow/example_dags/example_sensors.py for tasks to queue
[2023-04-07T12:35:12.332-0300] {logging_mixin.py:137} INFO - [2023-04-07T12:35:12.332-0300] {dagbag.py:532} INFO - Filling up the DagBag from /home/rai/.local/lib/python3.10/site-packages/airflow/example_dags/example_sensors.py
[2023-04-07T12:35:12.346-0300] {processor.py:753} INFO - DAG(s) dict_keys(['example_sensors']) retrieved from /home/rai/.local/lib/python3.10/site-packages/airflow/example_dags/example_sensors.py
[2023-04-07T12:35:12.365-0300] {logging_mixin.py:137} INFO - [2023-04-07T12:35:12.365-0300] {dag.py:2705} INFO - Sync 1 DAGs
[2023-04-07T12:35:12.382-0300] {logging_mixin.py:137} INFO - [2023-04-07T12:35:12.382-0300] {dag.py:3452} INFO - Setting next_dagrun for example_sensors to None, run_after=None
[2023-04-07T12:35:12.404-0300] {processor.py:175} INFO - Processing /home/rai/.local/lib/python3.10/site-packages/airflow/example_dags/example_sensors.py took 0.079 seconds
[2023-04-07T12:36:00.659-0300] {processor.py:153} INFO - Started process (PID=2157) to work on /home/rai/.local/lib/python3.10/site-packages/airflow/example_dags/example_sensors.py
[2023-04-07T12:36:00.660-0300] {processor.py:743} INFO - Processing file /home/rai/.local/lib/python3.10/site-packages/airflow/example_dags/example_sensors.py for tasks to queue
[2023-04-07T12:36:00.661-0300] {logging_mixin.py:137} INFO - [2023-04-07T12:36:00.661-0300] {dagbag.py:532} INFO - Filling up the DagBag from /home/rai/.local/lib/python3.10/site-packages/airflow/example_dags/example_sensors.py
[2023-04-07T12:36:00.676-0300] {processor.py:753} INFO - DAG(s) dict_keys(['example_sensors']) retrieved from /home/rai/.local/lib/python3.10/site-packages/airflow/example_dags/example_sensors.py
[2023-04-07T12:36:00.696-0300] {logging_mixin.py:137} INFO - [2023-04-07T12:36:00.696-0300] {dag.py:2705} INFO - Sync 1 DAGs
[2023-04-07T12:36:00.713-0300] {logging_mixin.py:137} INFO - [2023-04-07T12:36:00.713-0300] {dag.py:3452} INFO - Setting next_dagrun for example_sensors to None, run_after=None
[2023-04-07T12:36:00.733-0300] {processor.py:175} INFO - Processing /home/rai/.local/lib/python3.10/site-packages/airflow/example_dags/example_sensors.py took 0.076 seconds
[2023-04-07T12:36:48.038-0300] {processor.py:153} INFO - Started process (PID=2206) to work on /home/rai/.local/lib/python3.10/site-packages/airflow/example_dags/example_sensors.py
[2023-04-07T12:36:48.042-0300] {processor.py:743} INFO - Processing file /home/rai/.local/lib/python3.10/site-packages/airflow/example_dags/example_sensors.py for tasks to queue
[2023-04-07T12:36:48.043-0300] {logging_mixin.py:137} INFO - [2023-04-07T12:36:48.043-0300] {dagbag.py:532} INFO - Filling up the DagBag from /home/rai/.local/lib/python3.10/site-packages/airflow/example_dags/example_sensors.py
[2023-04-07T12:36:48.058-0300] {processor.py:753} INFO - DAG(s) dict_keys(['example_sensors']) retrieved from /home/rai/.local/lib/python3.10/site-packages/airflow/example_dags/example_sensors.py
[2023-04-07T12:36:48.077-0300] {logging_mixin.py:137} INFO - [2023-04-07T12:36:48.077-0300] {dag.py:2705} INFO - Sync 1 DAGs
[2023-04-07T12:36:48.096-0300] {logging_mixin.py:137} INFO - [2023-04-07T12:36:48.095-0300] {dag.py:3452} INFO - Setting next_dagrun for example_sensors to None, run_after=None
[2023-04-07T12:36:48.116-0300] {processor.py:175} INFO - Processing /home/rai/.local/lib/python3.10/site-packages/airflow/example_dags/example_sensors.py took 0.081 seconds
[2023-04-07T12:37:27.584-0300] {processor.py:153} INFO - Started process (PID=2248) to work on /home/rai/.local/lib/python3.10/site-packages/airflow/example_dags/example_sensors.py
[2023-04-07T12:37:27.585-0300] {processor.py:743} INFO - Processing file /home/rai/.local/lib/python3.10/site-packages/airflow/example_dags/example_sensors.py for tasks to queue
[2023-04-07T12:37:27.585-0300] {logging_mixin.py:137} INFO - [2023-04-07T12:37:27.585-0300] {dagbag.py:532} INFO - Filling up the DagBag from /home/rai/.local/lib/python3.10/site-packages/airflow/example_dags/example_sensors.py
[2023-04-07T12:37:27.600-0300] {processor.py:753} INFO - DAG(s) dict_keys(['example_sensors']) retrieved from /home/rai/.local/lib/python3.10/site-packages/airflow/example_dags/example_sensors.py
[2023-04-07T12:37:27.620-0300] {logging_mixin.py:137} INFO - [2023-04-07T12:37:27.620-0300] {dag.py:2705} INFO - Sync 1 DAGs
[2023-04-07T12:37:27.637-0300] {logging_mixin.py:137} INFO - [2023-04-07T12:37:27.637-0300] {dag.py:3452} INFO - Setting next_dagrun for example_sensors to None, run_after=None
[2023-04-07T12:37:27.657-0300] {processor.py:175} INFO - Processing /home/rai/.local/lib/python3.10/site-packages/airflow/example_dags/example_sensors.py took 0.076 seconds
[2023-04-07T12:38:14.231-0300] {processor.py:153} INFO - Started process (PID=2296) to work on /home/rai/.local/lib/python3.10/site-packages/airflow/example_dags/example_sensors.py
[2023-04-07T12:38:14.232-0300] {processor.py:743} INFO - Processing file /home/rai/.local/lib/python3.10/site-packages/airflow/example_dags/example_sensors.py for tasks to queue
[2023-04-07T12:38:14.233-0300] {logging_mixin.py:137} INFO - [2023-04-07T12:38:14.233-0300] {dagbag.py:532} INFO - Filling up the DagBag from /home/rai/.local/lib/python3.10/site-packages/airflow/example_dags/example_sensors.py
[2023-04-07T12:38:14.248-0300] {processor.py:753} INFO - DAG(s) dict_keys(['example_sensors']) retrieved from /home/rai/.local/lib/python3.10/site-packages/airflow/example_dags/example_sensors.py
[2023-04-07T12:38:14.269-0300] {logging_mixin.py:137} INFO - [2023-04-07T12:38:14.269-0300] {dag.py:2705} INFO - Sync 1 DAGs
[2023-04-07T12:38:14.285-0300] {logging_mixin.py:137} INFO - [2023-04-07T12:38:14.285-0300] {dag.py:3452} INFO - Setting next_dagrun for example_sensors to None, run_after=None
[2023-04-07T12:38:14.306-0300] {processor.py:175} INFO - Processing /home/rai/.local/lib/python3.10/site-packages/airflow/example_dags/example_sensors.py took 0.076 seconds
[2023-04-07T12:38:58.721-0300] {processor.py:153} INFO - Started process (PID=2341) to work on /home/rai/.local/lib/python3.10/site-packages/airflow/example_dags/example_sensors.py
[2023-04-07T12:38:58.726-0300] {processor.py:743} INFO - Processing file /home/rai/.local/lib/python3.10/site-packages/airflow/example_dags/example_sensors.py for tasks to queue
[2023-04-07T12:38:58.727-0300] {logging_mixin.py:137} INFO - [2023-04-07T12:38:58.727-0300] {dagbag.py:532} INFO - Filling up the DagBag from /home/rai/.local/lib/python3.10/site-packages/airflow/example_dags/example_sensors.py
[2023-04-07T12:38:58.743-0300] {processor.py:753} INFO - DAG(s) dict_keys(['example_sensors']) retrieved from /home/rai/.local/lib/python3.10/site-packages/airflow/example_dags/example_sensors.py
[2023-04-07T12:38:58.762-0300] {logging_mixin.py:137} INFO - [2023-04-07T12:38:58.762-0300] {dag.py:2705} INFO - Sync 1 DAGs
[2023-04-07T12:38:58.779-0300] {logging_mixin.py:137} INFO - [2023-04-07T12:38:58.779-0300] {dag.py:3452} INFO - Setting next_dagrun for example_sensors to None, run_after=None
[2023-04-07T12:38:58.800-0300] {processor.py:175} INFO - Processing /home/rai/.local/lib/python3.10/site-packages/airflow/example_dags/example_sensors.py took 0.081 seconds
[2023-04-07T12:39:46.557-0300] {processor.py:153} INFO - Started process (PID=2390) to work on /home/rai/.local/lib/python3.10/site-packages/airflow/example_dags/example_sensors.py
[2023-04-07T12:39:46.559-0300] {processor.py:743} INFO - Processing file /home/rai/.local/lib/python3.10/site-packages/airflow/example_dags/example_sensors.py for tasks to queue
[2023-04-07T12:39:46.559-0300] {logging_mixin.py:137} INFO - [2023-04-07T12:39:46.559-0300] {dagbag.py:532} INFO - Filling up the DagBag from /home/rai/.local/lib/python3.10/site-packages/airflow/example_dags/example_sensors.py
[2023-04-07T12:39:46.574-0300] {processor.py:753} INFO - DAG(s) dict_keys(['example_sensors']) retrieved from /home/rai/.local/lib/python3.10/site-packages/airflow/example_dags/example_sensors.py
[2023-04-07T12:39:46.593-0300] {logging_mixin.py:137} INFO - [2023-04-07T12:39:46.592-0300] {dag.py:2705} INFO - Sync 1 DAGs
[2023-04-07T12:39:46.610-0300] {logging_mixin.py:137} INFO - [2023-04-07T12:39:46.610-0300] {dag.py:3452} INFO - Setting next_dagrun for example_sensors to None, run_after=None
[2023-04-07T12:39:46.711-0300] {processor.py:175} INFO - Processing /home/rai/.local/lib/python3.10/site-packages/airflow/example_dags/example_sensors.py took 0.156 seconds
[2023-04-07T12:40:25.887-0300] {processor.py:153} INFO - Started process (PID=2428) to work on /home/rai/.local/lib/python3.10/site-packages/airflow/example_dags/example_sensors.py
[2023-04-07T12:40:25.892-0300] {processor.py:743} INFO - Processing file /home/rai/.local/lib/python3.10/site-packages/airflow/example_dags/example_sensors.py for tasks to queue
[2023-04-07T12:40:25.892-0300] {logging_mixin.py:137} INFO - [2023-04-07T12:40:25.892-0300] {dagbag.py:532} INFO - Filling up the DagBag from /home/rai/.local/lib/python3.10/site-packages/airflow/example_dags/example_sensors.py
[2023-04-07T12:40:25.909-0300] {processor.py:753} INFO - DAG(s) dict_keys(['example_sensors']) retrieved from /home/rai/.local/lib/python3.10/site-packages/airflow/example_dags/example_sensors.py
[2023-04-07T12:40:25.930-0300] {logging_mixin.py:137} INFO - [2023-04-07T12:40:25.930-0300] {dag.py:2705} INFO - Sync 1 DAGs
[2023-04-07T12:40:26.029-0300] {logging_mixin.py:137} INFO - [2023-04-07T12:40:26.029-0300] {dag.py:3452} INFO - Setting next_dagrun for example_sensors to None, run_after=None
[2023-04-07T12:40:26.051-0300] {processor.py:175} INFO - Processing /home/rai/.local/lib/python3.10/site-packages/airflow/example_dags/example_sensors.py took 0.166 seconds
[2023-04-07T12:41:07.976-0300] {processor.py:153} INFO - Started process (PID=2469) to work on /home/rai/.local/lib/python3.10/site-packages/airflow/example_dags/example_sensors.py
[2023-04-07T12:41:07.981-0300] {processor.py:743} INFO - Processing file /home/rai/.local/lib/python3.10/site-packages/airflow/example_dags/example_sensors.py for tasks to queue
[2023-04-07T12:41:07.982-0300] {logging_mixin.py:137} INFO - [2023-04-07T12:41:07.982-0300] {dagbag.py:532} INFO - Filling up the DagBag from /home/rai/.local/lib/python3.10/site-packages/airflow/example_dags/example_sensors.py
[2023-04-07T12:41:07.996-0300] {processor.py:753} INFO - DAG(s) dict_keys(['example_sensors']) retrieved from /home/rai/.local/lib/python3.10/site-packages/airflow/example_dags/example_sensors.py
[2023-04-07T12:41:08.015-0300] {logging_mixin.py:137} INFO - [2023-04-07T12:41:08.015-0300] {dag.py:2705} INFO - Sync 1 DAGs
[2023-04-07T12:41:08.111-0300] {logging_mixin.py:137} INFO - [2023-04-07T12:41:08.111-0300] {dag.py:3452} INFO - Setting next_dagrun for example_sensors to None, run_after=None
[2023-04-07T12:41:08.131-0300] {processor.py:175} INFO - Processing /home/rai/.local/lib/python3.10/site-packages/airflow/example_dags/example_sensors.py took 0.157 seconds
[2023-04-07T12:41:47.700-0300] {processor.py:153} INFO - Started process (PID=2507) to work on /home/rai/.local/lib/python3.10/site-packages/airflow/example_dags/example_sensors.py
[2023-04-07T12:41:47.706-0300] {processor.py:743} INFO - Processing file /home/rai/.local/lib/python3.10/site-packages/airflow/example_dags/example_sensors.py for tasks to queue
[2023-04-07T12:41:47.707-0300] {logging_mixin.py:137} INFO - [2023-04-07T12:41:47.707-0300] {dagbag.py:532} INFO - Filling up the DagBag from /home/rai/.local/lib/python3.10/site-packages/airflow/example_dags/example_sensors.py
[2023-04-07T12:41:47.721-0300] {processor.py:753} INFO - DAG(s) dict_keys(['example_sensors']) retrieved from /home/rai/.local/lib/python3.10/site-packages/airflow/example_dags/example_sensors.py
[2023-04-07T12:41:47.822-0300] {logging_mixin.py:137} INFO - [2023-04-07T12:41:47.822-0300] {dag.py:2705} INFO - Sync 1 DAGs
[2023-04-07T12:41:47.838-0300] {logging_mixin.py:137} INFO - [2023-04-07T12:41:47.838-0300] {dag.py:3452} INFO - Setting next_dagrun for example_sensors to None, run_after=None
[2023-04-07T12:41:47.857-0300] {processor.py:175} INFO - Processing /home/rai/.local/lib/python3.10/site-packages/airflow/example_dags/example_sensors.py took 0.160 seconds
[2023-04-07T12:42:30.592-0300] {processor.py:153} INFO - Started process (PID=2548) to work on /home/rai/.local/lib/python3.10/site-packages/airflow/example_dags/example_sensors.py
[2023-04-07T12:42:30.597-0300] {processor.py:743} INFO - Processing file /home/rai/.local/lib/python3.10/site-packages/airflow/example_dags/example_sensors.py for tasks to queue
[2023-04-07T12:42:30.598-0300] {logging_mixin.py:137} INFO - [2023-04-07T12:42:30.598-0300] {dagbag.py:532} INFO - Filling up the DagBag from /home/rai/.local/lib/python3.10/site-packages/airflow/example_dags/example_sensors.py
[2023-04-07T12:42:30.614-0300] {processor.py:753} INFO - DAG(s) dict_keys(['example_sensors']) retrieved from /home/rai/.local/lib/python3.10/site-packages/airflow/example_dags/example_sensors.py
[2023-04-07T12:42:30.634-0300] {logging_mixin.py:137} INFO - [2023-04-07T12:42:30.634-0300] {dag.py:2705} INFO - Sync 1 DAGs
[2023-04-07T12:42:30.650-0300] {logging_mixin.py:137} INFO - [2023-04-07T12:42:30.650-0300] {dag.py:3452} INFO - Setting next_dagrun for example_sensors to None, run_after=None
[2023-04-07T12:42:30.673-0300] {processor.py:175} INFO - Processing /home/rai/.local/lib/python3.10/site-packages/airflow/example_dags/example_sensors.py took 0.083 seconds
[2023-04-07T12:43:09.454-0300] {processor.py:153} INFO - Started process (PID=2588) to work on /home/rai/.local/lib/python3.10/site-packages/airflow/example_dags/example_sensors.py
[2023-04-07T12:43:09.459-0300] {processor.py:743} INFO - Processing file /home/rai/.local/lib/python3.10/site-packages/airflow/example_dags/example_sensors.py for tasks to queue
[2023-04-07T12:43:09.459-0300] {logging_mixin.py:137} INFO - [2023-04-07T12:43:09.459-0300] {dagbag.py:532} INFO - Filling up the DagBag from /home/rai/.local/lib/python3.10/site-packages/airflow/example_dags/example_sensors.py
[2023-04-07T12:43:09.474-0300] {processor.py:753} INFO - DAG(s) dict_keys(['example_sensors']) retrieved from /home/rai/.local/lib/python3.10/site-packages/airflow/example_dags/example_sensors.py
[2023-04-07T12:43:09.493-0300] {logging_mixin.py:137} INFO - [2023-04-07T12:43:09.493-0300] {dag.py:2705} INFO - Sync 1 DAGs
[2023-04-07T12:43:09.509-0300] {logging_mixin.py:137} INFO - [2023-04-07T12:43:09.509-0300] {dag.py:3452} INFO - Setting next_dagrun for example_sensors to None, run_after=None
[2023-04-07T12:43:09.529-0300] {processor.py:175} INFO - Processing /home/rai/.local/lib/python3.10/site-packages/airflow/example_dags/example_sensors.py took 0.077 seconds
[2023-04-07T12:43:55.615-0300] {processor.py:153} INFO - Started process (PID=2634) to work on /home/rai/.local/lib/python3.10/site-packages/airflow/example_dags/example_sensors.py
[2023-04-07T12:43:55.620-0300] {processor.py:743} INFO - Processing file /home/rai/.local/lib/python3.10/site-packages/airflow/example_dags/example_sensors.py for tasks to queue
[2023-04-07T12:43:55.621-0300] {logging_mixin.py:137} INFO - [2023-04-07T12:43:55.621-0300] {dagbag.py:532} INFO - Filling up the DagBag from /home/rai/.local/lib/python3.10/site-packages/airflow/example_dags/example_sensors.py
[2023-04-07T12:43:55.635-0300] {processor.py:753} INFO - DAG(s) dict_keys(['example_sensors']) retrieved from /home/rai/.local/lib/python3.10/site-packages/airflow/example_dags/example_sensors.py
[2023-04-07T12:43:55.654-0300] {logging_mixin.py:137} INFO - [2023-04-07T12:43:55.654-0300] {dag.py:2705} INFO - Sync 1 DAGs
[2023-04-07T12:43:55.671-0300] {logging_mixin.py:137} INFO - [2023-04-07T12:43:55.671-0300] {dag.py:3452} INFO - Setting next_dagrun for example_sensors to None, run_after=None
[2023-04-07T12:43:55.692-0300] {processor.py:175} INFO - Processing /home/rai/.local/lib/python3.10/site-packages/airflow/example_dags/example_sensors.py took 0.079 seconds
[2023-04-07T12:44:44.610-0300] {processor.py:153} INFO - Started process (PID=2682) to work on /home/rai/.local/lib/python3.10/site-packages/airflow/example_dags/example_sensors.py
[2023-04-07T12:44:44.612-0300] {processor.py:743} INFO - Processing file /home/rai/.local/lib/python3.10/site-packages/airflow/example_dags/example_sensors.py for tasks to queue
[2023-04-07T12:44:44.612-0300] {logging_mixin.py:137} INFO - [2023-04-07T12:44:44.612-0300] {dagbag.py:532} INFO - Filling up the DagBag from /home/rai/.local/lib/python3.10/site-packages/airflow/example_dags/example_sensors.py
[2023-04-07T12:44:44.626-0300] {processor.py:753} INFO - DAG(s) dict_keys(['example_sensors']) retrieved from /home/rai/.local/lib/python3.10/site-packages/airflow/example_dags/example_sensors.py
[2023-04-07T12:44:44.651-0300] {logging_mixin.py:137} INFO - [2023-04-07T12:44:44.650-0300] {dag.py:2705} INFO - Sync 1 DAGs
[2023-04-07T12:44:44.750-0300] {logging_mixin.py:137} INFO - [2023-04-07T12:44:44.750-0300] {dag.py:3452} INFO - Setting next_dagrun for example_sensors to None, run_after=None
[2023-04-07T12:44:44.769-0300] {processor.py:175} INFO - Processing /home/rai/.local/lib/python3.10/site-packages/airflow/example_dags/example_sensors.py took 0.161 seconds
[2023-04-07T12:45:28.751-0300] {processor.py:153} INFO - Started process (PID=2724) to work on /home/rai/.local/lib/python3.10/site-packages/airflow/example_dags/example_sensors.py
[2023-04-07T12:45:28.756-0300] {processor.py:743} INFO - Processing file /home/rai/.local/lib/python3.10/site-packages/airflow/example_dags/example_sensors.py for tasks to queue
[2023-04-07T12:45:28.757-0300] {logging_mixin.py:137} INFO - [2023-04-07T12:45:28.757-0300] {dagbag.py:532} INFO - Filling up the DagBag from /home/rai/.local/lib/python3.10/site-packages/airflow/example_dags/example_sensors.py
[2023-04-07T12:45:28.772-0300] {processor.py:753} INFO - DAG(s) dict_keys(['example_sensors']) retrieved from /home/rai/.local/lib/python3.10/site-packages/airflow/example_dags/example_sensors.py
[2023-04-07T12:45:28.790-0300] {logging_mixin.py:137} INFO - [2023-04-07T12:45:28.790-0300] {dag.py:2705} INFO - Sync 1 DAGs
[2023-04-07T12:45:28.886-0300] {logging_mixin.py:137} INFO - [2023-04-07T12:45:28.886-0300] {dag.py:3452} INFO - Setting next_dagrun for example_sensors to None, run_after=None
[2023-04-07T12:45:28.906-0300] {processor.py:175} INFO - Processing /home/rai/.local/lib/python3.10/site-packages/airflow/example_dags/example_sensors.py took 0.157 seconds
[2023-04-07T12:46:08.394-0300] {processor.py:153} INFO - Started process (PID=2764) to work on /home/rai/.local/lib/python3.10/site-packages/airflow/example_dags/example_sensors.py
[2023-04-07T12:46:08.399-0300] {processor.py:743} INFO - Processing file /home/rai/.local/lib/python3.10/site-packages/airflow/example_dags/example_sensors.py for tasks to queue
[2023-04-07T12:46:08.400-0300] {logging_mixin.py:137} INFO - [2023-04-07T12:46:08.400-0300] {dagbag.py:532} INFO - Filling up the DagBag from /home/rai/.local/lib/python3.10/site-packages/airflow/example_dags/example_sensors.py
[2023-04-07T12:46:08.415-0300] {processor.py:753} INFO - DAG(s) dict_keys(['example_sensors']) retrieved from /home/rai/.local/lib/python3.10/site-packages/airflow/example_dags/example_sensors.py
[2023-04-07T12:46:08.513-0300] {logging_mixin.py:137} INFO - [2023-04-07T12:46:08.513-0300] {dag.py:2705} INFO - Sync 1 DAGs
[2023-04-07T12:46:08.529-0300] {logging_mixin.py:137} INFO - [2023-04-07T12:46:08.528-0300] {dag.py:3452} INFO - Setting next_dagrun for example_sensors to None, run_after=None
[2023-04-07T12:46:08.552-0300] {processor.py:175} INFO - Processing /home/rai/.local/lib/python3.10/site-packages/airflow/example_dags/example_sensors.py took 0.161 seconds
[2023-04-07T12:48:08.029-0300] {processor.py:153} INFO - Started process (PID=2808) to work on /home/rai/.local/lib/python3.10/site-packages/airflow/example_dags/example_sensors.py
[2023-04-07T12:48:08.031-0300] {processor.py:743} INFO - Processing file /home/rai/.local/lib/python3.10/site-packages/airflow/example_dags/example_sensors.py for tasks to queue
[2023-04-07T12:48:08.032-0300] {logging_mixin.py:137} INFO - [2023-04-07T12:48:08.031-0300] {dagbag.py:532} INFO - Filling up the DagBag from /home/rai/.local/lib/python3.10/site-packages/airflow/example_dags/example_sensors.py
[2023-04-07T12:48:08.051-0300] {processor.py:753} INFO - DAG(s) dict_keys(['example_sensors']) retrieved from /home/rai/.local/lib/python3.10/site-packages/airflow/example_dags/example_sensors.py
[2023-04-07T12:48:08.169-0300] {logging_mixin.py:137} INFO - [2023-04-07T12:48:08.169-0300] {dag.py:2705} INFO - Sync 1 DAGs
[2023-04-07T12:48:08.188-0300] {logging_mixin.py:137} INFO - [2023-04-07T12:48:08.187-0300] {dag.py:3452} INFO - Setting next_dagrun for example_sensors to None, run_after=None
[2023-04-07T12:48:08.212-0300] {processor.py:175} INFO - Processing /home/rai/.local/lib/python3.10/site-packages/airflow/example_dags/example_sensors.py took 0.186 seconds
[2023-04-07T12:48:51.721-0300] {processor.py:153} INFO - Started process (PID=2850) to work on /home/rai/.local/lib/python3.10/site-packages/airflow/example_dags/example_sensors.py
[2023-04-07T12:48:51.727-0300] {processor.py:743} INFO - Processing file /home/rai/.local/lib/python3.10/site-packages/airflow/example_dags/example_sensors.py for tasks to queue
[2023-04-07T12:48:51.730-0300] {logging_mixin.py:137} INFO - [2023-04-07T12:48:51.729-0300] {dagbag.py:532} INFO - Filling up the DagBag from /home/rai/.local/lib/python3.10/site-packages/airflow/example_dags/example_sensors.py
[2023-04-07T12:48:51.760-0300] {processor.py:753} INFO - DAG(s) dict_keys(['example_sensors']) retrieved from /home/rai/.local/lib/python3.10/site-packages/airflow/example_dags/example_sensors.py
[2023-04-07T12:48:51.789-0300] {logging_mixin.py:137} INFO - [2023-04-07T12:48:51.788-0300] {dag.py:2705} INFO - Sync 1 DAGs
[2023-04-07T12:48:51.809-0300] {logging_mixin.py:137} INFO - [2023-04-07T12:48:51.808-0300] {dag.py:3452} INFO - Setting next_dagrun for example_sensors to None, run_after=None
[2023-04-07T12:48:51.838-0300] {processor.py:175} INFO - Processing /home/rai/.local/lib/python3.10/site-packages/airflow/example_dags/example_sensors.py took 0.120 seconds
[2023-04-07T12:49:41.785-0300] {processor.py:153} INFO - Started process (PID=2895) to work on /home/rai/.local/lib/python3.10/site-packages/airflow/example_dags/example_sensors.py
[2023-04-07T12:49:41.790-0300] {processor.py:743} INFO - Processing file /home/rai/.local/lib/python3.10/site-packages/airflow/example_dags/example_sensors.py for tasks to queue
[2023-04-07T12:49:41.792-0300] {logging_mixin.py:137} INFO - [2023-04-07T12:49:41.791-0300] {dagbag.py:532} INFO - Filling up the DagBag from /home/rai/.local/lib/python3.10/site-packages/airflow/example_dags/example_sensors.py
[2023-04-07T12:49:41.829-0300] {processor.py:753} INFO - DAG(s) dict_keys(['example_sensors']) retrieved from /home/rai/.local/lib/python3.10/site-packages/airflow/example_dags/example_sensors.py
[2023-04-07T12:49:41.863-0300] {logging_mixin.py:137} INFO - [2023-04-07T12:49:41.863-0300] {dag.py:2705} INFO - Sync 1 DAGs
[2023-04-07T12:49:41.885-0300] {logging_mixin.py:137} INFO - [2023-04-07T12:49:41.884-0300] {dag.py:3452} INFO - Setting next_dagrun for example_sensors to None, run_after=None
[2023-04-07T12:49:41.922-0300] {processor.py:175} INFO - Processing /home/rai/.local/lib/python3.10/site-packages/airflow/example_dags/example_sensors.py took 0.143 seconds
[2023-04-07T12:50:30.198-0300] {processor.py:153} INFO - Started process (PID=2936) to work on /home/rai/.local/lib/python3.10/site-packages/airflow/example_dags/example_sensors.py
[2023-04-07T12:50:30.204-0300] {processor.py:743} INFO - Processing file /home/rai/.local/lib/python3.10/site-packages/airflow/example_dags/example_sensors.py for tasks to queue
[2023-04-07T12:50:30.205-0300] {logging_mixin.py:137} INFO - [2023-04-07T12:50:30.204-0300] {dagbag.py:532} INFO - Filling up the DagBag from /home/rai/.local/lib/python3.10/site-packages/airflow/example_dags/example_sensors.py
[2023-04-07T12:50:30.235-0300] {processor.py:753} INFO - DAG(s) dict_keys(['example_sensors']) retrieved from /home/rai/.local/lib/python3.10/site-packages/airflow/example_dags/example_sensors.py
[2023-04-07T12:50:30.264-0300] {logging_mixin.py:137} INFO - [2023-04-07T12:50:30.264-0300] {dag.py:2705} INFO - Sync 1 DAGs
[2023-04-07T12:50:30.286-0300] {logging_mixin.py:137} INFO - [2023-04-07T12:50:30.286-0300] {dag.py:3452} INFO - Setting next_dagrun for example_sensors to None, run_after=None
[2023-04-07T12:50:30.399-0300] {processor.py:175} INFO - Processing /home/rai/.local/lib/python3.10/site-packages/airflow/example_dags/example_sensors.py took 0.205 seconds
[2023-04-07T12:51:29.658-0300] {processor.py:153} INFO - Started process (PID=2986) to work on /home/rai/.local/lib/python3.10/site-packages/airflow/example_dags/example_sensors.py
[2023-04-07T12:51:29.660-0300] {processor.py:743} INFO - Processing file /home/rai/.local/lib/python3.10/site-packages/airflow/example_dags/example_sensors.py for tasks to queue
[2023-04-07T12:51:29.661-0300] {logging_mixin.py:137} INFO - [2023-04-07T12:51:29.661-0300] {dagbag.py:532} INFO - Filling up the DagBag from /home/rai/.local/lib/python3.10/site-packages/airflow/example_dags/example_sensors.py
[2023-04-07T12:51:29.692-0300] {processor.py:753} INFO - DAG(s) dict_keys(['example_sensors']) retrieved from /home/rai/.local/lib/python3.10/site-packages/airflow/example_dags/example_sensors.py
[2023-04-07T12:51:29.720-0300] {logging_mixin.py:137} INFO - [2023-04-07T12:51:29.720-0300] {dag.py:2705} INFO - Sync 1 DAGs
[2023-04-07T12:51:29.829-0300] {logging_mixin.py:137} INFO - [2023-04-07T12:51:29.829-0300] {dag.py:3452} INFO - Setting next_dagrun for example_sensors to None, run_after=None
[2023-04-07T12:51:29.851-0300] {processor.py:175} INFO - Processing /home/rai/.local/lib/python3.10/site-packages/airflow/example_dags/example_sensors.py took 0.197 seconds
[2023-04-07T12:52:29.475-0300] {processor.py:153} INFO - Started process (PID=3037) to work on /home/rai/.local/lib/python3.10/site-packages/airflow/example_dags/example_sensors.py
[2023-04-07T12:52:29.482-0300] {processor.py:743} INFO - Processing file /home/rai/.local/lib/python3.10/site-packages/airflow/example_dags/example_sensors.py for tasks to queue
[2023-04-07T12:52:29.483-0300] {logging_mixin.py:137} INFO - [2023-04-07T12:52:29.483-0300] {dagbag.py:532} INFO - Filling up the DagBag from /home/rai/.local/lib/python3.10/site-packages/airflow/example_dags/example_sensors.py
[2023-04-07T12:52:29.521-0300] {processor.py:753} INFO - DAG(s) dict_keys(['example_sensors']) retrieved from /home/rai/.local/lib/python3.10/site-packages/airflow/example_dags/example_sensors.py
[2023-04-07T12:52:29.655-0300] {logging_mixin.py:137} INFO - [2023-04-07T12:52:29.655-0300] {dag.py:2705} INFO - Sync 1 DAGs
[2023-04-07T12:52:29.674-0300] {logging_mixin.py:137} INFO - [2023-04-07T12:52:29.674-0300] {dag.py:3452} INFO - Setting next_dagrun for example_sensors to None, run_after=None
[2023-04-07T12:52:29.706-0300] {processor.py:175} INFO - Processing /home/rai/.local/lib/python3.10/site-packages/airflow/example_dags/example_sensors.py took 0.237 seconds
[2023-04-07T12:53:26.086-0300] {processor.py:153} INFO - Started process (PID=3086) to work on /home/rai/.local/lib/python3.10/site-packages/airflow/example_dags/example_sensors.py
[2023-04-07T12:53:26.092-0300] {processor.py:743} INFO - Processing file /home/rai/.local/lib/python3.10/site-packages/airflow/example_dags/example_sensors.py for tasks to queue
[2023-04-07T12:53:26.093-0300] {logging_mixin.py:137} INFO - [2023-04-07T12:53:26.093-0300] {dagbag.py:532} INFO - Filling up the DagBag from /home/rai/.local/lib/python3.10/site-packages/airflow/example_dags/example_sensors.py
[2023-04-07T12:53:26.124-0300] {processor.py:753} INFO - DAG(s) dict_keys(['example_sensors']) retrieved from /home/rai/.local/lib/python3.10/site-packages/airflow/example_dags/example_sensors.py
[2023-04-07T12:53:26.153-0300] {logging_mixin.py:137} INFO - [2023-04-07T12:53:26.153-0300] {dag.py:2705} INFO - Sync 1 DAGs
[2023-04-07T12:53:26.173-0300] {logging_mixin.py:137} INFO - [2023-04-07T12:53:26.173-0300] {dag.py:3452} INFO - Setting next_dagrun for example_sensors to None, run_after=None
[2023-04-07T12:53:26.207-0300] {processor.py:175} INFO - Processing /home/rai/.local/lib/python3.10/site-packages/airflow/example_dags/example_sensors.py took 0.125 seconds
[2023-04-07T12:54:07.993-0300] {processor.py:153} INFO - Started process (PID=3128) to work on /home/rai/.local/lib/python3.10/site-packages/airflow/example_dags/example_sensors.py
[2023-04-07T12:54:07.995-0300] {processor.py:743} INFO - Processing file /home/rai/.local/lib/python3.10/site-packages/airflow/example_dags/example_sensors.py for tasks to queue
[2023-04-07T12:54:07.995-0300] {logging_mixin.py:137} INFO - [2023-04-07T12:54:07.995-0300] {dagbag.py:532} INFO - Filling up the DagBag from /home/rai/.local/lib/python3.10/site-packages/airflow/example_dags/example_sensors.py
[2023-04-07T12:54:08.014-0300] {processor.py:753} INFO - DAG(s) dict_keys(['example_sensors']) retrieved from /home/rai/.local/lib/python3.10/site-packages/airflow/example_dags/example_sensors.py
[2023-04-07T12:54:08.036-0300] {logging_mixin.py:137} INFO - [2023-04-07T12:54:08.036-0300] {dag.py:2705} INFO - Sync 1 DAGs
[2023-04-07T12:54:08.058-0300] {logging_mixin.py:137} INFO - [2023-04-07T12:54:08.058-0300] {dag.py:3452} INFO - Setting next_dagrun for example_sensors to None, run_after=None
[2023-04-07T12:54:08.085-0300] {processor.py:175} INFO - Processing /home/rai/.local/lib/python3.10/site-packages/airflow/example_dags/example_sensors.py took 0.093 seconds
[2023-04-07T12:54:57.786-0300] {processor.py:153} INFO - Started process (PID=3177) to work on /home/rai/.local/lib/python3.10/site-packages/airflow/example_dags/example_sensors.py
[2023-04-07T12:54:57.790-0300] {processor.py:743} INFO - Processing file /home/rai/.local/lib/python3.10/site-packages/airflow/example_dags/example_sensors.py for tasks to queue
[2023-04-07T12:54:57.791-0300] {logging_mixin.py:137} INFO - [2023-04-07T12:54:57.791-0300] {dagbag.py:532} INFO - Filling up the DagBag from /home/rai/.local/lib/python3.10/site-packages/airflow/example_dags/example_sensors.py
[2023-04-07T12:54:57.808-0300] {processor.py:753} INFO - DAG(s) dict_keys(['example_sensors']) retrieved from /home/rai/.local/lib/python3.10/site-packages/airflow/example_dags/example_sensors.py
[2023-04-07T12:54:57.828-0300] {logging_mixin.py:137} INFO - [2023-04-07T12:54:57.828-0300] {dag.py:2705} INFO - Sync 1 DAGs
[2023-04-07T12:54:57.845-0300] {logging_mixin.py:137} INFO - [2023-04-07T12:54:57.845-0300] {dag.py:3452} INFO - Setting next_dagrun for example_sensors to None, run_after=None
[2023-04-07T12:54:57.947-0300] {processor.py:175} INFO - Processing /home/rai/.local/lib/python3.10/site-packages/airflow/example_dags/example_sensors.py took 0.163 seconds
[2023-04-07T12:55:48.373-0300] {processor.py:153} INFO - Started process (PID=3224) to work on /home/rai/.local/lib/python3.10/site-packages/airflow/example_dags/example_sensors.py
[2023-04-07T12:55:48.374-0300] {processor.py:743} INFO - Processing file /home/rai/.local/lib/python3.10/site-packages/airflow/example_dags/example_sensors.py for tasks to queue
[2023-04-07T12:55:48.375-0300] {logging_mixin.py:137} INFO - [2023-04-07T12:55:48.375-0300] {dagbag.py:532} INFO - Filling up the DagBag from /home/rai/.local/lib/python3.10/site-packages/airflow/example_dags/example_sensors.py
[2023-04-07T12:55:48.395-0300] {processor.py:753} INFO - DAG(s) dict_keys(['example_sensors']) retrieved from /home/rai/.local/lib/python3.10/site-packages/airflow/example_dags/example_sensors.py
[2023-04-07T12:55:48.419-0300] {logging_mixin.py:137} INFO - [2023-04-07T12:55:48.419-0300] {dag.py:2705} INFO - Sync 1 DAGs
[2023-04-07T12:55:48.546-0300] {logging_mixin.py:137} INFO - [2023-04-07T12:55:48.546-0300] {dag.py:3452} INFO - Setting next_dagrun for example_sensors to None, run_after=None
[2023-04-07T12:55:48.580-0300] {processor.py:175} INFO - Processing /home/rai/.local/lib/python3.10/site-packages/airflow/example_dags/example_sensors.py took 0.210 seconds
[2023-04-07T12:56:48.986-0300] {processor.py:153} INFO - Started process (PID=3276) to work on /home/rai/.local/lib/python3.10/site-packages/airflow/example_dags/example_sensors.py
[2023-04-07T12:56:48.988-0300] {processor.py:743} INFO - Processing file /home/rai/.local/lib/python3.10/site-packages/airflow/example_dags/example_sensors.py for tasks to queue
[2023-04-07T12:56:48.989-0300] {logging_mixin.py:137} INFO - [2023-04-07T12:56:48.988-0300] {dagbag.py:532} INFO - Filling up the DagBag from /home/rai/.local/lib/python3.10/site-packages/airflow/example_dags/example_sensors.py
[2023-04-07T12:56:49.022-0300] {processor.py:753} INFO - DAG(s) dict_keys(['example_sensors']) retrieved from /home/rai/.local/lib/python3.10/site-packages/airflow/example_dags/example_sensors.py
[2023-04-07T12:56:49.050-0300] {logging_mixin.py:137} INFO - [2023-04-07T12:56:49.050-0300] {dag.py:2705} INFO - Sync 1 DAGs
[2023-04-07T12:56:49.177-0300] {logging_mixin.py:137} INFO - [2023-04-07T12:56:49.177-0300] {dag.py:3452} INFO - Setting next_dagrun for example_sensors to None, run_after=None
[2023-04-07T12:56:49.208-0300] {processor.py:175} INFO - Processing /home/rai/.local/lib/python3.10/site-packages/airflow/example_dags/example_sensors.py took 0.226 seconds
[2023-04-07T12:57:41.163-0300] {processor.py:153} INFO - Started process (PID=3329) to work on /home/rai/.local/lib/python3.10/site-packages/airflow/example_dags/example_sensors.py
[2023-04-07T12:57:41.167-0300] {processor.py:743} INFO - Processing file /home/rai/.local/lib/python3.10/site-packages/airflow/example_dags/example_sensors.py for tasks to queue
[2023-04-07T12:57:41.168-0300] {logging_mixin.py:137} INFO - [2023-04-07T12:57:41.167-0300] {dagbag.py:532} INFO - Filling up the DagBag from /home/rai/.local/lib/python3.10/site-packages/airflow/example_dags/example_sensors.py
[2023-04-07T12:57:41.188-0300] {processor.py:753} INFO - DAG(s) dict_keys(['example_sensors']) retrieved from /home/rai/.local/lib/python3.10/site-packages/airflow/example_dags/example_sensors.py
[2023-04-07T12:57:41.304-0300] {logging_mixin.py:137} INFO - [2023-04-07T12:57:41.304-0300] {dag.py:2705} INFO - Sync 1 DAGs
[2023-04-07T12:57:41.321-0300] {logging_mixin.py:137} INFO - [2023-04-07T12:57:41.321-0300] {dag.py:3452} INFO - Setting next_dagrun for example_sensors to None, run_after=None
[2023-04-07T12:57:41.343-0300] {processor.py:175} INFO - Processing /home/rai/.local/lib/python3.10/site-packages/airflow/example_dags/example_sensors.py took 0.182 seconds
[2023-04-07T12:58:24.240-0300] {processor.py:153} INFO - Started process (PID=3373) to work on /home/rai/.local/lib/python3.10/site-packages/airflow/example_dags/example_sensors.py
[2023-04-07T12:58:24.241-0300] {processor.py:743} INFO - Processing file /home/rai/.local/lib/python3.10/site-packages/airflow/example_dags/example_sensors.py for tasks to queue
[2023-04-07T12:58:24.242-0300] {logging_mixin.py:137} INFO - [2023-04-07T12:58:24.242-0300] {dagbag.py:532} INFO - Filling up the DagBag from /home/rai/.local/lib/python3.10/site-packages/airflow/example_dags/example_sensors.py
[2023-04-07T12:58:24.257-0300] {processor.py:753} INFO - DAG(s) dict_keys(['example_sensors']) retrieved from /home/rai/.local/lib/python3.10/site-packages/airflow/example_dags/example_sensors.py
[2023-04-07T12:58:24.275-0300] {logging_mixin.py:137} INFO - [2023-04-07T12:58:24.275-0300] {dag.py:2705} INFO - Sync 1 DAGs
[2023-04-07T12:58:24.291-0300] {logging_mixin.py:137} INFO - [2023-04-07T12:58:24.291-0300] {dag.py:3452} INFO - Setting next_dagrun for example_sensors to None, run_after=None
[2023-04-07T12:58:24.311-0300] {processor.py:175} INFO - Processing /home/rai/.local/lib/python3.10/site-packages/airflow/example_dags/example_sensors.py took 0.074 seconds
[2023-04-07T12:59:04.834-0300] {processor.py:153} INFO - Started process (PID=3413) to work on /home/rai/.local/lib/python3.10/site-packages/airflow/example_dags/example_sensors.py
[2023-04-07T12:59:04.839-0300] {processor.py:743} INFO - Processing file /home/rai/.local/lib/python3.10/site-packages/airflow/example_dags/example_sensors.py for tasks to queue
[2023-04-07T12:59:04.839-0300] {logging_mixin.py:137} INFO - [2023-04-07T12:59:04.839-0300] {dagbag.py:532} INFO - Filling up the DagBag from /home/rai/.local/lib/python3.10/site-packages/airflow/example_dags/example_sensors.py
[2023-04-07T12:59:04.854-0300] {processor.py:753} INFO - DAG(s) dict_keys(['example_sensors']) retrieved from /home/rai/.local/lib/python3.10/site-packages/airflow/example_dags/example_sensors.py
[2023-04-07T12:59:04.872-0300] {logging_mixin.py:137} INFO - [2023-04-07T12:59:04.872-0300] {dag.py:2705} INFO - Sync 1 DAGs
[2023-04-07T12:59:04.888-0300] {logging_mixin.py:137} INFO - [2023-04-07T12:59:04.888-0300] {dag.py:3452} INFO - Setting next_dagrun for example_sensors to None, run_after=None
[2023-04-07T12:59:04.909-0300] {processor.py:175} INFO - Processing /home/rai/.local/lib/python3.10/site-packages/airflow/example_dags/example_sensors.py took 0.076 seconds
[2023-04-07T12:59:57.259-0300] {processor.py:153} INFO - Started process (PID=3465) to work on /home/rai/.local/lib/python3.10/site-packages/airflow/example_dags/example_sensors.py
[2023-04-07T12:59:57.261-0300] {processor.py:743} INFO - Processing file /home/rai/.local/lib/python3.10/site-packages/airflow/example_dags/example_sensors.py for tasks to queue
[2023-04-07T12:59:57.262-0300] {logging_mixin.py:137} INFO - [2023-04-07T12:59:57.262-0300] {dagbag.py:532} INFO - Filling up the DagBag from /home/rai/.local/lib/python3.10/site-packages/airflow/example_dags/example_sensors.py
[2023-04-07T12:59:57.292-0300] {processor.py:753} INFO - DAG(s) dict_keys(['example_sensors']) retrieved from /home/rai/.local/lib/python3.10/site-packages/airflow/example_dags/example_sensors.py
[2023-04-07T12:59:57.320-0300] {logging_mixin.py:137} INFO - [2023-04-07T12:59:57.320-0300] {dag.py:2705} INFO - Sync 1 DAGs
[2023-04-07T12:59:57.342-0300] {logging_mixin.py:137} INFO - [2023-04-07T12:59:57.341-0300] {dag.py:3452} INFO - Setting next_dagrun for example_sensors to None, run_after=None
[2023-04-07T12:59:57.453-0300] {processor.py:175} INFO - Processing /home/rai/.local/lib/python3.10/site-packages/airflow/example_dags/example_sensors.py took 0.199 seconds
[2023-04-07T13:00:52.985-0300] {processor.py:153} INFO - Started process (PID=3520) to work on /home/rai/.local/lib/python3.10/site-packages/airflow/example_dags/example_sensors.py
[2023-04-07T13:00:52.986-0300] {processor.py:743} INFO - Processing file /home/rai/.local/lib/python3.10/site-packages/airflow/example_dags/example_sensors.py for tasks to queue
[2023-04-07T13:00:52.986-0300] {logging_mixin.py:137} INFO - [2023-04-07T13:00:52.986-0300] {dagbag.py:532} INFO - Filling up the DagBag from /home/rai/.local/lib/python3.10/site-packages/airflow/example_dags/example_sensors.py
[2023-04-07T13:00:53.001-0300] {processor.py:753} INFO - DAG(s) dict_keys(['example_sensors']) retrieved from /home/rai/.local/lib/python3.10/site-packages/airflow/example_dags/example_sensors.py
[2023-04-07T13:00:53.020-0300] {logging_mixin.py:137} INFO - [2023-04-07T13:00:53.020-0300] {dag.py:2705} INFO - Sync 1 DAGs
[2023-04-07T13:00:53.117-0300] {logging_mixin.py:137} INFO - [2023-04-07T13:00:53.117-0300] {dag.py:3452} INFO - Setting next_dagrun for example_sensors to None, run_after=None
[2023-04-07T13:00:53.137-0300] {processor.py:175} INFO - Processing /home/rai/.local/lib/python3.10/site-packages/airflow/example_dags/example_sensors.py took 0.155 seconds
[2023-04-07T13:01:46.387-0300] {processor.py:153} INFO - Started process (PID=3581) to work on /home/rai/.local/lib/python3.10/site-packages/airflow/example_dags/example_sensors.py
[2023-04-07T13:01:46.393-0300] {processor.py:743} INFO - Processing file /home/rai/.local/lib/python3.10/site-packages/airflow/example_dags/example_sensors.py for tasks to queue
[2023-04-07T13:01:46.394-0300] {logging_mixin.py:137} INFO - [2023-04-07T13:01:46.393-0300] {dagbag.py:532} INFO - Filling up the DagBag from /home/rai/.local/lib/python3.10/site-packages/airflow/example_dags/example_sensors.py
[2023-04-07T13:01:46.426-0300] {processor.py:753} INFO - DAG(s) dict_keys(['example_sensors']) retrieved from /home/rai/.local/lib/python3.10/site-packages/airflow/example_dags/example_sensors.py
[2023-04-07T13:01:46.560-0300] {logging_mixin.py:137} INFO - [2023-04-07T13:01:46.560-0300] {dag.py:2705} INFO - Sync 1 DAGs
[2023-04-07T13:01:46.581-0300] {logging_mixin.py:137} INFO - [2023-04-07T13:01:46.581-0300] {dag.py:3452} INFO - Setting next_dagrun for example_sensors to None, run_after=None
[2023-04-07T13:01:46.605-0300] {processor.py:175} INFO - Processing /home/rai/.local/lib/python3.10/site-packages/airflow/example_dags/example_sensors.py took 0.223 seconds
[2023-04-07T13:02:46.445-0300] {processor.py:153} INFO - Started process (PID=3637) to work on /home/rai/.local/lib/python3.10/site-packages/airflow/example_dags/example_sensors.py
[2023-04-07T13:02:46.447-0300] {processor.py:743} INFO - Processing file /home/rai/.local/lib/python3.10/site-packages/airflow/example_dags/example_sensors.py for tasks to queue
[2023-04-07T13:02:46.448-0300] {logging_mixin.py:137} INFO - [2023-04-07T13:02:46.448-0300] {dagbag.py:532} INFO - Filling up the DagBag from /home/rai/.local/lib/python3.10/site-packages/airflow/example_dags/example_sensors.py
[2023-04-07T13:02:46.482-0300] {processor.py:753} INFO - DAG(s) dict_keys(['example_sensors']) retrieved from /home/rai/.local/lib/python3.10/site-packages/airflow/example_dags/example_sensors.py
[2023-04-07T13:02:46.596-0300] {logging_mixin.py:137} INFO - [2023-04-07T13:02:46.596-0300] {dag.py:2705} INFO - Sync 1 DAGs
[2023-04-07T13:02:46.612-0300] {logging_mixin.py:137} INFO - [2023-04-07T13:02:46.612-0300] {dag.py:3452} INFO - Setting next_dagrun for example_sensors to None, run_after=None
[2023-04-07T13:02:46.633-0300] {processor.py:175} INFO - Processing /home/rai/.local/lib/python3.10/site-packages/airflow/example_dags/example_sensors.py took 0.193 seconds
[2023-04-07T13:03:36.721-0300] {processor.py:153} INFO - Started process (PID=3683) to work on /home/rai/.local/lib/python3.10/site-packages/airflow/example_dags/example_sensors.py
[2023-04-07T13:03:36.723-0300] {processor.py:743} INFO - Processing file /home/rai/.local/lib/python3.10/site-packages/airflow/example_dags/example_sensors.py for tasks to queue
[2023-04-07T13:03:36.725-0300] {logging_mixin.py:137} INFO - [2023-04-07T13:03:36.724-0300] {dagbag.py:532} INFO - Filling up the DagBag from /home/rai/.local/lib/python3.10/site-packages/airflow/example_dags/example_sensors.py
[2023-04-07T13:03:36.755-0300] {processor.py:753} INFO - DAG(s) dict_keys(['example_sensors']) retrieved from /home/rai/.local/lib/python3.10/site-packages/airflow/example_dags/example_sensors.py
[2023-04-07T13:03:36.783-0300] {logging_mixin.py:137} INFO - [2023-04-07T13:03:36.783-0300] {dag.py:2705} INFO - Sync 1 DAGs
[2023-04-07T13:03:36.804-0300] {logging_mixin.py:137} INFO - [2023-04-07T13:03:36.804-0300] {dag.py:3452} INFO - Setting next_dagrun for example_sensors to None, run_after=None
[2023-04-07T13:03:36.826-0300] {processor.py:175} INFO - Processing /home/rai/.local/lib/python3.10/site-packages/airflow/example_dags/example_sensors.py took 0.110 seconds
[2023-04-07T13:04:28.293-0300] {processor.py:153} INFO - Started process (PID=3730) to work on /home/rai/.local/lib/python3.10/site-packages/airflow/example_dags/example_sensors.py
[2023-04-07T13:04:28.295-0300] {processor.py:743} INFO - Processing file /home/rai/.local/lib/python3.10/site-packages/airflow/example_dags/example_sensors.py for tasks to queue
[2023-04-07T13:04:28.296-0300] {logging_mixin.py:137} INFO - [2023-04-07T13:04:28.296-0300] {dagbag.py:532} INFO - Filling up the DagBag from /home/rai/.local/lib/python3.10/site-packages/airflow/example_dags/example_sensors.py
[2023-04-07T13:04:28.325-0300] {processor.py:753} INFO - DAG(s) dict_keys(['example_sensors']) retrieved from /home/rai/.local/lib/python3.10/site-packages/airflow/example_dags/example_sensors.py
[2023-04-07T13:04:28.352-0300] {logging_mixin.py:137} INFO - [2023-04-07T13:04:28.352-0300] {dag.py:2705} INFO - Sync 1 DAGs
[2023-04-07T13:04:28.374-0300] {logging_mixin.py:137} INFO - [2023-04-07T13:04:28.374-0300] {dag.py:3452} INFO - Setting next_dagrun for example_sensors to None, run_after=None
[2023-04-07T13:04:28.515-0300] {processor.py:175} INFO - Processing /home/rai/.local/lib/python3.10/site-packages/airflow/example_dags/example_sensors.py took 0.227 seconds
[2023-04-07T13:05:26.777-0300] {processor.py:153} INFO - Started process (PID=3778) to work on /home/rai/.local/lib/python3.10/site-packages/airflow/example_dags/example_sensors.py
[2023-04-07T13:05:26.782-0300] {processor.py:743} INFO - Processing file /home/rai/.local/lib/python3.10/site-packages/airflow/example_dags/example_sensors.py for tasks to queue
[2023-04-07T13:05:26.784-0300] {logging_mixin.py:137} INFO - [2023-04-07T13:05:26.783-0300] {dagbag.py:532} INFO - Filling up the DagBag from /home/rai/.local/lib/python3.10/site-packages/airflow/example_dags/example_sensors.py
[2023-04-07T13:05:26.814-0300] {processor.py:753} INFO - DAG(s) dict_keys(['example_sensors']) retrieved from /home/rai/.local/lib/python3.10/site-packages/airflow/example_dags/example_sensors.py
[2023-04-07T13:05:26.841-0300] {logging_mixin.py:137} INFO - [2023-04-07T13:05:26.841-0300] {dag.py:2705} INFO - Sync 1 DAGs
[2023-04-07T13:05:26.950-0300] {logging_mixin.py:137} INFO - [2023-04-07T13:05:26.950-0300] {dag.py:3452} INFO - Setting next_dagrun for example_sensors to None, run_after=None
[2023-04-07T13:05:26.972-0300] {processor.py:175} INFO - Processing /home/rai/.local/lib/python3.10/site-packages/airflow/example_dags/example_sensors.py took 0.200 seconds
[2023-04-07T13:06:27.196-0300] {processor.py:153} INFO - Started process (PID=3829) to work on /home/rai/.local/lib/python3.10/site-packages/airflow/example_dags/example_sensors.py
[2023-04-07T13:06:27.202-0300] {processor.py:743} INFO - Processing file /home/rai/.local/lib/python3.10/site-packages/airflow/example_dags/example_sensors.py for tasks to queue
[2023-04-07T13:06:27.203-0300] {logging_mixin.py:137} INFO - [2023-04-07T13:06:27.203-0300] {dagbag.py:532} INFO - Filling up the DagBag from /home/rai/.local/lib/python3.10/site-packages/airflow/example_dags/example_sensors.py
[2023-04-07T13:06:27.235-0300] {processor.py:753} INFO - DAG(s) dict_keys(['example_sensors']) retrieved from /home/rai/.local/lib/python3.10/site-packages/airflow/example_dags/example_sensors.py
[2023-04-07T13:06:27.280-0300] {logging_mixin.py:137} INFO - [2023-04-07T13:06:27.280-0300] {dag.py:2705} INFO - Sync 1 DAGs
[2023-04-07T13:06:27.389-0300] {logging_mixin.py:137} INFO - [2023-04-07T13:06:27.389-0300] {dag.py:3452} INFO - Setting next_dagrun for example_sensors to None, run_after=None
[2023-04-07T13:06:27.421-0300] {processor.py:175} INFO - Processing /home/rai/.local/lib/python3.10/site-packages/airflow/example_dags/example_sensors.py took 0.229 seconds
[2023-04-07T13:07:27.410-0300] {processor.py:153} INFO - Started process (PID=3880) to work on /home/rai/.local/lib/python3.10/site-packages/airflow/example_dags/example_sensors.py
[2023-04-07T13:07:27.415-0300] {processor.py:743} INFO - Processing file /home/rai/.local/lib/python3.10/site-packages/airflow/example_dags/example_sensors.py for tasks to queue
[2023-04-07T13:07:27.416-0300] {logging_mixin.py:137} INFO - [2023-04-07T13:07:27.416-0300] {dagbag.py:532} INFO - Filling up the DagBag from /home/rai/.local/lib/python3.10/site-packages/airflow/example_dags/example_sensors.py
[2023-04-07T13:07:27.447-0300] {processor.py:753} INFO - DAG(s) dict_keys(['example_sensors']) retrieved from /home/rai/.local/lib/python3.10/site-packages/airflow/example_dags/example_sensors.py
[2023-04-07T13:07:27.578-0300] {logging_mixin.py:137} INFO - [2023-04-07T13:07:27.578-0300] {dag.py:2705} INFO - Sync 1 DAGs
[2023-04-07T13:07:27.594-0300] {logging_mixin.py:137} INFO - [2023-04-07T13:07:27.594-0300] {dag.py:3452} INFO - Setting next_dagrun for example_sensors to None, run_after=None
[2023-04-07T13:07:27.623-0300] {processor.py:175} INFO - Processing /home/rai/.local/lib/python3.10/site-packages/airflow/example_dags/example_sensors.py took 0.218 seconds
[2023-04-07T13:08:29.198-0300] {processor.py:153} INFO - Started process (PID=3932) to work on /home/rai/.local/lib/python3.10/site-packages/airflow/example_dags/example_sensors.py
[2023-04-07T13:08:29.201-0300] {processor.py:743} INFO - Processing file /home/rai/.local/lib/python3.10/site-packages/airflow/example_dags/example_sensors.py for tasks to queue
[2023-04-07T13:08:29.202-0300] {logging_mixin.py:137} INFO - [2023-04-07T13:08:29.202-0300] {dagbag.py:532} INFO - Filling up the DagBag from /home/rai/.local/lib/python3.10/site-packages/airflow/example_dags/example_sensors.py
[2023-04-07T13:08:29.235-0300] {processor.py:753} INFO - DAG(s) dict_keys(['example_sensors']) retrieved from /home/rai/.local/lib/python3.10/site-packages/airflow/example_dags/example_sensors.py
[2023-04-07T13:08:29.264-0300] {logging_mixin.py:137} INFO - [2023-04-07T13:08:29.264-0300] {dag.py:2705} INFO - Sync 1 DAGs
[2023-04-07T13:08:29.294-0300] {logging_mixin.py:137} INFO - [2023-04-07T13:08:29.294-0300] {dag.py:3452} INFO - Setting next_dagrun for example_sensors to None, run_after=None
[2023-04-07T13:08:29.316-0300] {processor.py:175} INFO - Processing /home/rai/.local/lib/python3.10/site-packages/airflow/example_dags/example_sensors.py took 0.124 seconds
[2023-04-07T13:09:13.170-0300] {processor.py:153} INFO - Started process (PID=3975) to work on /home/rai/.local/lib/python3.10/site-packages/airflow/example_dags/example_sensors.py
[2023-04-07T13:09:13.175-0300] {processor.py:743} INFO - Processing file /home/rai/.local/lib/python3.10/site-packages/airflow/example_dags/example_sensors.py for tasks to queue
[2023-04-07T13:09:13.175-0300] {logging_mixin.py:137} INFO - [2023-04-07T13:09:13.175-0300] {dagbag.py:532} INFO - Filling up the DagBag from /home/rai/.local/lib/python3.10/site-packages/airflow/example_dags/example_sensors.py
[2023-04-07T13:09:13.190-0300] {processor.py:753} INFO - DAG(s) dict_keys(['example_sensors']) retrieved from /home/rai/.local/lib/python3.10/site-packages/airflow/example_dags/example_sensors.py
[2023-04-07T13:09:13.210-0300] {logging_mixin.py:137} INFO - [2023-04-07T13:09:13.209-0300] {dag.py:2705} INFO - Sync 1 DAGs
[2023-04-07T13:09:13.227-0300] {logging_mixin.py:137} INFO - [2023-04-07T13:09:13.227-0300] {dag.py:3452} INFO - Setting next_dagrun for example_sensors to None, run_after=None
[2023-04-07T13:09:13.329-0300] {processor.py:175} INFO - Processing /home/rai/.local/lib/python3.10/site-packages/airflow/example_dags/example_sensors.py took 0.161 seconds
[2023-04-07T13:09:56.733-0300] {processor.py:153} INFO - Started process (PID=4017) to work on /home/rai/.local/lib/python3.10/site-packages/airflow/example_dags/example_sensors.py
[2023-04-07T13:09:56.735-0300] {processor.py:743} INFO - Processing file /home/rai/.local/lib/python3.10/site-packages/airflow/example_dags/example_sensors.py for tasks to queue
[2023-04-07T13:09:56.737-0300] {logging_mixin.py:137} INFO - [2023-04-07T13:09:56.736-0300] {dagbag.py:532} INFO - Filling up the DagBag from /home/rai/.local/lib/python3.10/site-packages/airflow/example_dags/example_sensors.py
[2023-04-07T13:09:56.769-0300] {processor.py:753} INFO - DAG(s) dict_keys(['example_sensors']) retrieved from /home/rai/.local/lib/python3.10/site-packages/airflow/example_dags/example_sensors.py
[2023-04-07T13:09:56.810-0300] {logging_mixin.py:137} INFO - [2023-04-07T13:09:56.810-0300] {dag.py:2705} INFO - Sync 1 DAGs
[2023-04-07T13:09:56.954-0300] {logging_mixin.py:137} INFO - [2023-04-07T13:09:56.954-0300] {dag.py:3452} INFO - Setting next_dagrun for example_sensors to None, run_after=None
[2023-04-07T13:09:56.977-0300] {processor.py:175} INFO - Processing /home/rai/.local/lib/python3.10/site-packages/airflow/example_dags/example_sensors.py took 0.248 seconds
[2023-04-07T13:10:41.850-0300] {processor.py:153} INFO - Started process (PID=4055) to work on /home/rai/.local/lib/python3.10/site-packages/airflow/example_dags/example_sensors.py
[2023-04-07T13:10:41.855-0300] {processor.py:743} INFO - Processing file /home/rai/.local/lib/python3.10/site-packages/airflow/example_dags/example_sensors.py for tasks to queue
[2023-04-07T13:10:41.856-0300] {logging_mixin.py:137} INFO - [2023-04-07T13:10:41.856-0300] {dagbag.py:532} INFO - Filling up the DagBag from /home/rai/.local/lib/python3.10/site-packages/airflow/example_dags/example_sensors.py
[2023-04-07T13:10:41.885-0300] {processor.py:753} INFO - DAG(s) dict_keys(['example_sensors']) retrieved from /home/rai/.local/lib/python3.10/site-packages/airflow/example_dags/example_sensors.py
[2023-04-07T13:10:41.912-0300] {logging_mixin.py:137} INFO - [2023-04-07T13:10:41.912-0300] {dag.py:2705} INFO - Sync 1 DAGs
[2023-04-07T13:10:42.022-0300] {logging_mixin.py:137} INFO - [2023-04-07T13:10:42.022-0300] {dag.py:3452} INFO - Setting next_dagrun for example_sensors to None, run_after=None
[2023-04-07T13:10:42.044-0300] {processor.py:175} INFO - Processing /home/rai/.local/lib/python3.10/site-packages/airflow/example_dags/example_sensors.py took 0.198 seconds
[2023-04-07T13:11:45.154-0300] {processor.py:153} INFO - Started process (PID=4107) to work on /home/rai/.local/lib/python3.10/site-packages/airflow/example_dags/example_sensors.py
[2023-04-07T13:11:45.159-0300] {processor.py:743} INFO - Processing file /home/rai/.local/lib/python3.10/site-packages/airflow/example_dags/example_sensors.py for tasks to queue
[2023-04-07T13:11:45.160-0300] {logging_mixin.py:137} INFO - [2023-04-07T13:11:45.159-0300] {dagbag.py:532} INFO - Filling up the DagBag from /home/rai/.local/lib/python3.10/site-packages/airflow/example_dags/example_sensors.py
[2023-04-07T13:11:45.189-0300] {processor.py:753} INFO - DAG(s) dict_keys(['example_sensors']) retrieved from /home/rai/.local/lib/python3.10/site-packages/airflow/example_dags/example_sensors.py
[2023-04-07T13:11:45.307-0300] {logging_mixin.py:137} INFO - [2023-04-07T13:11:45.307-0300] {dag.py:2705} INFO - Sync 1 DAGs
[2023-04-07T13:11:45.336-0300] {logging_mixin.py:137} INFO - [2023-04-07T13:11:45.336-0300] {dag.py:3452} INFO - Setting next_dagrun for example_sensors to None, run_after=None
[2023-04-07T13:11:45.364-0300] {processor.py:175} INFO - Processing /home/rai/.local/lib/python3.10/site-packages/airflow/example_dags/example_sensors.py took 0.215 seconds
[2023-04-07T13:12:29.995-0300] {processor.py:153} INFO - Started process (PID=4144) to work on /home/rai/.local/lib/python3.10/site-packages/airflow/example_dags/example_sensors.py
[2023-04-07T13:12:30.000-0300] {processor.py:743} INFO - Processing file /home/rai/.local/lib/python3.10/site-packages/airflow/example_dags/example_sensors.py for tasks to queue
[2023-04-07T13:12:30.002-0300] {logging_mixin.py:137} INFO - [2023-04-07T13:12:30.001-0300] {dagbag.py:532} INFO - Filling up the DagBag from /home/rai/.local/lib/python3.10/site-packages/airflow/example_dags/example_sensors.py
[2023-04-07T13:12:30.032-0300] {processor.py:753} INFO - DAG(s) dict_keys(['example_sensors']) retrieved from /home/rai/.local/lib/python3.10/site-packages/airflow/example_dags/example_sensors.py
[2023-04-07T13:12:30.145-0300] {logging_mixin.py:137} INFO - [2023-04-07T13:12:30.145-0300] {dag.py:2705} INFO - Sync 1 DAGs
[2023-04-07T13:12:30.163-0300] {logging_mixin.py:137} INFO - [2023-04-07T13:12:30.163-0300] {dag.py:3452} INFO - Setting next_dagrun for example_sensors to None, run_after=None
[2023-04-07T13:12:30.185-0300] {processor.py:175} INFO - Processing /home/rai/.local/lib/python3.10/site-packages/airflow/example_dags/example_sensors.py took 0.195 seconds
[2023-04-07T13:13:24.103-0300] {processor.py:153} INFO - Started process (PID=4192) to work on /home/rai/.local/lib/python3.10/site-packages/airflow/example_dags/example_sensors.py
[2023-04-07T13:13:24.105-0300] {processor.py:743} INFO - Processing file /home/rai/.local/lib/python3.10/site-packages/airflow/example_dags/example_sensors.py for tasks to queue
[2023-04-07T13:13:24.106-0300] {logging_mixin.py:137} INFO - [2023-04-07T13:13:24.106-0300] {dagbag.py:532} INFO - Filling up the DagBag from /home/rai/.local/lib/python3.10/site-packages/airflow/example_dags/example_sensors.py
[2023-04-07T13:13:24.144-0300] {processor.py:753} INFO - DAG(s) dict_keys(['example_sensors']) retrieved from /home/rai/.local/lib/python3.10/site-packages/airflow/example_dags/example_sensors.py
[2023-04-07T13:13:24.176-0300] {logging_mixin.py:137} INFO - [2023-04-07T13:13:24.176-0300] {dag.py:2705} INFO - Sync 1 DAGs
[2023-04-07T13:13:24.196-0300] {logging_mixin.py:137} INFO - [2023-04-07T13:13:24.196-0300] {dag.py:3452} INFO - Setting next_dagrun for example_sensors to None, run_after=None
[2023-04-07T13:13:24.230-0300] {processor.py:175} INFO - Processing /home/rai/.local/lib/python3.10/site-packages/airflow/example_dags/example_sensors.py took 0.132 seconds
[2023-04-07T13:14:11.394-0300] {processor.py:153} INFO - Started process (PID=4235) to work on /home/rai/.local/lib/python3.10/site-packages/airflow/example_dags/example_sensors.py
[2023-04-07T13:14:11.396-0300] {processor.py:743} INFO - Processing file /home/rai/.local/lib/python3.10/site-packages/airflow/example_dags/example_sensors.py for tasks to queue
[2023-04-07T13:14:11.398-0300] {logging_mixin.py:137} INFO - [2023-04-07T13:14:11.398-0300] {dagbag.py:532} INFO - Filling up the DagBag from /home/rai/.local/lib/python3.10/site-packages/airflow/example_dags/example_sensors.py
[2023-04-07T13:14:11.431-0300] {processor.py:753} INFO - DAG(s) dict_keys(['example_sensors']) retrieved from /home/rai/.local/lib/python3.10/site-packages/airflow/example_dags/example_sensors.py
[2023-04-07T13:14:11.461-0300] {logging_mixin.py:137} INFO - [2023-04-07T13:14:11.461-0300] {dag.py:2705} INFO - Sync 1 DAGs
[2023-04-07T13:14:11.482-0300] {logging_mixin.py:137} INFO - [2023-04-07T13:14:11.482-0300] {dag.py:3452} INFO - Setting next_dagrun for example_sensors to None, run_after=None
[2023-04-07T13:14:11.616-0300] {processor.py:175} INFO - Processing /home/rai/.local/lib/python3.10/site-packages/airflow/example_dags/example_sensors.py took 0.226 seconds
[2023-04-07T13:15:12.748-0300] {processor.py:153} INFO - Started process (PID=4286) to work on /home/rai/.local/lib/python3.10/site-packages/airflow/example_dags/example_sensors.py
[2023-04-07T13:15:12.754-0300] {processor.py:743} INFO - Processing file /home/rai/.local/lib/python3.10/site-packages/airflow/example_dags/example_sensors.py for tasks to queue
[2023-04-07T13:15:12.755-0300] {logging_mixin.py:137} INFO - [2023-04-07T13:15:12.755-0300] {dagbag.py:532} INFO - Filling up the DagBag from /home/rai/.local/lib/python3.10/site-packages/airflow/example_dags/example_sensors.py
[2023-04-07T13:15:12.788-0300] {processor.py:753} INFO - DAG(s) dict_keys(['example_sensors']) retrieved from /home/rai/.local/lib/python3.10/site-packages/airflow/example_dags/example_sensors.py
[2023-04-07T13:15:12.818-0300] {logging_mixin.py:137} INFO - [2023-04-07T13:15:12.817-0300] {dag.py:2705} INFO - Sync 1 DAGs
[2023-04-07T13:15:12.926-0300] {logging_mixin.py:137} INFO - [2023-04-07T13:15:12.926-0300] {dag.py:3452} INFO - Setting next_dagrun for example_sensors to None, run_after=None
[2023-04-07T13:15:12.959-0300] {processor.py:175} INFO - Processing /home/rai/.local/lib/python3.10/site-packages/airflow/example_dags/example_sensors.py took 0.216 seconds
[2023-04-07T13:16:09.263-0300] {processor.py:153} INFO - Started process (PID=4336) to work on /home/rai/.local/lib/python3.10/site-packages/airflow/example_dags/example_sensors.py
[2023-04-07T13:16:09.265-0300] {processor.py:743} INFO - Processing file /home/rai/.local/lib/python3.10/site-packages/airflow/example_dags/example_sensors.py for tasks to queue
[2023-04-07T13:16:09.266-0300] {logging_mixin.py:137} INFO - [2023-04-07T13:16:09.266-0300] {dagbag.py:532} INFO - Filling up the DagBag from /home/rai/.local/lib/python3.10/site-packages/airflow/example_dags/example_sensors.py
[2023-04-07T13:16:09.297-0300] {processor.py:753} INFO - DAG(s) dict_keys(['example_sensors']) retrieved from /home/rai/.local/lib/python3.10/site-packages/airflow/example_dags/example_sensors.py
[2023-04-07T13:16:09.326-0300] {logging_mixin.py:137} INFO - [2023-04-07T13:16:09.326-0300] {dag.py:2705} INFO - Sync 1 DAGs
[2023-04-07T13:16:09.435-0300] {logging_mixin.py:137} INFO - [2023-04-07T13:16:09.435-0300] {dag.py:3452} INFO - Setting next_dagrun for example_sensors to None, run_after=None
[2023-04-07T13:16:09.458-0300] {processor.py:175} INFO - Processing /home/rai/.local/lib/python3.10/site-packages/airflow/example_dags/example_sensors.py took 0.199 seconds
[2023-04-07T13:17:07.049-0300] {processor.py:153} INFO - Started process (PID=4385) to work on /home/rai/.local/lib/python3.10/site-packages/airflow/example_dags/example_sensors.py
[2023-04-07T13:17:07.055-0300] {processor.py:743} INFO - Processing file /home/rai/.local/lib/python3.10/site-packages/airflow/example_dags/example_sensors.py for tasks to queue
[2023-04-07T13:17:07.057-0300] {logging_mixin.py:137} INFO - [2023-04-07T13:17:07.056-0300] {dagbag.py:532} INFO - Filling up the DagBag from /home/rai/.local/lib/python3.10/site-packages/airflow/example_dags/example_sensors.py
[2023-04-07T13:17:07.090-0300] {processor.py:753} INFO - DAG(s) dict_keys(['example_sensors']) retrieved from /home/rai/.local/lib/python3.10/site-packages/airflow/example_dags/example_sensors.py
[2023-04-07T13:17:07.209-0300] {logging_mixin.py:137} INFO - [2023-04-07T13:17:07.208-0300] {dag.py:2705} INFO - Sync 1 DAGs
[2023-04-07T13:17:07.226-0300] {logging_mixin.py:137} INFO - [2023-04-07T13:17:07.226-0300] {dag.py:3452} INFO - Setting next_dagrun for example_sensors to None, run_after=None
[2023-04-07T13:17:07.248-0300] {processor.py:175} INFO - Processing /home/rai/.local/lib/python3.10/site-packages/airflow/example_dags/example_sensors.py took 0.204 seconds
[2023-04-07T13:18:07.179-0300] {processor.py:153} INFO - Started process (PID=4436) to work on /home/rai/.local/lib/python3.10/site-packages/airflow/example_dags/example_sensors.py
[2023-04-07T13:18:07.185-0300] {processor.py:743} INFO - Processing file /home/rai/.local/lib/python3.10/site-packages/airflow/example_dags/example_sensors.py for tasks to queue
[2023-04-07T13:18:07.186-0300] {logging_mixin.py:137} INFO - [2023-04-07T13:18:07.186-0300] {dagbag.py:532} INFO - Filling up the DagBag from /home/rai/.local/lib/python3.10/site-packages/airflow/example_dags/example_sensors.py
[2023-04-07T13:18:07.328-0300] {processor.py:753} INFO - DAG(s) dict_keys(['example_sensors']) retrieved from /home/rai/.local/lib/python3.10/site-packages/airflow/example_dags/example_sensors.py
[2023-04-07T13:18:07.347-0300] {logging_mixin.py:137} INFO - [2023-04-07T13:18:07.347-0300] {dag.py:2705} INFO - Sync 1 DAGs
[2023-04-07T13:18:07.364-0300] {logging_mixin.py:137} INFO - [2023-04-07T13:18:07.364-0300] {dag.py:3452} INFO - Setting next_dagrun for example_sensors to None, run_after=None
[2023-04-07T13:18:07.395-0300] {processor.py:175} INFO - Processing /home/rai/.local/lib/python3.10/site-packages/airflow/example_dags/example_sensors.py took 0.221 seconds
[2023-04-07T13:19:07.917-0300] {processor.py:153} INFO - Started process (PID=4487) to work on /home/rai/.local/lib/python3.10/site-packages/airflow/example_dags/example_sensors.py
[2023-04-07T13:19:07.926-0300] {processor.py:743} INFO - Processing file /home/rai/.local/lib/python3.10/site-packages/airflow/example_dags/example_sensors.py for tasks to queue
[2023-04-07T13:19:07.927-0300] {logging_mixin.py:137} INFO - [2023-04-07T13:19:07.927-0300] {dagbag.py:532} INFO - Filling up the DagBag from /home/rai/.local/lib/python3.10/site-packages/airflow/example_dags/example_sensors.py
[2023-04-07T13:19:07.960-0300] {processor.py:753} INFO - DAG(s) dict_keys(['example_sensors']) retrieved from /home/rai/.local/lib/python3.10/site-packages/airflow/example_dags/example_sensors.py
[2023-04-07T13:19:07.990-0300] {logging_mixin.py:137} INFO - [2023-04-07T13:19:07.989-0300] {dag.py:2705} INFO - Sync 1 DAGs
[2023-04-07T13:19:08.011-0300] {logging_mixin.py:137} INFO - [2023-04-07T13:19:08.010-0300] {dag.py:3452} INFO - Setting next_dagrun for example_sensors to None, run_after=None
[2023-04-07T13:19:08.034-0300] {processor.py:175} INFO - Processing /home/rai/.local/lib/python3.10/site-packages/airflow/example_dags/example_sensors.py took 0.122 seconds
[2023-04-07T13:19:55.419-0300] {processor.py:153} INFO - Started process (PID=4544) to work on /home/rai/.local/lib/python3.10/site-packages/airflow/example_dags/example_sensors.py
[2023-04-07T13:19:55.420-0300] {processor.py:743} INFO - Processing file /home/rai/.local/lib/python3.10/site-packages/airflow/example_dags/example_sensors.py for tasks to queue
[2023-04-07T13:19:55.421-0300] {logging_mixin.py:137} INFO - [2023-04-07T13:19:55.421-0300] {dagbag.py:532} INFO - Filling up the DagBag from /home/rai/.local/lib/python3.10/site-packages/airflow/example_dags/example_sensors.py
[2023-04-07T13:19:55.435-0300] {processor.py:753} INFO - DAG(s) dict_keys(['example_sensors']) retrieved from /home/rai/.local/lib/python3.10/site-packages/airflow/example_dags/example_sensors.py
[2023-04-07T13:19:55.454-0300] {logging_mixin.py:137} INFO - [2023-04-07T13:19:55.454-0300] {dag.py:2705} INFO - Sync 1 DAGs
[2023-04-07T13:19:55.555-0300] {logging_mixin.py:137} INFO - [2023-04-07T13:19:55.555-0300] {dag.py:3452} INFO - Setting next_dagrun for example_sensors to None, run_after=None
[2023-04-07T13:19:55.576-0300] {processor.py:175} INFO - Processing /home/rai/.local/lib/python3.10/site-packages/airflow/example_dags/example_sensors.py took 0.159 seconds
[2023-04-07T13:20:39.476-0300] {processor.py:153} INFO - Started process (PID=4606) to work on /home/rai/.local/lib/python3.10/site-packages/airflow/example_dags/example_sensors.py
[2023-04-07T13:20:39.478-0300] {processor.py:743} INFO - Processing file /home/rai/.local/lib/python3.10/site-packages/airflow/example_dags/example_sensors.py for tasks to queue
[2023-04-07T13:20:39.479-0300] {logging_mixin.py:137} INFO - [2023-04-07T13:20:39.478-0300] {dagbag.py:532} INFO - Filling up the DagBag from /home/rai/.local/lib/python3.10/site-packages/airflow/example_dags/example_sensors.py
[2023-04-07T13:20:39.495-0300] {processor.py:753} INFO - DAG(s) dict_keys(['example_sensors']) retrieved from /home/rai/.local/lib/python3.10/site-packages/airflow/example_dags/example_sensors.py
[2023-04-07T13:20:39.514-0300] {logging_mixin.py:137} INFO - [2023-04-07T13:20:39.513-0300] {dag.py:2705} INFO - Sync 1 DAGs
[2023-04-07T13:20:39.611-0300] {logging_mixin.py:137} INFO - [2023-04-07T13:20:39.611-0300] {dag.py:3452} INFO - Setting next_dagrun for example_sensors to None, run_after=None
[2023-04-07T13:20:39.632-0300] {processor.py:175} INFO - Processing /home/rai/.local/lib/python3.10/site-packages/airflow/example_dags/example_sensors.py took 0.158 seconds
[2023-04-07T13:21:17.117-0300] {processor.py:153} INFO - Started process (PID=4644) to work on /home/rai/.local/lib/python3.10/site-packages/airflow/example_dags/example_sensors.py
[2023-04-07T13:21:17.119-0300] {processor.py:743} INFO - Processing file /home/rai/.local/lib/python3.10/site-packages/airflow/example_dags/example_sensors.py for tasks to queue
[2023-04-07T13:21:17.119-0300] {logging_mixin.py:137} INFO - [2023-04-07T13:21:17.119-0300] {dagbag.py:532} INFO - Filling up the DagBag from /home/rai/.local/lib/python3.10/site-packages/airflow/example_dags/example_sensors.py
[2023-04-07T13:21:17.138-0300] {processor.py:753} INFO - DAG(s) dict_keys(['example_sensors']) retrieved from /home/rai/.local/lib/python3.10/site-packages/airflow/example_dags/example_sensors.py
[2023-04-07T13:21:17.160-0300] {logging_mixin.py:137} INFO - [2023-04-07T13:21:17.160-0300] {dag.py:2705} INFO - Sync 1 DAGs
[2023-04-07T13:21:17.269-0300] {logging_mixin.py:137} INFO - [2023-04-07T13:21:17.268-0300] {dag.py:3452} INFO - Setting next_dagrun for example_sensors to None, run_after=None
[2023-04-07T13:21:17.289-0300] {processor.py:175} INFO - Processing /home/rai/.local/lib/python3.10/site-packages/airflow/example_dags/example_sensors.py took 0.174 seconds
[2023-04-07T13:21:58.095-0300] {processor.py:153} INFO - Started process (PID=4683) to work on /home/rai/.local/lib/python3.10/site-packages/airflow/example_dags/example_sensors.py
[2023-04-07T13:21:58.096-0300] {processor.py:743} INFO - Processing file /home/rai/.local/lib/python3.10/site-packages/airflow/example_dags/example_sensors.py for tasks to queue
[2023-04-07T13:21:58.097-0300] {logging_mixin.py:137} INFO - [2023-04-07T13:21:58.097-0300] {dagbag.py:532} INFO - Filling up the DagBag from /home/rai/.local/lib/python3.10/site-packages/airflow/example_dags/example_sensors.py
[2023-04-07T13:21:58.112-0300] {processor.py:753} INFO - DAG(s) dict_keys(['example_sensors']) retrieved from /home/rai/.local/lib/python3.10/site-packages/airflow/example_dags/example_sensors.py
[2023-04-07T13:21:58.219-0300] {logging_mixin.py:137} INFO - [2023-04-07T13:21:58.219-0300] {dag.py:2705} INFO - Sync 1 DAGs
[2023-04-07T13:21:58.234-0300] {logging_mixin.py:137} INFO - [2023-04-07T13:21:58.234-0300] {dag.py:3452} INFO - Setting next_dagrun for example_sensors to None, run_after=None
[2023-04-07T13:21:58.255-0300] {processor.py:175} INFO - Processing /home/rai/.local/lib/python3.10/site-packages/airflow/example_dags/example_sensors.py took 0.162 seconds
[2023-04-07T13:22:44.492-0300] {processor.py:153} INFO - Started process (PID=4730) to work on /home/rai/.local/lib/python3.10/site-packages/airflow/example_dags/example_sensors.py
[2023-04-07T13:22:44.494-0300] {processor.py:743} INFO - Processing file /home/rai/.local/lib/python3.10/site-packages/airflow/example_dags/example_sensors.py for tasks to queue
[2023-04-07T13:22:44.496-0300] {logging_mixin.py:137} INFO - [2023-04-07T13:22:44.496-0300] {dagbag.py:532} INFO - Filling up the DagBag from /home/rai/.local/lib/python3.10/site-packages/airflow/example_dags/example_sensors.py
[2023-04-07T13:22:44.622-0300] {processor.py:753} INFO - DAG(s) dict_keys(['example_sensors']) retrieved from /home/rai/.local/lib/python3.10/site-packages/airflow/example_dags/example_sensors.py
[2023-04-07T13:22:44.641-0300] {logging_mixin.py:137} INFO - [2023-04-07T13:22:44.641-0300] {dag.py:2705} INFO - Sync 1 DAGs
[2023-04-07T13:22:44.659-0300] {logging_mixin.py:137} INFO - [2023-04-07T13:22:44.659-0300] {dag.py:3452} INFO - Setting next_dagrun for example_sensors to None, run_after=None
[2023-04-07T13:22:44.682-0300] {processor.py:175} INFO - Processing /home/rai/.local/lib/python3.10/site-packages/airflow/example_dags/example_sensors.py took 0.195 seconds
