[2023-04-07T12:23:23.307-0300] {processor.py:153} INFO - Started process (PID=1389) to work on /home/rai/.local/lib/python3.10/site-packages/airflow/example_dags/subdags/subdag.py
[2023-04-07T12:23:23.307-0300] {processor.py:743} INFO - Processing file /home/rai/.local/lib/python3.10/site-packages/airflow/example_dags/subdags/subdag.py for tasks to queue
[2023-04-07T12:23:23.308-0300] {logging_mixin.py:137} INFO - [2023-04-07T12:23:23.308-0300] {dagbag.py:532} INFO - Filling up the DagBag from /home/rai/.local/lib/python3.10/site-packages/airflow/example_dags/subdags/subdag.py
[2023-04-07T12:23:23.310-0300] {processor.py:755} WARNING - No viable dags retrieved from /home/rai/.local/lib/python3.10/site-packages/airflow/example_dags/subdags/subdag.py
[2023-04-07T12:23:23.317-0300] {processor.py:175} INFO - Processing /home/rai/.local/lib/python3.10/site-packages/airflow/example_dags/subdags/subdag.py took 0.012 seconds
[2023-04-07T12:24:08.399-0300] {processor.py:153} INFO - Started process (PID=1446) to work on /home/rai/.local/lib/python3.10/site-packages/airflow/example_dags/subdags/subdag.py
[2023-04-07T12:24:08.400-0300] {processor.py:743} INFO - Processing file /home/rai/.local/lib/python3.10/site-packages/airflow/example_dags/subdags/subdag.py for tasks to queue
[2023-04-07T12:24:08.401-0300] {logging_mixin.py:137} INFO - [2023-04-07T12:24:08.400-0300] {dagbag.py:532} INFO - Filling up the DagBag from /home/rai/.local/lib/python3.10/site-packages/airflow/example_dags/subdags/subdag.py
[2023-04-07T12:24:08.403-0300] {processor.py:755} WARNING - No viable dags retrieved from /home/rai/.local/lib/python3.10/site-packages/airflow/example_dags/subdags/subdag.py
[2023-04-07T12:24:08.409-0300] {processor.py:175} INFO - Processing /home/rai/.local/lib/python3.10/site-packages/airflow/example_dags/subdags/subdag.py took 0.012 seconds
[2023-04-07T12:24:48.350-0300] {processor.py:153} INFO - Started process (PID=1488) to work on /home/rai/.local/lib/python3.10/site-packages/airflow/example_dags/subdags/subdag.py
[2023-04-07T12:24:48.352-0300] {processor.py:743} INFO - Processing file /home/rai/.local/lib/python3.10/site-packages/airflow/example_dags/subdags/subdag.py for tasks to queue
[2023-04-07T12:24:48.352-0300] {logging_mixin.py:137} INFO - [2023-04-07T12:24:48.352-0300] {dagbag.py:532} INFO - Filling up the DagBag from /home/rai/.local/lib/python3.10/site-packages/airflow/example_dags/subdags/subdag.py
[2023-04-07T12:24:48.355-0300] {processor.py:755} WARNING - No viable dags retrieved from /home/rai/.local/lib/python3.10/site-packages/airflow/example_dags/subdags/subdag.py
[2023-04-07T12:24:48.362-0300] {processor.py:175} INFO - Processing /home/rai/.local/lib/python3.10/site-packages/airflow/example_dags/subdags/subdag.py took 0.014 seconds
[2023-04-07T12:25:30.781-0300] {processor.py:153} INFO - Started process (PID=1530) to work on /home/rai/.local/lib/python3.10/site-packages/airflow/example_dags/subdags/subdag.py
[2023-04-07T12:25:30.786-0300] {processor.py:743} INFO - Processing file /home/rai/.local/lib/python3.10/site-packages/airflow/example_dags/subdags/subdag.py for tasks to queue
[2023-04-07T12:25:30.787-0300] {logging_mixin.py:137} INFO - [2023-04-07T12:25:30.786-0300] {dagbag.py:532} INFO - Filling up the DagBag from /home/rai/.local/lib/python3.10/site-packages/airflow/example_dags/subdags/subdag.py
[2023-04-07T12:25:30.789-0300] {processor.py:755} WARNING - No viable dags retrieved from /home/rai/.local/lib/python3.10/site-packages/airflow/example_dags/subdags/subdag.py
[2023-04-07T12:25:30.796-0300] {processor.py:175} INFO - Processing /home/rai/.local/lib/python3.10/site-packages/airflow/example_dags/subdags/subdag.py took 0.017 seconds
[2023-04-07T12:26:07.963-0300] {processor.py:153} INFO - Started process (PID=1568) to work on /home/rai/.local/lib/python3.10/site-packages/airflow/example_dags/subdags/subdag.py
[2023-04-07T12:26:07.968-0300] {processor.py:743} INFO - Processing file /home/rai/.local/lib/python3.10/site-packages/airflow/example_dags/subdags/subdag.py for tasks to queue
[2023-04-07T12:26:07.968-0300] {logging_mixin.py:137} INFO - [2023-04-07T12:26:07.968-0300] {dagbag.py:532} INFO - Filling up the DagBag from /home/rai/.local/lib/python3.10/site-packages/airflow/example_dags/subdags/subdag.py
[2023-04-07T12:26:07.972-0300] {processor.py:755} WARNING - No viable dags retrieved from /home/rai/.local/lib/python3.10/site-packages/airflow/example_dags/subdags/subdag.py
[2023-04-07T12:26:07.979-0300] {processor.py:175} INFO - Processing /home/rai/.local/lib/python3.10/site-packages/airflow/example_dags/subdags/subdag.py took 0.018 seconds
[2023-04-07T12:26:44.590-0300] {processor.py:153} INFO - Started process (PID=1606) to work on /home/rai/.local/lib/python3.10/site-packages/airflow/example_dags/subdags/subdag.py
[2023-04-07T12:26:44.591-0300] {processor.py:743} INFO - Processing file /home/rai/.local/lib/python3.10/site-packages/airflow/example_dags/subdags/subdag.py for tasks to queue
[2023-04-07T12:26:44.591-0300] {logging_mixin.py:137} INFO - [2023-04-07T12:26:44.591-0300] {dagbag.py:532} INFO - Filling up the DagBag from /home/rai/.local/lib/python3.10/site-packages/airflow/example_dags/subdags/subdag.py
[2023-04-07T12:26:44.594-0300] {processor.py:755} WARNING - No viable dags retrieved from /home/rai/.local/lib/python3.10/site-packages/airflow/example_dags/subdags/subdag.py
[2023-04-07T12:26:44.600-0300] {processor.py:175} INFO - Processing /home/rai/.local/lib/python3.10/site-packages/airflow/example_dags/subdags/subdag.py took 0.013 seconds
[2023-04-07T12:27:21.311-0300] {processor.py:153} INFO - Started process (PID=1643) to work on /home/rai/.local/lib/python3.10/site-packages/airflow/example_dags/subdags/subdag.py
[2023-04-07T12:27:21.312-0300] {processor.py:743} INFO - Processing file /home/rai/.local/lib/python3.10/site-packages/airflow/example_dags/subdags/subdag.py for tasks to queue
[2023-04-07T12:27:21.313-0300] {logging_mixin.py:137} INFO - [2023-04-07T12:27:21.313-0300] {dagbag.py:532} INFO - Filling up the DagBag from /home/rai/.local/lib/python3.10/site-packages/airflow/example_dags/subdags/subdag.py
[2023-04-07T12:27:21.316-0300] {processor.py:755} WARNING - No viable dags retrieved from /home/rai/.local/lib/python3.10/site-packages/airflow/example_dags/subdags/subdag.py
[2023-04-07T12:27:21.323-0300] {processor.py:175} INFO - Processing /home/rai/.local/lib/python3.10/site-packages/airflow/example_dags/subdags/subdag.py took 0.015 seconds
[2023-04-07T12:28:01.746-0300] {processor.py:153} INFO - Started process (PID=1686) to work on /home/rai/.local/lib/python3.10/site-packages/airflow/example_dags/subdags/subdag.py
[2023-04-07T12:28:01.747-0300] {processor.py:743} INFO - Processing file /home/rai/.local/lib/python3.10/site-packages/airflow/example_dags/subdags/subdag.py for tasks to queue
[2023-04-07T12:28:01.748-0300] {logging_mixin.py:137} INFO - [2023-04-07T12:28:01.748-0300] {dagbag.py:532} INFO - Filling up the DagBag from /home/rai/.local/lib/python3.10/site-packages/airflow/example_dags/subdags/subdag.py
[2023-04-07T12:28:01.750-0300] {processor.py:755} WARNING - No viable dags retrieved from /home/rai/.local/lib/python3.10/site-packages/airflow/example_dags/subdags/subdag.py
[2023-04-07T12:28:01.757-0300] {processor.py:175} INFO - Processing /home/rai/.local/lib/python3.10/site-packages/airflow/example_dags/subdags/subdag.py took 0.014 seconds
[2023-04-07T12:28:39.603-0300] {processor.py:153} INFO - Started process (PID=1725) to work on /home/rai/.local/lib/python3.10/site-packages/airflow/example_dags/subdags/subdag.py
[2023-04-07T12:28:39.609-0300] {processor.py:743} INFO - Processing file /home/rai/.local/lib/python3.10/site-packages/airflow/example_dags/subdags/subdag.py for tasks to queue
[2023-04-07T12:28:39.611-0300] {logging_mixin.py:137} INFO - [2023-04-07T12:28:39.610-0300] {dagbag.py:532} INFO - Filling up the DagBag from /home/rai/.local/lib/python3.10/site-packages/airflow/example_dags/subdags/subdag.py
[2023-04-07T12:28:39.617-0300] {processor.py:755} WARNING - No viable dags retrieved from /home/rai/.local/lib/python3.10/site-packages/airflow/example_dags/subdags/subdag.py
[2023-04-07T12:28:39.633-0300] {processor.py:175} INFO - Processing /home/rai/.local/lib/python3.10/site-packages/airflow/example_dags/subdags/subdag.py took 0.034 seconds
[2023-04-07T12:29:20.619-0300] {processor.py:153} INFO - Started process (PID=1764) to work on /home/rai/.local/lib/python3.10/site-packages/airflow/example_dags/subdags/subdag.py
[2023-04-07T12:29:20.622-0300] {processor.py:743} INFO - Processing file /home/rai/.local/lib/python3.10/site-packages/airflow/example_dags/subdags/subdag.py for tasks to queue
[2023-04-07T12:29:20.624-0300] {logging_mixin.py:137} INFO - [2023-04-07T12:29:20.623-0300] {dagbag.py:532} INFO - Filling up the DagBag from /home/rai/.local/lib/python3.10/site-packages/airflow/example_dags/subdags/subdag.py
[2023-04-07T12:29:20.629-0300] {processor.py:755} WARNING - No viable dags retrieved from /home/rai/.local/lib/python3.10/site-packages/airflow/example_dags/subdags/subdag.py
[2023-04-07T12:29:20.644-0300] {processor.py:175} INFO - Processing /home/rai/.local/lib/python3.10/site-packages/airflow/example_dags/subdags/subdag.py took 0.029 seconds
[2023-04-07T12:29:59.514-0300] {processor.py:153} INFO - Started process (PID=1804) to work on /home/rai/.local/lib/python3.10/site-packages/airflow/example_dags/subdags/subdag.py
[2023-04-07T12:29:59.515-0300] {processor.py:743} INFO - Processing file /home/rai/.local/lib/python3.10/site-packages/airflow/example_dags/subdags/subdag.py for tasks to queue
[2023-04-07T12:29:59.516-0300] {logging_mixin.py:137} INFO - [2023-04-07T12:29:59.516-0300] {dagbag.py:532} INFO - Filling up the DagBag from /home/rai/.local/lib/python3.10/site-packages/airflow/example_dags/subdags/subdag.py
[2023-04-07T12:29:59.521-0300] {processor.py:755} WARNING - No viable dags retrieved from /home/rai/.local/lib/python3.10/site-packages/airflow/example_dags/subdags/subdag.py
[2023-04-07T12:29:59.535-0300] {processor.py:175} INFO - Processing /home/rai/.local/lib/python3.10/site-packages/airflow/example_dags/subdags/subdag.py took 0.025 seconds
[2023-04-07T12:30:37.272-0300] {processor.py:153} INFO - Started process (PID=1841) to work on /home/rai/.local/lib/python3.10/site-packages/airflow/example_dags/subdags/subdag.py
[2023-04-07T12:30:37.277-0300] {processor.py:743} INFO - Processing file /home/rai/.local/lib/python3.10/site-packages/airflow/example_dags/subdags/subdag.py for tasks to queue
[2023-04-07T12:30:37.278-0300] {logging_mixin.py:137} INFO - [2023-04-07T12:30:37.278-0300] {dagbag.py:532} INFO - Filling up the DagBag from /home/rai/.local/lib/python3.10/site-packages/airflow/example_dags/subdags/subdag.py
[2023-04-07T12:30:37.284-0300] {processor.py:755} WARNING - No viable dags retrieved from /home/rai/.local/lib/python3.10/site-packages/airflow/example_dags/subdags/subdag.py
[2023-04-07T12:30:37.297-0300] {processor.py:175} INFO - Processing /home/rai/.local/lib/python3.10/site-packages/airflow/example_dags/subdags/subdag.py took 0.029 seconds
[2023-04-07T12:31:25.871-0300] {processor.py:153} INFO - Started process (PID=1885) to work on /home/rai/.local/lib/python3.10/site-packages/airflow/example_dags/subdags/subdag.py
[2023-04-07T12:31:25.873-0300] {processor.py:743} INFO - Processing file /home/rai/.local/lib/python3.10/site-packages/airflow/example_dags/subdags/subdag.py for tasks to queue
[2023-04-07T12:31:25.873-0300] {logging_mixin.py:137} INFO - [2023-04-07T12:31:25.873-0300] {dagbag.py:532} INFO - Filling up the DagBag from /home/rai/.local/lib/python3.10/site-packages/airflow/example_dags/subdags/subdag.py
[2023-04-07T12:31:25.875-0300] {processor.py:755} WARNING - No viable dags retrieved from /home/rai/.local/lib/python3.10/site-packages/airflow/example_dags/subdags/subdag.py
[2023-04-07T12:31:25.882-0300] {processor.py:175} INFO - Processing /home/rai/.local/lib/python3.10/site-packages/airflow/example_dags/subdags/subdag.py took 0.014 seconds
[2023-04-07T12:32:06.561-0300] {processor.py:153} INFO - Started process (PID=1926) to work on /home/rai/.local/lib/python3.10/site-packages/airflow/example_dags/subdags/subdag.py
[2023-04-07T12:32:06.562-0300] {processor.py:743} INFO - Processing file /home/rai/.local/lib/python3.10/site-packages/airflow/example_dags/subdags/subdag.py for tasks to queue
[2023-04-07T12:32:06.563-0300] {logging_mixin.py:137} INFO - [2023-04-07T12:32:06.563-0300] {dagbag.py:532} INFO - Filling up the DagBag from /home/rai/.local/lib/python3.10/site-packages/airflow/example_dags/subdags/subdag.py
[2023-04-07T12:32:06.566-0300] {processor.py:755} WARNING - No viable dags retrieved from /home/rai/.local/lib/python3.10/site-packages/airflow/example_dags/subdags/subdag.py
[2023-04-07T12:32:06.573-0300] {processor.py:175} INFO - Processing /home/rai/.local/lib/python3.10/site-packages/airflow/example_dags/subdags/subdag.py took 0.013 seconds
[2023-04-07T12:32:52.684-0300] {processor.py:153} INFO - Started process (PID=1971) to work on /home/rai/.local/lib/python3.10/site-packages/airflow/example_dags/subdags/subdag.py
[2023-04-07T12:32:52.685-0300] {processor.py:743} INFO - Processing file /home/rai/.local/lib/python3.10/site-packages/airflow/example_dags/subdags/subdag.py for tasks to queue
[2023-04-07T12:32:52.686-0300] {logging_mixin.py:137} INFO - [2023-04-07T12:32:52.686-0300] {dagbag.py:532} INFO - Filling up the DagBag from /home/rai/.local/lib/python3.10/site-packages/airflow/example_dags/subdags/subdag.py
[2023-04-07T12:32:52.689-0300] {processor.py:755} WARNING - No viable dags retrieved from /home/rai/.local/lib/python3.10/site-packages/airflow/example_dags/subdags/subdag.py
[2023-04-07T12:32:52.695-0300] {processor.py:175} INFO - Processing /home/rai/.local/lib/python3.10/site-packages/airflow/example_dags/subdags/subdag.py took 0.013 seconds
[2023-04-07T12:33:32.021-0300] {processor.py:153} INFO - Started process (PID=2010) to work on /home/rai/.local/lib/python3.10/site-packages/airflow/example_dags/subdags/subdag.py
[2023-04-07T12:33:32.026-0300] {processor.py:743} INFO - Processing file /home/rai/.local/lib/python3.10/site-packages/airflow/example_dags/subdags/subdag.py for tasks to queue
[2023-04-07T12:33:32.027-0300] {logging_mixin.py:137} INFO - [2023-04-07T12:33:32.027-0300] {dagbag.py:532} INFO - Filling up the DagBag from /home/rai/.local/lib/python3.10/site-packages/airflow/example_dags/subdags/subdag.py
[2023-04-07T12:33:32.030-0300] {processor.py:755} WARNING - No viable dags retrieved from /home/rai/.local/lib/python3.10/site-packages/airflow/example_dags/subdags/subdag.py
[2023-04-07T12:33:32.042-0300] {processor.py:175} INFO - Processing /home/rai/.local/lib/python3.10/site-packages/airflow/example_dags/subdags/subdag.py took 0.024 seconds
[2023-04-07T12:34:15.505-0300] {processor.py:153} INFO - Started process (PID=2052) to work on /home/rai/.local/lib/python3.10/site-packages/airflow/example_dags/subdags/subdag.py
[2023-04-07T12:34:15.510-0300] {processor.py:743} INFO - Processing file /home/rai/.local/lib/python3.10/site-packages/airflow/example_dags/subdags/subdag.py for tasks to queue
[2023-04-07T12:34:15.511-0300] {logging_mixin.py:137} INFO - [2023-04-07T12:34:15.511-0300] {dagbag.py:532} INFO - Filling up the DagBag from /home/rai/.local/lib/python3.10/site-packages/airflow/example_dags/subdags/subdag.py
[2023-04-07T12:34:15.514-0300] {processor.py:755} WARNING - No viable dags retrieved from /home/rai/.local/lib/python3.10/site-packages/airflow/example_dags/subdags/subdag.py
[2023-04-07T12:34:15.521-0300] {processor.py:175} INFO - Processing /home/rai/.local/lib/python3.10/site-packages/airflow/example_dags/subdags/subdag.py took 0.018 seconds
[2023-04-07T12:34:53.077-0300] {processor.py:153} INFO - Started process (PID=2089) to work on /home/rai/.local/lib/python3.10/site-packages/airflow/example_dags/subdags/subdag.py
[2023-04-07T12:34:53.081-0300] {processor.py:743} INFO - Processing file /home/rai/.local/lib/python3.10/site-packages/airflow/example_dags/subdags/subdag.py for tasks to queue
[2023-04-07T12:34:53.082-0300] {logging_mixin.py:137} INFO - [2023-04-07T12:34:53.081-0300] {dagbag.py:532} INFO - Filling up the DagBag from /home/rai/.local/lib/python3.10/site-packages/airflow/example_dags/subdags/subdag.py
[2023-04-07T12:34:53.084-0300] {processor.py:755} WARNING - No viable dags retrieved from /home/rai/.local/lib/python3.10/site-packages/airflow/example_dags/subdags/subdag.py
[2023-04-07T12:34:53.091-0300] {processor.py:175} INFO - Processing /home/rai/.local/lib/python3.10/site-packages/airflow/example_dags/subdags/subdag.py took 0.017 seconds
[2023-04-07T12:35:31.277-0300] {processor.py:153} INFO - Started process (PID=2128) to work on /home/rai/.local/lib/python3.10/site-packages/airflow/example_dags/subdags/subdag.py
[2023-04-07T12:35:31.282-0300] {processor.py:743} INFO - Processing file /home/rai/.local/lib/python3.10/site-packages/airflow/example_dags/subdags/subdag.py for tasks to queue
[2023-04-07T12:35:31.282-0300] {logging_mixin.py:137} INFO - [2023-04-07T12:35:31.282-0300] {dagbag.py:532} INFO - Filling up the DagBag from /home/rai/.local/lib/python3.10/site-packages/airflow/example_dags/subdags/subdag.py
[2023-04-07T12:35:31.285-0300] {processor.py:755} WARNING - No viable dags retrieved from /home/rai/.local/lib/python3.10/site-packages/airflow/example_dags/subdags/subdag.py
[2023-04-07T12:35:31.292-0300] {processor.py:175} INFO - Processing /home/rai/.local/lib/python3.10/site-packages/airflow/example_dags/subdags/subdag.py took 0.017 seconds
[2023-04-07T12:36:08.626-0300] {processor.py:153} INFO - Started process (PID=2165) to work on /home/rai/.local/lib/python3.10/site-packages/airflow/example_dags/subdags/subdag.py
[2023-04-07T12:36:08.630-0300] {processor.py:743} INFO - Processing file /home/rai/.local/lib/python3.10/site-packages/airflow/example_dags/subdags/subdag.py for tasks to queue
[2023-04-07T12:36:08.631-0300] {logging_mixin.py:137} INFO - [2023-04-07T12:36:08.631-0300] {dagbag.py:532} INFO - Filling up the DagBag from /home/rai/.local/lib/python3.10/site-packages/airflow/example_dags/subdags/subdag.py
[2023-04-07T12:36:08.634-0300] {processor.py:755} WARNING - No viable dags retrieved from /home/rai/.local/lib/python3.10/site-packages/airflow/example_dags/subdags/subdag.py
[2023-04-07T12:36:08.642-0300] {processor.py:175} INFO - Processing /home/rai/.local/lib/python3.10/site-packages/airflow/example_dags/subdags/subdag.py took 0.018 seconds
[2023-04-07T12:36:44.528-0300] {processor.py:153} INFO - Started process (PID=2202) to work on /home/rai/.local/lib/python3.10/site-packages/airflow/example_dags/subdags/subdag.py
[2023-04-07T12:36:44.530-0300] {processor.py:743} INFO - Processing file /home/rai/.local/lib/python3.10/site-packages/airflow/example_dags/subdags/subdag.py for tasks to queue
[2023-04-07T12:36:44.531-0300] {logging_mixin.py:137} INFO - [2023-04-07T12:36:44.530-0300] {dagbag.py:532} INFO - Filling up the DagBag from /home/rai/.local/lib/python3.10/site-packages/airflow/example_dags/subdags/subdag.py
[2023-04-07T12:36:44.534-0300] {processor.py:755} WARNING - No viable dags retrieved from /home/rai/.local/lib/python3.10/site-packages/airflow/example_dags/subdags/subdag.py
[2023-04-07T12:36:44.541-0300] {processor.py:175} INFO - Processing /home/rai/.local/lib/python3.10/site-packages/airflow/example_dags/subdags/subdag.py took 0.016 seconds
[2023-04-07T12:37:23.584-0300] {processor.py:153} INFO - Started process (PID=2244) to work on /home/rai/.local/lib/python3.10/site-packages/airflow/example_dags/subdags/subdag.py
[2023-04-07T12:37:23.589-0300] {processor.py:743} INFO - Processing file /home/rai/.local/lib/python3.10/site-packages/airflow/example_dags/subdags/subdag.py for tasks to queue
[2023-04-07T12:37:23.589-0300] {logging_mixin.py:137} INFO - [2023-04-07T12:37:23.589-0300] {dagbag.py:532} INFO - Filling up the DagBag from /home/rai/.local/lib/python3.10/site-packages/airflow/example_dags/subdags/subdag.py
[2023-04-07T12:37:23.592-0300] {processor.py:755} WARNING - No viable dags retrieved from /home/rai/.local/lib/python3.10/site-packages/airflow/example_dags/subdags/subdag.py
[2023-04-07T12:37:23.598-0300] {processor.py:175} INFO - Processing /home/rai/.local/lib/python3.10/site-packages/airflow/example_dags/subdags/subdag.py took 0.016 seconds
[2023-04-07T12:37:59.929-0300] {processor.py:153} INFO - Started process (PID=2281) to work on /home/rai/.local/lib/python3.10/site-packages/airflow/example_dags/subdags/subdag.py
[2023-04-07T12:37:59.933-0300] {processor.py:743} INFO - Processing file /home/rai/.local/lib/python3.10/site-packages/airflow/example_dags/subdags/subdag.py for tasks to queue
[2023-04-07T12:37:59.934-0300] {logging_mixin.py:137} INFO - [2023-04-07T12:37:59.934-0300] {dagbag.py:532} INFO - Filling up the DagBag from /home/rai/.local/lib/python3.10/site-packages/airflow/example_dags/subdags/subdag.py
[2023-04-07T12:37:59.937-0300] {processor.py:755} WARNING - No viable dags retrieved from /home/rai/.local/lib/python3.10/site-packages/airflow/example_dags/subdags/subdag.py
[2023-04-07T12:37:59.944-0300] {processor.py:175} INFO - Processing /home/rai/.local/lib/python3.10/site-packages/airflow/example_dags/subdags/subdag.py took 0.018 seconds
[2023-04-07T12:38:44.010-0300] {processor.py:153} INFO - Started process (PID=2327) to work on /home/rai/.local/lib/python3.10/site-packages/airflow/example_dags/subdags/subdag.py
[2023-04-07T12:38:44.012-0300] {processor.py:743} INFO - Processing file /home/rai/.local/lib/python3.10/site-packages/airflow/example_dags/subdags/subdag.py for tasks to queue
[2023-04-07T12:38:44.012-0300] {logging_mixin.py:137} INFO - [2023-04-07T12:38:44.012-0300] {dagbag.py:532} INFO - Filling up the DagBag from /home/rai/.local/lib/python3.10/site-packages/airflow/example_dags/subdags/subdag.py
[2023-04-07T12:38:44.016-0300] {processor.py:755} WARNING - No viable dags retrieved from /home/rai/.local/lib/python3.10/site-packages/airflow/example_dags/subdags/subdag.py
[2023-04-07T12:38:44.023-0300] {processor.py:175} INFO - Processing /home/rai/.local/lib/python3.10/site-packages/airflow/example_dags/subdags/subdag.py took 0.015 seconds
[2023-04-07T12:39:18.529-0300] {processor.py:153} INFO - Started process (PID=2362) to work on /home/rai/.local/lib/python3.10/site-packages/airflow/example_dags/subdags/subdag.py
[2023-04-07T12:39:18.530-0300] {processor.py:743} INFO - Processing file /home/rai/.local/lib/python3.10/site-packages/airflow/example_dags/subdags/subdag.py for tasks to queue
[2023-04-07T12:39:18.531-0300] {logging_mixin.py:137} INFO - [2023-04-07T12:39:18.530-0300] {dagbag.py:532} INFO - Filling up the DagBag from /home/rai/.local/lib/python3.10/site-packages/airflow/example_dags/subdags/subdag.py
[2023-04-07T12:39:18.533-0300] {processor.py:755} WARNING - No viable dags retrieved from /home/rai/.local/lib/python3.10/site-packages/airflow/example_dags/subdags/subdag.py
[2023-04-07T12:39:18.539-0300] {processor.py:175} INFO - Processing /home/rai/.local/lib/python3.10/site-packages/airflow/example_dags/subdags/subdag.py took 0.014 seconds
[2023-04-07T12:39:56.441-0300] {processor.py:153} INFO - Started process (PID=2399) to work on /home/rai/.local/lib/python3.10/site-packages/airflow/example_dags/subdags/subdag.py
[2023-04-07T12:39:56.446-0300] {processor.py:743} INFO - Processing file /home/rai/.local/lib/python3.10/site-packages/airflow/example_dags/subdags/subdag.py for tasks to queue
[2023-04-07T12:39:56.447-0300] {logging_mixin.py:137} INFO - [2023-04-07T12:39:56.446-0300] {dagbag.py:532} INFO - Filling up the DagBag from /home/rai/.local/lib/python3.10/site-packages/airflow/example_dags/subdags/subdag.py
[2023-04-07T12:39:56.449-0300] {processor.py:755} WARNING - No viable dags retrieved from /home/rai/.local/lib/python3.10/site-packages/airflow/example_dags/subdags/subdag.py
[2023-04-07T12:39:56.456-0300] {processor.py:175} INFO - Processing /home/rai/.local/lib/python3.10/site-packages/airflow/example_dags/subdags/subdag.py took 0.018 seconds
[2023-04-07T12:40:34.886-0300] {processor.py:153} INFO - Started process (PID=2437) to work on /home/rai/.local/lib/python3.10/site-packages/airflow/example_dags/subdags/subdag.py
[2023-04-07T12:40:34.887-0300] {processor.py:743} INFO - Processing file /home/rai/.local/lib/python3.10/site-packages/airflow/example_dags/subdags/subdag.py for tasks to queue
[2023-04-07T12:40:34.888-0300] {logging_mixin.py:137} INFO - [2023-04-07T12:40:34.888-0300] {dagbag.py:532} INFO - Filling up the DagBag from /home/rai/.local/lib/python3.10/site-packages/airflow/example_dags/subdags/subdag.py
[2023-04-07T12:40:34.891-0300] {processor.py:755} WARNING - No viable dags retrieved from /home/rai/.local/lib/python3.10/site-packages/airflow/example_dags/subdags/subdag.py
[2023-04-07T12:40:34.898-0300] {processor.py:175} INFO - Processing /home/rai/.local/lib/python3.10/site-packages/airflow/example_dags/subdags/subdag.py took 0.015 seconds
[2023-04-07T12:41:16.978-0300] {processor.py:153} INFO - Started process (PID=2478) to work on /home/rai/.local/lib/python3.10/site-packages/airflow/example_dags/subdags/subdag.py
[2023-04-07T12:41:16.983-0300] {processor.py:743} INFO - Processing file /home/rai/.local/lib/python3.10/site-packages/airflow/example_dags/subdags/subdag.py for tasks to queue
[2023-04-07T12:41:16.984-0300] {logging_mixin.py:137} INFO - [2023-04-07T12:41:16.984-0300] {dagbag.py:532} INFO - Filling up the DagBag from /home/rai/.local/lib/python3.10/site-packages/airflow/example_dags/subdags/subdag.py
[2023-04-07T12:41:16.986-0300] {processor.py:755} WARNING - No viable dags retrieved from /home/rai/.local/lib/python3.10/site-packages/airflow/example_dags/subdags/subdag.py
[2023-04-07T12:41:16.993-0300] {processor.py:175} INFO - Processing /home/rai/.local/lib/python3.10/site-packages/airflow/example_dags/subdags/subdag.py took 0.017 seconds
[2023-04-07T12:41:56.945-0300] {processor.py:153} INFO - Started process (PID=2516) to work on /home/rai/.local/lib/python3.10/site-packages/airflow/example_dags/subdags/subdag.py
[2023-04-07T12:41:56.947-0300] {processor.py:743} INFO - Processing file /home/rai/.local/lib/python3.10/site-packages/airflow/example_dags/subdags/subdag.py for tasks to queue
[2023-04-07T12:41:56.947-0300] {logging_mixin.py:137} INFO - [2023-04-07T12:41:56.947-0300] {dagbag.py:532} INFO - Filling up the DagBag from /home/rai/.local/lib/python3.10/site-packages/airflow/example_dags/subdags/subdag.py
[2023-04-07T12:41:56.950-0300] {processor.py:755} WARNING - No viable dags retrieved from /home/rai/.local/lib/python3.10/site-packages/airflow/example_dags/subdags/subdag.py
[2023-04-07T12:41:56.957-0300] {processor.py:175} INFO - Processing /home/rai/.local/lib/python3.10/site-packages/airflow/example_dags/subdags/subdag.py took 0.014 seconds
[2023-04-07T12:42:40.888-0300] {processor.py:153} INFO - Started process (PID=2558) to work on /home/rai/.local/lib/python3.10/site-packages/airflow/example_dags/subdags/subdag.py
[2023-04-07T12:42:40.889-0300] {processor.py:743} INFO - Processing file /home/rai/.local/lib/python3.10/site-packages/airflow/example_dags/subdags/subdag.py for tasks to queue
[2023-04-07T12:42:40.890-0300] {logging_mixin.py:137} INFO - [2023-04-07T12:42:40.890-0300] {dagbag.py:532} INFO - Filling up the DagBag from /home/rai/.local/lib/python3.10/site-packages/airflow/example_dags/subdags/subdag.py
[2023-04-07T12:42:40.893-0300] {processor.py:755} WARNING - No viable dags retrieved from /home/rai/.local/lib/python3.10/site-packages/airflow/example_dags/subdags/subdag.py
[2023-04-07T12:42:40.899-0300] {processor.py:175} INFO - Processing /home/rai/.local/lib/python3.10/site-packages/airflow/example_dags/subdags/subdag.py took 0.015 seconds
[2023-04-07T12:43:15.989-0300] {processor.py:153} INFO - Started process (PID=2595) to work on /home/rai/.local/lib/python3.10/site-packages/airflow/example_dags/subdags/subdag.py
[2023-04-07T12:43:15.994-0300] {processor.py:743} INFO - Processing file /home/rai/.local/lib/python3.10/site-packages/airflow/example_dags/subdags/subdag.py for tasks to queue
[2023-04-07T12:43:15.994-0300] {logging_mixin.py:137} INFO - [2023-04-07T12:43:15.994-0300] {dagbag.py:532} INFO - Filling up the DagBag from /home/rai/.local/lib/python3.10/site-packages/airflow/example_dags/subdags/subdag.py
[2023-04-07T12:43:15.996-0300] {processor.py:755} WARNING - No viable dags retrieved from /home/rai/.local/lib/python3.10/site-packages/airflow/example_dags/subdags/subdag.py
[2023-04-07T12:43:16.003-0300] {processor.py:175} INFO - Processing /home/rai/.local/lib/python3.10/site-packages/airflow/example_dags/subdags/subdag.py took 0.017 seconds
[2023-04-07T12:44:01.537-0300] {processor.py:153} INFO - Started process (PID=2640) to work on /home/rai/.local/lib/python3.10/site-packages/airflow/example_dags/subdags/subdag.py
[2023-04-07T12:44:01.538-0300] {processor.py:743} INFO - Processing file /home/rai/.local/lib/python3.10/site-packages/airflow/example_dags/subdags/subdag.py for tasks to queue
[2023-04-07T12:44:01.539-0300] {logging_mixin.py:137} INFO - [2023-04-07T12:44:01.539-0300] {dagbag.py:532} INFO - Filling up the DagBag from /home/rai/.local/lib/python3.10/site-packages/airflow/example_dags/subdags/subdag.py
[2023-04-07T12:44:01.541-0300] {processor.py:755} WARNING - No viable dags retrieved from /home/rai/.local/lib/python3.10/site-packages/airflow/example_dags/subdags/subdag.py
[2023-04-07T12:44:01.548-0300] {processor.py:175} INFO - Processing /home/rai/.local/lib/python3.10/site-packages/airflow/example_dags/subdags/subdag.py took 0.013 seconds
[2023-04-07T12:44:40.501-0300] {processor.py:153} INFO - Started process (PID=2678) to work on /home/rai/.local/lib/python3.10/site-packages/airflow/example_dags/subdags/subdag.py
[2023-04-07T12:44:40.507-0300] {processor.py:743} INFO - Processing file /home/rai/.local/lib/python3.10/site-packages/airflow/example_dags/subdags/subdag.py for tasks to queue
[2023-04-07T12:44:40.508-0300] {logging_mixin.py:137} INFO - [2023-04-07T12:44:40.507-0300] {dagbag.py:532} INFO - Filling up the DagBag from /home/rai/.local/lib/python3.10/site-packages/airflow/example_dags/subdags/subdag.py
[2023-04-07T12:44:40.510-0300] {processor.py:755} WARNING - No viable dags retrieved from /home/rai/.local/lib/python3.10/site-packages/airflow/example_dags/subdags/subdag.py
[2023-04-07T12:44:40.517-0300] {processor.py:175} INFO - Processing /home/rai/.local/lib/python3.10/site-packages/airflow/example_dags/subdags/subdag.py took 0.018 seconds
[2023-04-07T12:45:24.731-0300] {processor.py:153} INFO - Started process (PID=2720) to work on /home/rai/.local/lib/python3.10/site-packages/airflow/example_dags/subdags/subdag.py
[2023-04-07T12:45:24.736-0300] {processor.py:743} INFO - Processing file /home/rai/.local/lib/python3.10/site-packages/airflow/example_dags/subdags/subdag.py for tasks to queue
[2023-04-07T12:45:24.736-0300] {logging_mixin.py:137} INFO - [2023-04-07T12:45:24.736-0300] {dagbag.py:532} INFO - Filling up the DagBag from /home/rai/.local/lib/python3.10/site-packages/airflow/example_dags/subdags/subdag.py
[2023-04-07T12:45:24.739-0300] {processor.py:755} WARNING - No viable dags retrieved from /home/rai/.local/lib/python3.10/site-packages/airflow/example_dags/subdags/subdag.py
[2023-04-07T12:45:24.746-0300] {processor.py:175} INFO - Processing /home/rai/.local/lib/python3.10/site-packages/airflow/example_dags/subdags/subdag.py took 0.018 seconds
[2023-04-07T12:46:04.378-0300] {processor.py:153} INFO - Started process (PID=2760) to work on /home/rai/.local/lib/python3.10/site-packages/airflow/example_dags/subdags/subdag.py
[2023-04-07T12:46:04.383-0300] {processor.py:743} INFO - Processing file /home/rai/.local/lib/python3.10/site-packages/airflow/example_dags/subdags/subdag.py for tasks to queue
[2023-04-07T12:46:04.384-0300] {logging_mixin.py:137} INFO - [2023-04-07T12:46:04.384-0300] {dagbag.py:532} INFO - Filling up the DagBag from /home/rai/.local/lib/python3.10/site-packages/airflow/example_dags/subdags/subdag.py
[2023-04-07T12:46:04.386-0300] {processor.py:755} WARNING - No viable dags retrieved from /home/rai/.local/lib/python3.10/site-packages/airflow/example_dags/subdags/subdag.py
[2023-04-07T12:46:04.392-0300] {processor.py:175} INFO - Processing /home/rai/.local/lib/python3.10/site-packages/airflow/example_dags/subdags/subdag.py took 0.017 seconds
[2023-04-07T12:48:01.579-0300] {processor.py:153} INFO - Started process (PID=2802) to work on /home/rai/.local/lib/python3.10/site-packages/airflow/example_dags/subdags/subdag.py
[2023-04-07T12:48:01.581-0300] {processor.py:743} INFO - Processing file /home/rai/.local/lib/python3.10/site-packages/airflow/example_dags/subdags/subdag.py for tasks to queue
[2023-04-07T12:48:01.583-0300] {logging_mixin.py:137} INFO - [2023-04-07T12:48:01.582-0300] {dagbag.py:532} INFO - Filling up the DagBag from /home/rai/.local/lib/python3.10/site-packages/airflow/example_dags/subdags/subdag.py
[2023-04-07T12:48:01.588-0300] {processor.py:755} WARNING - No viable dags retrieved from /home/rai/.local/lib/python3.10/site-packages/airflow/example_dags/subdags/subdag.py
[2023-04-07T12:48:01.603-0300] {processor.py:175} INFO - Processing /home/rai/.local/lib/python3.10/site-packages/airflow/example_dags/subdags/subdag.py took 0.028 seconds
[2023-04-07T12:48:45.932-0300] {processor.py:153} INFO - Started process (PID=2844) to work on /home/rai/.local/lib/python3.10/site-packages/airflow/example_dags/subdags/subdag.py
[2023-04-07T12:48:45.943-0300] {processor.py:743} INFO - Processing file /home/rai/.local/lib/python3.10/site-packages/airflow/example_dags/subdags/subdag.py for tasks to queue
[2023-04-07T12:48:45.945-0300] {logging_mixin.py:137} INFO - [2023-04-07T12:48:45.944-0300] {dagbag.py:532} INFO - Filling up the DagBag from /home/rai/.local/lib/python3.10/site-packages/airflow/example_dags/subdags/subdag.py
[2023-04-07T12:48:45.951-0300] {processor.py:755} WARNING - No viable dags retrieved from /home/rai/.local/lib/python3.10/site-packages/airflow/example_dags/subdags/subdag.py
[2023-04-07T12:48:45.966-0300] {processor.py:175} INFO - Processing /home/rai/.local/lib/python3.10/site-packages/airflow/example_dags/subdags/subdag.py took 0.040 seconds
[2023-04-07T12:49:30.352-0300] {processor.py:153} INFO - Started process (PID=2885) to work on /home/rai/.local/lib/python3.10/site-packages/airflow/example_dags/subdags/subdag.py
[2023-04-07T12:49:30.357-0300] {processor.py:743} INFO - Processing file /home/rai/.local/lib/python3.10/site-packages/airflow/example_dags/subdags/subdag.py for tasks to queue
[2023-04-07T12:49:30.358-0300] {logging_mixin.py:137} INFO - [2023-04-07T12:49:30.357-0300] {dagbag.py:532} INFO - Filling up the DagBag from /home/rai/.local/lib/python3.10/site-packages/airflow/example_dags/subdags/subdag.py
[2023-04-07T12:49:30.364-0300] {processor.py:755} WARNING - No viable dags retrieved from /home/rai/.local/lib/python3.10/site-packages/airflow/example_dags/subdags/subdag.py
[2023-04-07T12:49:30.376-0300] {processor.py:175} INFO - Processing /home/rai/.local/lib/python3.10/site-packages/airflow/example_dags/subdags/subdag.py took 0.029 seconds
[2023-04-07T12:50:22.922-0300] {processor.py:153} INFO - Started process (PID=2930) to work on /home/rai/.local/lib/python3.10/site-packages/airflow/example_dags/subdags/subdag.py
[2023-04-07T12:50:22.927-0300] {processor.py:743} INFO - Processing file /home/rai/.local/lib/python3.10/site-packages/airflow/example_dags/subdags/subdag.py for tasks to queue
[2023-04-07T12:50:22.928-0300] {logging_mixin.py:137} INFO - [2023-04-07T12:50:22.928-0300] {dagbag.py:532} INFO - Filling up the DagBag from /home/rai/.local/lib/python3.10/site-packages/airflow/example_dags/subdags/subdag.py
[2023-04-07T12:50:22.934-0300] {processor.py:755} WARNING - No viable dags retrieved from /home/rai/.local/lib/python3.10/site-packages/airflow/example_dags/subdags/subdag.py
[2023-04-07T12:50:22.946-0300] {processor.py:175} INFO - Processing /home/rai/.local/lib/python3.10/site-packages/airflow/example_dags/subdags/subdag.py took 0.029 seconds
[2023-04-07T12:51:03.463-0300] {processor.py:153} INFO - Started process (PID=2964) to work on /home/rai/.local/lib/python3.10/site-packages/airflow/example_dags/subdags/subdag.py
[2023-04-07T12:51:03.469-0300] {processor.py:743} INFO - Processing file /home/rai/.local/lib/python3.10/site-packages/airflow/example_dags/subdags/subdag.py for tasks to queue
[2023-04-07T12:51:03.470-0300] {logging_mixin.py:137} INFO - [2023-04-07T12:51:03.469-0300] {dagbag.py:532} INFO - Filling up the DagBag from /home/rai/.local/lib/python3.10/site-packages/airflow/example_dags/subdags/subdag.py
[2023-04-07T12:51:03.474-0300] {processor.py:755} WARNING - No viable dags retrieved from /home/rai/.local/lib/python3.10/site-packages/airflow/example_dags/subdags/subdag.py
[2023-04-07T12:51:03.487-0300] {processor.py:175} INFO - Processing /home/rai/.local/lib/python3.10/site-packages/airflow/example_dags/subdags/subdag.py took 0.028 seconds
[2023-04-07T12:51:42.667-0300] {processor.py:153} INFO - Started process (PID=2997) to work on /home/rai/.local/lib/python3.10/site-packages/airflow/example_dags/subdags/subdag.py
[2023-04-07T12:51:42.673-0300] {processor.py:743} INFO - Processing file /home/rai/.local/lib/python3.10/site-packages/airflow/example_dags/subdags/subdag.py for tasks to queue
[2023-04-07T12:51:42.674-0300] {logging_mixin.py:137} INFO - [2023-04-07T12:51:42.673-0300] {dagbag.py:532} INFO - Filling up the DagBag from /home/rai/.local/lib/python3.10/site-packages/airflow/example_dags/subdags/subdag.py
[2023-04-07T12:51:42.679-0300] {processor.py:755} WARNING - No viable dags retrieved from /home/rai/.local/lib/python3.10/site-packages/airflow/example_dags/subdags/subdag.py
[2023-04-07T12:51:42.691-0300] {processor.py:175} INFO - Processing /home/rai/.local/lib/python3.10/site-packages/airflow/example_dags/subdags/subdag.py took 0.028 seconds
[2023-04-07T12:52:22.899-0300] {processor.py:153} INFO - Started process (PID=3031) to work on /home/rai/.local/lib/python3.10/site-packages/airflow/example_dags/subdags/subdag.py
[2023-04-07T12:52:22.902-0300] {processor.py:743} INFO - Processing file /home/rai/.local/lib/python3.10/site-packages/airflow/example_dags/subdags/subdag.py for tasks to queue
[2023-04-07T12:52:22.903-0300] {logging_mixin.py:137} INFO - [2023-04-07T12:52:22.903-0300] {dagbag.py:532} INFO - Filling up the DagBag from /home/rai/.local/lib/python3.10/site-packages/airflow/example_dags/subdags/subdag.py
[2023-04-07T12:52:22.908-0300] {processor.py:755} WARNING - No viable dags retrieved from /home/rai/.local/lib/python3.10/site-packages/airflow/example_dags/subdags/subdag.py
[2023-04-07T12:52:22.923-0300] {processor.py:175} INFO - Processing /home/rai/.local/lib/python3.10/site-packages/airflow/example_dags/subdags/subdag.py took 0.028 seconds
[2023-04-07T12:53:02.107-0300] {processor.py:153} INFO - Started process (PID=3065) to work on /home/rai/.local/lib/python3.10/site-packages/airflow/example_dags/subdags/subdag.py
[2023-04-07T12:53:02.114-0300] {processor.py:743} INFO - Processing file /home/rai/.local/lib/python3.10/site-packages/airflow/example_dags/subdags/subdag.py for tasks to queue
[2023-04-07T12:53:02.115-0300] {logging_mixin.py:137} INFO - [2023-04-07T12:53:02.115-0300] {dagbag.py:532} INFO - Filling up the DagBag from /home/rai/.local/lib/python3.10/site-packages/airflow/example_dags/subdags/subdag.py
[2023-04-07T12:53:02.122-0300] {processor.py:755} WARNING - No viable dags retrieved from /home/rai/.local/lib/python3.10/site-packages/airflow/example_dags/subdags/subdag.py
[2023-04-07T12:53:02.141-0300] {processor.py:175} INFO - Processing /home/rai/.local/lib/python3.10/site-packages/airflow/example_dags/subdags/subdag.py took 0.041 seconds
[2023-04-07T12:53:52.171-0300] {processor.py:153} INFO - Started process (PID=3111) to work on /home/rai/.local/lib/python3.10/site-packages/airflow/example_dags/subdags/subdag.py
[2023-04-07T12:53:52.174-0300] {processor.py:743} INFO - Processing file /home/rai/.local/lib/python3.10/site-packages/airflow/example_dags/subdags/subdag.py for tasks to queue
[2023-04-07T12:53:52.175-0300] {logging_mixin.py:137} INFO - [2023-04-07T12:53:52.174-0300] {dagbag.py:532} INFO - Filling up the DagBag from /home/rai/.local/lib/python3.10/site-packages/airflow/example_dags/subdags/subdag.py
[2023-04-07T12:53:52.179-0300] {processor.py:755} WARNING - No viable dags retrieved from /home/rai/.local/lib/python3.10/site-packages/airflow/example_dags/subdags/subdag.py
[2023-04-07T12:53:52.191-0300] {processor.py:175} INFO - Processing /home/rai/.local/lib/python3.10/site-packages/airflow/example_dags/subdags/subdag.py took 0.025 seconds
[2023-04-07T12:54:28.617-0300] {processor.py:153} INFO - Started process (PID=3148) to work on /home/rai/.local/lib/python3.10/site-packages/airflow/example_dags/subdags/subdag.py
[2023-04-07T12:54:28.618-0300] {processor.py:743} INFO - Processing file /home/rai/.local/lib/python3.10/site-packages/airflow/example_dags/subdags/subdag.py for tasks to queue
[2023-04-07T12:54:28.619-0300] {logging_mixin.py:137} INFO - [2023-04-07T12:54:28.619-0300] {dagbag.py:532} INFO - Filling up the DagBag from /home/rai/.local/lib/python3.10/site-packages/airflow/example_dags/subdags/subdag.py
[2023-04-07T12:54:28.623-0300] {processor.py:755} WARNING - No viable dags retrieved from /home/rai/.local/lib/python3.10/site-packages/airflow/example_dags/subdags/subdag.py
[2023-04-07T12:54:28.634-0300] {processor.py:175} INFO - Processing /home/rai/.local/lib/python3.10/site-packages/airflow/example_dags/subdags/subdag.py took 0.019 seconds
[2023-04-07T12:55:08.038-0300] {processor.py:153} INFO - Started process (PID=3186) to work on /home/rai/.local/lib/python3.10/site-packages/airflow/example_dags/subdags/subdag.py
[2023-04-07T12:55:08.043-0300] {processor.py:743} INFO - Processing file /home/rai/.local/lib/python3.10/site-packages/airflow/example_dags/subdags/subdag.py for tasks to queue
[2023-04-07T12:55:08.044-0300] {logging_mixin.py:137} INFO - [2023-04-07T12:55:08.044-0300] {dagbag.py:532} INFO - Filling up the DagBag from /home/rai/.local/lib/python3.10/site-packages/airflow/example_dags/subdags/subdag.py
[2023-04-07T12:55:08.050-0300] {processor.py:755} WARNING - No viable dags retrieved from /home/rai/.local/lib/python3.10/site-packages/airflow/example_dags/subdags/subdag.py
[2023-04-07T12:55:08.065-0300] {processor.py:175} INFO - Processing /home/rai/.local/lib/python3.10/site-packages/airflow/example_dags/subdags/subdag.py took 0.032 seconds
[2023-04-07T12:56:02.252-0300] {processor.py:153} INFO - Started process (PID=3236) to work on /home/rai/.local/lib/python3.10/site-packages/airflow/example_dags/subdags/subdag.py
[2023-04-07T12:56:02.254-0300] {processor.py:743} INFO - Processing file /home/rai/.local/lib/python3.10/site-packages/airflow/example_dags/subdags/subdag.py for tasks to queue
[2023-04-07T12:56:02.255-0300] {logging_mixin.py:137} INFO - [2023-04-07T12:56:02.255-0300] {dagbag.py:532} INFO - Filling up the DagBag from /home/rai/.local/lib/python3.10/site-packages/airflow/example_dags/subdags/subdag.py
[2023-04-07T12:56:02.260-0300] {processor.py:755} WARNING - No viable dags retrieved from /home/rai/.local/lib/python3.10/site-packages/airflow/example_dags/subdags/subdag.py
[2023-04-07T12:56:02.274-0300] {processor.py:175} INFO - Processing /home/rai/.local/lib/python3.10/site-packages/airflow/example_dags/subdags/subdag.py took 0.024 seconds
[2023-04-07T12:56:43.167-0300] {processor.py:153} INFO - Started process (PID=3271) to work on /home/rai/.local/lib/python3.10/site-packages/airflow/example_dags/subdags/subdag.py
[2023-04-07T12:56:43.168-0300] {processor.py:743} INFO - Processing file /home/rai/.local/lib/python3.10/site-packages/airflow/example_dags/subdags/subdag.py for tasks to queue
[2023-04-07T12:56:43.170-0300] {logging_mixin.py:137} INFO - [2023-04-07T12:56:43.170-0300] {dagbag.py:532} INFO - Filling up the DagBag from /home/rai/.local/lib/python3.10/site-packages/airflow/example_dags/subdags/subdag.py
[2023-04-07T12:56:43.172-0300] {processor.py:755} WARNING - No viable dags retrieved from /home/rai/.local/lib/python3.10/site-packages/airflow/example_dags/subdags/subdag.py
[2023-04-07T12:56:43.184-0300] {processor.py:175} INFO - Processing /home/rai/.local/lib/python3.10/site-packages/airflow/example_dags/subdags/subdag.py took 0.020 seconds
[2023-04-07T12:57:21.324-0300] {processor.py:153} INFO - Started process (PID=3309) to work on /home/rai/.local/lib/python3.10/site-packages/airflow/example_dags/subdags/subdag.py
[2023-04-07T12:57:21.325-0300] {processor.py:743} INFO - Processing file /home/rai/.local/lib/python3.10/site-packages/airflow/example_dags/subdags/subdag.py for tasks to queue
[2023-04-07T12:57:21.325-0300] {logging_mixin.py:137} INFO - [2023-04-07T12:57:21.325-0300] {dagbag.py:532} INFO - Filling up the DagBag from /home/rai/.local/lib/python3.10/site-packages/airflow/example_dags/subdags/subdag.py
[2023-04-07T12:57:21.328-0300] {processor.py:755} WARNING - No viable dags retrieved from /home/rai/.local/lib/python3.10/site-packages/airflow/example_dags/subdags/subdag.py
[2023-04-07T12:57:21.335-0300] {processor.py:175} INFO - Processing /home/rai/.local/lib/python3.10/site-packages/airflow/example_dags/subdags/subdag.py took 0.014 seconds
[2023-04-07T12:58:04.368-0300] {processor.py:153} INFO - Started process (PID=3353) to work on /home/rai/.local/lib/python3.10/site-packages/airflow/example_dags/subdags/subdag.py
[2023-04-07T12:58:04.369-0300] {processor.py:743} INFO - Processing file /home/rai/.local/lib/python3.10/site-packages/airflow/example_dags/subdags/subdag.py for tasks to queue
[2023-04-07T12:58:04.369-0300] {logging_mixin.py:137} INFO - [2023-04-07T12:58:04.369-0300] {dagbag.py:532} INFO - Filling up the DagBag from /home/rai/.local/lib/python3.10/site-packages/airflow/example_dags/subdags/subdag.py
[2023-04-07T12:58:04.372-0300] {processor.py:755} WARNING - No viable dags retrieved from /home/rai/.local/lib/python3.10/site-packages/airflow/example_dags/subdags/subdag.py
[2023-04-07T12:58:04.381-0300] {processor.py:175} INFO - Processing /home/rai/.local/lib/python3.10/site-packages/airflow/example_dags/subdags/subdag.py took 0.016 seconds
[2023-04-07T12:58:45.630-0300] {processor.py:153} INFO - Started process (PID=3394) to work on /home/rai/.local/lib/python3.10/site-packages/airflow/example_dags/subdags/subdag.py
[2023-04-07T12:58:45.635-0300] {processor.py:743} INFO - Processing file /home/rai/.local/lib/python3.10/site-packages/airflow/example_dags/subdags/subdag.py for tasks to queue
[2023-04-07T12:58:45.635-0300] {logging_mixin.py:137} INFO - [2023-04-07T12:58:45.635-0300] {dagbag.py:532} INFO - Filling up the DagBag from /home/rai/.local/lib/python3.10/site-packages/airflow/example_dags/subdags/subdag.py
[2023-04-07T12:58:45.638-0300] {processor.py:755} WARNING - No viable dags retrieved from /home/rai/.local/lib/python3.10/site-packages/airflow/example_dags/subdags/subdag.py
[2023-04-07T12:58:45.644-0300] {processor.py:175} INFO - Processing /home/rai/.local/lib/python3.10/site-packages/airflow/example_dags/subdags/subdag.py took 0.016 seconds
[2023-04-07T12:59:22.829-0300] {processor.py:153} INFO - Started process (PID=3434) to work on /home/rai/.local/lib/python3.10/site-packages/airflow/example_dags/subdags/subdag.py
[2023-04-07T12:59:22.830-0300] {processor.py:743} INFO - Processing file /home/rai/.local/lib/python3.10/site-packages/airflow/example_dags/subdags/subdag.py for tasks to queue
[2023-04-07T12:59:22.831-0300] {logging_mixin.py:137} INFO - [2023-04-07T12:59:22.831-0300] {dagbag.py:532} INFO - Filling up the DagBag from /home/rai/.local/lib/python3.10/site-packages/airflow/example_dags/subdags/subdag.py
[2023-04-07T12:59:22.833-0300] {processor.py:755} WARNING - No viable dags retrieved from /home/rai/.local/lib/python3.10/site-packages/airflow/example_dags/subdags/subdag.py
[2023-04-07T12:59:22.839-0300] {processor.py:175} INFO - Processing /home/rai/.local/lib/python3.10/site-packages/airflow/example_dags/subdags/subdag.py took 0.013 seconds
[2023-04-07T13:00:06.058-0300] {processor.py:153} INFO - Started process (PID=3474) to work on /home/rai/.local/lib/python3.10/site-packages/airflow/example_dags/subdags/subdag.py
[2023-04-07T13:00:06.063-0300] {processor.py:743} INFO - Processing file /home/rai/.local/lib/python3.10/site-packages/airflow/example_dags/subdags/subdag.py for tasks to queue
[2023-04-07T13:00:06.064-0300] {logging_mixin.py:137} INFO - [2023-04-07T13:00:06.064-0300] {dagbag.py:532} INFO - Filling up the DagBag from /home/rai/.local/lib/python3.10/site-packages/airflow/example_dags/subdags/subdag.py
[2023-04-07T13:00:06.069-0300] {processor.py:755} WARNING - No viable dags retrieved from /home/rai/.local/lib/python3.10/site-packages/airflow/example_dags/subdags/subdag.py
[2023-04-07T13:00:06.083-0300] {processor.py:175} INFO - Processing /home/rai/.local/lib/python3.10/site-packages/airflow/example_dags/subdags/subdag.py took 0.029 seconds
[2023-04-07T13:00:45.109-0300] {processor.py:153} INFO - Started process (PID=3510) to work on /home/rai/.local/lib/python3.10/site-packages/airflow/example_dags/subdags/subdag.py
[2023-04-07T13:00:45.111-0300] {processor.py:743} INFO - Processing file /home/rai/.local/lib/python3.10/site-packages/airflow/example_dags/subdags/subdag.py for tasks to queue
[2023-04-07T13:00:45.111-0300] {logging_mixin.py:137} INFO - [2023-04-07T13:00:45.111-0300] {dagbag.py:532} INFO - Filling up the DagBag from /home/rai/.local/lib/python3.10/site-packages/airflow/example_dags/subdags/subdag.py
[2023-04-07T13:00:45.114-0300] {processor.py:755} WARNING - No viable dags retrieved from /home/rai/.local/lib/python3.10/site-packages/airflow/example_dags/subdags/subdag.py
[2023-04-07T13:00:45.121-0300] {processor.py:175} INFO - Processing /home/rai/.local/lib/python3.10/site-packages/airflow/example_dags/subdags/subdag.py took 0.014 seconds
[2023-04-07T13:01:37.843-0300] {processor.py:153} INFO - Started process (PID=3572) to work on /home/rai/.local/lib/python3.10/site-packages/airflow/example_dags/subdags/subdag.py
[2023-04-07T13:01:37.845-0300] {processor.py:743} INFO - Processing file /home/rai/.local/lib/python3.10/site-packages/airflow/example_dags/subdags/subdag.py for tasks to queue
[2023-04-07T13:01:37.846-0300] {logging_mixin.py:137} INFO - [2023-04-07T13:01:37.846-0300] {dagbag.py:532} INFO - Filling up the DagBag from /home/rai/.local/lib/python3.10/site-packages/airflow/example_dags/subdags/subdag.py
[2023-04-07T13:01:37.852-0300] {processor.py:755} WARNING - No viable dags retrieved from /home/rai/.local/lib/python3.10/site-packages/airflow/example_dags/subdags/subdag.py
[2023-04-07T13:01:37.864-0300] {processor.py:175} INFO - Processing /home/rai/.local/lib/python3.10/site-packages/airflow/example_dags/subdags/subdag.py took 0.025 seconds
[2023-04-07T13:02:20.291-0300] {processor.py:153} INFO - Started process (PID=3614) to work on /home/rai/.local/lib/python3.10/site-packages/airflow/example_dags/subdags/subdag.py
[2023-04-07T13:02:20.293-0300] {processor.py:743} INFO - Processing file /home/rai/.local/lib/python3.10/site-packages/airflow/example_dags/subdags/subdag.py for tasks to queue
[2023-04-07T13:02:20.294-0300] {logging_mixin.py:137} INFO - [2023-04-07T13:02:20.294-0300] {dagbag.py:532} INFO - Filling up the DagBag from /home/rai/.local/lib/python3.10/site-packages/airflow/example_dags/subdags/subdag.py
[2023-04-07T13:02:20.299-0300] {processor.py:755} WARNING - No viable dags retrieved from /home/rai/.local/lib/python3.10/site-packages/airflow/example_dags/subdags/subdag.py
[2023-04-07T13:02:20.314-0300] {processor.py:175} INFO - Processing /home/rai/.local/lib/python3.10/site-packages/airflow/example_dags/subdags/subdag.py took 0.028 seconds
[2023-04-07T13:02:58.593-0300] {processor.py:153} INFO - Started process (PID=3648) to work on /home/rai/.local/lib/python3.10/site-packages/airflow/example_dags/subdags/subdag.py
[2023-04-07T13:02:58.595-0300] {processor.py:743} INFO - Processing file /home/rai/.local/lib/python3.10/site-packages/airflow/example_dags/subdags/subdag.py for tasks to queue
[2023-04-07T13:02:58.598-0300] {logging_mixin.py:137} INFO - [2023-04-07T13:02:58.597-0300] {dagbag.py:532} INFO - Filling up the DagBag from /home/rai/.local/lib/python3.10/site-packages/airflow/example_dags/subdags/subdag.py
[2023-04-07T13:02:58.603-0300] {processor.py:755} WARNING - No viable dags retrieved from /home/rai/.local/lib/python3.10/site-packages/airflow/example_dags/subdags/subdag.py
[2023-04-07T13:02:58.617-0300] {processor.py:175} INFO - Processing /home/rai/.local/lib/python3.10/site-packages/airflow/example_dags/subdags/subdag.py took 0.029 seconds
[2023-04-07T13:03:49.595-0300] {processor.py:153} INFO - Started process (PID=3694) to work on /home/rai/.local/lib/python3.10/site-packages/airflow/example_dags/subdags/subdag.py
[2023-04-07T13:03:49.600-0300] {processor.py:743} INFO - Processing file /home/rai/.local/lib/python3.10/site-packages/airflow/example_dags/subdags/subdag.py for tasks to queue
[2023-04-07T13:03:49.602-0300] {logging_mixin.py:137} INFO - [2023-04-07T13:03:49.601-0300] {dagbag.py:532} INFO - Filling up the DagBag from /home/rai/.local/lib/python3.10/site-packages/airflow/example_dags/subdags/subdag.py
[2023-04-07T13:03:49.607-0300] {processor.py:755} WARNING - No viable dags retrieved from /home/rai/.local/lib/python3.10/site-packages/airflow/example_dags/subdags/subdag.py
[2023-04-07T13:03:49.620-0300] {processor.py:175} INFO - Processing /home/rai/.local/lib/python3.10/site-packages/airflow/example_dags/subdags/subdag.py took 0.029 seconds
[2023-04-07T13:04:38.126-0300] {processor.py:153} INFO - Started process (PID=3739) to work on /home/rai/.local/lib/python3.10/site-packages/airflow/example_dags/subdags/subdag.py
[2023-04-07T13:04:38.128-0300] {processor.py:743} INFO - Processing file /home/rai/.local/lib/python3.10/site-packages/airflow/example_dags/subdags/subdag.py for tasks to queue
[2023-04-07T13:04:38.130-0300] {logging_mixin.py:137} INFO - [2023-04-07T13:04:38.129-0300] {dagbag.py:532} INFO - Filling up the DagBag from /home/rai/.local/lib/python3.10/site-packages/airflow/example_dags/subdags/subdag.py
[2023-04-07T13:04:38.136-0300] {processor.py:755} WARNING - No viable dags retrieved from /home/rai/.local/lib/python3.10/site-packages/airflow/example_dags/subdags/subdag.py
[2023-04-07T13:04:38.149-0300] {processor.py:175} INFO - Processing /home/rai/.local/lib/python3.10/site-packages/airflow/example_dags/subdags/subdag.py took 0.028 seconds
[2023-04-07T13:05:22.353-0300] {processor.py:153} INFO - Started process (PID=3774) to work on /home/rai/.local/lib/python3.10/site-packages/airflow/example_dags/subdags/subdag.py
[2023-04-07T13:05:22.358-0300] {processor.py:743} INFO - Processing file /home/rai/.local/lib/python3.10/site-packages/airflow/example_dags/subdags/subdag.py for tasks to queue
[2023-04-07T13:05:22.360-0300] {logging_mixin.py:137} INFO - [2023-04-07T13:05:22.360-0300] {dagbag.py:532} INFO - Filling up the DagBag from /home/rai/.local/lib/python3.10/site-packages/airflow/example_dags/subdags/subdag.py
[2023-04-07T13:05:22.367-0300] {processor.py:755} WARNING - No viable dags retrieved from /home/rai/.local/lib/python3.10/site-packages/airflow/example_dags/subdags/subdag.py
[2023-04-07T13:05:22.386-0300] {processor.py:175} INFO - Processing /home/rai/.local/lib/python3.10/site-packages/airflow/example_dags/subdags/subdag.py took 0.041 seconds
[2023-04-07T13:06:04.021-0300] {processor.py:153} INFO - Started process (PID=3810) to work on /home/rai/.local/lib/python3.10/site-packages/airflow/example_dags/subdags/subdag.py
[2023-04-07T13:06:04.023-0300] {processor.py:743} INFO - Processing file /home/rai/.local/lib/python3.10/site-packages/airflow/example_dags/subdags/subdag.py for tasks to queue
[2023-04-07T13:06:04.024-0300] {logging_mixin.py:137} INFO - [2023-04-07T13:06:04.024-0300] {dagbag.py:532} INFO - Filling up the DagBag from /home/rai/.local/lib/python3.10/site-packages/airflow/example_dags/subdags/subdag.py
[2023-04-07T13:06:04.029-0300] {processor.py:755} WARNING - No viable dags retrieved from /home/rai/.local/lib/python3.10/site-packages/airflow/example_dags/subdags/subdag.py
[2023-04-07T13:06:04.042-0300] {processor.py:175} INFO - Processing /home/rai/.local/lib/python3.10/site-packages/airflow/example_dags/subdags/subdag.py took 0.026 seconds
[2023-04-07T13:06:45.917-0300] {processor.py:153} INFO - Started process (PID=3844) to work on /home/rai/.local/lib/python3.10/site-packages/airflow/example_dags/subdags/subdag.py
[2023-04-07T13:06:45.919-0300] {processor.py:743} INFO - Processing file /home/rai/.local/lib/python3.10/site-packages/airflow/example_dags/subdags/subdag.py for tasks to queue
[2023-04-07T13:06:45.920-0300] {logging_mixin.py:137} INFO - [2023-04-07T13:06:45.920-0300] {dagbag.py:532} INFO - Filling up the DagBag from /home/rai/.local/lib/python3.10/site-packages/airflow/example_dags/subdags/subdag.py
[2023-04-07T13:06:45.924-0300] {processor.py:755} WARNING - No viable dags retrieved from /home/rai/.local/lib/python3.10/site-packages/airflow/example_dags/subdags/subdag.py
[2023-04-07T13:06:45.938-0300] {processor.py:175} INFO - Processing /home/rai/.local/lib/python3.10/site-packages/airflow/example_dags/subdags/subdag.py took 0.025 seconds
[2023-04-07T13:07:26.228-0300] {processor.py:153} INFO - Started process (PID=3879) to work on /home/rai/.local/lib/python3.10/site-packages/airflow/example_dags/subdags/subdag.py
[2023-04-07T13:07:26.230-0300] {processor.py:743} INFO - Processing file /home/rai/.local/lib/python3.10/site-packages/airflow/example_dags/subdags/subdag.py for tasks to queue
[2023-04-07T13:07:26.232-0300] {logging_mixin.py:137} INFO - [2023-04-07T13:07:26.232-0300] {dagbag.py:532} INFO - Filling up the DagBag from /home/rai/.local/lib/python3.10/site-packages/airflow/example_dags/subdags/subdag.py
[2023-04-07T13:07:26.238-0300] {processor.py:755} WARNING - No viable dags retrieved from /home/rai/.local/lib/python3.10/site-packages/airflow/example_dags/subdags/subdag.py
[2023-04-07T13:07:26.251-0300] {processor.py:175} INFO - Processing /home/rai/.local/lib/python3.10/site-packages/airflow/example_dags/subdags/subdag.py took 0.028 seconds
[2023-04-07T13:08:06.746-0300] {processor.py:153} INFO - Started process (PID=3912) to work on /home/rai/.local/lib/python3.10/site-packages/airflow/example_dags/subdags/subdag.py
[2023-04-07T13:08:06.748-0300] {processor.py:743} INFO - Processing file /home/rai/.local/lib/python3.10/site-packages/airflow/example_dags/subdags/subdag.py for tasks to queue
[2023-04-07T13:08:06.749-0300] {logging_mixin.py:137} INFO - [2023-04-07T13:08:06.749-0300] {dagbag.py:532} INFO - Filling up the DagBag from /home/rai/.local/lib/python3.10/site-packages/airflow/example_dags/subdags/subdag.py
[2023-04-07T13:08:06.754-0300] {processor.py:755} WARNING - No viable dags retrieved from /home/rai/.local/lib/python3.10/site-packages/airflow/example_dags/subdags/subdag.py
[2023-04-07T13:08:06.767-0300] {processor.py:175} INFO - Processing /home/rai/.local/lib/python3.10/site-packages/airflow/example_dags/subdags/subdag.py took 0.026 seconds
[2023-04-07T13:08:46.219-0300] {processor.py:153} INFO - Started process (PID=3948) to work on /home/rai/.local/lib/python3.10/site-packages/airflow/example_dags/subdags/subdag.py
[2023-04-07T13:08:46.221-0300] {processor.py:743} INFO - Processing file /home/rai/.local/lib/python3.10/site-packages/airflow/example_dags/subdags/subdag.py for tasks to queue
[2023-04-07T13:08:46.222-0300] {logging_mixin.py:137} INFO - [2023-04-07T13:08:46.222-0300] {dagbag.py:532} INFO - Filling up the DagBag from /home/rai/.local/lib/python3.10/site-packages/airflow/example_dags/subdags/subdag.py
[2023-04-07T13:08:46.227-0300] {processor.py:755} WARNING - No viable dags retrieved from /home/rai/.local/lib/python3.10/site-packages/airflow/example_dags/subdags/subdag.py
[2023-04-07T13:08:46.240-0300] {processor.py:175} INFO - Processing /home/rai/.local/lib/python3.10/site-packages/airflow/example_dags/subdags/subdag.py took 0.025 seconds
[2023-04-07T13:09:29.725-0300] {processor.py:153} INFO - Started process (PID=3990) to work on /home/rai/.local/lib/python3.10/site-packages/airflow/example_dags/subdags/subdag.py
[2023-04-07T13:09:29.727-0300] {processor.py:743} INFO - Processing file /home/rai/.local/lib/python3.10/site-packages/airflow/example_dags/subdags/subdag.py for tasks to queue
[2023-04-07T13:09:29.727-0300] {logging_mixin.py:137} INFO - [2023-04-07T13:09:29.727-0300] {dagbag.py:532} INFO - Filling up the DagBag from /home/rai/.local/lib/python3.10/site-packages/airflow/example_dags/subdags/subdag.py
[2023-04-07T13:09:29.730-0300] {processor.py:755} WARNING - No viable dags retrieved from /home/rai/.local/lib/python3.10/site-packages/airflow/example_dags/subdags/subdag.py
[2023-04-07T13:09:29.738-0300] {processor.py:175} INFO - Processing /home/rai/.local/lib/python3.10/site-packages/airflow/example_dags/subdags/subdag.py took 0.014 seconds
[2023-04-07T13:10:19.173-0300] {processor.py:153} INFO - Started process (PID=4036) to work on /home/rai/.local/lib/python3.10/site-packages/airflow/example_dags/subdags/subdag.py
[2023-04-07T13:10:19.178-0300] {processor.py:743} INFO - Processing file /home/rai/.local/lib/python3.10/site-packages/airflow/example_dags/subdags/subdag.py for tasks to queue
[2023-04-07T13:10:19.179-0300] {logging_mixin.py:137} INFO - [2023-04-07T13:10:19.179-0300] {dagbag.py:532} INFO - Filling up the DagBag from /home/rai/.local/lib/python3.10/site-packages/airflow/example_dags/subdags/subdag.py
[2023-04-07T13:10:19.184-0300] {processor.py:755} WARNING - No viable dags retrieved from /home/rai/.local/lib/python3.10/site-packages/airflow/example_dags/subdags/subdag.py
[2023-04-07T13:10:19.199-0300] {processor.py:175} INFO - Processing /home/rai/.local/lib/python3.10/site-packages/airflow/example_dags/subdags/subdag.py took 0.032 seconds
[2023-04-07T13:11:13.766-0300] {processor.py:153} INFO - Started process (PID=4082) to work on /home/rai/.local/lib/python3.10/site-packages/airflow/example_dags/subdags/subdag.py
[2023-04-07T13:11:13.772-0300] {processor.py:743} INFO - Processing file /home/rai/.local/lib/python3.10/site-packages/airflow/example_dags/subdags/subdag.py for tasks to queue
[2023-04-07T13:11:13.773-0300] {logging_mixin.py:137} INFO - [2023-04-07T13:11:13.773-0300] {dagbag.py:532} INFO - Filling up the DagBag from /home/rai/.local/lib/python3.10/site-packages/airflow/example_dags/subdags/subdag.py
[2023-04-07T13:11:13.779-0300] {processor.py:755} WARNING - No viable dags retrieved from /home/rai/.local/lib/python3.10/site-packages/airflow/example_dags/subdags/subdag.py
[2023-04-07T13:11:13.792-0300] {processor.py:175} INFO - Processing /home/rai/.local/lib/python3.10/site-packages/airflow/example_dags/subdags/subdag.py took 0.030 seconds
[2023-04-07T13:11:58.514-0300] {processor.py:153} INFO - Started process (PID=4118) to work on /home/rai/.local/lib/python3.10/site-packages/airflow/example_dags/subdags/subdag.py
[2023-04-07T13:11:58.519-0300] {processor.py:743} INFO - Processing file /home/rai/.local/lib/python3.10/site-packages/airflow/example_dags/subdags/subdag.py for tasks to queue
[2023-04-07T13:11:58.520-0300] {logging_mixin.py:137} INFO - [2023-04-07T13:11:58.520-0300] {dagbag.py:532} INFO - Filling up the DagBag from /home/rai/.local/lib/python3.10/site-packages/airflow/example_dags/subdags/subdag.py
[2023-04-07T13:11:58.525-0300] {processor.py:755} WARNING - No viable dags retrieved from /home/rai/.local/lib/python3.10/site-packages/airflow/example_dags/subdags/subdag.py
[2023-04-07T13:11:58.539-0300] {processor.py:175} INFO - Processing /home/rai/.local/lib/python3.10/site-packages/airflow/example_dags/subdags/subdag.py took 0.029 seconds
[2023-04-07T13:12:40.404-0300] {processor.py:153} INFO - Started process (PID=4154) to work on /home/rai/.local/lib/python3.10/site-packages/airflow/example_dags/subdags/subdag.py
[2023-04-07T13:12:40.409-0300] {processor.py:743} INFO - Processing file /home/rai/.local/lib/python3.10/site-packages/airflow/example_dags/subdags/subdag.py for tasks to queue
[2023-04-07T13:12:40.411-0300] {logging_mixin.py:137} INFO - [2023-04-07T13:12:40.411-0300] {dagbag.py:532} INFO - Filling up the DagBag from /home/rai/.local/lib/python3.10/site-packages/airflow/example_dags/subdags/subdag.py
[2023-04-07T13:12:40.417-0300] {processor.py:755} WARNING - No viable dags retrieved from /home/rai/.local/lib/python3.10/site-packages/airflow/example_dags/subdags/subdag.py
[2023-04-07T13:12:40.432-0300] {processor.py:175} INFO - Processing /home/rai/.local/lib/python3.10/site-packages/airflow/example_dags/subdags/subdag.py took 0.032 seconds
[2023-04-07T13:13:20.105-0300] {processor.py:153} INFO - Started process (PID=4188) to work on /home/rai/.local/lib/python3.10/site-packages/airflow/example_dags/subdags/subdag.py
[2023-04-07T13:13:20.111-0300] {processor.py:743} INFO - Processing file /home/rai/.local/lib/python3.10/site-packages/airflow/example_dags/subdags/subdag.py for tasks to queue
[2023-04-07T13:13:20.112-0300] {logging_mixin.py:137} INFO - [2023-04-07T13:13:20.112-0300] {dagbag.py:532} INFO - Filling up the DagBag from /home/rai/.local/lib/python3.10/site-packages/airflow/example_dags/subdags/subdag.py
[2023-04-07T13:13:20.117-0300] {processor.py:755} WARNING - No viable dags retrieved from /home/rai/.local/lib/python3.10/site-packages/airflow/example_dags/subdags/subdag.py
[2023-04-07T13:13:20.130-0300] {processor.py:175} INFO - Processing /home/rai/.local/lib/python3.10/site-packages/airflow/example_dags/subdags/subdag.py took 0.030 seconds
[2023-04-07T13:14:06.297-0300] {processor.py:153} INFO - Started process (PID=4231) to work on /home/rai/.local/lib/python3.10/site-packages/airflow/example_dags/subdags/subdag.py
[2023-04-07T13:14:06.299-0300] {processor.py:743} INFO - Processing file /home/rai/.local/lib/python3.10/site-packages/airflow/example_dags/subdags/subdag.py for tasks to queue
[2023-04-07T13:14:06.301-0300] {logging_mixin.py:137} INFO - [2023-04-07T13:14:06.301-0300] {dagbag.py:532} INFO - Filling up the DagBag from /home/rai/.local/lib/python3.10/site-packages/airflow/example_dags/subdags/subdag.py
[2023-04-07T13:14:06.307-0300] {processor.py:755} WARNING - No viable dags retrieved from /home/rai/.local/lib/python3.10/site-packages/airflow/example_dags/subdags/subdag.py
[2023-04-07T13:14:06.321-0300] {processor.py:175} INFO - Processing /home/rai/.local/lib/python3.10/site-packages/airflow/example_dags/subdags/subdag.py took 0.029 seconds
[2023-04-07T13:14:48.110-0300] {processor.py:153} INFO - Started process (PID=4265) to work on /home/rai/.local/lib/python3.10/site-packages/airflow/example_dags/subdags/subdag.py
[2023-04-07T13:14:48.112-0300] {processor.py:743} INFO - Processing file /home/rai/.local/lib/python3.10/site-packages/airflow/example_dags/subdags/subdag.py for tasks to queue
[2023-04-07T13:14:48.114-0300] {logging_mixin.py:137} INFO - [2023-04-07T13:14:48.113-0300] {dagbag.py:532} INFO - Filling up the DagBag from /home/rai/.local/lib/python3.10/site-packages/airflow/example_dags/subdags/subdag.py
[2023-04-07T13:14:48.119-0300] {processor.py:755} WARNING - No viable dags retrieved from /home/rai/.local/lib/python3.10/site-packages/airflow/example_dags/subdags/subdag.py
[2023-04-07T13:14:48.134-0300] {processor.py:175} INFO - Processing /home/rai/.local/lib/python3.10/site-packages/airflow/example_dags/subdags/subdag.py took 0.029 seconds
[2023-04-07T13:15:29.359-0300] {processor.py:153} INFO - Started process (PID=4300) to work on /home/rai/.local/lib/python3.10/site-packages/airflow/example_dags/subdags/subdag.py
[2023-04-07T13:15:29.361-0300] {processor.py:743} INFO - Processing file /home/rai/.local/lib/python3.10/site-packages/airflow/example_dags/subdags/subdag.py for tasks to queue
[2023-04-07T13:15:29.363-0300] {logging_mixin.py:137} INFO - [2023-04-07T13:15:29.362-0300] {dagbag.py:532} INFO - Filling up the DagBag from /home/rai/.local/lib/python3.10/site-packages/airflow/example_dags/subdags/subdag.py
[2023-04-07T13:15:29.369-0300] {processor.py:755} WARNING - No viable dags retrieved from /home/rai/.local/lib/python3.10/site-packages/airflow/example_dags/subdags/subdag.py
[2023-04-07T13:15:29.382-0300] {processor.py:175} INFO - Processing /home/rai/.local/lib/python3.10/site-packages/airflow/example_dags/subdags/subdag.py took 0.027 seconds
[2023-04-07T13:16:24.919-0300] {processor.py:153} INFO - Started process (PID=4348) to work on /home/rai/.local/lib/python3.10/site-packages/airflow/example_dags/subdags/subdag.py
[2023-04-07T13:16:24.925-0300] {processor.py:743} INFO - Processing file /home/rai/.local/lib/python3.10/site-packages/airflow/example_dags/subdags/subdag.py for tasks to queue
[2023-04-07T13:16:24.926-0300] {logging_mixin.py:137} INFO - [2023-04-07T13:16:24.926-0300] {dagbag.py:532} INFO - Filling up the DagBag from /home/rai/.local/lib/python3.10/site-packages/airflow/example_dags/subdags/subdag.py
[2023-04-07T13:16:24.932-0300] {processor.py:755} WARNING - No viable dags retrieved from /home/rai/.local/lib/python3.10/site-packages/airflow/example_dags/subdags/subdag.py
[2023-04-07T13:16:24.944-0300] {processor.py:175} INFO - Processing /home/rai/.local/lib/python3.10/site-packages/airflow/example_dags/subdags/subdag.py took 0.030 seconds
[2023-04-07T13:17:03.172-0300] {processor.py:153} INFO - Started process (PID=4382) to work on /home/rai/.local/lib/python3.10/site-packages/airflow/example_dags/subdags/subdag.py
[2023-04-07T13:17:03.178-0300] {processor.py:743} INFO - Processing file /home/rai/.local/lib/python3.10/site-packages/airflow/example_dags/subdags/subdag.py for tasks to queue
[2023-04-07T13:17:03.179-0300] {logging_mixin.py:137} INFO - [2023-04-07T13:17:03.179-0300] {dagbag.py:532} INFO - Filling up the DagBag from /home/rai/.local/lib/python3.10/site-packages/airflow/example_dags/subdags/subdag.py
[2023-04-07T13:17:03.185-0300] {processor.py:755} WARNING - No viable dags retrieved from /home/rai/.local/lib/python3.10/site-packages/airflow/example_dags/subdags/subdag.py
[2023-04-07T13:17:03.199-0300] {processor.py:175} INFO - Processing /home/rai/.local/lib/python3.10/site-packages/airflow/example_dags/subdags/subdag.py took 0.031 seconds
[2023-04-07T13:17:43.174-0300] {processor.py:153} INFO - Started process (PID=4416) to work on /home/rai/.local/lib/python3.10/site-packages/airflow/example_dags/subdags/subdag.py
[2023-04-07T13:17:43.176-0300] {processor.py:743} INFO - Processing file /home/rai/.local/lib/python3.10/site-packages/airflow/example_dags/subdags/subdag.py for tasks to queue
[2023-04-07T13:17:43.178-0300] {logging_mixin.py:137} INFO - [2023-04-07T13:17:43.177-0300] {dagbag.py:532} INFO - Filling up the DagBag from /home/rai/.local/lib/python3.10/site-packages/airflow/example_dags/subdags/subdag.py
[2023-04-07T13:17:43.184-0300] {processor.py:755} WARNING - No viable dags retrieved from /home/rai/.local/lib/python3.10/site-packages/airflow/example_dags/subdags/subdag.py
[2023-04-07T13:17:43.197-0300] {processor.py:175} INFO - Processing /home/rai/.local/lib/python3.10/site-packages/airflow/example_dags/subdags/subdag.py took 0.028 seconds
[2023-04-07T13:18:24.920-0300] {processor.py:153} INFO - Started process (PID=4450) to work on /home/rai/.local/lib/python3.10/site-packages/airflow/example_dags/subdags/subdag.py
[2023-04-07T13:18:24.926-0300] {processor.py:743} INFO - Processing file /home/rai/.local/lib/python3.10/site-packages/airflow/example_dags/subdags/subdag.py for tasks to queue
[2023-04-07T13:18:24.927-0300] {logging_mixin.py:137} INFO - [2023-04-07T13:18:24.927-0300] {dagbag.py:532} INFO - Filling up the DagBag from /home/rai/.local/lib/python3.10/site-packages/airflow/example_dags/subdags/subdag.py
[2023-04-07T13:18:24.933-0300] {processor.py:755} WARNING - No viable dags retrieved from /home/rai/.local/lib/python3.10/site-packages/airflow/example_dags/subdags/subdag.py
[2023-04-07T13:18:24.947-0300] {processor.py:175} INFO - Processing /home/rai/.local/lib/python3.10/site-packages/airflow/example_dags/subdags/subdag.py took 0.032 seconds
[2023-04-07T13:19:05.415-0300] {processor.py:153} INFO - Started process (PID=4485) to work on /home/rai/.local/lib/python3.10/site-packages/airflow/example_dags/subdags/subdag.py
[2023-04-07T13:19:05.421-0300] {processor.py:743} INFO - Processing file /home/rai/.local/lib/python3.10/site-packages/airflow/example_dags/subdags/subdag.py for tasks to queue
[2023-04-07T13:19:05.422-0300] {logging_mixin.py:137} INFO - [2023-04-07T13:19:05.422-0300] {dagbag.py:532} INFO - Filling up the DagBag from /home/rai/.local/lib/python3.10/site-packages/airflow/example_dags/subdags/subdag.py
[2023-04-07T13:19:05.426-0300] {processor.py:755} WARNING - No viable dags retrieved from /home/rai/.local/lib/python3.10/site-packages/airflow/example_dags/subdags/subdag.py
[2023-04-07T13:19:05.440-0300] {processor.py:175} INFO - Processing /home/rai/.local/lib/python3.10/site-packages/airflow/example_dags/subdags/subdag.py took 0.030 seconds
[2023-04-07T13:19:53.695-0300] {processor.py:153} INFO - Started process (PID=4542) to work on /home/rai/.local/lib/python3.10/site-packages/airflow/example_dags/subdags/subdag.py
[2023-04-07T13:19:53.699-0300] {processor.py:743} INFO - Processing file /home/rai/.local/lib/python3.10/site-packages/airflow/example_dags/subdags/subdag.py for tasks to queue
[2023-04-07T13:19:53.700-0300] {logging_mixin.py:137} INFO - [2023-04-07T13:19:53.700-0300] {dagbag.py:532} INFO - Filling up the DagBag from /home/rai/.local/lib/python3.10/site-packages/airflow/example_dags/subdags/subdag.py
[2023-04-07T13:19:53.703-0300] {processor.py:755} WARNING - No viable dags retrieved from /home/rai/.local/lib/python3.10/site-packages/airflow/example_dags/subdags/subdag.py
[2023-04-07T13:19:53.710-0300] {processor.py:175} INFO - Processing /home/rai/.local/lib/python3.10/site-packages/airflow/example_dags/subdags/subdag.py took 0.017 seconds
[2023-04-07T13:20:37.075-0300] {processor.py:153} INFO - Started process (PID=4604) to work on /home/rai/.local/lib/python3.10/site-packages/airflow/example_dags/subdags/subdag.py
[2023-04-07T13:20:37.076-0300] {processor.py:743} INFO - Processing file /home/rai/.local/lib/python3.10/site-packages/airflow/example_dags/subdags/subdag.py for tasks to queue
[2023-04-07T13:20:37.076-0300] {logging_mixin.py:137} INFO - [2023-04-07T13:20:37.076-0300] {dagbag.py:532} INFO - Filling up the DagBag from /home/rai/.local/lib/python3.10/site-packages/airflow/example_dags/subdags/subdag.py
[2023-04-07T13:20:37.079-0300] {processor.py:755} WARNING - No viable dags retrieved from /home/rai/.local/lib/python3.10/site-packages/airflow/example_dags/subdags/subdag.py
[2023-04-07T13:20:37.086-0300] {processor.py:175} INFO - Processing /home/rai/.local/lib/python3.10/site-packages/airflow/example_dags/subdags/subdag.py took 0.014 seconds
[2023-04-07T13:21:15.325-0300] {processor.py:153} INFO - Started process (PID=4642) to work on /home/rai/.local/lib/python3.10/site-packages/airflow/example_dags/subdags/subdag.py
[2023-04-07T13:21:15.329-0300] {processor.py:743} INFO - Processing file /home/rai/.local/lib/python3.10/site-packages/airflow/example_dags/subdags/subdag.py for tasks to queue
[2023-04-07T13:21:15.330-0300] {logging_mixin.py:137} INFO - [2023-04-07T13:21:15.330-0300] {dagbag.py:532} INFO - Filling up the DagBag from /home/rai/.local/lib/python3.10/site-packages/airflow/example_dags/subdags/subdag.py
[2023-04-07T13:21:15.333-0300] {processor.py:755} WARNING - No viable dags retrieved from /home/rai/.local/lib/python3.10/site-packages/airflow/example_dags/subdags/subdag.py
[2023-04-07T13:21:15.340-0300] {processor.py:175} INFO - Processing /home/rai/.local/lib/python3.10/site-packages/airflow/example_dags/subdags/subdag.py took 0.018 seconds
[2023-04-07T13:21:55.168-0300] {processor.py:153} INFO - Started process (PID=4680) to work on /home/rai/.local/lib/python3.10/site-packages/airflow/example_dags/subdags/subdag.py
[2023-04-07T13:21:55.169-0300] {processor.py:743} INFO - Processing file /home/rai/.local/lib/python3.10/site-packages/airflow/example_dags/subdags/subdag.py for tasks to queue
[2023-04-07T13:21:55.170-0300] {logging_mixin.py:137} INFO - [2023-04-07T13:21:55.169-0300] {dagbag.py:532} INFO - Filling up the DagBag from /home/rai/.local/lib/python3.10/site-packages/airflow/example_dags/subdags/subdag.py
[2023-04-07T13:21:55.172-0300] {processor.py:755} WARNING - No viable dags retrieved from /home/rai/.local/lib/python3.10/site-packages/airflow/example_dags/subdags/subdag.py
[2023-04-07T13:21:55.180-0300] {processor.py:175} INFO - Processing /home/rai/.local/lib/python3.10/site-packages/airflow/example_dags/subdags/subdag.py took 0.014 seconds
[2023-04-07T13:22:41.437-0300] {processor.py:153} INFO - Started process (PID=4727) to work on /home/rai/.local/lib/python3.10/site-packages/airflow/example_dags/subdags/subdag.py
[2023-04-07T13:22:41.439-0300] {processor.py:743} INFO - Processing file /home/rai/.local/lib/python3.10/site-packages/airflow/example_dags/subdags/subdag.py for tasks to queue
[2023-04-07T13:22:41.440-0300] {logging_mixin.py:137} INFO - [2023-04-07T13:22:41.440-0300] {dagbag.py:532} INFO - Filling up the DagBag from /home/rai/.local/lib/python3.10/site-packages/airflow/example_dags/subdags/subdag.py
[2023-04-07T13:22:41.445-0300] {processor.py:755} WARNING - No viable dags retrieved from /home/rai/.local/lib/python3.10/site-packages/airflow/example_dags/subdags/subdag.py
[2023-04-07T13:22:41.458-0300] {processor.py:175} INFO - Processing /home/rai/.local/lib/python3.10/site-packages/airflow/example_dags/subdags/subdag.py took 0.026 seconds
